URI: /xmlui/bitstream/handle/11441/47759/MATRIMONIO%20Y%20BIENESTAR%20SOCIOEMOCIONAL%20Bericat%2004.pdf?sequence=1
Type: Signatures::Sensitive_Signature
Message: 192.168.65.136: WEB-MISC cat%20 access
Signature identifier: s2b-1147-7
Timestamp: 2021-09-06T14:22

URI: /xmlui/bitstream/handle/11441/40490/A%20particle%20swarm%20optimization%20algorithm%20for%20optimal%20car-call%20allocation%20in%20elevator%20group%20control%20systems.pdf;sequence=1
Type: Signatures::Sensitive_Signature
Message: 192.168.65.136: WEB-ATTACKS rm command attempt
Signature identifier: s2b-1365-5
Timestamp: 2021-09-06T14:24

URI: /xmlui/bitstream/11441/54777/1/Uniform%20approximation%20of%20continuous%20functions%20by%20smooth%20functions%20with%20no%20critical%20points%20on%20Hilbert%20manifolds.pdf
Type: Signatures::Sensitive_Signature
Message: 192.168.65.136: WEB-ATTACKS rm command attempt
Signature identifier: s2b-1365-5
Timestamp: 2021-09-06T14:25

URI: /xmlui/bitstream/handle/11441/39682/Pages%20from%20Investigacion_Genero_12-409-1096-4.pdf?sequence=../etc/passwd
Type: Signatures::Sensitive_Signature
Message: 192.168.65.136: WEB-MISC http directory traversal
Signature identifier: s2b-1113-5
Timestamp: 2021-09-06T14:30

URI: /xmlui/bitstream/handle/11441/39682/Pages%20from%20Investigacion_Genero_12-409-1096-4.pdf?sequence=../etc/passwd
Type: Signatures::Sensitive_Signature
Message: 192.168.65.136: WEB-MISC http directory traversal
Signature identifier: s2b-1113-5
Timestamp: 2021-09-06T14:30

URI: /xmlui/bitstream/handle/11441/39682/Pages%20from%20Investigacion_Genero_12-409-1096-4.pdf?sequence=../etc/passwd%00
Type: Signatures::Sensitive_Signature
Message: 192.168.65.136: WEB-MISC http directory traversal
Signature identifier: s2b-1113-5
Timestamp: 2021-09-06T14:30

URI: /xmlui/bitstream/handle/11441/39682/Pages%20from%20Investigacion_Genero_12-409-1096-4.pdf?sequence=../etc/passwd%00
Type: Signatures::Sensitive_Signature
Message: 192.168.65.136: WEB-MISC http directory traversal
Signature identifier: s2b-1113-5
Timestamp: 2021-09-06T14:30

URI: /xmlui/bitstream/handle/11441/39682/Pages%20from%20Investigacion_Genero_12-409-1096-4.pdf?sequence=../../etc/passwd
Type: Signatures::Sensitive_Signature
Message: 192.168.65.136: WEB-MISC http directory traversal
Signature identifier: s2b-1113-5
Timestamp: 2021-09-06T14:30

URI: /xmlui/bitstream/handle/11441/39682/Pages%20from%20Investigacion_Genero_12-409-1096-4.pdf?sequence=../../etc/passwd
Type: Signatures::Sensitive_Signature
Message: 192.168.65.136: WEB-MISC http directory traversal
Signature identifier: s2b-1113-5
Timestamp: 2021-09-06T14:30

URI: /xmlui/bitstream/handle/11441/39682/Pages%20from%20Investigacion_Genero_12-409-1096-4.pdf?sequence=../../etc/passwd%00
Type: Signatures::Sensitive_Signature
Message: 192.168.65.136: WEB-MISC http directory traversal
Signature identifier: s2b-1113-5
Timestamp: 2021-09-06T14:30

URI: /xmlui/bitstream/handle/11441/39682/Pages%20from%20Investigacion_Genero_12-409-1096-4.pdf?sequence=../../etc/passwd%00
Type: Signatures::Sensitive_Signature
Message: 192.168.65.136: WEB-MISC http directory traversal
Signature identifier: s2b-1113-5
Timestamp: 2021-09-06T14:30

URI: /xmlui/bitstream/handle/11441/39682/Pages%20from%20Investigacion_Genero_12-409-1096-4.pdf?sequence=../../../etc/passwd
Type: Signatures::Sensitive_Signature
Message: 192.168.65.136: WEB-MISC http directory traversal
Signature identifier: s2b-1113-5
Timestamp: 2021-09-06T14:30

URI: /xmlui/bitstream/handle/11441/39682/Pages%20from%20Investigacion_Genero_12-409-1096-4.pdf?sequence=../../../etc/passwd
Type: Signatures::Sensitive_Signature
Message: 192.168.65.136: WEB-MISC http directory traversal
Signature identifier: s2b-1113-5
Timestamp: 2021-09-06T14:30

URI: /xmlui/bitstream/handle/11441/39682/Pages%20from%20Investigacion_Genero_12-409-1096-4.pdf?sequence=../../../etc/passwd%00
Type: Signatures::Sensitive_Signature
Message: 192.168.65.136: WEB-MISC http directory traversal
Signature identifier: s2b-1113-5
Timestamp: 2021-09-06T14:30

URI: /xmlui/bitstream/handle/11441/39682/Pages%20from%20Investigacion_Genero_12-409-1096-4.pdf?sequence=../../../etc/passwd%00
Type: Signatures::Sensitive_Signature
Message: 192.168.65.136: WEB-MISC http directory traversal
Signature identifier: s2b-1113-5
Timestamp: 2021-09-06T14:30

URI: /xmlui/bitstream/handle/11441/39682/Pages%20from%20Investigacion_Genero_12-409-1096-4.pdf?sequence=../../../../etc/passwd
Type: Signatures::Sensitive_Signature
Message: 192.168.65.136: WEB-MISC http directory traversal
Signature identifier: s2b-1113-5
Timestamp: 2021-09-06T14:30

URI: /xmlui/bitstream/handle/11441/39682/Pages%20from%20Investigacion_Genero_12-409-1096-4.pdf?sequence=../../../../etc/passwd
Type: Signatures::Sensitive_Signature
Message: 192.168.65.136: WEB-MISC http directory traversal
Signature identifier: s2b-1113-5
Timestamp: 2021-09-06T14:30

URI: /xmlui/bitstream/handle/11441/39682/Pages%20from%20Investigacion_Genero_12-409-1096-4.pdf?sequence=../../../../etc/passwd%00
Type: Signatures::Sensitive_Signature
Message: 192.168.65.136: WEB-MISC http directory traversal
Signature identifier: s2b-1113-5
Timestamp: 2021-09-06T14:30

URI: /xmlui/bitstream/handle/11441/39682/Pages%20from%20Investigacion_Genero_12-409-1096-4.pdf?sequence=../../../../etc/passwd%00
Type: Signatures::Sensitive_Signature
Message: 192.168.65.136: WEB-MISC http directory traversal
Signature identifier: s2b-1113-5
Timestamp: 2021-09-06T14:30

URI: /xmlui/bitstream/handle/11441/39682/Pages%20from%20Investigacion_Genero_12-409-1096-4.pdf?sequence=../../../../../etc/passwd
Type: Signatures::Sensitive_Signature
Message: 192.168.65.136: WEB-MISC http directory traversal
Signature identifier: s2b-1113-5
Timestamp: 2021-09-06T14:30

URI: /xmlui/bitstream/handle/11441/39682/Pages%20from%20Investigacion_Genero_12-409-1096-4.pdf?sequence=../../../../../etc/passwd
Type: Signatures::Sensitive_Signature
Message: 192.168.65.136: WEB-MISC http directory traversal
Signature identifier: s2b-1113-5
Timestamp: 2021-09-06T14:30

URI: /xmlui/bitstream/handle/11441/39682/Pages%20from%20Investigacion_Genero_12-409-1096-4.pdf?sequence=../../../../../etc/passwd%00
Type: Signatures::Sensitive_Signature
Message: 192.168.65.136: WEB-MISC http directory traversal
Signature identifier: s2b-1113-5
Timestamp: 2021-09-06T14:30

URI: /xmlui/bitstream/handle/11441/39682/Pages%20from%20Investigacion_Genero_12-409-1096-4.pdf?sequence=../../../../../etc/passwd%00
Type: Signatures::Sensitive_Signature
Message: 192.168.65.136: WEB-MISC http directory traversal
Signature identifier: s2b-1113-5
Timestamp: 2021-09-06T14:30

URI: /xmlui/bitstream/handle/11441/39682/Pages%20from%20Investigacion_Genero_12-409-1096-4.pdf?sequence=../../../../../../etc/passwd
Type: Signatures::Sensitive_Signature
Message: 192.168.65.136: WEB-MISC http directory traversal
Signature identifier: s2b-1113-5
Timestamp: 2021-09-06T14:30

URI: /xmlui/bitstream/handle/11441/39682/Pages%20from%20Investigacion_Genero_12-409-1096-4.pdf?sequence=../../../../../../etc/passwd
Type: Signatures::Sensitive_Signature
Message: 192.168.65.136: WEB-MISC http directory traversal
Signature identifier: s2b-1113-5
Timestamp: 2021-09-06T14:30

URI: /xmlui/bitstream/handle/11441/39682/Pages%20from%20Investigacion_Genero_12-409-1096-4.pdf?sequence=../../../../../../etc/passwd%00
Type: Signatures::Sensitive_Signature
Message: 192.168.65.136: WEB-MISC http directory traversal
Signature identifier: s2b-1113-5
Timestamp: 2021-09-06T14:30

URI: /xmlui/bitstream/handle/11441/39682/Pages%20from%20Investigacion_Genero_12-409-1096-4.pdf?sequence=../../../../../../etc/passwd%00
Type: Signatures::Sensitive_Signature
Message: 192.168.65.136: WEB-MISC http directory traversal
Signature identifier: s2b-1113-5
Timestamp: 2021-09-06T14:30

URI: /xmlui/bitstream/handle/11441/39682/Pages%20from%20Investigacion_Genero_12-409-1096-4.pdf?sequence=../../../../../../../etc/passwd
Type: Signatures::Sensitive_Signature
Message: 192.168.65.136: WEB-MISC http directory traversal
Signature identifier: s2b-1113-5
Timestamp: 2021-09-06T14:30

URI: /xmlui/bitstream/handle/11441/39682/Pages%20from%20Investigacion_Genero_12-409-1096-4.pdf?sequence=../../../../../../../etc/passwd
Type: Signatures::Sensitive_Signature
Message: 192.168.65.136: WEB-MISC http directory traversal
Signature identifier: s2b-1113-5
Timestamp: 2021-09-06T14:30

URI: /xmlui/bitstream/handle/11441/39682/Pages%20from%20Investigacion_Genero_12-409-1096-4.pdf?sequence=../../../../../../../etc/passwd%00
Type: Signatures::Sensitive_Signature
Message: 192.168.65.136: WEB-MISC http directory traversal
Signature identifier: s2b-1113-5
Timestamp: 2021-09-06T14:30

URI: /xmlui/bitstream/handle/11441/39682/Pages%20from%20Investigacion_Genero_12-409-1096-4.pdf?sequence=../../../../../../../etc/passwd%00
Type: Signatures::Sensitive_Signature
Message: 192.168.65.136: WEB-MISC http directory traversal
Signature identifier: s2b-1113-5
Timestamp: 2021-09-06T14:30

URI: /xmlui/bitstream/handle/11441/39682/Pages%20from%20Investigacion_Genero_12-409-1096-4.pdf?sequence=../../../../../../../../etc/passwd
Type: Signatures::Sensitive_Signature
Message: 192.168.65.136: WEB-MISC http directory traversal
Signature identifier: s2b-1113-5
Timestamp: 2021-09-06T14:30

URI: /xmlui/bitstream/handle/11441/39682/Pages%20from%20Investigacion_Genero_12-409-1096-4.pdf?sequence=../../../../../../../../etc/passwd
Type: Signatures::Sensitive_Signature
Message: 192.168.65.136: WEB-MISC http directory traversal
Signature identifier: s2b-1113-5
Timestamp: 2021-09-06T14:30

URI: /xmlui/bitstream/handle/11441/39682/Pages%20from%20Investigacion_Genero_12-409-1096-4.pdf?sequence=../../../../../../../../etc/passwd%00
Type: Signatures::Sensitive_Signature
Message: 192.168.65.136: WEB-MISC http directory traversal
Signature identifier: s2b-1113-5
Timestamp: 2021-09-06T14:30

URI: /xmlui/bitstream/handle/11441/39682/Pages%20from%20Investigacion_Genero_12-409-1096-4.pdf?sequence=../../../../../../../../etc/passwd%00
Type: Signatures::Sensitive_Signature
Message: 192.168.65.136: WEB-MISC http directory traversal
Signature identifier: s2b-1113-5
Timestamp: 2021-09-06T14:30

URI: /xmlui/bitstream/handle/11441/39682/Pages%20from%20Investigacion_Genero_12-409-1096-4.pdf?sequence=../../../../../../../../../etc/passwd
Type: Signatures::Sensitive_Signature
Message: 192.168.65.136: WEB-MISC http directory traversal
Signature identifier: s2b-1113-5
Timestamp: 2021-09-06T14:30

URI: /xmlui/bitstream/handle/11441/39682/Pages%20from%20Investigacion_Genero_12-409-1096-4.pdf?sequence=../../../../../../../../../etc/passwd
Type: Signatures::Sensitive_Signature
Message: 192.168.65.136: WEB-MISC http directory traversal
Signature identifier: s2b-1113-5
Timestamp: 2021-09-06T14:30

URI: /xmlui/bitstream/handle/11441/39682/Pages%20from%20Investigacion_Genero_12-409-1096-4.pdf?sequence=../../../../../../../../../etc/passwd%00
Type: Signatures::Sensitive_Signature
Message: 192.168.65.136: WEB-MISC http directory traversal
Signature identifier: s2b-1113-5
Timestamp: 2021-09-06T14:30

URI: /xmlui/bitstream/handle/11441/39682/Pages%20from%20Investigacion_Genero_12-409-1096-4.pdf?sequence=../../../../../../../../../etc/passwd%00
Type: Signatures::Sensitive_Signature
Message: 192.168.65.136: WEB-MISC http directory traversal
Signature identifier: s2b-1113-5
Timestamp: 2021-09-06T14:30

URI: /xmlui/bitstream/handle/11441/58979/Eco-labelling%20and%20firm%20financial%20performance.pdf?sequence=1&isAllowed=y
Type: Signatures::Sensitive_Signature
Message: 192.168.65.136: WEB-ATTACKS rm command attempt
Signature identifier: s2b-1365-5
Timestamp: 2021-09-06T14:33

URI: /xmlui/bitstream/11441/54863/1/Galhena-%20E-HRM%20adoption.pdf
Type: Signatures::Sensitive_Signature
Message: 192.168.65.136: WEB-ATTACKS rm command attempt
Signature identifier: s2b-1365-5
Timestamp: 2021-09-06T14:35

