2021-09-06T15:23	/xmlui/bitstream/handle/11441/47759/MATRIMONIO%20Y%20BIENESTAR%20SOCIOEMOCIONAL%20Bericat%2004.pdf?sequence=1	s2b-1147-7
2021-09-06T15:26	/xmlui/bitstream/handle/11441/41441/Uniform%20local%20null%20control%20of%20the%20Leray-%CE%B1%20model.pdf?sequence=1&isAllowed=y	s2b-1365-5
2021-09-06T15:27	/xmlui/bitstream/handle/11441/62510/Long-term%20on-chip.pdf?sequence=1	s2b-1365-5
2021-09-06T15:27	/xmlui/bitstream/handle/11441/62510/Long-term%20on-chip.pdf?sequence=1	s2b-1365-5
2021-09-06T15:32	/xmlui/bitstream/handle/11441/59854/Decrease%20in%20calcitonin%20and%20parathyroid%20hormone%20mRNA%20levels%20and%20hormone%20secretion%20under%20long-term%20hypervitaminosis%20D3%20%20in%20rats.pdf?sequence=1	s2b-1365-5
2021-09-06T15:44	/xmlui/bitstream/handle/11441/58809/Modifications%20in%20the%20distribution%20of%20met-enkephalin%20in%20the%20cat%20spinal%20cord%20after%20administration%20of%20clonidine.%20An%20immunocytochemical%20study.pdf?sequence=1	s2b-1147-7
2021-09-06T15:46	/xmlui/bitstream/handle/11441/58809/Modifications%20in%20the%20distribution%20of%20met-enkephalin%20in%20the%20cat%20spinal%20cord%20after%20administration%20of%20clonidine.%20An%20immunocytochemical%20study.pdf?sequence=1	s2b-1147-7
2021-09-06T15:50	/xmlui/bitstream/handle/11441/41410/P%C3%A1ginas%20desde._ProjectARS_pdf_Ars%20Pharm%2055(supp2).pdf?sequence=1&isAllowed=y	s2b-1365-5
2021-09-06T15:51	/xmlui/bitstream/handle/11441/41610/A%20constructive%20method%20to%20determine%20the%20variety%20of%20filiform%20Lie%20algebras.pdf?sequence=1&isAllowed=y	s2b-1365-5
2021-09-06T15:56	/xmlui/bitstream/handle/11441/38572/On%20the%20practical%20global%20uniform%20asymptotic%20stability%20of%20stochastic%20differential%20equations.pdf;sequence=1	s2b-1365-5
2021-09-06T15:56	/xmlui/bitstream/handle/11441/29759/RESUMEN%20DE%20TESIS%20DOCTORAL%20(Francisco%20Lucas%20Garc%c3%ada).pdf?sequence=2&isAllowed=y);SELECT PG_SLEEP(5)--	script-HTTP::URI_SQLI
2021-09-06T15:56	/xmlui/bitstream/handle/11441/29759/RESUMEN%20DE%20TESIS%20DOCTORAL%20(Francisco%20Lucas%20Garc%c3%ada).pdf?sequence=2&isAllowed=y);SELECT PG_SLEEP(5)--	script-HTTP::URI_SQLI
2021-09-06T15:56	/xmlui/bitstream/handle/11441/29759/RESUMEN%20DE%20TESIS%20DOCTORAL%20(Francisco%20Lucas%20Garc%c3%ada).pdf?sequence=2&isAllowed=y;SELECT PG_SLEEP(5)--	script-HTTP::URI_SQLI
2021-09-06T15:56	/xmlui/bitstream/handle/11441/29759/RESUMEN%20DE%20TESIS%20DOCTORAL%20(Francisco%20Lucas%20Garc%c3%ada).pdf?sequence=2&isAllowed=y;SELECT PG_SLEEP(5)--	script-HTTP::URI_SQLI
2021-09-06T15:56	/xmlui/bitstream/handle/11441/29759/RESUMEN%20DE%20TESIS%20DOCTORAL%20(Francisco%20Lucas%20Garc%c3%ada).pdf?sequence=2&isAllowed=y');SELECT PG_SLEEP(5)--	script-HTTP::URI_SQLI
2021-09-06T15:56	/xmlui/bitstream/handle/11441/29759/RESUMEN%20DE%20TESIS%20DOCTORAL%20(Francisco%20Lucas%20Garc%c3%ada).pdf?sequence=2&isAllowed=y');SELECT PG_SLEEP(5)--	script-HTTP::URI_SQLI
2021-09-06T15:56	/xmlui/bitstream/handle/11441/29759/RESUMEN%20DE%20TESIS%20DOCTORAL%20(Francisco%20Lucas%20Garc%c3%ada).pdf?sequence=2&isAllowed=y';SELECT PG_SLEEP(5)--	script-HTTP::URI_SQLI
2021-09-06T15:56	/xmlui/bitstream/handle/11441/29759/RESUMEN%20DE%20TESIS%20DOCTORAL%20(Francisco%20Lucas%20Garc%c3%ada).pdf?sequence=2&isAllowed=y';SELECT PG_SLEEP(5)--	script-HTTP::URI_SQLI
2021-09-06T15:56	/xmlui/bitstream/handle/11441/29759/RESUMEN%20DE%20TESIS%20DOCTORAL%20(Francisco%20Lucas%20Garc%c3%ada).pdf?sequence=2&isAllowed=y%';SELECT PG_SLEEP(5)--	script-HTTP::URI_SQLI
2021-09-06T15:56	/xmlui/bitstream/handle/11441/29759/RESUMEN%20DE%20TESIS%20DOCTORAL%20(Francisco%20Lucas%20Garc%c3%ada).pdf?sequence=2&isAllowed=y%';SELECT PG_SLEEP(5)--	script-HTTP::URI_SQLI
2021-09-06T15:56	/xmlui/bitstream/handle/11441/29759/RESUMEN%20DE%20TESIS%20DOCTORAL%20(Francisco%20Lucas%20Garc%c3%ada).pdf?sequence=2&isAllowed=y UNION ALL SELECT NULL-- acJn	script-HTTP::URI_SQLI
2021-09-06T15:56	/xmlui/bitstream/handle/11441/29759/RESUMEN%20DE%20TESIS%20DOCTORAL%20(Francisco%20Lucas%20Garc%c3%ada).pdf?sequence=2&isAllowed=y UNION ALL SELECT NULL-- acJn	script-HTTP::URI_SQLI
2021-09-06T15:56	/xmlui/bitstream/handle/11441/29759/RESUMEN%20DE%20TESIS%20DOCTORAL%20(Francisco%20Lucas%20Garc%c3%ada).pdf?sequence=2&isAllowed=y UNION ALL SELECT NULL,NULL-- JSna	script-HTTP::URI_SQLI
2021-09-06T15:56	/xmlui/bitstream/handle/11441/29759/RESUMEN%20DE%20TESIS%20DOCTORAL%20(Francisco%20Lucas%20Garc%c3%ada).pdf?sequence=2&isAllowed=y UNION ALL SELECT NULL,NULL-- JSna	script-HTTP::URI_SQLI
2021-09-06T15:56	/xmlui/bitstream/handle/11441/29759/RESUMEN%20DE%20TESIS%20DOCTORAL%20(Francisco%20Lucas%20Garc%c3%ada).pdf?sequence=2&isAllowed=y UNION ALL SELECT NULL,NULL,NULL-- ZTof	script-HTTP::URI_SQLI
2021-09-06T15:56	/xmlui/bitstream/handle/11441/29759/RESUMEN%20DE%20TESIS%20DOCTORAL%20(Francisco%20Lucas%20Garc%c3%ada).pdf?sequence=2&isAllowed=y UNION ALL SELECT NULL,NULL,NULL-- ZTof	script-HTTP::URI_SQLI
2021-09-06T15:56	/xmlui/bitstream/handle/11441/29759/RESUMEN%20DE%20TESIS%20DOCTORAL%20(Francisco%20Lucas%20Garc%c3%ada).pdf?sequence=2&isAllowed=y UNION ALL SELECT NULL,NULL,NULL,NULL-- DpnE	script-HTTP::URI_SQLI
2021-09-06T15:56	/xmlui/bitstream/handle/11441/29759/RESUMEN%20DE%20TESIS%20DOCTORAL%20(Francisco%20Lucas%20Garc%c3%ada).pdf?sequence=2&isAllowed=y UNION ALL SELECT NULL,NULL,NULL,NULL-- DpnE	script-HTTP::URI_SQLI
2021-09-06T15:56	/xmlui/bitstream/handle/11441/29759/RESUMEN%20DE%20TESIS%20DOCTORAL%20(Francisco%20Lucas%20Garc%c3%ada).pdf?sequence=2&isAllowed=y UNION ALL SELECT NULL,NULL,NULL,NULL,NULL-- AxyV	script-HTTP::URI_SQLI
2021-09-06T15:56	/xmlui/bitstream/handle/11441/29759/RESUMEN%20DE%20TESIS%20DOCTORAL%20(Francisco%20Lucas%20Garc%c3%ada).pdf?sequence=2&isAllowed=y UNION ALL SELECT NULL,NULL,NULL,NULL,NULL-- AxyV	script-HTTP::URI_SQLI
2021-09-06T15:56	/xmlui/bitstream/handle/11441/29759/RESUMEN%20DE%20TESIS%20DOCTORAL%20(Francisco%20Lucas%20Garc%c3%ada).pdf?sequence=2&isAllowed=y UNION ALL SELECT NULL,NULL,NULL,NULL,NULL,NULL-- hhSr	script-HTTP::URI_SQLI
2021-09-06T15:56	/xmlui/bitstream/handle/11441/29759/RESUMEN%20DE%20TESIS%20DOCTORAL%20(Francisco%20Lucas%20Garc%c3%ada).pdf?sequence=2&isAllowed=y UNION ALL SELECT NULL,NULL,NULL,NULL,NULL,NULL-- hhSr	script-HTTP::URI_SQLI
2021-09-06T15:56	/xmlui/bitstream/handle/11441/29759/RESUMEN%20DE%20TESIS%20DOCTORAL%20(Francisco%20Lucas%20Garc%c3%ada).pdf?sequence=2&isAllowed=y UNION ALL SELECT NULL,NULL,NULL,NULL,NULL,NULL,NULL-- ZEKT	script-HTTP::URI_SQLI
2021-09-06T15:56	/xmlui/bitstream/handle/11441/29759/RESUMEN%20DE%20TESIS%20DOCTORAL%20(Francisco%20Lucas%20Garc%c3%ada).pdf?sequence=2&isAllowed=y UNION ALL SELECT NULL,NULL,NULL,NULL,NULL,NULL,NULL-- ZEKT	script-HTTP::URI_SQLI
2021-09-06T15:56	/xmlui/bitstream/handle/11441/29759/RESUMEN%20DE%20TESIS%20DOCTORAL%20(Francisco%20Lucas%20Garc%c3%ada).pdf?sequence=2&isAllowed=y UNION ALL SELECT NULL,NULL,NULL,NULL,NULL,NULL,NULL,NULL-- cyDT	script-HTTP::URI_SQLI
2021-09-06T15:56	/xmlui/bitstream/handle/11441/29759/RESUMEN%20DE%20TESIS%20DOCTORAL%20(Francisco%20Lucas%20Garc%c3%ada).pdf?sequence=2&isAllowed=y UNION ALL SELECT NULL,NULL,NULL,NULL,NULL,NULL,NULL,NULL-- cyDT	script-HTTP::URI_SQLI
2021-09-06T15:56	/xmlui/bitstream/handle/11441/29759/RESUMEN%20DE%20TESIS%20DOCTORAL%20(Francisco%20Lucas%20Garc%c3%ada).pdf?sequence=2&isAllowed=y UNION ALL SELECT NULL,NULL,NULL,NULL,NULL,NULL,NULL,NULL,NULL-- YPJD	script-HTTP::URI_SQLI
2021-09-06T15:56	/xmlui/bitstream/handle/11441/29759/RESUMEN%20DE%20TESIS%20DOCTORAL%20(Francisco%20Lucas%20Garc%c3%ada).pdf?sequence=2&isAllowed=y UNION ALL SELECT NULL,NULL,NULL,NULL,NULL,NULL,NULL,NULL,NULL-- YPJD	script-HTTP::URI_SQLI
2021-09-06T15:56	/xmlui/bitstream/handle/11441/29759/RESUMEN%20DE%20TESIS%20DOCTORAL%20(Francisco%20Lucas%20Garc%c3%ada).pdf?sequence=2&isAllowed=y UNION ALL SELECT NULL,NULL,NULL,NULL,NULL,NULL,NULL,NULL,NULL,NULL-- RjCs	script-HTTP::URI_SQLI
2021-09-06T15:56	/xmlui/bitstream/handle/11441/29759/RESUMEN%20DE%20TESIS%20DOCTORAL%20(Francisco%20Lucas%20Garc%c3%ada).pdf?sequence=2&isAllowed=y UNION ALL SELECT NULL,NULL,NULL,NULL,NULL,NULL,NULL,NULL,NULL,NULL-- RjCs	script-HTTP::URI_SQLI
2021-09-06T15:57	/xmlui/bitstream/handle/11441/29759/RESUMEN%20DE%20TESIS%20DOCTORAL%20(Francisco%20Lucas%20Garc%c3%ada).pdf?sequence=2&isAllowed=y' UNION ALL SELECT NULL-- wNzK	script-HTTP::URI_SQLI
2021-09-06T15:57	/xmlui/bitstream/handle/11441/29759/RESUMEN%20DE%20TESIS%20DOCTORAL%20(Francisco%20Lucas%20Garc%c3%ada).pdf?sequence=2&isAllowed=y' UNION ALL SELECT NULL-- wNzK	script-HTTP::URI_SQLI
2021-09-06T15:57	/xmlui/bitstream/handle/11441/29759/RESUMEN%20DE%20TESIS%20DOCTORAL%20(Francisco%20Lucas%20Garc%c3%ada).pdf?sequence=2&isAllowed=y' UNION ALL SELECT NULL,NULL-- wopT	script-HTTP::URI_SQLI
2021-09-06T15:57	/xmlui/bitstream/handle/11441/29759/RESUMEN%20DE%20TESIS%20DOCTORAL%20(Francisco%20Lucas%20Garc%c3%ada).pdf?sequence=2&isAllowed=y' UNION ALL SELECT NULL,NULL-- wopT	script-HTTP::URI_SQLI
2021-09-06T15:57	/xmlui/bitstream/handle/11441/29759/RESUMEN%20DE%20TESIS%20DOCTORAL%20(Francisco%20Lucas%20Garc%c3%ada).pdf?sequence=2&isAllowed=y' UNION ALL SELECT NULL,NULL,NULL-- qYZw	script-HTTP::URI_SQLI
2021-09-06T15:57	/xmlui/bitstream/handle/11441/29759/RESUMEN%20DE%20TESIS%20DOCTORAL%20(Francisco%20Lucas%20Garc%c3%ada).pdf?sequence=2&isAllowed=y' UNION ALL SELECT NULL,NULL,NULL-- qYZw	script-HTTP::URI_SQLI
2021-09-06T15:57	/xmlui/bitstream/handle/11441/29759/RESUMEN%20DE%20TESIS%20DOCTORAL%20(Francisco%20Lucas%20Garc%c3%ada).pdf?sequence=2&isAllowed=y' UNION ALL SELECT NULL,NULL,NULL,NULL-- cghB	script-HTTP::URI_SQLI
2021-09-06T15:57	/xmlui/bitstream/handle/11441/29759/RESUMEN%20DE%20TESIS%20DOCTORAL%20(Francisco%20Lucas%20Garc%c3%ada).pdf?sequence=2&isAllowed=y' UNION ALL SELECT NULL,NULL,NULL,NULL-- cghB	script-HTTP::URI_SQLI
2021-09-06T15:57	/xmlui/bitstream/handle/11441/29759/RESUMEN%20DE%20TESIS%20DOCTORAL%20(Francisco%20Lucas%20Garc%c3%ada).pdf?sequence=2&isAllowed=y' UNION ALL SELECT NULL,NULL,NULL,NULL,NULL-- tljH	script-HTTP::URI_SQLI
2021-09-06T15:57	/xmlui/bitstream/handle/11441/29759/RESUMEN%20DE%20TESIS%20DOCTORAL%20(Francisco%20Lucas%20Garc%c3%ada).pdf?sequence=2&isAllowed=y' UNION ALL SELECT NULL,NULL,NULL,NULL,NULL-- tljH	script-HTTP::URI_SQLI
2021-09-06T15:57	/xmlui/bitstream/handle/11441/29759/RESUMEN%20DE%20TESIS%20DOCTORAL%20(Francisco%20Lucas%20Garc%c3%ada).pdf?sequence=2&isAllowed=y' UNION ALL SELECT NULL,NULL,NULL,NULL,NULL,NULL-- DYmZ	script-HTTP::URI_SQLI
2021-09-06T15:57	/xmlui/bitstream/handle/11441/29759/RESUMEN%20DE%20TESIS%20DOCTORAL%20(Francisco%20Lucas%20Garc%c3%ada).pdf?sequence=2&isAllowed=y' UNION ALL SELECT NULL,NULL,NULL,NULL,NULL,NULL-- DYmZ	script-HTTP::URI_SQLI
2021-09-06T15:57	/xmlui/bitstream/handle/11441/29759/RESUMEN%20DE%20TESIS%20DOCTORAL%20(Francisco%20Lucas%20Garc%c3%ada).pdf?sequence=2&isAllowed=y' UNION ALL SELECT NULL,NULL,NULL,NULL,NULL,NULL,NULL-- oRRw	script-HTTP::URI_SQLI
2021-09-06T15:57	/xmlui/bitstream/handle/11441/29759/RESUMEN%20DE%20TESIS%20DOCTORAL%20(Francisco%20Lucas%20Garc%c3%ada).pdf?sequence=2&isAllowed=y' UNION ALL SELECT NULL,NULL,NULL,NULL,NULL,NULL,NULL-- oRRw	script-HTTP::URI_SQLI
2021-09-06T15:57	/xmlui/bitstream/handle/11441/29759/RESUMEN%20DE%20TESIS%20DOCTORAL%20(Francisco%20Lucas%20Garc%c3%ada).pdf?sequence=2&isAllowed=y' UNION ALL SELECT NULL,NULL,NULL,NULL,NULL,NULL,NULL,NULL-- BfPg	script-HTTP::URI_SQLI
2021-09-06T15:57	/xmlui/bitstream/handle/11441/29759/RESUMEN%20DE%20TESIS%20DOCTORAL%20(Francisco%20Lucas%20Garc%c3%ada).pdf?sequence=2&isAllowed=y' UNION ALL SELECT NULL,NULL,NULL,NULL,NULL,NULL,NULL,NULL-- BfPg	script-HTTP::URI_SQLI
2021-09-06T15:57	/xmlui/bitstream/handle/11441/29759/RESUMEN%20DE%20TESIS%20DOCTORAL%20(Francisco%20Lucas%20Garc%c3%ada).pdf?sequence=2&isAllowed=y' UNION ALL SELECT NULL,NULL,NULL,NULL,NULL,NULL,NULL,NULL,NULL-- PBru	script-HTTP::URI_SQLI
2021-09-06T15:57	/xmlui/bitstream/handle/11441/29759/RESUMEN%20DE%20TESIS%20DOCTORAL%20(Francisco%20Lucas%20Garc%c3%ada).pdf?sequence=2&isAllowed=y' UNION ALL SELECT NULL,NULL,NULL,NULL,NULL,NULL,NULL,NULL,NULL-- PBru	script-HTTP::URI_SQLI
2021-09-06T15:57	/xmlui/bitstream/handle/11441/29759/RESUMEN%20DE%20TESIS%20DOCTORAL%20(Francisco%20Lucas%20Garc%c3%ada).pdf?sequence=2&isAllowed=y%' UNION ALL SELECT NULL-- dKIb	script-HTTP::URI_SQLI
2021-09-06T15:57	/xmlui/bitstream/handle/11441/29759/RESUMEN%20DE%20TESIS%20DOCTORAL%20(Francisco%20Lucas%20Garc%c3%ada).pdf?sequence=2&isAllowed=y%' UNION ALL SELECT NULL-- dKIb	script-HTTP::URI_SQLI
2021-09-06T15:57	/xmlui/bitstream/handle/11441/29759/RESUMEN%20DE%20TESIS%20DOCTORAL%20(Francisco%20Lucas%20Garc%c3%ada).pdf?sequence=2&isAllowed=y%' UNION ALL SELECT NULL,NULL-- GooS	script-HTTP::URI_SQLI
2021-09-06T15:57	/xmlui/bitstream/handle/11441/29759/RESUMEN%20DE%20TESIS%20DOCTORAL%20(Francisco%20Lucas%20Garc%c3%ada).pdf?sequence=2&isAllowed=y%' UNION ALL SELECT NULL,NULL-- GooS	script-HTTP::URI_SQLI
2021-09-06T15:57	/xmlui/bitstream/handle/11441/29759/RESUMEN%20DE%20TESIS%20DOCTORAL%20(Francisco%20Lucas%20Garc%c3%ada).pdf?sequence=2&isAllowed=y%' UNION ALL SELECT NULL,NULL,NULL-- Rkly	script-HTTP::URI_SQLI
2021-09-06T15:57	/xmlui/bitstream/handle/11441/29759/RESUMEN%20DE%20TESIS%20DOCTORAL%20(Francisco%20Lucas%20Garc%c3%ada).pdf?sequence=2&isAllowed=y%' UNION ALL SELECT NULL,NULL,NULL-- Rkly	script-HTTP::URI_SQLI
2021-09-06T15:57	/xmlui/bitstream/handle/11441/29759/RESUMEN%20DE%20TESIS%20DOCTORAL%20(Francisco%20Lucas%20Garc%c3%ada).pdf?sequence=2&isAllowed=y%' UNION ALL SELECT NULL,NULL,NULL,NULL-- IMGm	script-HTTP::URI_SQLI
2021-09-06T15:57	/xmlui/bitstream/handle/11441/29759/RESUMEN%20DE%20TESIS%20DOCTORAL%20(Francisco%20Lucas%20Garc%c3%ada).pdf?sequence=2&isAllowed=y%' UNION ALL SELECT NULL,NULL,NULL,NULL-- IMGm	script-HTTP::URI_SQLI
2021-09-06T15:57	/xmlui/bitstream/handle/11441/29759/RESUMEN%20DE%20TESIS%20DOCTORAL%20(Francisco%20Lucas%20Garc%c3%ada).pdf?sequence=2&isAllowed=y%' UNION ALL SELECT NULL,NULL,NULL,NULL,NULL-- ZnUp	script-HTTP::URI_SQLI
2021-09-06T15:57	/xmlui/bitstream/handle/11441/29759/RESUMEN%20DE%20TESIS%20DOCTORAL%20(Francisco%20Lucas%20Garc%c3%ada).pdf?sequence=2&isAllowed=y%' UNION ALL SELECT NULL,NULL,NULL,NULL,NULL-- ZnUp	script-HTTP::URI_SQLI
2021-09-06T15:57	/xmlui/bitstream/handle/11441/29759/RESUMEN%20DE%20TESIS%20DOCTORAL%20(Francisco%20Lucas%20Garc%c3%ada).pdf?sequence=2&isAllowed=y%' UNION ALL SELECT NULL,NULL,NULL,NULL,NULL,NULL-- nBck	script-HTTP::URI_SQLI
2021-09-06T15:57	/xmlui/bitstream/handle/11441/29759/RESUMEN%20DE%20TESIS%20DOCTORAL%20(Francisco%20Lucas%20Garc%c3%ada).pdf?sequence=2&isAllowed=y%' UNION ALL SELECT NULL,NULL,NULL,NULL,NULL,NULL-- nBck	script-HTTP::URI_SQLI
2021-09-06T15:57	/xmlui/bitstream/handle/11441/29759/RESUMEN%20DE%20TESIS%20DOCTORAL%20(Francisco%20Lucas%20Garc%c3%ada).pdf?sequence=2&isAllowed=y%' UNION ALL SELECT NULL,NULL,NULL,NULL,NULL,NULL,NULL-- bRVB	script-HTTP::URI_SQLI
2021-09-06T15:57	/xmlui/bitstream/handle/11441/29759/RESUMEN%20DE%20TESIS%20DOCTORAL%20(Francisco%20Lucas%20Garc%c3%ada).pdf?sequence=2&isAllowed=y%' UNION ALL SELECT NULL,NULL,NULL,NULL,NULL,NULL,NULL-- bRVB	script-HTTP::URI_SQLI
2021-09-06T15:57	/xmlui/bitstream/handle/11441/29759/RESUMEN%20DE%20TESIS%20DOCTORAL%20(Francisco%20Lucas%20Garc%c3%ada).pdf?sequence=2&isAllowed=y%' UNION ALL SELECT NULL,NULL,NULL,NULL,NULL,NULL,NULL,NULL-- SPlr	script-HTTP::URI_SQLI
2021-09-06T15:57	/xmlui/bitstream/handle/11441/29759/RESUMEN%20DE%20TESIS%20DOCTORAL%20(Francisco%20Lucas%20Garc%c3%ada).pdf?sequence=2&isAllowed=y%' UNION ALL SELECT NULL,NULL,NULL,NULL,NULL,NULL,NULL,NULL-- SPlr	script-HTTP::URI_SQLI
2021-09-06T15:57	/xmlui/bitstream/handle/11441/29759/RESUMEN%20DE%20TESIS%20DOCTORAL%20(Francisco%20Lucas%20Garc%c3%ada).pdf?sequence=2&isAllowed=y UNION ALL SELECT NULL-- jFoh	script-HTTP::URI_SQLI
2021-09-06T15:57	/xmlui/bitstream/handle/11441/29759/RESUMEN%20DE%20TESIS%20DOCTORAL%20(Francisco%20Lucas%20Garc%c3%ada).pdf?sequence=2&isAllowed=y UNION ALL SELECT NULL-- jFoh	script-HTTP::URI_SQLI
2021-09-06T15:57	/xmlui/bitstream/handle/11441/29759/RESUMEN%20DE%20TESIS%20DOCTORAL%20(Francisco%20Lucas%20Garc%c3%ada).pdf?sequence=2&isAllowed=y UNION ALL SELECT NULL,NULL-- jFvO	script-HTTP::URI_SQLI
2021-09-06T15:57	/xmlui/bitstream/handle/11441/29759/RESUMEN%20DE%20TESIS%20DOCTORAL%20(Francisco%20Lucas%20Garc%c3%ada).pdf?sequence=2&isAllowed=y UNION ALL SELECT NULL,NULL-- jFvO	script-HTTP::URI_SQLI
2021-09-06T15:57	/xmlui/bitstream/handle/11441/29759/RESUMEN%20DE%20TESIS%20DOCTORAL%20(Francisco%20Lucas%20Garc%c3%ada).pdf?sequence=2&isAllowed=y UNION ALL SELECT NULL,NULL,NULL-- xFeh	script-HTTP::URI_SQLI
2021-09-06T15:57	/xmlui/bitstream/handle/11441/29759/RESUMEN%20DE%20TESIS%20DOCTORAL%20(Francisco%20Lucas%20Garc%c3%ada).pdf?sequence=2&isAllowed=y UNION ALL SELECT NULL,NULL,NULL-- xFeh	script-HTTP::URI_SQLI
2021-09-06T15:57	/xmlui/bitstream/handle/11441/29759/RESUMEN%20DE%20TESIS%20DOCTORAL%20(Francisco%20Lucas%20Garc%c3%ada).pdf?sequence=2&isAllowed=y UNION ALL SELECT NULL,NULL,NULL,NULL-- aGUy	script-HTTP::URI_SQLI
2021-09-06T15:57	/xmlui/bitstream/handle/11441/29759/RESUMEN%20DE%20TESIS%20DOCTORAL%20(Francisco%20Lucas%20Garc%c3%ada).pdf?sequence=2&isAllowed=y UNION ALL SELECT NULL,NULL,NULL,NULL-- aGUy	script-HTTP::URI_SQLI
2021-09-06T15:57	/xmlui/bitstream/handle/11441/29759/RESUMEN%20DE%20TESIS%20DOCTORAL%20(Francisco%20Lucas%20Garc%c3%ada).pdf?sequence=2&isAllowed=y UNION ALL SELECT NULL,NULL,NULL,NULL,NULL-- alvB	script-HTTP::URI_SQLI
2021-09-06T15:57	/xmlui/bitstream/handle/11441/29759/RESUMEN%20DE%20TESIS%20DOCTORAL%20(Francisco%20Lucas%20Garc%c3%ada).pdf?sequence=2&isAllowed=y UNION ALL SELECT NULL,NULL,NULL,NULL,NULL-- alvB	script-HTTP::URI_SQLI
2021-09-06T15:57	/xmlui/bitstream/handle/11441/29759/RESUMEN%20DE%20TESIS%20DOCTORAL%20(Francisco%20Lucas%20Garc%c3%ada).pdf?sequence=2&isAllowed=y UNION ALL SELECT NULL,NULL,NULL,NULL,NULL,NULL-- ctay	script-HTTP::URI_SQLI
2021-09-06T15:57	/xmlui/bitstream/handle/11441/29759/RESUMEN%20DE%20TESIS%20DOCTORAL%20(Francisco%20Lucas%20Garc%c3%ada).pdf?sequence=2&isAllowed=y UNION ALL SELECT NULL,NULL,NULL,NULL,NULL,NULL-- ctay	script-HTTP::URI_SQLI
2021-09-06T15:57	/xmlui/bitstream/handle/11441/29759/RESUMEN%20DE%20TESIS%20DOCTORAL%20(Francisco%20Lucas%20Garc%c3%ada).pdf?sequence=2&isAllowed=y UNION ALL SELECT NULL,NULL,NULL,NULL,NULL,NULL,NULL-- kxHw	script-HTTP::URI_SQLI
2021-09-06T15:57	/xmlui/bitstream/handle/11441/29759/RESUMEN%20DE%20TESIS%20DOCTORAL%20(Francisco%20Lucas%20Garc%c3%ada).pdf?sequence=2&isAllowed=y UNION ALL SELECT NULL,NULL,NULL,NULL,NULL,NULL,NULL-- kxHw	script-HTTP::URI_SQLI
2021-09-06T15:57	/xmlui/bitstream/handle/11441/29759/RESUMEN%20DE%20TESIS%20DOCTORAL%20(Francisco%20Lucas%20Garc%c3%ada).pdf?sequence=2&isAllowed=y UNION ALL SELECT NULL,NULL,NULL,NULL,NULL,NULL,NULL,NULL-- rHEW	script-HTTP::URI_SQLI
2021-09-06T15:57	/xmlui/bitstream/handle/11441/29759/RESUMEN%20DE%20TESIS%20DOCTORAL%20(Francisco%20Lucas%20Garc%c3%ada).pdf?sequence=2&isAllowed=y UNION ALL SELECT NULL,NULL,NULL,NULL,NULL,NULL,NULL,NULL-- rHEW	script-HTTP::URI_SQLI
2021-09-06T15:57	/xmlui/bitstream/handle/11441/29759/RESUMEN%20DE%20TESIS%20DOCTORAL%20(Francisco%20Lucas%20Garc%c3%ada).pdf?sequence=2&isAllowed=y UNION ALL SELECT NULL,NULL,NULL,NULL,NULL,NULL,NULL,NULL,NULL-- Evle	script-HTTP::URI_SQLI
2021-09-06T15:57	/xmlui/bitstream/handle/11441/29759/RESUMEN%20DE%20TESIS%20DOCTORAL%20(Francisco%20Lucas%20Garc%c3%ada).pdf?sequence=2&isAllowed=y UNION ALL SELECT NULL,NULL,NULL,NULL,NULL,NULL,NULL,NULL,NULL-- Evle	script-HTTP::URI_SQLI
2021-09-06T15:57	/xmlui/bitstream/handle/11441/29759/RESUMEN%20DE%20TESIS%20DOCTORAL%20(Francisco%20Lucas%20Garc%c3%ada).pdf?sequence=2&isAllowed=y UNION ALL SELECT NULL,NULL,NULL,NULL,NULL,NULL,NULL,NULL,NULL,NULL-- VQxe	script-HTTP::URI_SQLI
2021-09-06T15:57	/xmlui/bitstream/handle/11441/29759/RESUMEN%20DE%20TESIS%20DOCTORAL%20(Francisco%20Lucas%20Garc%c3%ada).pdf?sequence=2&isAllowed=y UNION ALL SELECT NULL,NULL,NULL,NULL,NULL,NULL,NULL,NULL,NULL,NULL-- VQxe	script-HTTP::URI_SQLI
2021-09-06T15:59	/xmlui/bitstream/handle/11441/71316/tesis_VanesaGuerreroLozano.pdf?sequence=1&isAllowed=../etc/passwd	s2b-1113-5
2021-09-06T15:59	/xmlui/bitstream/handle/11441/71316/tesis_VanesaGuerreroLozano.pdf?sequence=1&isAllowed=../etc/passwd%00	s2b-1113-5
2021-09-06T15:59	/xmlui/bitstream/handle/11441/71316/tesis_VanesaGuerreroLozano.pdf?sequence=1&isAllowed=../../etc/passwd	s2b-1113-5
2021-09-06T15:59	/xmlui/bitstream/handle/11441/71316/tesis_VanesaGuerreroLozano.pdf?sequence=1&isAllowed=../../etc/passwd%00	s2b-1113-5
2021-09-06T15:59	/xmlui/bitstream/handle/11441/71316/tesis_VanesaGuerreroLozano.pdf?sequence=1&isAllowed=../../../etc/passwd	s2b-1113-5
2021-09-06T15:59	/xmlui/bitstream/handle/11441/71316/tesis_VanesaGuerreroLozano.pdf?sequence=1&isAllowed=../../../etc/passwd%00	s2b-1113-5
2021-09-06T15:59	/xmlui/bitstream/handle/11441/71316/tesis_VanesaGuerreroLozano.pdf?sequence=1&isAllowed=../../../../etc/passwd	s2b-1113-5
2021-09-06T15:59	/xmlui/bitstream/handle/11441/71316/tesis_VanesaGuerreroLozano.pdf?sequence=1&isAllowed=../../../../etc/passwd%00	s2b-1113-5
2021-09-06T15:59	/xmlui/bitstream/handle/11441/71316/tesis_VanesaGuerreroLozano.pdf?sequence=1&isAllowed=../../../../../etc/passwd	s2b-1113-5
2021-09-06T15:59	/xmlui/bitstream/handle/11441/71316/tesis_VanesaGuerreroLozano.pdf?sequence=1&isAllowed=../../../../../etc/passwd%00	s2b-1113-5
2021-09-06T15:59	/xmlui/bitstream/handle/11441/71316/tesis_VanesaGuerreroLozano.pdf?sequence=1&isAllowed=../../../../../../etc/passwd	s2b-1113-5
2021-09-06T15:59	/xmlui/bitstream/handle/11441/71316/tesis_VanesaGuerreroLozano.pdf?sequence=1&isAllowed=../../../../../../etc/passwd%00	s2b-1113-5
2021-09-06T15:59	/xmlui/bitstream/handle/11441/71316/tesis_VanesaGuerreroLozano.pdf?sequence=1&isAllowed=../../../../../../../etc/passwd	s2b-1113-5
2021-09-06T15:59	/xmlui/bitstream/handle/11441/71316/tesis_VanesaGuerreroLozano.pdf?sequence=1&isAllowed=../../../../../../../etc/passwd%00	s2b-1113-5
2021-09-06T15:59	/xmlui/bitstream/handle/11441/71316/tesis_VanesaGuerreroLozano.pdf?sequence=1&isAllowed=../../../../../../../../etc/passwd	s2b-1113-5
2021-09-06T15:59	/xmlui/bitstream/handle/11441/71316/tesis_VanesaGuerreroLozano.pdf?sequence=1&isAllowed=../../../../../../../../etc/passwd%00	s2b-1113-5
2021-09-06T15:59	/xmlui/bitstream/handle/11441/71316/tesis_VanesaGuerreroLozano.pdf?sequence=1&isAllowed=../../../../../../../../../etc/passwd	s2b-1113-5
2021-09-06T15:59	/xmlui/bitstream/handle/11441/71316/tesis_VanesaGuerreroLozano.pdf?sequence=1&isAllowed=../../../../../../../../../etc/passwd%00	s2b-1113-5
2021-09-06T16:01	/xmlui/bitstream/11441/59854/1/Decrease%20in%20calcitonin%20and%20parathyroid%20hormone%20mRNA%20levels%20and%20hormone%20secretion%20under%20long-term%20hypervitaminosis%20D3%20%20in%20rats.pdf	s2b-1365-5
