2021-09-05T14:51	/xmlui/bitstream/handle/11441/36949/Ramon, Peral, Arenas y Villarejo, 2014.pdf?sequence=1&isAllowed=y);SELECT PG_SLEEP(5)--	script-HTTP::URI_SQLI
2021-09-05T14:51	/xmlui/bitstream/handle/11441/36949/Ramon, Peral, Arenas y Villarejo, 2014.pdf?sequence=1&isAllowed=y);SELECT PG_SLEEP(5)--	script-HTTP::URI_SQLI
2021-09-05T14:51	/xmlui/bitstream/handle/11441/36949/Ramon, Peral, Arenas y Villarejo, 2014.pdf?sequence=1&isAllowed=y;SELECT PG_SLEEP(5)--	script-HTTP::URI_SQLI
2021-09-05T14:51	/xmlui/bitstream/handle/11441/36949/Ramon, Peral, Arenas y Villarejo, 2014.pdf?sequence=1&isAllowed=y;SELECT PG_SLEEP(5)--	script-HTTP::URI_SQLI
2021-09-05T14:51	/xmlui/bitstream/handle/11441/36949/Ramon, Peral, Arenas y Villarejo, 2014.pdf?sequence=1&isAllowed=y');SELECT PG_SLEEP(5)--	script-HTTP::URI_SQLI
2021-09-05T14:51	/xmlui/bitstream/handle/11441/36949/Ramon, Peral, Arenas y Villarejo, 2014.pdf?sequence=1&isAllowed=y');SELECT PG_SLEEP(5)--	script-HTTP::URI_SQLI
2021-09-05T14:51	/xmlui/bitstream/handle/11441/36949/Ramon, Peral, Arenas y Villarejo, 2014.pdf?sequence=1&isAllowed=y';SELECT PG_SLEEP(5)--	script-HTTP::URI_SQLI
2021-09-05T14:51	/xmlui/bitstream/handle/11441/36949/Ramon, Peral, Arenas y Villarejo, 2014.pdf?sequence=1&isAllowed=y';SELECT PG_SLEEP(5)--	script-HTTP::URI_SQLI
2021-09-05T14:51	/xmlui/bitstream/handle/11441/36949/Ramon, Peral, Arenas y Villarejo, 2014.pdf?sequence=1&isAllowed=y%';SELECT PG_SLEEP(5)--	script-HTTP::URI_SQLI
2021-09-05T14:51	/xmlui/bitstream/handle/11441/36949/Ramon, Peral, Arenas y Villarejo, 2014.pdf?sequence=1&isAllowed=y%';SELECT PG_SLEEP(5)--	script-HTTP::URI_SQLI
2021-09-05T14:51	/xmlui/bitstream/handle/11441/36949/Ramon, Peral, Arenas y Villarejo, 2014.pdf?sequence=1&isAllowed=y UNION ALL SELECT NULL-- VUPE	script-HTTP::URI_SQLI
2021-09-05T14:51	/xmlui/bitstream/handle/11441/36949/Ramon, Peral, Arenas y Villarejo, 2014.pdf?sequence=1&isAllowed=y UNION ALL SELECT NULL-- VUPE	script-HTTP::URI_SQLI
2021-09-05T14:51	/xmlui/bitstream/handle/11441/36949/Ramon, Peral, Arenas y Villarejo, 2014.pdf?sequence=1&isAllowed=y UNION ALL SELECT NULL,NULL-- CuNW	script-HTTP::URI_SQLI
2021-09-05T14:51	/xmlui/bitstream/handle/11441/36949/Ramon, Peral, Arenas y Villarejo, 2014.pdf?sequence=1&isAllowed=y UNION ALL SELECT NULL,NULL-- CuNW	script-HTTP::URI_SQLI
2021-09-05T14:51	/xmlui/bitstream/handle/11441/36949/Ramon, Peral, Arenas y Villarejo, 2014.pdf?sequence=1&isAllowed=y UNION ALL SELECT NULL,NULL,NULL-- TeGG	script-HTTP::URI_SQLI
2021-09-05T14:51	/xmlui/bitstream/handle/11441/36949/Ramon, Peral, Arenas y Villarejo, 2014.pdf?sequence=1&isAllowed=y UNION ALL SELECT NULL,NULL,NULL-- TeGG	script-HTTP::URI_SQLI
2021-09-05T14:51	/xmlui/bitstream/handle/11441/36949/Ramon, Peral, Arenas y Villarejo, 2014.pdf?sequence=1&isAllowed=y UNION ALL SELECT NULL,NULL,NULL,NULL-- xNGC	script-HTTP::URI_SQLI
2021-09-05T14:51	/xmlui/bitstream/handle/11441/36949/Ramon, Peral, Arenas y Villarejo, 2014.pdf?sequence=1&isAllowed=y UNION ALL SELECT NULL,NULL,NULL,NULL-- xNGC	script-HTTP::URI_SQLI
2021-09-05T14:51	/xmlui/bitstream/handle/11441/36949/Ramon, Peral, Arenas y Villarejo, 2014.pdf?sequence=1&isAllowed=y UNION ALL SELECT NULL,NULL,NULL,NULL,NULL-- gquG	script-HTTP::URI_SQLI
2021-09-05T14:51	/xmlui/bitstream/handle/11441/36949/Ramon, Peral, Arenas y Villarejo, 2014.pdf?sequence=1&isAllowed=y UNION ALL SELECT NULL,NULL,NULL,NULL,NULL-- gquG	script-HTTP::URI_SQLI
2021-09-05T14:51	/xmlui/bitstream/handle/11441/36949/Ramon, Peral, Arenas y Villarejo, 2014.pdf?sequence=1&isAllowed=y UNION ALL SELECT NULL,NULL,NULL,NULL,NULL,NULL-- Ujrc	script-HTTP::URI_SQLI
2021-09-05T14:51	/xmlui/bitstream/handle/11441/36949/Ramon, Peral, Arenas y Villarejo, 2014.pdf?sequence=1&isAllowed=y UNION ALL SELECT NULL,NULL,NULL,NULL,NULL,NULL-- Ujrc	script-HTTP::URI_SQLI
2021-09-05T14:51	/xmlui/bitstream/handle/11441/36949/Ramon, Peral, Arenas y Villarejo, 2014.pdf?sequence=1&isAllowed=y UNION ALL SELECT NULL,NULL,NULL,NULL,NULL,NULL,NULL-- iQSk	script-HTTP::URI_SQLI
2021-09-05T14:51	/xmlui/bitstream/handle/11441/36949/Ramon, Peral, Arenas y Villarejo, 2014.pdf?sequence=1&isAllowed=y UNION ALL SELECT NULL,NULL,NULL,NULL,NULL,NULL,NULL-- iQSk	script-HTTP::URI_SQLI
2021-09-05T14:51	/xmlui/bitstream/handle/11441/36949/Ramon, Peral, Arenas y Villarejo, 2014.pdf?sequence=1&isAllowed=y UNION ALL SELECT NULL,NULL,NULL,NULL,NULL,NULL,NULL,NULL-- kwlR	script-HTTP::URI_SQLI
2021-09-05T14:51	/xmlui/bitstream/handle/11441/36949/Ramon, Peral, Arenas y Villarejo, 2014.pdf?sequence=1&isAllowed=y UNION ALL SELECT NULL,NULL,NULL,NULL,NULL,NULL,NULL,NULL-- kwlR	script-HTTP::URI_SQLI
2021-09-05T14:51	/xmlui/bitstream/handle/11441/36949/Ramon, Peral, Arenas y Villarejo, 2014.pdf?sequence=1&isAllowed=y UNION ALL SELECT NULL,NULL,NULL,NULL,NULL,NULL,NULL,NULL,NULL-- EYMn	script-HTTP::URI_SQLI
2021-09-05T14:51	/xmlui/bitstream/handle/11441/36949/Ramon, Peral, Arenas y Villarejo, 2014.pdf?sequence=1&isAllowed=y UNION ALL SELECT NULL,NULL,NULL,NULL,NULL,NULL,NULL,NULL,NULL-- EYMn	script-HTTP::URI_SQLI
2021-09-05T14:51	/xmlui/bitstream/handle/11441/36949/Ramon, Peral, Arenas y Villarejo, 2014.pdf?sequence=1&isAllowed=y UNION ALL SELECT NULL,NULL,NULL,NULL,NULL,NULL,NULL,NULL,NULL,NULL-- FXDk	script-HTTP::URI_SQLI
2021-09-05T14:51	/xmlui/bitstream/handle/11441/36949/Ramon, Peral, Arenas y Villarejo, 2014.pdf?sequence=1&isAllowed=y UNION ALL SELECT NULL,NULL,NULL,NULL,NULL,NULL,NULL,NULL,NULL,NULL-- FXDk	script-HTTP::URI_SQLI
2021-09-05T14:51	/xmlui/bitstream/handle/11441/36949/Ramon, Peral, Arenas y Villarejo, 2014.pdf?sequence=1&isAllowed=y' UNION ALL SELECT NULL-- OvcL	script-HTTP::URI_SQLI
2021-09-05T14:51	/xmlui/bitstream/handle/11441/36949/Ramon, Peral, Arenas y Villarejo, 2014.pdf?sequence=1&isAllowed=y' UNION ALL SELECT NULL-- OvcL	script-HTTP::URI_SQLI
2021-09-05T14:51	/xmlui/bitstream/handle/11441/36949/Ramon, Peral, Arenas y Villarejo, 2014.pdf?sequence=1&isAllowed=y' UNION ALL SELECT NULL,NULL-- HwXV	script-HTTP::URI_SQLI
2021-09-05T14:51	/xmlui/bitstream/handle/11441/36949/Ramon, Peral, Arenas y Villarejo, 2014.pdf?sequence=1&isAllowed=y' UNION ALL SELECT NULL,NULL-- HwXV	script-HTTP::URI_SQLI
2021-09-05T14:51	/xmlui/bitstream/handle/11441/36949/Ramon, Peral, Arenas y Villarejo, 2014.pdf?sequence=1&isAllowed=y' UNION ALL SELECT NULL,NULL,NULL-- UjzT	script-HTTP::URI_SQLI
2021-09-05T14:51	/xmlui/bitstream/handle/11441/36949/Ramon, Peral, Arenas y Villarejo, 2014.pdf?sequence=1&isAllowed=y' UNION ALL SELECT NULL,NULL,NULL-- UjzT	script-HTTP::URI_SQLI
2021-09-05T14:51	/xmlui/bitstream/handle/11441/36949/Ramon, Peral, Arenas y Villarejo, 2014.pdf?sequence=1&isAllowed=y' UNION ALL SELECT NULL,NULL,NULL,NULL-- akNP	script-HTTP::URI_SQLI
2021-09-05T14:51	/xmlui/bitstream/handle/11441/36949/Ramon, Peral, Arenas y Villarejo, 2014.pdf?sequence=1&isAllowed=y' UNION ALL SELECT NULL,NULL,NULL,NULL-- akNP	script-HTTP::URI_SQLI
2021-09-05T14:51	/xmlui/bitstream/handle/11441/36949/Ramon, Peral, Arenas y Villarejo, 2014.pdf?sequence=1&isAllowed=y' UNION ALL SELECT NULL,NULL,NULL,NULL,NULL-- xgCY	script-HTTP::URI_SQLI
2021-09-05T14:51	/xmlui/bitstream/handle/11441/36949/Ramon, Peral, Arenas y Villarejo, 2014.pdf?sequence=1&isAllowed=y' UNION ALL SELECT NULL,NULL,NULL,NULL,NULL-- xgCY	script-HTTP::URI_SQLI
2021-09-05T14:51	/xmlui/bitstream/handle/11441/36949/Ramon, Peral, Arenas y Villarejo, 2014.pdf?sequence=1&isAllowed=y' UNION ALL SELECT NULL,NULL,NULL,NULL,NULL,NULL-- UcgN	script-HTTP::URI_SQLI
2021-09-05T14:51	/xmlui/bitstream/handle/11441/36949/Ramon, Peral, Arenas y Villarejo, 2014.pdf?sequence=1&isAllowed=y' UNION ALL SELECT NULL,NULL,NULL,NULL,NULL,NULL-- UcgN	script-HTTP::URI_SQLI
2021-09-05T14:51	/xmlui/bitstream/handle/11441/36949/Ramon, Peral, Arenas y Villarejo, 2014.pdf?sequence=1&isAllowed=y' UNION ALL SELECT NULL,NULL,NULL,NULL,NULL,NULL,NULL-- HMwK	script-HTTP::URI_SQLI
2021-09-05T14:51	/xmlui/bitstream/handle/11441/36949/Ramon, Peral, Arenas y Villarejo, 2014.pdf?sequence=1&isAllowed=y' UNION ALL SELECT NULL,NULL,NULL,NULL,NULL,NULL,NULL-- HMwK	script-HTTP::URI_SQLI
2021-09-05T14:51	/xmlui/bitstream/handle/11441/36949/Ramon, Peral, Arenas y Villarejo, 2014.pdf?sequence=1&isAllowed=y' UNION ALL SELECT NULL,NULL,NULL,NULL,NULL,NULL,NULL,NULL-- CEJp	script-HTTP::URI_SQLI
2021-09-05T14:51	/xmlui/bitstream/handle/11441/36949/Ramon, Peral, Arenas y Villarejo, 2014.pdf?sequence=1&isAllowed=y' UNION ALL SELECT NULL,NULL,NULL,NULL,NULL,NULL,NULL,NULL-- CEJp	script-HTTP::URI_SQLI
2021-09-05T14:51	/xmlui/bitstream/handle/11441/36949/Ramon, Peral, Arenas y Villarejo, 2014.pdf?sequence=1&isAllowed=y' UNION ALL SELECT NULL,NULL,NULL,NULL,NULL,NULL,NULL,NULL,NULL-- FNZn	script-HTTP::URI_SQLI
2021-09-05T14:51	/xmlui/bitstream/handle/11441/36949/Ramon, Peral, Arenas y Villarejo, 2014.pdf?sequence=1&isAllowed=y' UNION ALL SELECT NULL,NULL,NULL,NULL,NULL,NULL,NULL,NULL,NULL-- FNZn	script-HTTP::URI_SQLI
2021-09-05T14:51	/xmlui/bitstream/handle/11441/36949/Ramon, Peral, Arenas y Villarejo, 2014.pdf?sequence=1&isAllowed=y' UNION ALL SELECT NULL,NULL,NULL,NULL,NULL,NULL,NULL,NULL,NULL,NULL-- KmJF	script-HTTP::URI_SQLI
2021-09-05T14:51	/xmlui/bitstream/handle/11441/36949/Ramon, Peral, Arenas y Villarejo, 2014.pdf?sequence=1&isAllowed=y' UNION ALL SELECT NULL,NULL,NULL,NULL,NULL,NULL,NULL,NULL,NULL,NULL-- KmJF	script-HTTP::URI_SQLI
2021-09-05T14:51	/xmlui/bitstream/handle/11441/36949/Ramon, Peral, Arenas y Villarejo, 2014.pdf?sequence=1&isAllowed=y%' UNION ALL SELECT NULL-- bjTK	script-HTTP::URI_SQLI
2021-09-05T14:51	/xmlui/bitstream/handle/11441/36949/Ramon, Peral, Arenas y Villarejo, 2014.pdf?sequence=1&isAllowed=y%' UNION ALL SELECT NULL-- bjTK	script-HTTP::URI_SQLI
2021-09-05T14:51	/xmlui/bitstream/handle/11441/36949/Ramon, Peral, Arenas y Villarejo, 2014.pdf?sequence=1&isAllowed=y%' UNION ALL SELECT NULL,NULL-- qXot	script-HTTP::URI_SQLI
2021-09-05T14:51	/xmlui/bitstream/handle/11441/36949/Ramon, Peral, Arenas y Villarejo, 2014.pdf?sequence=1&isAllowed=y%' UNION ALL SELECT NULL,NULL-- qXot	script-HTTP::URI_SQLI
2021-09-05T14:51	/xmlui/bitstream/handle/11441/36949/Ramon, Peral, Arenas y Villarejo, 2014.pdf?sequence=1&isAllowed=y%' UNION ALL SELECT NULL,NULL,NULL-- ZUdE	script-HTTP::URI_SQLI
2021-09-05T14:51	/xmlui/bitstream/handle/11441/36949/Ramon, Peral, Arenas y Villarejo, 2014.pdf?sequence=1&isAllowed=y%' UNION ALL SELECT NULL,NULL,NULL-- ZUdE	script-HTTP::URI_SQLI
2021-09-05T14:51	/xmlui/bitstream/handle/11441/36949/Ramon, Peral, Arenas y Villarejo, 2014.pdf?sequence=1&isAllowed=y%' UNION ALL SELECT NULL,NULL,NULL,NULL-- WIkd	script-HTTP::URI_SQLI
2021-09-05T14:51	/xmlui/bitstream/handle/11441/36949/Ramon, Peral, Arenas y Villarejo, 2014.pdf?sequence=1&isAllowed=y%' UNION ALL SELECT NULL,NULL,NULL,NULL-- WIkd	script-HTTP::URI_SQLI
2021-09-05T14:51	/xmlui/bitstream/handle/11441/36949/Ramon, Peral, Arenas y Villarejo, 2014.pdf?sequence=1&isAllowed=y%' UNION ALL SELECT NULL,NULL,NULL,NULL,NULL-- gLNz	script-HTTP::URI_SQLI
2021-09-05T14:51	/xmlui/bitstream/handle/11441/36949/Ramon, Peral, Arenas y Villarejo, 2014.pdf?sequence=1&isAllowed=y%' UNION ALL SELECT NULL,NULL,NULL,NULL,NULL-- gLNz	script-HTTP::URI_SQLI
2021-09-05T14:51	/xmlui/bitstream/handle/11441/36949/Ramon, Peral, Arenas y Villarejo, 2014.pdf?sequence=1&isAllowed=y%' UNION ALL SELECT NULL,NULL,NULL,NULL,NULL,NULL-- rfeY	script-HTTP::URI_SQLI
2021-09-05T14:51	/xmlui/bitstream/handle/11441/36949/Ramon, Peral, Arenas y Villarejo, 2014.pdf?sequence=1&isAllowed=y%' UNION ALL SELECT NULL,NULL,NULL,NULL,NULL,NULL-- rfeY	script-HTTP::URI_SQLI
2021-09-05T14:51	/xmlui/bitstream/handle/11441/36949/Ramon, Peral, Arenas y Villarejo, 2014.pdf?sequence=1&isAllowed=y%' UNION ALL SELECT NULL,NULL,NULL,NULL,NULL,NULL,NULL-- siRR	script-HTTP::URI_SQLI
2021-09-05T14:51	/xmlui/bitstream/handle/11441/36949/Ramon, Peral, Arenas y Villarejo, 2014.pdf?sequence=1&isAllowed=y%' UNION ALL SELECT NULL,NULL,NULL,NULL,NULL,NULL,NULL-- siRR	script-HTTP::URI_SQLI
2021-09-05T14:51	/xmlui/bitstream/handle/11441/36949/Ramon, Peral, Arenas y Villarejo, 2014.pdf?sequence=1&isAllowed=y%' UNION ALL SELECT NULL,NULL,NULL,NULL,NULL,NULL,NULL,NULL-- CPID	script-HTTP::URI_SQLI
2021-09-05T14:51	/xmlui/bitstream/handle/11441/36949/Ramon, Peral, Arenas y Villarejo, 2014.pdf?sequence=1&isAllowed=y%' UNION ALL SELECT NULL,NULL,NULL,NULL,NULL,NULL,NULL,NULL-- CPID	script-HTTP::URI_SQLI
2021-09-05T14:51	/xmlui/bitstream/handle/11441/36949/Ramon, Peral, Arenas y Villarejo, 2014.pdf?sequence=1&isAllowed=y%' UNION ALL SELECT NULL,NULL,NULL,NULL,NULL,NULL,NULL,NULL,NULL-- lQvj	script-HTTP::URI_SQLI
2021-09-05T14:51	/xmlui/bitstream/handle/11441/36949/Ramon, Peral, Arenas y Villarejo, 2014.pdf?sequence=1&isAllowed=y%' UNION ALL SELECT NULL,NULL,NULL,NULL,NULL,NULL,NULL,NULL,NULL-- lQvj	script-HTTP::URI_SQLI
2021-09-05T14:51	/xmlui/bitstream/handle/11441/36949/Ramon, Peral, Arenas y Villarejo, 2014.pdf?sequence=1&isAllowed=y%' UNION ALL SELECT NULL,NULL,NULL,NULL,NULL,NULL,NULL,NULL,NULL,NULL-- kiGi	script-HTTP::URI_SQLI
2021-09-05T14:51	/xmlui/bitstream/handle/11441/36949/Ramon, Peral, Arenas y Villarejo, 2014.pdf?sequence=1&isAllowed=y%' UNION ALL SELECT NULL,NULL,NULL,NULL,NULL,NULL,NULL,NULL,NULL,NULL-- kiGi	script-HTTP::URI_SQLI
2021-09-05T14:51	/xmlui/bitstream/handle/11441/36949/Ramon, Peral, Arenas y Villarejo, 2014.pdf?sequence=1&isAllowed=y UNION ALL SELECT NULL-- RbNo	script-HTTP::URI_SQLI
2021-09-05T14:51	/xmlui/bitstream/handle/11441/36949/Ramon, Peral, Arenas y Villarejo, 2014.pdf?sequence=1&isAllowed=y UNION ALL SELECT NULL-- RbNo	script-HTTP::URI_SQLI
2021-09-05T14:51	/xmlui/bitstream/handle/11441/36949/Ramon, Peral, Arenas y Villarejo, 2014.pdf?sequence=1&isAllowed=y UNION ALL SELECT NULL,NULL-- gokU	script-HTTP::URI_SQLI
2021-09-05T14:51	/xmlui/bitstream/handle/11441/36949/Ramon, Peral, Arenas y Villarejo, 2014.pdf?sequence=1&isAllowed=y UNION ALL SELECT NULL,NULL-- gokU	script-HTTP::URI_SQLI
2021-09-05T14:51	/xmlui/bitstream/handle/11441/36949/Ramon, Peral, Arenas y Villarejo, 2014.pdf?sequence=1&isAllowed=y UNION ALL SELECT NULL,NULL,NULL-- bvxW	script-HTTP::URI_SQLI
2021-09-05T14:51	/xmlui/bitstream/handle/11441/36949/Ramon, Peral, Arenas y Villarejo, 2014.pdf?sequence=1&isAllowed=y UNION ALL SELECT NULL,NULL,NULL-- bvxW	script-HTTP::URI_SQLI
2021-09-05T14:51	/xmlui/bitstream/handle/11441/36949/Ramon, Peral, Arenas y Villarejo, 2014.pdf?sequence=1&isAllowed=y UNION ALL SELECT NULL,NULL,NULL,NULL-- glRf	script-HTTP::URI_SQLI
2021-09-05T14:51	/xmlui/bitstream/handle/11441/36949/Ramon, Peral, Arenas y Villarejo, 2014.pdf?sequence=1&isAllowed=y UNION ALL SELECT NULL,NULL,NULL,NULL-- glRf	script-HTTP::URI_SQLI
2021-09-05T14:51	/xmlui/bitstream/handle/11441/36949/Ramon, Peral, Arenas y Villarejo, 2014.pdf?sequence=1&isAllowed=y UNION ALL SELECT NULL,NULL,NULL,NULL,NULL-- YKPE	script-HTTP::URI_SQLI
2021-09-05T14:51	/xmlui/bitstream/handle/11441/36949/Ramon, Peral, Arenas y Villarejo, 2014.pdf?sequence=1&isAllowed=y UNION ALL SELECT NULL,NULL,NULL,NULL,NULL-- YKPE	script-HTTP::URI_SQLI
2021-09-05T14:51	/xmlui/bitstream/handle/11441/36949/Ramon, Peral, Arenas y Villarejo, 2014.pdf?sequence=1&isAllowed=y UNION ALL SELECT NULL,NULL,NULL,NULL,NULL,NULL-- ymNG	script-HTTP::URI_SQLI
2021-09-05T14:51	/xmlui/bitstream/handle/11441/36949/Ramon, Peral, Arenas y Villarejo, 2014.pdf?sequence=1&isAllowed=y UNION ALL SELECT NULL,NULL,NULL,NULL,NULL,NULL-- ymNG	script-HTTP::URI_SQLI
2021-09-05T14:51	/xmlui/bitstream/handle/11441/36949/Ramon, Peral, Arenas y Villarejo, 2014.pdf?sequence=1&isAllowed=y UNION ALL SELECT NULL,NULL,NULL,NULL,NULL,NULL,NULL-- WVlZ	script-HTTP::URI_SQLI
2021-09-05T14:51	/xmlui/bitstream/handle/11441/36949/Ramon, Peral, Arenas y Villarejo, 2014.pdf?sequence=1&isAllowed=y UNION ALL SELECT NULL,NULL,NULL,NULL,NULL,NULL,NULL-- WVlZ	script-HTTP::URI_SQLI
2021-09-05T14:51	/xmlui/bitstream/handle/11441/36949/Ramon, Peral, Arenas y Villarejo, 2014.pdf?sequence=1&isAllowed=y UNION ALL SELECT NULL,NULL,NULL,NULL,NULL,NULL,NULL,NULL-- iAcI	script-HTTP::URI_SQLI
2021-09-05T14:51	/xmlui/bitstream/handle/11441/36949/Ramon, Peral, Arenas y Villarejo, 2014.pdf?sequence=1&isAllowed=y UNION ALL SELECT NULL,NULL,NULL,NULL,NULL,NULL,NULL,NULL-- iAcI	script-HTTP::URI_SQLI
2021-09-05T14:51	/xmlui/bitstream/handle/11441/36949/Ramon, Peral, Arenas y Villarejo, 2014.pdf?sequence=1&isAllowed=y UNION ALL SELECT NULL,NULL,NULL,NULL,NULL,NULL,NULL,NULL,NULL-- LsYa	script-HTTP::URI_SQLI
2021-09-05T14:51	/xmlui/bitstream/handle/11441/36949/Ramon, Peral, Arenas y Villarejo, 2014.pdf?sequence=1&isAllowed=y UNION ALL SELECT NULL,NULL,NULL,NULL,NULL,NULL,NULL,NULL,NULL-- LsYa	script-HTTP::URI_SQLI
2021-09-05T14:51	/xmlui/bitstream/handle/11441/36949/Ramon, Peral, Arenas y Villarejo, 2014.pdf?sequence=1&isAllowed=y UNION ALL SELECT NULL,NULL,NULL,NULL,NULL,NULL,NULL,NULL,NULL,NULL-- glVg	script-HTTP::URI_SQLI
2021-09-05T14:51	/xmlui/bitstream/handle/11441/36949/Ramon, Peral, Arenas y Villarejo, 2014.pdf?sequence=1&isAllowed=y UNION ALL SELECT NULL,NULL,NULL,NULL,NULL,NULL,NULL,NULL,NULL,NULL-- glVg	script-HTTP::URI_SQLI
2021-09-05T14:54	/xmlui/bitstream/handle/11441/71183/corell.pdf?sequence=1&isAllowed=../etc/passwd	s2b-1113-5
2021-09-05T14:54	/xmlui/bitstream/handle/11441/71183/corell.pdf?sequence=1&isAllowed=../etc/passwd%00	s2b-1113-5
2021-09-05T14:54	/xmlui/bitstream/handle/11441/71183/corell.pdf?sequence=1&isAllowed=../../etc/passwd	s2b-1113-5
2021-09-05T14:54	/xmlui/bitstream/handle/11441/71183/corell.pdf?sequence=1&isAllowed=../../etc/passwd%00	s2b-1113-5
2021-09-05T14:54	/xmlui/bitstream/handle/11441/71183/corell.pdf?sequence=1&isAllowed=../../../etc/passwd	s2b-1113-5
2021-09-05T14:54	/xmlui/bitstream/handle/11441/71183/corell.pdf?sequence=1&isAllowed=../../../etc/passwd%00	s2b-1113-5
2021-09-05T14:54	/xmlui/bitstream/handle/11441/71183/corell.pdf?sequence=1&isAllowed=../../../../etc/passwd	s2b-1113-5
2021-09-05T14:54	/xmlui/bitstream/handle/11441/71183/corell.pdf?sequence=1&isAllowed=../../../../etc/passwd%00	s2b-1113-5
2021-09-05T14:54	/xmlui/bitstream/handle/11441/71183/corell.pdf?sequence=1&isAllowed=../../../../../etc/passwd	s2b-1113-5
2021-09-05T14:54	/xmlui/bitstream/handle/11441/71183/corell.pdf?sequence=1&isAllowed=../../../../../etc/passwd%00	s2b-1113-5
2021-09-05T14:54	/xmlui/bitstream/handle/11441/71183/corell.pdf?sequence=1&isAllowed=../../../../../../etc/passwd	s2b-1113-5
2021-09-05T14:54	/xmlui/bitstream/handle/11441/71183/corell.pdf?sequence=1&isAllowed=../../../../../../etc/passwd%00	s2b-1113-5
2021-09-05T14:54	/xmlui/bitstream/handle/11441/71183/corell.pdf?sequence=1&isAllowed=../../../../../../../etc/passwd	s2b-1113-5
2021-09-05T14:54	/xmlui/bitstream/handle/11441/71183/corell.pdf?sequence=1&isAllowed=../../../../../../../etc/passwd%00	s2b-1113-5
2021-09-05T14:54	/xmlui/bitstream/handle/11441/71183/corell.pdf?sequence=1&isAllowed=../../../../../../../../etc/passwd	s2b-1113-5
2021-09-05T14:54	/xmlui/bitstream/handle/11441/71183/corell.pdf?sequence=1&isAllowed=../../../../../../../../etc/passwd%00	s2b-1113-5
2021-09-05T14:54	/xmlui/bitstream/handle/11441/71183/corell.pdf?sequence=1&isAllowed=../../../../../../../../../etc/passwd	s2b-1113-5
2021-09-05T14:54	/xmlui/bitstream/handle/11441/71183/corell.pdf?sequence=1&isAllowed=../../../../../../../../../etc/passwd%00	s2b-1113-5
2021-09-05T14:55	/xmlui/bitstream/handle/11441/49961/Annge_miro_2005_amodelassisted.pdf?sequence=1&isAllowed=../etc/passwd	s2b-1113-5
2021-09-05T14:55	/xmlui/bitstream/handle/11441/49961/Annge_miro_2005_amodelassisted.pdf?sequence=1&isAllowed=../etc/passwd%00	s2b-1113-5
2021-09-05T14:55	/xmlui/bitstream/handle/11441/49961/Annge_miro_2005_amodelassisted.pdf?sequence=1&isAllowed=../../etc/passwd	s2b-1113-5
2021-09-05T14:55	/xmlui/bitstream/handle/11441/49961/Annge_miro_2005_amodelassisted.pdf?sequence=1&isAllowed=../../etc/passwd%00	s2b-1113-5
2021-09-05T14:55	/xmlui/bitstream/handle/11441/49961/Annge_miro_2005_amodelassisted.pdf?sequence=1&isAllowed=../../../etc/passwd	s2b-1113-5
2021-09-05T14:55	/xmlui/bitstream/handle/11441/49961/Annge_miro_2005_amodelassisted.pdf?sequence=1&isAllowed=../../../etc/passwd%00	s2b-1113-5
2021-09-05T14:55	/xmlui/bitstream/handle/11441/49961/Annge_miro_2005_amodelassisted.pdf?sequence=1&isAllowed=../../../../etc/passwd	s2b-1113-5
2021-09-05T14:55	/xmlui/bitstream/handle/11441/49961/Annge_miro_2005_amodelassisted.pdf?sequence=1&isAllowed=../../../../etc/passwd%00	s2b-1113-5
2021-09-05T14:55	/xmlui/bitstream/handle/11441/49961/Annge_miro_2005_amodelassisted.pdf?sequence=1&isAllowed=../../../../../etc/passwd	s2b-1113-5
2021-09-05T14:55	/xmlui/bitstream/handle/11441/49961/Annge_miro_2005_amodelassisted.pdf?sequence=1&isAllowed=../../../../../etc/passwd%00	s2b-1113-5
2021-09-05T14:55	/xmlui/bitstream/handle/11441/49961/Annge_miro_2005_amodelassisted.pdf?sequence=1&isAllowed=../../../../../../etc/passwd	s2b-1113-5
2021-09-05T14:55	/xmlui/bitstream/handle/11441/49961/Annge_miro_2005_amodelassisted.pdf?sequence=1&isAllowed=../../../../../../etc/passwd%00	s2b-1113-5
2021-09-05T14:55	/xmlui/bitstream/handle/11441/49961/Annge_miro_2005_amodelassisted.pdf?sequence=1&isAllowed=../../../../../../../etc/passwd	s2b-1113-5
2021-09-05T14:55	/xmlui/bitstream/handle/11441/49961/Annge_miro_2005_amodelassisted.pdf?sequence=1&isAllowed=../../../../../../../etc/passwd%00	s2b-1113-5
2021-09-05T14:55	/xmlui/bitstream/handle/11441/49961/Annge_miro_2005_amodelassisted.pdf?sequence=1&isAllowed=../../../../../../../../etc/passwd	s2b-1113-5
2021-09-05T14:55	/xmlui/bitstream/handle/11441/49961/Annge_miro_2005_amodelassisted.pdf?sequence=1&isAllowed=../../../../../../../../etc/passwd%00	s2b-1113-5
2021-09-05T14:55	/xmlui/bitstream/handle/11441/49961/Annge_miro_2005_amodelassisted.pdf?sequence=1&isAllowed=../../../../../../../../../etc/passwd	s2b-1113-5
2021-09-05T14:55	/xmlui/bitstream/handle/11441/49961/Annge_miro_2005_amodelassisted.pdf?sequence=1&isAllowed=../../../../../../../../../etc/passwd%00	s2b-1113-5
2021-09-05T14:58	/xmlui/bitstream/handle/11441/41441/Uniform%20local%20null%20control%20of%20the%20Leray-%CE%B1%20model.pdf?sequence=1&isAllowed=y	s2b-1365-5
2021-09-05T15:08	/xmlui/bitstream/handle/11441/42584/Grupos%20interactivos.pdf?sequenc%20e=1	s2b-1360-5
2021-09-05T15:11	/xmlui/bitstream/handle/11441/43774/Characterization%20of%20complex%20filiform%20Lie%20algebras%20of%20dimension%200%20according%20to%20whether%20they%20are%20or%20not%20derived%20from%20others.pdf?sequence=1&isAllowed=y	s2b-1365-5
2021-09-05T15:14	/xmlui/bitstream/handle/11441/42381/Two-weight%2C%20weak-type%20norm%20inequalities%20for%20fractional%20integrals%2C%20Calderon-Zygmund%20operators%20and%20commutators.pdf?sequence=1&isAllowed=y	s2b-1365-5
