2021-09-05T10:57	/xmlui/bitstream/handle/11441/70877/Tesis_Roldan%20Essmann.pdf?sequence=1&isAllowed=../etc/passwd	s2b-1113-5
2021-09-05T10:57	/xmlui/bitstream/handle/11441/70877/Tesis_Roldan%20Essmann.pdf?sequence=1&isAllowed=../etc/passwd%00	s2b-1113-5
2021-09-05T10:57	/xmlui/bitstream/handle/11441/70877/Tesis_Roldan%20Essmann.pdf?sequence=1&isAllowed=../../etc/passwd	s2b-1113-5
2021-09-05T10:57	/xmlui/bitstream/handle/11441/70877/Tesis_Roldan%20Essmann.pdf?sequence=1&isAllowed=../../etc/passwd%00	s2b-1113-5
2021-09-05T10:57	/xmlui/bitstream/handle/11441/70877/Tesis_Roldan%20Essmann.pdf?sequence=1&isAllowed=../../../etc/passwd	s2b-1113-5
2021-09-05T10:57	/xmlui/bitstream/handle/11441/70877/Tesis_Roldan%20Essmann.pdf?sequence=1&isAllowed=../../../etc/passwd%00	s2b-1113-5
2021-09-05T10:57	/xmlui/bitstream/handle/11441/70877/Tesis_Roldan%20Essmann.pdf?sequence=1&isAllowed=../../../../etc/passwd	s2b-1113-5
2021-09-05T10:57	/xmlui/bitstream/handle/11441/70877/Tesis_Roldan%20Essmann.pdf?sequence=1&isAllowed=../../../../etc/passwd%00	s2b-1113-5
2021-09-05T10:57	/xmlui/bitstream/handle/11441/70877/Tesis_Roldan%20Essmann.pdf?sequence=1&isAllowed=../../../../../etc/passwd	s2b-1113-5
2021-09-05T10:57	/xmlui/bitstream/handle/11441/70877/Tesis_Roldan%20Essmann.pdf?sequence=1&isAllowed=../../../../../etc/passwd%00	s2b-1113-5
2021-09-05T10:57	/xmlui/bitstream/handle/11441/70877/Tesis_Roldan%20Essmann.pdf?sequence=1&isAllowed=../../../../../../etc/passwd	s2b-1113-5
2021-09-05T10:57	/xmlui/bitstream/handle/11441/70877/Tesis_Roldan%20Essmann.pdf?sequence=1&isAllowed=../../../../../../etc/passwd%00	s2b-1113-5
2021-09-05T10:57	/xmlui/bitstream/handle/11441/70877/Tesis_Roldan%20Essmann.pdf?sequence=1&isAllowed=../../../../../../../etc/passwd	s2b-1113-5
2021-09-05T10:57	/xmlui/bitstream/handle/11441/70877/Tesis_Roldan%20Essmann.pdf?sequence=1&isAllowed=../../../../../../../etc/passwd%00	s2b-1113-5
2021-09-05T10:57	/xmlui/bitstream/handle/11441/70877/Tesis_Roldan%20Essmann.pdf?sequence=1&isAllowed=../../../../../../../../etc/passwd	s2b-1113-5
2021-09-05T10:57	/xmlui/bitstream/handle/11441/70877/Tesis_Roldan%20Essmann.pdf?sequence=1&isAllowed=../../../../../../../../etc/passwd%00	s2b-1113-5
2021-09-05T10:57	/xmlui/bitstream/handle/11441/70877/Tesis_Roldan%20Essmann.pdf?sequence=1&isAllowed=../../../../../../../../../etc/passwd	s2b-1113-5
2021-09-05T10:57	/xmlui/bitstream/handle/11441/70877/Tesis_Roldan%20Essmann.pdf?sequence=1&isAllowed=../../../../../../../../../etc/passwd%00	s2b-1113-5
2021-09-05T11:00	/xmlui/bitstream/11441/42074/1/A%20comparison%20of%20three%20turbulence%20models%20with%20an%20application%20to%20the%20West%20Pacific%20Warm%20Pool.pdf	s2b-1365-5
2021-09-05T11:06	/xmlui/bitstream/handle/11441/34597/._ProjectARS_pdf_Ars%20Pharm%2056%282%29_77-87-hol.pdf?sequence=1&isAllowed=y	s2b-1365-5
2021-09-05T11:08	/xmlui/bitstream/handle/11441/38572/On%20the%20practical%20global%20uniform%20asymptotic%20stability%20of%20stochastic%20differential%20equations.pdf;sequence=1	s2b-1365-5
2021-09-05T11:08	/xmlui/bitstream/handle/11441/70445/Desafios_institucionais_a_inclusao_de_estudantes_com_necessidades_educativas_especiais_no_ensino_superior.pdf?sequence=1&isAllowed=../etc/passwd	s2b-1113-5
2021-09-05T11:08	/xmlui/bitstream/handle/11441/70445/Desafios_institucionais_a_inclusao_de_estudantes_com_necessidades_educativas_especiais_no_ensino_superior.pdf?sequence=1&isAllowed=../etc/passwd%00	s2b-1113-5
2021-09-05T11:08	/xmlui/bitstream/handle/11441/70445/Desafios_institucionais_a_inclusao_de_estudantes_com_necessidades_educativas_especiais_no_ensino_superior.pdf?sequence=1&isAllowed=../../etc/passwd	s2b-1113-5
2021-09-05T11:08	/xmlui/bitstream/handle/11441/70445/Desafios_institucionais_a_inclusao_de_estudantes_com_necessidades_educativas_especiais_no_ensino_superior.pdf?sequence=1&isAllowed=../../etc/passwd%00	s2b-1113-5
2021-09-05T11:08	/xmlui/bitstream/handle/11441/70445/Desafios_institucionais_a_inclusao_de_estudantes_com_necessidades_educativas_especiais_no_ensino_superior.pdf?sequence=1&isAllowed=../../../etc/passwd	s2b-1113-5
2021-09-05T11:08	/xmlui/bitstream/handle/11441/70445/Desafios_institucionais_a_inclusao_de_estudantes_com_necessidades_educativas_especiais_no_ensino_superior.pdf?sequence=1&isAllowed=../../../etc/passwd%00	s2b-1113-5
2021-09-05T11:08	/xmlui/bitstream/handle/11441/70445/Desafios_institucionais_a_inclusao_de_estudantes_com_necessidades_educativas_especiais_no_ensino_superior.pdf?sequence=1&isAllowed=../../../../etc/passwd	s2b-1113-5
2021-09-05T11:08	/xmlui/bitstream/handle/11441/70445/Desafios_institucionais_a_inclusao_de_estudantes_com_necessidades_educativas_especiais_no_ensino_superior.pdf?sequence=1&isAllowed=../../../../etc/passwd%00	s2b-1113-5
2021-09-05T11:08	/xmlui/bitstream/handle/11441/70445/Desafios_institucionais_a_inclusao_de_estudantes_com_necessidades_educativas_especiais_no_ensino_superior.pdf?sequence=1&isAllowed=../../../../../etc/passwd	s2b-1113-5
2021-09-05T11:08	/xmlui/bitstream/handle/11441/70445/Desafios_institucionais_a_inclusao_de_estudantes_com_necessidades_educativas_especiais_no_ensino_superior.pdf?sequence=1&isAllowed=../../../../../etc/passwd%00	s2b-1113-5
2021-09-05T11:08	/xmlui/bitstream/handle/11441/70445/Desafios_institucionais_a_inclusao_de_estudantes_com_necessidades_educativas_especiais_no_ensino_superior.pdf?sequence=1&isAllowed=../../../../../../etc/passwd	s2b-1113-5
2021-09-05T11:08	/xmlui/bitstream/handle/11441/70445/Desafios_institucionais_a_inclusao_de_estudantes_com_necessidades_educativas_especiais_no_ensino_superior.pdf?sequence=1&isAllowed=../../../../../../etc/passwd%00	s2b-1113-5
2021-09-05T11:08	/xmlui/bitstream/handle/11441/70445/Desafios_institucionais_a_inclusao_de_estudantes_com_necessidades_educativas_especiais_no_ensino_superior.pdf?sequence=1&isAllowed=../../../../../../../etc/passwd	s2b-1113-5
2021-09-05T11:08	/xmlui/bitstream/handle/11441/70445/Desafios_institucionais_a_inclusao_de_estudantes_com_necessidades_educativas_especiais_no_ensino_superior.pdf?sequence=1&isAllowed=../../../../../../../etc/passwd%00	s2b-1113-5
2021-09-05T11:08	/xmlui/bitstream/handle/11441/70445/Desafios_institucionais_a_inclusao_de_estudantes_com_necessidades_educativas_especiais_no_ensino_superior.pdf?sequence=1&isAllowed=../../../../../../../../etc/passwd	s2b-1113-5
2021-09-05T11:08	/xmlui/bitstream/handle/11441/70445/Desafios_institucionais_a_inclusao_de_estudantes_com_necessidades_educativas_especiais_no_ensino_superior.pdf?sequence=1&isAllowed=../../../../../../../../etc/passwd%00	s2b-1113-5
2021-09-05T11:08	/xmlui/bitstream/handle/11441/70445/Desafios_institucionais_a_inclusao_de_estudantes_com_necessidades_educativas_especiais_no_ensino_superior.pdf?sequence=1&isAllowed=../../../../../../../../../etc/passwd	s2b-1113-5
2021-09-05T11:08	/xmlui/bitstream/handle/11441/70445/Desafios_institucionais_a_inclusao_de_estudantes_com_necessidades_educativas_especiais_no_ensino_superior.pdf?sequence=1&isAllowed=../../../../../../../../../etc/passwd%00	s2b-1113-5
2021-09-05T11:08	/xmlui/bitstream/handle/11441/67966/2014katzeimpac.pdf?sequence=4&isAllowed=../etc/passwd	s2b-1113-5
2021-09-05T11:08	/xmlui/bitstream/handle/11441/67966/2014katzeimpac.pdf?sequence=4&isAllowed=../etc/passwd%00	s2b-1113-5
2021-09-05T11:08	/xmlui/bitstream/handle/11441/67966/2014katzeimpac.pdf?sequence=4&isAllowed=../../etc/passwd	s2b-1113-5
2021-09-05T11:08	/xmlui/bitstream/handle/11441/67966/2014katzeimpac.pdf?sequence=4&isAllowed=../../etc/passwd%00	s2b-1113-5
2021-09-05T11:08	/xmlui/bitstream/handle/11441/67966/2014katzeimpac.pdf?sequence=4&isAllowed=../../../etc/passwd	s2b-1113-5
2021-09-05T11:08	/xmlui/bitstream/handle/11441/67966/2014katzeimpac.pdf?sequence=4&isAllowed=../../../etc/passwd%00	s2b-1113-5
2021-09-05T11:08	/xmlui/bitstream/handle/11441/67966/2014katzeimpac.pdf?sequence=4&isAllowed=../../../../etc/passwd	s2b-1113-5
2021-09-05T11:08	/xmlui/bitstream/handle/11441/67966/2014katzeimpac.pdf?sequence=4&isAllowed=../../../../etc/passwd%00	s2b-1113-5
2021-09-05T11:09	/xmlui/bitstream/handle/11441/67966/2014katzeimpac.pdf?sequence=4&isAllowed=../../../../../etc/passwd	s2b-1113-5
2021-09-05T11:09	/xmlui/bitstream/handle/11441/67966/2014katzeimpac.pdf?sequence=4&isAllowed=../../../../../etc/passwd%00	s2b-1113-5
2021-09-05T11:09	/xmlui/bitstream/handle/11441/67966/2014katzeimpac.pdf?sequence=4&isAllowed=../../../../../../etc/passwd	s2b-1113-5
2021-09-05T11:09	/xmlui/bitstream/handle/11441/67966/2014katzeimpac.pdf?sequence=4&isAllowed=../../../../../../etc/passwd%00	s2b-1113-5
2021-09-05T11:09	/xmlui/bitstream/handle/11441/67966/2014katzeimpac.pdf?sequence=4&isAllowed=../../../../../../../etc/passwd	s2b-1113-5
2021-09-05T11:09	/xmlui/bitstream/handle/11441/67966/2014katzeimpac.pdf?sequence=4&isAllowed=../../../../../../../etc/passwd%00	s2b-1113-5
2021-09-05T11:09	/xmlui/bitstream/handle/11441/67966/2014katzeimpac.pdf?sequence=4&isAllowed=../../../../../../../../etc/passwd	s2b-1113-5
2021-09-05T11:13	/xmlui/bitstream/handle/11441/60616/magmi/web/download_file.php?file=../conf/magmi.ini	s2b-1113-5
2021-09-05T11:13	/xmlui/bitstream/handle/11441/60616/web/download_file.php?file=../conf/magmi.ini	s2b-1113-5
2021-09-05T11:13	/xmlui/bitstream/handle/11441/60616/magmi/web/download_file.php?file=../../app/etc/local.xml	s2b-1113-5
2021-09-05T11:15	/xmlui/bitstream/11441/34295/4/A%20single%20zinc%20finger.pdf	s2b-1360-5
2021-09-05T11:17	/xmlui/bitstream/handle/11441/48500/Sharp%20two-weight%2C%20weak-type%20norm%20inequalities%20for%20singular%20integral%20operators.pdf?sequence=1&isAllowed=y	s2b-1365-5
2021-09-05T11:17	/xmlui/bitstream/handle/11441/47961/Isomorphism%20and%20isotopism%20classes%20of%20filiform%20Lie%20algebras%20of%20dimension%20up%20to%20seven.pdf?sequence=1&isAllowed=y	s2b-1365-5
