2021-09-04T18:43	/xmlui/bitstream/11441/40206/4/2Long-Term%20Control%20of%20Endemic.pdf	s2b-1365-5
2021-09-04T18:43	/xmlui/bitstream/handle/11441/40206/2Long-Term%20Control%20of%20Endemic.pdf?sequence=4	s2b-1365-5
2021-09-04T18:43	/xmlui/bitstream/handle/11441/41441/Uniform%20local%20null%20control%20of%20the%20Leray-%CE%B1%20model.pdf?sequence=1&isAllowed=y	s2b-1365-5
2021-09-04T18:43	/xmlui/bitstream/handle/11441/43014/Wronskian%20type%20determinants%20of%20orthogonal%20polynomials%2C%20Selberg%20type%20formulas%20and%20constant%20term%20identities.pdf?sequence=1&isAllowed=y	s2b-1365-5
2021-09-04T18:45	/xmlui/bitstream/11441/58979/1/Eco-labelling%20and%20firm%20financial%20performance.pdf	s2b-1365-5
2021-09-04T18:45	/xmlui/bitstream/handle/11441/58979/Eco-labelling%20and%20firm%20financial%20performance.pdf?sequence=1	s2b-1365-5
2021-09-04T18:46	/xmlui/bitstream/handle/11441/41619/Description%20of%20some%20families%20of%20filiform%20Lie%20algebras.pdf?sequence=1	s2b-1365-5
2021-09-04T18:46	/xmlui/bitstream/11441/59596/1/Low-dimensional%20filiform%20Lie%20algebras%20over%20finite%20fields.pdf	s2b-1365-5
2021-09-04T18:46	/xmlui/bitstream/handle/11441/59596/Low-dimensional%20filiform%20Lie%20algebras%20over%20finite%20fields.pdf?sequence=1	s2b-1365-5
2021-09-04T18:47	/xmlui/bitstream/11441/16101/1/Essential%20Norm%20of%20Composition%20Operators.pdf	s2b-1365-5
2021-09-04T18:47	/xmlui/bitstream/handle/11441/16101/Essential%20Norm%20of%20Composition%20Operators.pdf?sequence=1	s2b-1365-5
2021-09-04T18:47	/xmlui/bitstream/handle/11441/40490/A%20particle%20swarm%20optimization%20algorithm%20for%20optimal%20car-call%20allocation%20in%20elevator%20group%20control%20systems.pdf;sequence=1	s2b-1365-5
2021-09-04T18:47	/xmlui/bitstream/handle/11441/40490/A%20particle%20swarm%20optimization%20algorithm%20for%20optimal%20car-call%20allocation%20in%20elevator%20group%20control%20systems.pdf;sequence=1	s2b-1365-5
2021-09-04T18:47	/xmlui/bitstream/11441/54705/1/Computational%20method%20for%20obtaining%20filiform%20Lie%20algebras%20of%20arbitrary%20dimension.pdf	s2b-1365-5
2021-09-04T18:47	/xmlui/bitstream/handle/11441/54705/Computational%20method%20for%20obtaining%20filiform%20Lie%20algebras%20of%20arbitrary%20dimension.pdf?sequence=1	s2b-1365-5
2021-09-04T18:49	/xmlui/bitstream/11441/42019/1/Katz-Radon%20transform%20of%20l-adic%20representations.pdf	s2b-1365-5
2021-09-04T18:49	/xmlui/bitstream/handle/11441/42019/Katz-Radon%20transform%20of%20l-adic%20representations.pdf?sequence=1	s2b-1365-5
2021-09-04T18:52	/xmlui/bitstream/handle/11441/28554/Robert%20Venturi,%20Denise%20Scott%20Brown%20y%20Steven%20Izenour%20Learning%20form%20Las%20Vegas.pdf?sequence=1	s2b-1365-5
2021-09-04T18:52	/xmlui/bitstream/handle/11441/28554/Robert%20Venturi,%20Denise%20Scott%20Brown%20y%20Steven%20Izenour%20Learning%20form%20Las%20Vegas.pdf?sequence=1	s2b-1365-5
2021-09-04T18:53	/xmlui/bitstream/11441/59871/2/long-term%20stability.pdf	s2b-1365-5
2021-09-04T18:53	/xmlui/bitstream/handle/11441/59871/long-term%20stability.pdf?sequence=2	s2b-1365-5
2021-09-04T18:53	/xmlui/bitstream/11441/62510/1/Long-term%20on-chip.pdf	s2b-1365-5
2021-09-04T18:53	/xmlui/bitstream/handle/11441/62510/Long-term%20on-chip.pdf?sequence=1	s2b-1365-5
2021-09-04T18:55	/xmlui/bitstream/11441/42001/1/Rationality%20of%20Trace%20and%20Norm%20L-functions.pdf	s2b-1365-5
2021-09-04T18:55	/xmlui/bitstream/handle/11441/42001/Rationality%20of%20Trace%20and%20Norm%20L-functions.pdf?sequence=1	s2b-1365-5
2021-09-04T18:56	/xmlui/bitstream/11441/28554/1/Robert%20Venturi,%20Denise%20Scott%20Brown%20y%20Steven%20Izenour%20Learning%20form%20Las%20Vegas.pdf	s2b-1365-5
2021-09-04T18:56	/xmlui/bitstream/handle/11441/28554/Robert%20Venturi,%20Denise%20Scott%20Brown%20y%20Steven%20Izenour%20Learning%20form%20Las%20Vegas.pdf?sequence=1	s2b-1365-5
2021-09-04T18:56	/xmlui/bitstream/11441/38572/1/On%20the%20practical%20global%20uniform%20asymptotic%20stability%20of%20stochastic%20differential%20equations.pdf	s2b-1365-5
2021-09-04T18:58	/xmlui/bitstream/handle/11441/58979/Eco-labelling%20and%20firm%20financial%20performance.pdf?sequence=1&isAllowed=y	s2b-1365-5
2021-09-04T19:00	/xmlui/bitstream/handle/11441/41483/Insensitizing%20controls%20for%20a%20heat%20equation%20with%20a%20nonlinear%20term%20involving%20the%20state%20and%20the%20gradient.pdf?sequence=1&isAllowed=y	s2b-1365-5
2021-09-04T19:01	/xmlui/bitstream/11441/61374/1/Uniform%20self%20diffusion.pdf	s2b-1365-5
2021-09-04T19:01	/xmlui/bitstream/handle/11441/61374/Uniform%20self%20diffusion.pdf?sequence=1	s2b-1365-5
2021-09-04T19:01	/xmlui/bitstream/11441/40490/1/A%20particle%20swarm%20optimization%20algorithm%20for%20optimal%20car-call%20allocation%20in%20elevator%20group%20control%20systems.pdf	s2b-1365-5
2021-09-04T19:01	/xmlui/bitstream/handle/11441/40490/A%20particle%20swarm%20optimization%20algorithm%20for%20optimal%20car-call%20allocation%20in%20elevator%20group%20control%20systems.pdf?sequence=1	s2b-1365-5
2021-09-04T19:01	/xmlui/bitstream/11441/74156/1/Constant%20rate%20thermal%20analysis%20for%20enhancing%20the%20long-term%20CO2.pdf	s2b-1365-5
2021-09-04T19:01	/xmlui/bitstream/handle/11441/74156/Constant%20rate%20thermal%20analysis%20for%20enhancing%20the%20long-term%20CO2.pdf?sequence=1	s2b-1365-5
2021-09-04T19:05	/xmlui/bitstream/11441/48085/1/._ProjectARS_pdf_Ars%20Pharm%2055(4)_08-13.pdf	s2b-1365-5
2021-09-04T19:05	/xmlui/bitstream/handle/11441/48085/._ProjectARS_pdf_Ars%20Pharm%2055(4)_08-13.pdf?sequence=1	s2b-1365-5
2021-09-04T19:05	/xmlui/bitstream/11441/47759/1/MATRIMONIO%20Y%20BIENESTAR%20SOCIOEMOCIONAL%20Bericat%2004.pdf	s2b-1147-7
2021-09-04T19:05	/xmlui/bitstream/handle/11441/47759/MATRIMONIO%20Y%20BIENESTAR%20SOCIOEMOCIONAL%20Bericat%2004.pdf?sequence=1	s2b-1147-7
2021-09-04T19:05	/xmlui/bitstream/11441/41410/1/P%C3%A1ginas%20desde._ProjectARS_pdf_Ars%20Pharm%2055(supp2).pdf	s2b-1365-5
2021-09-04T19:05	/xmlui/bitstream/handle/11441/41410/P%E1ginas%20desde._ProjectARS_pdf_Ars%20Pharm%2055(supp2).pdf?sequence=1	s2b-1365-5
2021-09-04T19:06	/xmlui/bitstream/handle/11441/31411/K_D_Tesis-PROV70.pdf?sequence=-1&isAllowed=../etc/passwd	s2b-1113-5
2021-09-04T19:06	/xmlui/bitstream/handle/11441/31411/K_D_Tesis-PROV70.pdf?sequence=-1&isAllowed=../etc/passwd%00	s2b-1113-5
2021-09-04T19:06	/xmlui/bitstream/handle/11441/31411/K_D_Tesis-PROV70.pdf?sequence=-1&isAllowed=../../etc/passwd	s2b-1113-5
2021-09-04T19:06	/xmlui/bitstream/handle/11441/31411/K_D_Tesis-PROV70.pdf?sequence=-1&isAllowed=../../etc/passwd%00	s2b-1113-5
2021-09-04T19:06	/xmlui/bitstream/handle/11441/31411/K_D_Tesis-PROV70.pdf?sequence=-1&isAllowed=../../../etc/passwd	s2b-1113-5
2021-09-04T19:06	/xmlui/bitstream/handle/11441/31411/K_D_Tesis-PROV70.pdf?sequence=-1&isAllowed=../../../etc/passwd%00	s2b-1113-5
2021-09-04T19:06	/xmlui/bitstream/handle/11441/31411/K_D_Tesis-PROV70.pdf?sequence=-1&isAllowed=../../../../etc/passwd	s2b-1113-5
2021-09-04T19:06	/xmlui/bitstream/handle/11441/31411/K_D_Tesis-PROV70.pdf?sequence=-1&isAllowed=../../../../etc/passwd%00	s2b-1113-5
2021-09-04T19:06	/xmlui/bitstream/handle/11441/31411/K_D_Tesis-PROV70.pdf?sequence=-1&isAllowed=../../../../../etc/passwd	s2b-1113-5
2021-09-04T19:06	/xmlui/bitstream/handle/11441/31411/K_D_Tesis-PROV70.pdf?sequence=-1&isAllowed=../../../../../etc/passwd%00	s2b-1113-5
2021-09-04T19:06	/xmlui/bitstream/handle/11441/31411/K_D_Tesis-PROV70.pdf?sequence=-1&isAllowed=../../../../../../etc/passwd	s2b-1113-5
2021-09-04T19:06	/xmlui/bitstream/handle/11441/31411/K_D_Tesis-PROV70.pdf?sequence=-1&isAllowed=../../../../../../etc/passwd%00	s2b-1113-5
2021-09-04T19:06	/xmlui/bitstream/handle/11441/31411/K_D_Tesis-PROV70.pdf?sequence=-1&isAllowed=../../../../../../../etc/passwd	s2b-1113-5
2021-09-04T19:06	/xmlui/bitstream/handle/11441/31411/K_D_Tesis-PROV70.pdf?sequence=-1&isAllowed=../../../../../../../etc/passwd%00	s2b-1113-5
2021-09-04T19:06	/xmlui/bitstream/handle/11441/31411/K_D_Tesis-PROV70.pdf?sequence=-1&isAllowed=../../../../../../../../etc/passwd	s2b-1113-5
2021-09-04T19:06	/xmlui/bitstream/handle/11441/31411/K_D_Tesis-PROV70.pdf?sequence=-1&isAllowed=../../../../../../../../etc/passwd%00	s2b-1113-5
2021-09-04T19:06	/xmlui/bitstream/handle/11441/31411/K_D_Tesis-PROV70.pdf?sequence=-1&isAllowed=../../../../../../../../../etc/passwd	s2b-1113-5
2021-09-04T19:06	/xmlui/bitstream/handle/11441/31411/K_D_Tesis-PROV70.pdf?sequence=-1&isAllowed=../../../../../../../../../etc/passwd%00	s2b-1113-5
2021-09-04T19:06	/xmlui/bitstream/11441/60256/1/Fernandez%20Carrion%20et%20al%20JPCC%202014.pdf	s2b-1344-5
2021-09-04T19:06	/xmlui/bitstream/handle/11441/60256/Fernandez%20Carrion%20et%20al%20JPCC%202014.pdf?sequence=1	s2b-1344-5
2021-09-04T19:07	/xmlui/bitstream/handle/11441/63346/Zinc%20eluted%20from%20siliconized%20latex%20urinary%20catheters%20decreases%20OprD%20expression,%20causing%20carbapenem%20resistance%20in%20Pseudomonas%20aeruginosa.pdf?sequence=1	s2b-1360-5
2021-09-04T19:07	/xmlui/bitstream/handle/11441/42381/Two-weight,%20weak-type%20norm%20inequalities%20for%20fractional%20integrals,%20Calderon-Zygmund%20operators%20and%20commutators.pdf?sequence=1	s2b-1365-5
2021-09-04T19:07	/xmlui/bitstream/11441/64476/1/Zinc%20tolerance.pdf	s2b-1360-5
2021-09-04T19:07	/xmlui/bitstream/handle/11441/64476/Zinc%20tolerance.pdf?sequence=1	s2b-1360-5
