URI: /xmlui/bitstream/handle/11441/41754/Factorization%20of%20the%20hypergeometric-type%20difference%20equation%20on%20the%20non-uniform%20lattices%20dynamical%20algebra.pdf?sequence=1&isAllowed=y
Type: Signatures::Sensitive_Signature
Message: 192.168.65.136: WEB-ATTACKS rm command attempt
Signature identifier: s2b-1365-5
Timestamp: 2021-09-05T17:01

URI: /xmlui/bitstream/handle/11441/42019/Katz-Radon%20transform%20of%20l-adic%20representations.pdf?sequence=1&isAllowed=y
Type: Signatures::Sensitive_Signature
Message: 192.168.65.136: WEB-ATTACKS rm command attempt
Signature identifier: s2b-1365-5
Timestamp: 2021-09-05T17:06

URI: /xmlui/bitstream/handle/11441/47759/MATRIMONIO%20Y%20BIENESTAR%20SOCIOEMOCIONAL%20Bericat%2004.pdf?sequence=1
Type: Signatures::Sensitive_Signature
Message: 192.168.65.136: WEB-MISC cat%20 access
Signature identifier: s2b-1147-7
Timestamp: 2021-09-05T17:09

URI: /xmlui/bitstream/11441/41773/1/Recurrence%20relation%20for%20connection%20coefficients%20between%20q-orthogonal%20polynomials%20of%20discrete%20variables%20in%20the%20non-uniform%20lattice%20X%28s%29%20%3D%20q2s.pdf
Type: Signatures::Sensitive_Signature
Message: 192.168.65.136: WEB-ATTACKS rm command attempt
Signature identifier: s2b-1365-5
Timestamp: 2021-09-05T17:12

URI: /xmlui/bitstream/handle/11441/41773/Recurrence%20relation%20for%20connection%20coefficients%20between%20q-orthogonal%20polynomials%20of%20discrete%20variables%20in%20the%20non-uniform%20lattice%20X(s)%20=%20q2s.pdf;jsessionid=490F10C45CFBC1641FAC1CCA5C95C018?sequence=1
Type: Signatures::Sensitive_Signature
Message: 192.168.65.136: WEB-ATTACKS rm command attempt
Signature identifier: s2b-1365-5
Timestamp: 2021-09-05T17:12

URI: /xmlui/bitstream/handle/11441/63797/TF%20CJCC%20vF.pdf?sequence=1&isAllowed=y
Type: Signatures::Sensitive_Signature
Message: 192.168.65.136: WEB-ATTACKS cc command attempt
Signature identifier: s2b-1344-5
Timestamp: 2021-09-05T17:12

URI: /xmlui/bitstream/11441/42335/1/Two%20weighted%20norm%20inequalities%20for%20Riesz%20potentials%20and%20uniform%20LpLp--weigthed%20Sobolev%20inequalities.pdf
Type: Signatures::Sensitive_Signature
Message: 192.168.65.136: WEB-ATTACKS rm command attempt
Signature identifier: s2b-1365-5
Timestamp: 2021-09-05T17:16

URI: /xmlui/bitstream/handle/11441/42335/Two%20weighted%20norm%20inequalities%20for%20Riesz%20potentials%20and%20uniform%20LpLp--weigthed%20Sobolev%20inequalities.pdf;jsessionid=E37C4E5CB806189B1E1E5D720C9B7094?sequence=1
Type: Signatures::Sensitive_Signature
Message: 192.168.65.136: WEB-ATTACKS rm command attempt
Signature identifier: s2b-1365-5
Timestamp: 2021-09-05T17:16

URI: /xmlui/bitstream/handle/11441/36949/Ram%c3%b3n,%20Peral,%20Arenas%20y%20Villarejo,%202014.pdf?sequence=1&isAllowed=y);SELECT PG_SLEEP(5)--
Type: HTTP::SQL_Injection_Attacker
Message: An SQL injection attacker was discovered!
Signature identifier: script-HTTP::URI_SQLI
Timestamp: 2021-09-05T17:21

URI: /xmlui/bitstream/handle/11441/36949/Ram%c3%b3n,%20Peral,%20Arenas%20y%20Villarejo,%202014.pdf?sequence=1&isAllowed=y);SELECT PG_SLEEP(5)--
Type: HTTP::SQL_Injection_Victim
Message: An SQL injection victim was discovered!
Signature identifier: script-HTTP::URI_SQLI
Timestamp: 2021-09-05T17:21

URI: /xmlui/bitstream/handle/11441/36949/Ram%c3%b3n,%20Peral,%20Arenas%20y%20Villarejo,%202014.pdf?sequence=1&isAllowed=y;SELECT PG_SLEEP(5)--
Type: HTTP::SQL_Injection_Attacker
Message: An SQL injection attacker was discovered!
Signature identifier: script-HTTP::URI_SQLI
Timestamp: 2021-09-05T17:21

URI: /xmlui/bitstream/handle/11441/36949/Ram%c3%b3n,%20Peral,%20Arenas%20y%20Villarejo,%202014.pdf?sequence=1&isAllowed=y;SELECT PG_SLEEP(5)--
Type: HTTP::SQL_Injection_Victim
Message: An SQL injection victim was discovered!
Signature identifier: script-HTTP::URI_SQLI
Timestamp: 2021-09-05T17:21

URI: /xmlui/bitstream/handle/11441/36949/Ram%c3%b3n,%20Peral,%20Arenas%20y%20Villarejo,%202014.pdf?sequence=1&isAllowed=y');SELECT PG_SLEEP(5)--
Type: HTTP::SQL_Injection_Attacker
Message: An SQL injection attacker was discovered!
Signature identifier: script-HTTP::URI_SQLI
Timestamp: 2021-09-05T17:21

URI: /xmlui/bitstream/handle/11441/36949/Ram%c3%b3n,%20Peral,%20Arenas%20y%20Villarejo,%202014.pdf?sequence=1&isAllowed=y');SELECT PG_SLEEP(5)--
Type: HTTP::SQL_Injection_Victim
Message: An SQL injection victim was discovered!
Signature identifier: script-HTTP::URI_SQLI
Timestamp: 2021-09-05T17:21

URI: /xmlui/bitstream/handle/11441/36949/Ram%c3%b3n,%20Peral,%20Arenas%20y%20Villarejo,%202014.pdf?sequence=1&isAllowed=y';SELECT PG_SLEEP(5)--
Type: HTTP::SQL_Injection_Attacker
Message: An SQL injection attacker was discovered!
Signature identifier: script-HTTP::URI_SQLI
Timestamp: 2021-09-05T17:21

URI: /xmlui/bitstream/handle/11441/36949/Ram%c3%b3n,%20Peral,%20Arenas%20y%20Villarejo,%202014.pdf?sequence=1&isAllowed=y';SELECT PG_SLEEP(5)--
Type: HTTP::SQL_Injection_Victim
Message: An SQL injection victim was discovered!
Signature identifier: script-HTTP::URI_SQLI
Timestamp: 2021-09-05T17:21

URI: /xmlui/bitstream/handle/11441/36949/Ram%c3%b3n,%20Peral,%20Arenas%20y%20Villarejo,%202014.pdf?sequence=1&isAllowed=y%';SELECT PG_SLEEP(5)--
Type: HTTP::SQL_Injection_Attacker
Message: An SQL injection attacker was discovered!
Signature identifier: script-HTTP::URI_SQLI
Timestamp: 2021-09-05T17:21

URI: /xmlui/bitstream/handle/11441/36949/Ram%c3%b3n,%20Peral,%20Arenas%20y%20Villarejo,%202014.pdf?sequence=1&isAllowed=y%';SELECT PG_SLEEP(5)--
Type: HTTP::SQL_Injection_Victim
Message: An SQL injection victim was discovered!
Signature identifier: script-HTTP::URI_SQLI
Timestamp: 2021-09-05T17:21

URI: /xmlui/bitstream/handle/11441/36949/Ram%c3%b3n,%20Peral,%20Arenas%20y%20Villarejo,%202014.pdf?sequence=1&isAllowed=y UNION ALL SELECT NULL-- jJyK
Type: HTTP::SQL_Injection_Attacker
Message: An SQL injection attacker was discovered!
Signature identifier: script-HTTP::URI_SQLI
Timestamp: 2021-09-05T17:21

URI: /xmlui/bitstream/handle/11441/36949/Ram%c3%b3n,%20Peral,%20Arenas%20y%20Villarejo,%202014.pdf?sequence=1&isAllowed=y UNION ALL SELECT NULL-- jJyK
Type: HTTP::SQL_Injection_Victim
Message: An SQL injection victim was discovered!
Signature identifier: script-HTTP::URI_SQLI
Timestamp: 2021-09-05T17:21

URI: /xmlui/bitstream/handle/11441/36949/Ram%c3%b3n,%20Peral,%20Arenas%20y%20Villarejo,%202014.pdf?sequence=1&isAllowed=y UNION ALL SELECT NULL,NULL-- tUjW
Type: HTTP::SQL_Injection_Attacker
Message: An SQL injection attacker was discovered!
Signature identifier: script-HTTP::URI_SQLI
Timestamp: 2021-09-05T17:21

URI: /xmlui/bitstream/handle/11441/36949/Ram%c3%b3n,%20Peral,%20Arenas%20y%20Villarejo,%202014.pdf?sequence=1&isAllowed=y UNION ALL SELECT NULL,NULL-- tUjW
Type: HTTP::SQL_Injection_Victim
Message: An SQL injection victim was discovered!
Signature identifier: script-HTTP::URI_SQLI
Timestamp: 2021-09-05T17:21

URI: /xmlui/bitstream/handle/11441/36949/Ram%c3%b3n,%20Peral,%20Arenas%20y%20Villarejo,%202014.pdf?sequence=1&isAllowed=y UNION ALL SELECT NULL,NULL,NULL-- dOHC
Type: HTTP::SQL_Injection_Attacker
Message: An SQL injection attacker was discovered!
Signature identifier: script-HTTP::URI_SQLI
Timestamp: 2021-09-05T17:21

URI: /xmlui/bitstream/handle/11441/36949/Ram%c3%b3n,%20Peral,%20Arenas%20y%20Villarejo,%202014.pdf?sequence=1&isAllowed=y UNION ALL SELECT NULL,NULL,NULL-- dOHC
Type: HTTP::SQL_Injection_Victim
Message: An SQL injection victim was discovered!
Signature identifier: script-HTTP::URI_SQLI
Timestamp: 2021-09-05T17:21

URI: /xmlui/bitstream/handle/11441/36949/Ram%c3%b3n,%20Peral,%20Arenas%20y%20Villarejo,%202014.pdf?sequence=1&isAllowed=y UNION ALL SELECT NULL,NULL,NULL,NULL-- tZol
Type: HTTP::SQL_Injection_Attacker
Message: An SQL injection attacker was discovered!
Signature identifier: script-HTTP::URI_SQLI
Timestamp: 2021-09-05T17:21

URI: /xmlui/bitstream/handle/11441/36949/Ram%c3%b3n,%20Peral,%20Arenas%20y%20Villarejo,%202014.pdf?sequence=1&isAllowed=y UNION ALL SELECT NULL,NULL,NULL,NULL-- tZol
Type: HTTP::SQL_Injection_Victim
Message: An SQL injection victim was discovered!
Signature identifier: script-HTTP::URI_SQLI
Timestamp: 2021-09-05T17:21

URI: /xmlui/bitstream/handle/11441/36949/Ram%c3%b3n,%20Peral,%20Arenas%20y%20Villarejo,%202014.pdf?sequence=1&isAllowed=y UNION ALL SELECT NULL,NULL,NULL,NULL,NULL-- OZKI
Type: HTTP::SQL_Injection_Attacker
Message: An SQL injection attacker was discovered!
Signature identifier: script-HTTP::URI_SQLI
Timestamp: 2021-09-05T17:21

URI: /xmlui/bitstream/handle/11441/36949/Ram%c3%b3n,%20Peral,%20Arenas%20y%20Villarejo,%202014.pdf?sequence=1&isAllowed=y UNION ALL SELECT NULL,NULL,NULL,NULL,NULL-- OZKI
Type: HTTP::SQL_Injection_Victim
Message: An SQL injection victim was discovered!
Signature identifier: script-HTTP::URI_SQLI
Timestamp: 2021-09-05T17:21

URI: /xmlui/bitstream/handle/11441/36949/Ram%c3%b3n,%20Peral,%20Arenas%20y%20Villarejo,%202014.pdf?sequence=1&isAllowed=y UNION ALL SELECT NULL,NULL,NULL,NULL,NULL,NULL-- VIwa
Type: HTTP::SQL_Injection_Attacker
Message: An SQL injection attacker was discovered!
Signature identifier: script-HTTP::URI_SQLI
Timestamp: 2021-09-05T17:21

URI: /xmlui/bitstream/handle/11441/36949/Ram%c3%b3n,%20Peral,%20Arenas%20y%20Villarejo,%202014.pdf?sequence=1&isAllowed=y UNION ALL SELECT NULL,NULL,NULL,NULL,NULL,NULL-- VIwa
Type: HTTP::SQL_Injection_Victim
Message: An SQL injection victim was discovered!
Signature identifier: script-HTTP::URI_SQLI
Timestamp: 2021-09-05T17:21

URI: /xmlui/bitstream/handle/11441/36949/Ram%c3%b3n,%20Peral,%20Arenas%20y%20Villarejo,%202014.pdf?sequence=1&isAllowed=y UNION ALL SELECT NULL,NULL,NULL,NULL,NULL,NULL,NULL-- wHZN
Type: HTTP::SQL_Injection_Attacker
Message: An SQL injection attacker was discovered!
Signature identifier: script-HTTP::URI_SQLI
Timestamp: 2021-09-05T17:21

URI: /xmlui/bitstream/handle/11441/36949/Ram%c3%b3n,%20Peral,%20Arenas%20y%20Villarejo,%202014.pdf?sequence=1&isAllowed=y UNION ALL SELECT NULL,NULL,NULL,NULL,NULL,NULL,NULL-- wHZN
Type: HTTP::SQL_Injection_Victim
Message: An SQL injection victim was discovered!
Signature identifier: script-HTTP::URI_SQLI
Timestamp: 2021-09-05T17:21

URI: /xmlui/bitstream/handle/11441/36949/Ram%c3%b3n,%20Peral,%20Arenas%20y%20Villarejo,%202014.pdf?sequence=1&isAllowed=y UNION ALL SELECT NULL,NULL,NULL,NULL,NULL,NULL,NULL,NULL-- yooM
Type: HTTP::SQL_Injection_Attacker
Message: An SQL injection attacker was discovered!
Signature identifier: script-HTTP::URI_SQLI
Timestamp: 2021-09-05T17:21

URI: /xmlui/bitstream/handle/11441/36949/Ram%c3%b3n,%20Peral,%20Arenas%20y%20Villarejo,%202014.pdf?sequence=1&isAllowed=y UNION ALL SELECT NULL,NULL,NULL,NULL,NULL,NULL,NULL,NULL-- yooM
Type: HTTP::SQL_Injection_Victim
Message: An SQL injection victim was discovered!
Signature identifier: script-HTTP::URI_SQLI
Timestamp: 2021-09-05T17:21

URI: /xmlui/bitstream/handle/11441/36949/Ram%c3%b3n,%20Peral,%20Arenas%20y%20Villarejo,%202014.pdf?sequence=1&isAllowed=y UNION ALL SELECT NULL,NULL,NULL,NULL,NULL,NULL,NULL,NULL,NULL-- TQHC
Type: HTTP::SQL_Injection_Attacker
Message: An SQL injection attacker was discovered!
Signature identifier: script-HTTP::URI_SQLI
Timestamp: 2021-09-05T17:21

URI: /xmlui/bitstream/handle/11441/36949/Ram%c3%b3n,%20Peral,%20Arenas%20y%20Villarejo,%202014.pdf?sequence=1&isAllowed=y UNION ALL SELECT NULL,NULL,NULL,NULL,NULL,NULL,NULL,NULL,NULL-- TQHC
Type: HTTP::SQL_Injection_Victim
Message: An SQL injection victim was discovered!
Signature identifier: script-HTTP::URI_SQLI
Timestamp: 2021-09-05T17:21

URI: /xmlui/bitstream/handle/11441/36949/Ram%c3%b3n,%20Peral,%20Arenas%20y%20Villarejo,%202014.pdf?sequence=1&isAllowed=y UNION ALL SELECT NULL,NULL,NULL,NULL,NULL,NULL,NULL,NULL,NULL,NULL-- huYr
Type: HTTP::SQL_Injection_Attacker
Message: An SQL injection attacker was discovered!
Signature identifier: script-HTTP::URI_SQLI
Timestamp: 2021-09-05T17:21

URI: /xmlui/bitstream/handle/11441/36949/Ram%c3%b3n,%20Peral,%20Arenas%20y%20Villarejo,%202014.pdf?sequence=1&isAllowed=y UNION ALL SELECT NULL,NULL,NULL,NULL,NULL,NULL,NULL,NULL,NULL,NULL-- huYr
Type: HTTP::SQL_Injection_Victim
Message: An SQL injection victim was discovered!
Signature identifier: script-HTTP::URI_SQLI
Timestamp: 2021-09-05T17:21

URI: /xmlui/bitstream/handle/11441/36949/Ram%c3%b3n,%20Peral,%20Arenas%20y%20Villarejo,%202014.pdf?sequence=1&isAllowed=y' UNION ALL SELECT NULL-- wOiP
Type: HTTP::SQL_Injection_Attacker
Message: An SQL injection attacker was discovered!
Signature identifier: script-HTTP::URI_SQLI
Timestamp: 2021-09-05T17:21

URI: /xmlui/bitstream/handle/11441/36949/Ram%c3%b3n,%20Peral,%20Arenas%20y%20Villarejo,%202014.pdf?sequence=1&isAllowed=y' UNION ALL SELECT NULL-- wOiP
Type: HTTP::SQL_Injection_Victim
Message: An SQL injection victim was discovered!
Signature identifier: script-HTTP::URI_SQLI
Timestamp: 2021-09-05T17:21

URI: /xmlui/bitstream/handle/11441/36949/Ram%c3%b3n,%20Peral,%20Arenas%20y%20Villarejo,%202014.pdf?sequence=1&isAllowed=y' UNION ALL SELECT NULL,NULL-- KVwS
Type: HTTP::SQL_Injection_Attacker
Message: An SQL injection attacker was discovered!
Signature identifier: script-HTTP::URI_SQLI
Timestamp: 2021-09-05T17:21

URI: /xmlui/bitstream/handle/11441/36949/Ram%c3%b3n,%20Peral,%20Arenas%20y%20Villarejo,%202014.pdf?sequence=1&isAllowed=y' UNION ALL SELECT NULL,NULL-- KVwS
Type: HTTP::SQL_Injection_Victim
Message: An SQL injection victim was discovered!
Signature identifier: script-HTTP::URI_SQLI
Timestamp: 2021-09-05T17:21

URI: /xmlui/bitstream/handle/11441/36949/Ram%c3%b3n,%20Peral,%20Arenas%20y%20Villarejo,%202014.pdf?sequence=1&isAllowed=y' UNION ALL SELECT NULL,NULL,NULL-- OUsS
Type: HTTP::SQL_Injection_Attacker
Message: An SQL injection attacker was discovered!
Signature identifier: script-HTTP::URI_SQLI
Timestamp: 2021-09-05T17:21

URI: /xmlui/bitstream/handle/11441/36949/Ram%c3%b3n,%20Peral,%20Arenas%20y%20Villarejo,%202014.pdf?sequence=1&isAllowed=y' UNION ALL SELECT NULL,NULL,NULL-- OUsS
Type: HTTP::SQL_Injection_Victim
Message: An SQL injection victim was discovered!
Signature identifier: script-HTTP::URI_SQLI
Timestamp: 2021-09-05T17:21

URI: /xmlui/bitstream/handle/11441/36949/Ram%c3%b3n,%20Peral,%20Arenas%20y%20Villarejo,%202014.pdf?sequence=1&isAllowed=y' UNION ALL SELECT NULL,NULL,NULL,NULL-- HPpU
Type: HTTP::SQL_Injection_Attacker
Message: An SQL injection attacker was discovered!
Signature identifier: script-HTTP::URI_SQLI
Timestamp: 2021-09-05T17:21

URI: /xmlui/bitstream/handle/11441/36949/Ram%c3%b3n,%20Peral,%20Arenas%20y%20Villarejo,%202014.pdf?sequence=1&isAllowed=y' UNION ALL SELECT NULL,NULL,NULL,NULL-- HPpU
Type: HTTP::SQL_Injection_Victim
Message: An SQL injection victim was discovered!
Signature identifier: script-HTTP::URI_SQLI
Timestamp: 2021-09-05T17:21

URI: /xmlui/bitstream/handle/11441/36949/Ram%c3%b3n,%20Peral,%20Arenas%20y%20Villarejo,%202014.pdf?sequence=1&isAllowed=y' UNION ALL SELECT NULL,NULL,NULL,NULL,NULL-- CNDG
Type: HTTP::SQL_Injection_Attacker
Message: An SQL injection attacker was discovered!
Signature identifier: script-HTTP::URI_SQLI
Timestamp: 2021-09-05T17:21

URI: /xmlui/bitstream/handle/11441/36949/Ram%c3%b3n,%20Peral,%20Arenas%20y%20Villarejo,%202014.pdf?sequence=1&isAllowed=y' UNION ALL SELECT NULL,NULL,NULL,NULL,NULL-- CNDG
Type: HTTP::SQL_Injection_Victim
Message: An SQL injection victim was discovered!
Signature identifier: script-HTTP::URI_SQLI
Timestamp: 2021-09-05T17:21

URI: /xmlui/bitstream/handle/11441/36949/Ram%c3%b3n,%20Peral,%20Arenas%20y%20Villarejo,%202014.pdf?sequence=1&isAllowed=y' UNION ALL SELECT NULL,NULL,NULL,NULL,NULL,NULL-- mAJt
Type: HTTP::SQL_Injection_Attacker
Message: An SQL injection attacker was discovered!
Signature identifier: script-HTTP::URI_SQLI
Timestamp: 2021-09-05T17:21

URI: /xmlui/bitstream/handle/11441/36949/Ram%c3%b3n,%20Peral,%20Arenas%20y%20Villarejo,%202014.pdf?sequence=1&isAllowed=y' UNION ALL SELECT NULL,NULL,NULL,NULL,NULL,NULL-- mAJt
Type: HTTP::SQL_Injection_Victim
Message: An SQL injection victim was discovered!
Signature identifier: script-HTTP::URI_SQLI
Timestamp: 2021-09-05T17:21

URI: /xmlui/bitstream/handle/11441/36949/Ram%c3%b3n,%20Peral,%20Arenas%20y%20Villarejo,%202014.pdf?sequence=1&isAllowed=y' UNION ALL SELECT NULL,NULL,NULL,NULL,NULL,NULL,NULL-- PrPp
Type: HTTP::SQL_Injection_Attacker
Message: An SQL injection attacker was discovered!
Signature identifier: script-HTTP::URI_SQLI
Timestamp: 2021-09-05T17:21

URI: /xmlui/bitstream/handle/11441/36949/Ram%c3%b3n,%20Peral,%20Arenas%20y%20Villarejo,%202014.pdf?sequence=1&isAllowed=y' UNION ALL SELECT NULL,NULL,NULL,NULL,NULL,NULL,NULL-- PrPp
Type: HTTP::SQL_Injection_Victim
Message: An SQL injection victim was discovered!
Signature identifier: script-HTTP::URI_SQLI
Timestamp: 2021-09-05T17:21

URI: /xmlui/bitstream/handle/11441/36949/Ram%c3%b3n,%20Peral,%20Arenas%20y%20Villarejo,%202014.pdf?sequence=1&isAllowed=y' UNION ALL SELECT NULL,NULL,NULL,NULL,NULL,NULL,NULL,NULL-- rrKN
Type: HTTP::SQL_Injection_Attacker
Message: An SQL injection attacker was discovered!
Signature identifier: script-HTTP::URI_SQLI
Timestamp: 2021-09-05T17:21

URI: /xmlui/bitstream/handle/11441/36949/Ram%c3%b3n,%20Peral,%20Arenas%20y%20Villarejo,%202014.pdf?sequence=1&isAllowed=y' UNION ALL SELECT NULL,NULL,NULL,NULL,NULL,NULL,NULL,NULL-- rrKN
Type: HTTP::SQL_Injection_Victim
Message: An SQL injection victim was discovered!
Signature identifier: script-HTTP::URI_SQLI
Timestamp: 2021-09-05T17:21

URI: /xmlui/bitstream/handle/11441/36949/Ram%c3%b3n,%20Peral,%20Arenas%20y%20Villarejo,%202014.pdf?sequence=1&isAllowed=y' UNION ALL SELECT NULL,NULL,NULL,NULL,NULL,NULL,NULL,NULL,NULL-- WvPL
Type: HTTP::SQL_Injection_Attacker
Message: An SQL injection attacker was discovered!
Signature identifier: script-HTTP::URI_SQLI
Timestamp: 2021-09-05T17:21

URI: /xmlui/bitstream/handle/11441/36949/Ram%c3%b3n,%20Peral,%20Arenas%20y%20Villarejo,%202014.pdf?sequence=1&isAllowed=y' UNION ALL SELECT NULL,NULL,NULL,NULL,NULL,NULL,NULL,NULL,NULL-- WvPL
Type: HTTP::SQL_Injection_Victim
Message: An SQL injection victim was discovered!
Signature identifier: script-HTTP::URI_SQLI
Timestamp: 2021-09-05T17:21

URI: /xmlui/bitstream/handle/11441/36949/Ram%c3%b3n,%20Peral,%20Arenas%20y%20Villarejo,%202014.pdf?sequence=1&isAllowed=y%' UNION ALL SELECT NULL-- Ihek
Type: HTTP::SQL_Injection_Attacker
Message: An SQL injection attacker was discovered!
Signature identifier: script-HTTP::URI_SQLI
Timestamp: 2021-09-05T17:21

URI: /xmlui/bitstream/handle/11441/36949/Ram%c3%b3n,%20Peral,%20Arenas%20y%20Villarejo,%202014.pdf?sequence=1&isAllowed=y%' UNION ALL SELECT NULL-- Ihek
Type: HTTP::SQL_Injection_Victim
Message: An SQL injection victim was discovered!
Signature identifier: script-HTTP::URI_SQLI
Timestamp: 2021-09-05T17:21

URI: /xmlui/bitstream/handle/11441/36949/Ram%c3%b3n,%20Peral,%20Arenas%20y%20Villarejo,%202014.pdf?sequence=1&isAllowed=y%' UNION ALL SELECT NULL,NULL-- TpoZ
Type: HTTP::SQL_Injection_Attacker
Message: An SQL injection attacker was discovered!
Signature identifier: script-HTTP::URI_SQLI
Timestamp: 2021-09-05T17:21

URI: /xmlui/bitstream/handle/11441/36949/Ram%c3%b3n,%20Peral,%20Arenas%20y%20Villarejo,%202014.pdf?sequence=1&isAllowed=y%' UNION ALL SELECT NULL,NULL-- TpoZ
Type: HTTP::SQL_Injection_Victim
Message: An SQL injection victim was discovered!
Signature identifier: script-HTTP::URI_SQLI
Timestamp: 2021-09-05T17:21

URI: /xmlui/bitstream/handle/11441/36949/Ram%c3%b3n,%20Peral,%20Arenas%20y%20Villarejo,%202014.pdf?sequence=1&isAllowed=y%' UNION ALL SELECT NULL,NULL,NULL-- PWfy
Type: HTTP::SQL_Injection_Attacker
Message: An SQL injection attacker was discovered!
Signature identifier: script-HTTP::URI_SQLI
Timestamp: 2021-09-05T17:21

URI: /xmlui/bitstream/handle/11441/36949/Ram%c3%b3n,%20Peral,%20Arenas%20y%20Villarejo,%202014.pdf?sequence=1&isAllowed=y%' UNION ALL SELECT NULL,NULL,NULL-- PWfy
Type: HTTP::SQL_Injection_Victim
Message: An SQL injection victim was discovered!
Signature identifier: script-HTTP::URI_SQLI
Timestamp: 2021-09-05T17:21

URI: /xmlui/bitstream/handle/11441/36949/Ram%c3%b3n,%20Peral,%20Arenas%20y%20Villarejo,%202014.pdf?sequence=1&isAllowed=y%' UNION ALL SELECT NULL,NULL,NULL,NULL-- ZZEI
Type: HTTP::SQL_Injection_Attacker
Message: An SQL injection attacker was discovered!
Signature identifier: script-HTTP::URI_SQLI
Timestamp: 2021-09-05T17:21

URI: /xmlui/bitstream/handle/11441/36949/Ram%c3%b3n,%20Peral,%20Arenas%20y%20Villarejo,%202014.pdf?sequence=1&isAllowed=y%' UNION ALL SELECT NULL,NULL,NULL,NULL-- ZZEI
Type: HTTP::SQL_Injection_Victim
Message: An SQL injection victim was discovered!
Signature identifier: script-HTTP::URI_SQLI
Timestamp: 2021-09-05T17:21

URI: /xmlui/bitstream/handle/11441/36949/Ram%c3%b3n,%20Peral,%20Arenas%20y%20Villarejo,%202014.pdf?sequence=1&isAllowed=y%' UNION ALL SELECT NULL,NULL,NULL,NULL,NULL-- BvIa
Type: HTTP::SQL_Injection_Attacker
Message: An SQL injection attacker was discovered!
Signature identifier: script-HTTP::URI_SQLI
Timestamp: 2021-09-05T17:21

URI: /xmlui/bitstream/handle/11441/36949/Ram%c3%b3n,%20Peral,%20Arenas%20y%20Villarejo,%202014.pdf?sequence=1&isAllowed=y%' UNION ALL SELECT NULL,NULL,NULL,NULL,NULL-- BvIa
Type: HTTP::SQL_Injection_Victim
Message: An SQL injection victim was discovered!
Signature identifier: script-HTTP::URI_SQLI
Timestamp: 2021-09-05T17:21

URI: /xmlui/bitstream/handle/11441/36949/Ram%c3%b3n,%20Peral,%20Arenas%20y%20Villarejo,%202014.pdf?sequence=1&isAllowed=y%' UNION ALL SELECT NULL,NULL,NULL,NULL,NULL,NULL-- QDwf
Type: HTTP::SQL_Injection_Attacker
Message: An SQL injection attacker was discovered!
Signature identifier: script-HTTP::URI_SQLI
Timestamp: 2021-09-05T17:21

URI: /xmlui/bitstream/handle/11441/36949/Ram%c3%b3n,%20Peral,%20Arenas%20y%20Villarejo,%202014.pdf?sequence=1&isAllowed=y%' UNION ALL SELECT NULL,NULL,NULL,NULL,NULL,NULL-- QDwf
Type: HTTP::SQL_Injection_Victim
Message: An SQL injection victim was discovered!
Signature identifier: script-HTTP::URI_SQLI
Timestamp: 2021-09-05T17:21

URI: /xmlui/bitstream/handle/11441/36949/Ram%c3%b3n,%20Peral,%20Arenas%20y%20Villarejo,%202014.pdf?sequence=1&isAllowed=y%' UNION ALL SELECT NULL,NULL,NULL,NULL,NULL,NULL,NULL-- VDih
Type: HTTP::SQL_Injection_Attacker
Message: An SQL injection attacker was discovered!
Signature identifier: script-HTTP::URI_SQLI
Timestamp: 2021-09-05T17:21

URI: /xmlui/bitstream/handle/11441/36949/Ram%c3%b3n,%20Peral,%20Arenas%20y%20Villarejo,%202014.pdf?sequence=1&isAllowed=y%' UNION ALL SELECT NULL,NULL,NULL,NULL,NULL,NULL,NULL-- VDih
Type: HTTP::SQL_Injection_Victim
Message: An SQL injection victim was discovered!
Signature identifier: script-HTTP::URI_SQLI
Timestamp: 2021-09-05T17:21

URI: /xmlui/bitstream/handle/11441/36949/Ram%c3%b3n,%20Peral,%20Arenas%20y%20Villarejo,%202014.pdf?sequence=1&isAllowed=y%' UNION ALL SELECT NULL,NULL,NULL,NULL,NULL,NULL,NULL,NULL-- okle
Type: HTTP::SQL_Injection_Attacker
Message: An SQL injection attacker was discovered!
Signature identifier: script-HTTP::URI_SQLI
Timestamp: 2021-09-05T17:21

URI: /xmlui/bitstream/handle/11441/36949/Ram%c3%b3n,%20Peral,%20Arenas%20y%20Villarejo,%202014.pdf?sequence=1&isAllowed=y%' UNION ALL SELECT NULL,NULL,NULL,NULL,NULL,NULL,NULL,NULL-- okle
Type: HTTP::SQL_Injection_Victim
Message: An SQL injection victim was discovered!
Signature identifier: script-HTTP::URI_SQLI
Timestamp: 2021-09-05T17:21

URI: /xmlui/bitstream/handle/11441/36949/Ram%c3%b3n,%20Peral,%20Arenas%20y%20Villarejo,%202014.pdf?sequence=1&isAllowed=y UNION ALL SELECT NULL-- lJAD
Type: HTTP::SQL_Injection_Attacker
Message: An SQL injection attacker was discovered!
Signature identifier: script-HTTP::URI_SQLI
Timestamp: 2021-09-05T17:21

URI: /xmlui/bitstream/handle/11441/36949/Ram%c3%b3n,%20Peral,%20Arenas%20y%20Villarejo,%202014.pdf?sequence=1&isAllowed=y UNION ALL SELECT NULL-- lJAD
Type: HTTP::SQL_Injection_Victim
Message: An SQL injection victim was discovered!
Signature identifier: script-HTTP::URI_SQLI
Timestamp: 2021-09-05T17:21

URI: /xmlui/bitstream/handle/11441/36949/Ram%c3%b3n,%20Peral,%20Arenas%20y%20Villarejo,%202014.pdf?sequence=1&isAllowed=y UNION ALL SELECT NULL,NULL-- kKaf
Type: HTTP::SQL_Injection_Attacker
Message: An SQL injection attacker was discovered!
Signature identifier: script-HTTP::URI_SQLI
Timestamp: 2021-09-05T17:21

URI: /xmlui/bitstream/handle/11441/36949/Ram%c3%b3n,%20Peral,%20Arenas%20y%20Villarejo,%202014.pdf?sequence=1&isAllowed=y UNION ALL SELECT NULL,NULL-- kKaf
Type: HTTP::SQL_Injection_Victim
Message: An SQL injection victim was discovered!
Signature identifier: script-HTTP::URI_SQLI
Timestamp: 2021-09-05T17:21

URI: /xmlui/bitstream/handle/11441/36949/Ram%c3%b3n,%20Peral,%20Arenas%20y%20Villarejo,%202014.pdf?sequence=1&isAllowed=y UNION ALL SELECT NULL,NULL,NULL-- XQbk
Type: HTTP::SQL_Injection_Attacker
Message: An SQL injection attacker was discovered!
Signature identifier: script-HTTP::URI_SQLI
Timestamp: 2021-09-05T17:21

URI: /xmlui/bitstream/handle/11441/36949/Ram%c3%b3n,%20Peral,%20Arenas%20y%20Villarejo,%202014.pdf?sequence=1&isAllowed=y UNION ALL SELECT NULL,NULL,NULL-- XQbk
Type: HTTP::SQL_Injection_Victim
Message: An SQL injection victim was discovered!
Signature identifier: script-HTTP::URI_SQLI
Timestamp: 2021-09-05T17:21

URI: /xmlui/bitstream/handle/11441/36949/Ram%c3%b3n,%20Peral,%20Arenas%20y%20Villarejo,%202014.pdf?sequence=1&isAllowed=y UNION ALL SELECT NULL,NULL,NULL,NULL-- PTVq
Type: HTTP::SQL_Injection_Attacker
Message: An SQL injection attacker was discovered!
Signature identifier: script-HTTP::URI_SQLI
Timestamp: 2021-09-05T17:21

URI: /xmlui/bitstream/handle/11441/36949/Ram%c3%b3n,%20Peral,%20Arenas%20y%20Villarejo,%202014.pdf?sequence=1&isAllowed=y UNION ALL SELECT NULL,NULL,NULL,NULL-- PTVq
Type: HTTP::SQL_Injection_Victim
Message: An SQL injection victim was discovered!
Signature identifier: script-HTTP::URI_SQLI
Timestamp: 2021-09-05T17:21

URI: /xmlui/bitstream/handle/11441/36949/Ram%c3%b3n,%20Peral,%20Arenas%20y%20Villarejo,%202014.pdf?sequence=1&isAllowed=y UNION ALL SELECT NULL,NULL,NULL,NULL,NULL-- JUJo
Type: HTTP::SQL_Injection_Attacker
Message: An SQL injection attacker was discovered!
Signature identifier: script-HTTP::URI_SQLI
Timestamp: 2021-09-05T17:21

URI: /xmlui/bitstream/handle/11441/36949/Ram%c3%b3n,%20Peral,%20Arenas%20y%20Villarejo,%202014.pdf?sequence=1&isAllowed=y UNION ALL SELECT NULL,NULL,NULL,NULL,NULL-- JUJo
Type: HTTP::SQL_Injection_Victim
Message: An SQL injection victim was discovered!
Signature identifier: script-HTTP::URI_SQLI
Timestamp: 2021-09-05T17:21

URI: /xmlui/bitstream/handle/11441/36949/Ram%c3%b3n,%20Peral,%20Arenas%20y%20Villarejo,%202014.pdf?sequence=1&isAllowed=y UNION ALL SELECT NULL,NULL,NULL,NULL,NULL,NULL-- Nnai
Type: HTTP::SQL_Injection_Attacker
Message: An SQL injection attacker was discovered!
Signature identifier: script-HTTP::URI_SQLI
Timestamp: 2021-09-05T17:21

URI: /xmlui/bitstream/handle/11441/36949/Ram%c3%b3n,%20Peral,%20Arenas%20y%20Villarejo,%202014.pdf?sequence=1&isAllowed=y UNION ALL SELECT NULL,NULL,NULL,NULL,NULL,NULL-- Nnai
Type: HTTP::SQL_Injection_Victim
Message: An SQL injection victim was discovered!
Signature identifier: script-HTTP::URI_SQLI
Timestamp: 2021-09-05T17:21

URI: /xmlui/bitstream/handle/11441/36949/Ram%c3%b3n,%20Peral,%20Arenas%20y%20Villarejo,%202014.pdf?sequence=1&isAllowed=y UNION ALL SELECT NULL,NULL,NULL,NULL,NULL,NULL,NULL-- TxZz
Type: HTTP::SQL_Injection_Attacker
Message: An SQL injection attacker was discovered!
Signature identifier: script-HTTP::URI_SQLI
Timestamp: 2021-09-05T17:21

URI: /xmlui/bitstream/handle/11441/36949/Ram%c3%b3n,%20Peral,%20Arenas%20y%20Villarejo,%202014.pdf?sequence=1&isAllowed=y UNION ALL SELECT NULL,NULL,NULL,NULL,NULL,NULL,NULL-- TxZz
Type: HTTP::SQL_Injection_Victim
Message: An SQL injection victim was discovered!
Signature identifier: script-HTTP::URI_SQLI
Timestamp: 2021-09-05T17:21

URI: /xmlui/bitstream/handle/11441/36949/Ram%c3%b3n,%20Peral,%20Arenas%20y%20Villarejo,%202014.pdf?sequence=1&isAllowed=y UNION ALL SELECT NULL,NULL,NULL,NULL,NULL,NULL,NULL,NULL-- mJAk
Type: HTTP::SQL_Injection_Attacker
Message: An SQL injection attacker was discovered!
Signature identifier: script-HTTP::URI_SQLI
Timestamp: 2021-09-05T17:21

URI: /xmlui/bitstream/handle/11441/36949/Ram%c3%b3n,%20Peral,%20Arenas%20y%20Villarejo,%202014.pdf?sequence=1&isAllowed=y UNION ALL SELECT NULL,NULL,NULL,NULL,NULL,NULL,NULL,NULL-- mJAk
Type: HTTP::SQL_Injection_Victim
Message: An SQL injection victim was discovered!
Signature identifier: script-HTTP::URI_SQLI
Timestamp: 2021-09-05T17:21

URI: /xmlui/bitstream/handle/11441/36949/Ram%c3%b3n,%20Peral,%20Arenas%20y%20Villarejo,%202014.pdf?sequence=1&isAllowed=y UNION ALL SELECT NULL,NULL,NULL,NULL,NULL,NULL,NULL,NULL,NULL-- CLVG
Type: HTTP::SQL_Injection_Attacker
Message: An SQL injection attacker was discovered!
Signature identifier: script-HTTP::URI_SQLI
Timestamp: 2021-09-05T17:21

URI: /xmlui/bitstream/handle/11441/36949/Ram%c3%b3n,%20Peral,%20Arenas%20y%20Villarejo,%202014.pdf?sequence=1&isAllowed=y UNION ALL SELECT NULL,NULL,NULL,NULL,NULL,NULL,NULL,NULL,NULL-- CLVG
Type: HTTP::SQL_Injection_Victim
Message: An SQL injection victim was discovered!
Signature identifier: script-HTTP::URI_SQLI
Timestamp: 2021-09-05T17:21

URI: /xmlui/bitstream/handle/11441/36949/Ram%c3%b3n,%20Peral,%20Arenas%20y%20Villarejo,%202014.pdf?sequence=1&isAllowed=y UNION ALL SELECT NULL,NULL,NULL,NULL,NULL,NULL,NULL,NULL,NULL,NULL-- zkdh
Type: HTTP::SQL_Injection_Attacker
Message: An SQL injection attacker was discovered!
Signature identifier: script-HTTP::URI_SQLI
Timestamp: 2021-09-05T17:21

URI: /xmlui/bitstream/handle/11441/36949/Ram%c3%b3n,%20Peral,%20Arenas%20y%20Villarejo,%202014.pdf?sequence=1&isAllowed=y UNION ALL SELECT NULL,NULL,NULL,NULL,NULL,NULL,NULL,NULL,NULL,NULL-- zkdh
Type: HTTP::SQL_Injection_Victim
Message: An SQL injection victim was discovered!
Signature identifier: script-HTTP::URI_SQLI
Timestamp: 2021-09-05T17:21

URI: /xmlui/bitstream/handle/11441/34597/._ProjectARS_pdf_Ars%20Pharm%2056%282%29_77-87-hol.pdf?sequence=1&isAllowed=y
Type: Signatures::Sensitive_Signature
Message: 192.168.65.136: WEB-ATTACKS rm command attempt
Signature identifier: s2b-1365-5
Timestamp: 2021-09-05T17:24

URI: /xmlui/bitstream/handle/11441/17780/Throfic%20restoration%20of%20the%20nigrostriatal%20dopaminergic%20pathway%20in%20long-term%20carotid%20body%20grafted%20parkinsonian%20rats.pdf?sequence=1&isAllowed=y
Type: Signatures::Sensitive_Signature
Message: 192.168.65.136: WEB-ATTACKS rm command attempt
Signature identifier: s2b-1365-5
Timestamp: 2021-09-05T17:28

