URI: /xmlui/.../fuentes%2520roldan%2520Antonio.pdf
Type: Signatures::Sensitive_Signature
Message: 192.168.65.136: WEB-MISC http directory traversal
Signature identifier: s2b-1113-5
Timestamp: 2021-09-04T16:43

URI: /xmlui/bitstream/11441/54863/1/Galhena-%20E-HRM%20adoption.pdf
Type: Signatures::Sensitive_Signature
Message: 192.168.65.136: WEB-ATTACKS rm command attempt
Signature identifier: s2b-1365-5
Timestamp: 2021-09-04T16:49

URI: /xmlui/bitstream/11441/54777/1/Uniform%20approximation%20of%20continuous%20functions%20by%20smooth%20functions%20with%20no%20critical%20points%20on%20Hilbert%20manifolds.pdf
Type: Signatures::Sensitive_Signature
Message: 192.168.65.136: WEB-ATTACKS rm command attempt
Signature identifier: s2b-1365-5
Timestamp: 2021-09-04T16:49

URI: /xmlui/bitstream/11441/54705/1/Computational%20method%20for%20obtaining%20filiform%20Lie%20algebras%20of%20arbitrary%20dimension.pdf
Type: Signatures::Sensitive_Signature
Message: 192.168.65.136: WEB-ATTACKS rm command attempt
Signature identifier: s2b-1365-5
Timestamp: 2021-09-04T16:50

URI: /xmlui/bitstream/handle/11441/17780/Throfic%20restoration%20of%20the%20nigrostriatal%20dopaminergic%20pathway%20in%20long-term%20carotid%20body%20grafted%20parkinsonian%20rats.pdf;sequence=1
Type: Signatures::Sensitive_Signature
Message: 192.168.65.136: WEB-ATTACKS rm command attempt
Signature identifier: s2b-1365-5
Timestamp: 2021-09-04T16:50

URI: /xmlui/bitstream/11441/55085/1/Smoothed%20number%20of%20extreme%20points%20under%20uniform%20noise.pdf
Type: Signatures::Sensitive_Signature
Message: 192.168.65.136: WEB-ATTACKS rm command attempt
Signature identifier: s2b-1365-5
Timestamp: 2021-09-04T16:50

URI: /xmlui/bitstream/handle/11441/38572/On%20the%20practical%20global%20uniform%20asymptotic%20stability%20of%20stochastic%20differential%20equations.pdf;sequence=1
Type: Signatures::Sensitive_Signature
Message: 192.168.65.136: WEB-ATTACKS rm command attempt
Signature identifier: s2b-1365-5
Timestamp: 2021-09-04T16:54

URI: /xmlui/bitstream/handle/11441/42381/Two-weight%2C%20weak-type%20norm%20inequalities%20for%20fractional%20integrals%2C%20Calderon-Zygmund%20operators%20and%20commutators.pdf?sequence=1&isAllowed=y
Type: Signatures::Sensitive_Signature
Message: 192.168.65.136: WEB-ATTACKS rm command attempt
Signature identifier: s2b-1365-5
Timestamp: 2021-09-04T16:56

URI: /xmlui/bitstream/handle/11441/41619/Description%20of%20some%20families%20of%20filiform%20Lie%20algebras.pdf?sequence=1
Type: Signatures::Sensitive_Signature
Message: 192.168.65.136: WEB-ATTACKS rm command attempt
Signature identifier: s2b-1365-5
Timestamp: 2021-09-04T17:00

URI: /xmlui/bitstream/handle/11441/40623/Tesis%20FCC%20El%20Nadador%20de%20Cap-Martin%20y%20Otros%20Cuentos%20de%20Arquitectura.pdf?sequence=4
Type: Signatures::Sensitive_Signature
Message: 192.168.65.136: WEB-ATTACKS cc command attempt
Signature identifier: s2b-1344-5
Timestamp: 2021-09-04T17:00

URI: /xmlui/bitstream/handle/11441/40623/Tesis%20FCC%20El%20Nadador%20de%20Cap-Martin%20y%20Otros%20Cuentos%20de%20Arquitectura.pdf?sequence=4
Type: Signatures::Sensitive_Signature
Message: 192.168.65.136: WEB-ATTACKS cc command attempt
Signature identifier: s2b-1344-5
Timestamp: 2021-09-04T17:00

URI: /xmlui/bitstream/handle/11441/40623/Tesis%20FCC%20El%20Nadador%20de%20Cap-Martin%20y%20Otros%20Cuentos%20de%20Arquitectura.pdf?sequence=4
Type: Signatures::Sensitive_Signature
Message: 192.168.65.136: WEB-ATTACKS cc command attempt
Signature identifier: s2b-1344-5
Timestamp: 2021-09-04T17:00

URI: /xmlui/bitstream/handle/11441/40623/Tesis%20FCC%20El%20Nadador%20de%20Cap-Martin%20y%20Otros%20Cuentos%20de%20Arquitectura.pdf?sequence=4&isAllowed=y
Type: Signatures::Sensitive_Signature
Message: 192.168.65.136: WEB-ATTACKS cc command attempt
Signature identifier: s2b-1344-5
Timestamp: 2021-09-04T17:00

URI: /xmlui/bitstream/handle/11441/40623/Tesis%20FCC%20El%20Nadador%20de%20Cap-Martin%20y%20Otros%20Cuentos%20de%20Arquitectura.pdf?sequence=4&isAllowed=y
Type: Signatures::Sensitive_Signature
Message: 192.168.65.136: WEB-ATTACKS cc command attempt
Signature identifier: s2b-1344-5
Timestamp: 2021-09-04T17:01

URI: /xmlui/bitstream/handle/11441/40623/Tesis%20FCC%20El%20Nadador%20de%20Cap-Martin%20y%20Otros%20Cuentos%20de%20Arquitectura.pdf?sequence=4&isAllowed=y
Type: Signatures::Sensitive_Signature
Message: 192.168.65.136: WEB-ATTACKS cc command attempt
Signature identifier: s2b-1344-5
Timestamp: 2021-09-04T17:01

URI: /xmlui/bitstream/handle/11441/40623/Tesis%20FCC%20El%20Nadador%20de%20Cap-Martin%20y%20Otros%20Cuentos%20de%20Arquitectura.pdf?sequence=4&isAllowed=y
Type: Signatures::Sensitive_Signature
Message: 192.168.65.136: WEB-ATTACKS cc command attempt
Signature identifier: s2b-1344-5
Timestamp: 2021-09-04T17:01

URI: /xmlui/bitstream/handle/11441/34597/._ProjectARS_pdf_Ars%20Pharm%2056%282%29_77-87-hol.pdf?sequence=1&isAllowed=y
Type: Signatures::Sensitive_Signature
Message: 192.168.65.136: WEB-ATTACKS rm command attempt
Signature identifier: s2b-1365-5
Timestamp: 2021-09-04T17:02

URI: /xmlui/bitstream/handle/11441/40490/A%20particle%20swarm%20optimization%20algorithm%20for%20optimal%20car-call%20allocation%20in%20elevator%20group%20control%20systems.pdf;sequence=1
Type: Signatures::Sensitive_Signature
Message: 192.168.65.136: WEB-ATTACKS rm command attempt
Signature identifier: s2b-1365-5
Timestamp: 2021-09-04T17:10

