URI: /xmlui/bitstream/handle/11441/15103/FG_Tesis-PROV13.pdf?sequence=-1&isAllowed=../etc/passwd
Type: Signatures::Sensitive_Signature
Message: 192.168.65.136: WEB-MISC http directory traversal
Signature identifier: s2b-1113-5
Timestamp: 2021-09-04T15:09

URI: /xmlui/bitstream/handle/11441/15103/FG_Tesis-PROV13.pdf?sequence=-1&isAllowed=../etc/passwd%00
Type: Signatures::Sensitive_Signature
Message: 192.168.65.136: WEB-MISC http directory traversal
Signature identifier: s2b-1113-5
Timestamp: 2021-09-04T15:09

URI: /xmlui/bitstream/handle/11441/15103/FG_Tesis-PROV13.pdf?sequence=-1&isAllowed=../../etc/passwd
Type: Signatures::Sensitive_Signature
Message: 192.168.65.136: WEB-MISC http directory traversal
Signature identifier: s2b-1113-5
Timestamp: 2021-09-04T15:09

URI: /xmlui/bitstream/handle/11441/15103/FG_Tesis-PROV13.pdf?sequence=-1&isAllowed=../../etc/passwd%00
Type: Signatures::Sensitive_Signature
Message: 192.168.65.136: WEB-MISC http directory traversal
Signature identifier: s2b-1113-5
Timestamp: 2021-09-04T15:09

URI: /xmlui/bitstream/handle/11441/15103/FG_Tesis-PROV13.pdf?sequence=-1&isAllowed=../../../etc/passwd
Type: Signatures::Sensitive_Signature
Message: 192.168.65.136: WEB-MISC http directory traversal
Signature identifier: s2b-1113-5
Timestamp: 2021-09-04T15:09

URI: /xmlui/bitstream/handle/11441/15103/FG_Tesis-PROV13.pdf?sequence=-1&isAllowed=../../../etc/passwd%00
Type: Signatures::Sensitive_Signature
Message: 192.168.65.136: WEB-MISC http directory traversal
Signature identifier: s2b-1113-5
Timestamp: 2021-09-04T15:09

URI: /xmlui/bitstream/handle/11441/15103/FG_Tesis-PROV13.pdf?sequence=-1&isAllowed=../../../../etc/passwd
Type: Signatures::Sensitive_Signature
Message: 192.168.65.136: WEB-MISC http directory traversal
Signature identifier: s2b-1113-5
Timestamp: 2021-09-04T15:09

URI: /xmlui/bitstream/handle/11441/15103/FG_Tesis-PROV13.pdf?sequence=-1&isAllowed=../../../../etc/passwd%00
Type: Signatures::Sensitive_Signature
Message: 192.168.65.136: WEB-MISC http directory traversal
Signature identifier: s2b-1113-5
Timestamp: 2021-09-04T15:09

URI: /xmlui/bitstream/handle/11441/15103/FG_Tesis-PROV13.pdf?sequence=-1&isAllowed=../../../../../etc/passwd
Type: Signatures::Sensitive_Signature
Message: 192.168.65.136: WEB-MISC http directory traversal
Signature identifier: s2b-1113-5
Timestamp: 2021-09-04T15:09

URI: /xmlui/bitstream/handle/11441/15103/FG_Tesis-PROV13.pdf?sequence=-1&isAllowed=../../../../../etc/passwd%00
Type: Signatures::Sensitive_Signature
Message: 192.168.65.136: WEB-MISC http directory traversal
Signature identifier: s2b-1113-5
Timestamp: 2021-09-04T15:09

URI: /xmlui/bitstream/handle/11441/36825/Medalla%20homenaje%20a%20Marcelino%20Menendez%20y%20Pelayo.pdf?sequence=1&isAllowed=../etc/passwd
Type: Signatures::Sensitive_Signature
Message: 192.168.65.136: WEB-MISC http directory traversal
Signature identifier: s2b-1113-5
Timestamp: 2021-09-04T15:09

URI: /xmlui/bitstream/handle/11441/15103/FG_Tesis-PROV13.pdf?sequence=-1&isAllowed=../../../../../../etc/passwd
Type: Signatures::Sensitive_Signature
Message: 192.168.65.136: WEB-MISC http directory traversal
Signature identifier: s2b-1113-5
Timestamp: 2021-09-04T15:09

URI: /xmlui/bitstream/handle/11441/15103/FG_Tesis-PROV13.pdf?sequence=-1&isAllowed=../../../../../../etc/passwd%00
Type: Signatures::Sensitive_Signature
Message: 192.168.65.136: WEB-MISC http directory traversal
Signature identifier: s2b-1113-5
Timestamp: 2021-09-04T15:09

URI: /xmlui/bitstream/handle/11441/15103/FG_Tesis-PROV13.pdf?sequence=-1&isAllowed=../../../../../../../etc/passwd
Type: Signatures::Sensitive_Signature
Message: 192.168.65.136: WEB-MISC http directory traversal
Signature identifier: s2b-1113-5
Timestamp: 2021-09-04T15:09

URI: /xmlui/bitstream/handle/11441/15103/FG_Tesis-PROV13.pdf?sequence=-1&isAllowed=../../../../../../../etc/passwd%00
Type: Signatures::Sensitive_Signature
Message: 192.168.65.136: WEB-MISC http directory traversal
Signature identifier: s2b-1113-5
Timestamp: 2021-09-04T15:09

URI: /xmlui/bitstream/handle/11441/36825/Medalla%20homenaje%20a%20Marcelino%20Menendez%20y%20Pelayo.pdf?sequence=1&isAllowed=../etc/passwd%00
Type: Signatures::Sensitive_Signature
Message: 192.168.65.136: WEB-MISC http directory traversal
Signature identifier: s2b-1113-5
Timestamp: 2021-09-04T15:09

URI: /xmlui/bitstream/handle/11441/15103/FG_Tesis-PROV13.pdf?sequence=-1&isAllowed=../../../../../../../../etc/passwd
Type: Signatures::Sensitive_Signature
Message: 192.168.65.136: WEB-MISC http directory traversal
Signature identifier: s2b-1113-5
Timestamp: 2021-09-04T15:09

URI: /xmlui/bitstream/handle/11441/15103/FG_Tesis-PROV13.pdf?sequence=-1&isAllowed=../../../../../../../../etc/passwd%00
Type: Signatures::Sensitive_Signature
Message: 192.168.65.136: WEB-MISC http directory traversal
Signature identifier: s2b-1113-5
Timestamp: 2021-09-04T15:09

URI: /xmlui/bitstream/handle/11441/36825/Medalla%20homenaje%20a%20Marcelino%20Menendez%20y%20Pelayo.pdf?sequence=1&isAllowed=../../etc/passwd
Type: Signatures::Sensitive_Signature
Message: 192.168.65.136: WEB-MISC http directory traversal
Signature identifier: s2b-1113-5
Timestamp: 2021-09-04T15:09

URI: /xmlui/bitstream/handle/11441/15103/FG_Tesis-PROV13.pdf?sequence=-1&isAllowed=../../../../../../../../../etc/passwd
Type: Signatures::Sensitive_Signature
Message: 192.168.65.136: WEB-MISC http directory traversal
Signature identifier: s2b-1113-5
Timestamp: 2021-09-04T15:09

URI: /xmlui/bitstream/handle/11441/15103/FG_Tesis-PROV13.pdf?sequence=-1&isAllowed=../../../../../../../../../etc/passwd%00
Type: Signatures::Sensitive_Signature
Message: 192.168.65.136: WEB-MISC http directory traversal
Signature identifier: s2b-1113-5
Timestamp: 2021-09-04T15:09

URI: /xmlui/bitstream/handle/11441/36825/Medalla%20homenaje%20a%20Marcelino%20Menendez%20y%20Pelayo.pdf?sequence=1&isAllowed=../../etc/passwd%00
Type: Signatures::Sensitive_Signature
Message: 192.168.65.136: WEB-MISC http directory traversal
Signature identifier: s2b-1113-5
Timestamp: 2021-09-04T15:10

URI: /xmlui/bitstream/handle/11441/36825/Medalla%20homenaje%20a%20Marcelino%20Menendez%20y%20Pelayo.pdf?sequence=1&isAllowed=../../../etc/passwd
Type: Signatures::Sensitive_Signature
Message: 192.168.65.136: WEB-MISC http directory traversal
Signature identifier: s2b-1113-5
Timestamp: 2021-09-04T15:10

URI: /xmlui/bitstream/handle/11441/47759/MATRIMONIO%20Y%20BIENESTAR%20SOCIOEMOCIONAL%20Bericat%2004.pdf?sequence=1
Type: Signatures::Sensitive_Signature
Message: 192.168.65.136: WEB-MISC cat%20 access
Signature identifier: s2b-1147-7
Timestamp: 2021-09-04T15:10

URI: /xmlui/bitstream/handle/11441/36825/Medalla%20homenaje%20a%20Marcelino%20Menendez%20y%20Pelayo.pdf?sequence=1&isAllowed=../../../etc/passwd%00
Type: Signatures::Sensitive_Signature
Message: 192.168.65.136: WEB-MISC http directory traversal
Signature identifier: s2b-1113-5
Timestamp: 2021-09-04T15:10

URI: /xmlui/bitstream/handle/11441/38572/on%20the%20practical%20global%20uniform%20asymptotic%20stability%20of%20stochastic%20differential%20equations.pdf?sequence=1
Type: Signatures::Sensitive_Signature
Message: 192.168.65.136: WEB-ATTACKS rm command attempt
Signature identifier: s2b-1365-5
Timestamp: 2021-09-04T15:11

URI: /xmlui/bitstream/handle/11441/36825/Medalla%20homenaje%20a%20Marcelino%20Menendez%20y%20Pelayo.pdf?sequence=1&isAllowed=../../../../etc/passwd
Type: Signatures::Sensitive_Signature
Message: 192.168.65.136: WEB-MISC http directory traversal
Signature identifier: s2b-1113-5
Timestamp: 2021-09-04T15:12

URI: /xmlui/bitstream/handle/11441/36825/Medalla%20homenaje%20a%20Marcelino%20Menendez%20y%20Pelayo.pdf?sequence=1&isAllowed=../../../../etc/passwd%00
Type: Signatures::Sensitive_Signature
Message: 192.168.65.136: WEB-MISC http directory traversal
Signature identifier: s2b-1113-5
Timestamp: 2021-09-04T15:12

URI: /xmlui/bitstream/handle/11441/36825/Medalla%20homenaje%20a%20Marcelino%20Menendez%20y%20Pelayo.pdf?sequence=1&isAllowed=../../../../../etc/passwd
Type: Signatures::Sensitive_Signature
Message: 192.168.65.136: WEB-MISC http directory traversal
Signature identifier: s2b-1113-5
Timestamp: 2021-09-04T15:12

URI: /xmlui/bitstream/handle/11441/36825/Medalla%20homenaje%20a%20Marcelino%20Menendez%20y%20Pelayo.pdf?sequence=1&isAllowed=../../../../../etc/passwd%00
Type: Signatures::Sensitive_Signature
Message: 192.168.65.136: WEB-MISC http directory traversal
Signature identifier: s2b-1113-5
Timestamp: 2021-09-04T15:12

URI: /xmlui/bitstream/handle/11441/36825/Medalla%20homenaje%20a%20Marcelino%20Menendez%20y%20Pelayo.pdf?sequence=1&isAllowed=../../../../../../etc/passwd
Type: Signatures::Sensitive_Signature
Message: 192.168.65.136: WEB-MISC http directory traversal
Signature identifier: s2b-1113-5
Timestamp: 2021-09-04T15:12

URI: /xmlui/bitstream/handle/11441/36825/Medalla%20homenaje%20a%20Marcelino%20Menendez%20y%20Pelayo.pdf?sequence=1&isAllowed=../../../../../../etc/passwd%00
Type: Signatures::Sensitive_Signature
Message: 192.168.65.136: WEB-MISC http directory traversal
Signature identifier: s2b-1113-5
Timestamp: 2021-09-04T15:12

URI: /xmlui/bitstream/handle/11441/36825/Medalla%20homenaje%20a%20Marcelino%20Menendez%20y%20Pelayo.pdf?sequence=1&isAllowed=../../../../../../../etc/passwd
Type: Signatures::Sensitive_Signature
Message: 192.168.65.136: WEB-MISC http directory traversal
Signature identifier: s2b-1113-5
Timestamp: 2021-09-04T15:12

URI: /xmlui/bitstream/handle/11441/36825/Medalla%20homenaje%20a%20Marcelino%20Menendez%20y%20Pelayo.pdf?sequence=1&isAllowed=../../../../../../../etc/passwd%00
Type: Signatures::Sensitive_Signature
Message: 192.168.65.136: WEB-MISC http directory traversal
Signature identifier: s2b-1113-5
Timestamp: 2021-09-04T15:12

URI: /xmlui/bitstream/handle/11441/36825/Medalla%20homenaje%20a%20Marcelino%20Menendez%20y%20Pelayo.pdf?sequence=1&isAllowed=../../../../../../../../etc/passwd
Type: Signatures::Sensitive_Signature
Message: 192.168.65.136: WEB-MISC http directory traversal
Signature identifier: s2b-1113-5
Timestamp: 2021-09-04T15:12

URI: /xmlui/bitstream/handle/11441/36825/Medalla%20homenaje%20a%20Marcelino%20Menendez%20y%20Pelayo.pdf?sequence=1&isAllowed=../../../../../../../../etc/passwd%00
Type: Signatures::Sensitive_Signature
Message: 192.168.65.136: WEB-MISC http directory traversal
Signature identifier: s2b-1113-5
Timestamp: 2021-09-04T15:12

URI: /xmlui/bitstream/handle/11441/36825/Medalla%20homenaje%20a%20Marcelino%20Menendez%20y%20Pelayo.pdf?sequence=1&isAllowed=../../../../../../../../../etc/passwd
Type: Signatures::Sensitive_Signature
Message: 192.168.65.136: WEB-MISC http directory traversal
Signature identifier: s2b-1113-5
Timestamp: 2021-09-04T15:12

URI: /xmlui/bitstream/handle/11441/36825/Medalla%20homenaje%20a%20Marcelino%20Menendez%20y%20Pelayo.pdf?sequence=1&isAllowed=../../../../../../../../../etc/passwd%00
Type: Signatures::Sensitive_Signature
Message: 192.168.65.136: WEB-MISC http directory traversal
Signature identifier: s2b-1113-5
Timestamp: 2021-09-04T15:12

URI: /xmlui/bitstream/handle/11441/41754/Factorization%20of%20the%20hypergeometric-type%20difference%20equation%20on%20the%20non-uniform%20lattices%20dynamical%20algebra.pdf;sequence=1
Type: Signatures::Sensitive_Signature
Message: 192.168.65.136: WEB-ATTACKS rm command attempt
Signature identifier: s2b-1365-5
Timestamp: 2021-09-04T15:12

URI: /xmlui/bitstream/handle/11441/64126/2015ricoftrans.pdf?sequence=4&isAllowed=../etc/passwd
Type: Signatures::Sensitive_Signature
Message: 192.168.65.136: WEB-MISC http directory traversal
Signature identifier: s2b-1113-5
Timestamp: 2021-09-04T15:13

URI: /xmlui/bitstream/handle/11441/64126/2015ricoftrans.pdf?sequence=4&isAllowed=../etc/passwd%00
Type: Signatures::Sensitive_Signature
Message: 192.168.65.136: WEB-MISC http directory traversal
Signature identifier: s2b-1113-5
Timestamp: 2021-09-04T15:13

URI: /xmlui/bitstream/handle/11441/64126/2015ricoftrans.pdf?sequence=4&isAllowed=../../etc/passwd
Type: Signatures::Sensitive_Signature
Message: 192.168.65.136: WEB-MISC http directory traversal
Signature identifier: s2b-1113-5
Timestamp: 2021-09-04T15:13

URI: /xmlui/bitstream/handle/11441/64126/2015ricoftrans.pdf?sequence=4&isAllowed=../../etc/passwd%00
Type: Signatures::Sensitive_Signature
Message: 192.168.65.136: WEB-MISC http directory traversal
Signature identifier: s2b-1113-5
Timestamp: 2021-09-04T15:13

URI: /xmlui/bitstream/handle/11441/64126/2015ricoftrans.pdf?sequence=4&isAllowed=../../../etc/passwd
Type: Signatures::Sensitive_Signature
Message: 192.168.65.136: WEB-MISC http directory traversal
Signature identifier: s2b-1113-5
Timestamp: 2021-09-04T15:13

URI: /xmlui/bitstream/handle/11441/64126/2015ricoftrans.pdf?sequence=4&isAllowed=../../../etc/passwd%00
Type: Signatures::Sensitive_Signature
Message: 192.168.65.136: WEB-MISC http directory traversal
Signature identifier: s2b-1113-5
Timestamp: 2021-09-04T15:13

URI: /xmlui/bitstream/handle/11441/17780/Throfic%20restoration%20of%20the%20nigrostriatal%20dopaminergic%20pathway%20in%20long-term%20carotid%20body%20grafted%20parkinsonian%20rats.pdf;sequence=1
Type: Signatures::Sensitive_Signature
Message: 192.168.65.136: WEB-ATTACKS rm command attempt
Signature identifier: s2b-1365-5
Timestamp: 2021-09-04T15:14

URI: /xmlui/bitstream/handle/11441/22710/file_1.pdf?sequence=1);SELECT PG_SLEEP(5)--&isAllowed=y
Type: HTTP::SQL_Injection_Attacker
Message: An SQL injection attacker was discovered!
Signature identifier: script-HTTP::URI_SQLI
Timestamp: 2021-09-04T15:14

URI: /xmlui/bitstream/handle/11441/22710/file_1.pdf?sequence=1);SELECT PG_SLEEP(5)--&isAllowed=y
Type: HTTP::SQL_Injection_Victim
Message: An SQL injection victim was discovered!
Signature identifier: script-HTTP::URI_SQLI
Timestamp: 2021-09-04T15:14

URI: /xmlui/bitstream/handle/11441/22710/file_1.pdf?sequence=1;SELECT PG_SLEEP(5)--&isAllowed=y
Type: HTTP::SQL_Injection_Attacker
Message: An SQL injection attacker was discovered!
Signature identifier: script-HTTP::URI_SQLI
Timestamp: 2021-09-04T15:14

URI: /xmlui/bitstream/handle/11441/22710/file_1.pdf?sequence=1;SELECT PG_SLEEP(5)--&isAllowed=y
Type: HTTP::SQL_Injection_Victim
Message: An SQL injection victim was discovered!
Signature identifier: script-HTTP::URI_SQLI
Timestamp: 2021-09-04T15:14

URI: /xmlui/bitstream/handle/11441/22710/file_1.pdf?sequence=1');SELECT PG_SLEEP(5)--&isAllowed=y
Type: HTTP::SQL_Injection_Attacker
Message: An SQL injection attacker was discovered!
Signature identifier: script-HTTP::URI_SQLI
Timestamp: 2021-09-04T15:14

URI: /xmlui/bitstream/handle/11441/22710/file_1.pdf?sequence=1');SELECT PG_SLEEP(5)--&isAllowed=y
Type: HTTP::SQL_Injection_Victim
Message: An SQL injection victim was discovered!
Signature identifier: script-HTTP::URI_SQLI
Timestamp: 2021-09-04T15:14

URI: /xmlui/bitstream/handle/11441/22710/file_1.pdf?sequence=1';SELECT PG_SLEEP(5)--&isAllowed=y
Type: HTTP::SQL_Injection_Attacker
Message: An SQL injection attacker was discovered!
Signature identifier: script-HTTP::URI_SQLI
Timestamp: 2021-09-04T15:14

URI: /xmlui/bitstream/handle/11441/22710/file_1.pdf?sequence=1';SELECT PG_SLEEP(5)--&isAllowed=y
Type: HTTP::SQL_Injection_Victim
Message: An SQL injection victim was discovered!
Signature identifier: script-HTTP::URI_SQLI
Timestamp: 2021-09-04T15:14

URI: /xmlui/bitstream/handle/11441/22710/file_1.pdf?sequence=1%';SELECT PG_SLEEP(5)--&isAllowed=y
Type: HTTP::SQL_Injection_Attacker
Message: An SQL injection attacker was discovered!
Signature identifier: script-HTTP::URI_SQLI
Timestamp: 2021-09-04T15:14

URI: /xmlui/bitstream/handle/11441/22710/file_1.pdf?sequence=1%';SELECT PG_SLEEP(5)--&isAllowed=y
Type: HTTP::SQL_Injection_Victim
Message: An SQL injection victim was discovered!
Signature identifier: script-HTTP::URI_SQLI
Timestamp: 2021-09-04T15:14

URI: /xmlui/bitstream/handle/11441/22710/file_1.pdf?sequence=1);SELECT DBMS_PIPE.RECEIVE_MESSAGE(CHR(113)||CHR(107)||CHR(113)||CHR(101),5) FROM DUAL--&isAllowed=y
Type: HTTP::SQL_Injection_Attacker
Message: An SQL injection attacker was discovered!
Signature identifier: script-HTTP::URI_SQLI
Timestamp: 2021-09-04T15:14

URI: /xmlui/bitstream/handle/11441/22710/file_1.pdf?sequence=1);SELECT DBMS_PIPE.RECEIVE_MESSAGE(CHR(113)||CHR(107)||CHR(113)||CHR(101),5) FROM DUAL--&isAllowed=y
Type: HTTP::SQL_Injection_Victim
Message: An SQL injection victim was discovered!
Signature identifier: script-HTTP::URI_SQLI
Timestamp: 2021-09-04T15:14

URI: /xmlui/bitstream/handle/11441/22710/file_1.pdf?sequence=1;SELECT DBMS_PIPE.RECEIVE_MESSAGE(CHR(113)||CHR(107)||CHR(113)||CHR(101),5) FROM DUAL--&isAllowed=y
Type: HTTP::SQL_Injection_Attacker
Message: An SQL injection attacker was discovered!
Signature identifier: script-HTTP::URI_SQLI
Timestamp: 2021-09-04T15:14

URI: /xmlui/bitstream/handle/11441/22710/file_1.pdf?sequence=1;SELECT DBMS_PIPE.RECEIVE_MESSAGE(CHR(113)||CHR(107)||CHR(113)||CHR(101),5) FROM DUAL--&isAllowed=y
Type: HTTP::SQL_Injection_Victim
Message: An SQL injection victim was discovered!
Signature identifier: script-HTTP::URI_SQLI
Timestamp: 2021-09-04T15:14

URI: /xmlui/bitstream/handle/11441/22710/file_1.pdf?sequence=1');SELECT DBMS_PIPE.RECEIVE_MESSAGE(CHR(113)||CHR(107)||CHR(113)||CHR(101),5) FROM DUAL--&isAllowed=y
Type: HTTP::SQL_Injection_Attacker
Message: An SQL injection attacker was discovered!
Signature identifier: script-HTTP::URI_SQLI
Timestamp: 2021-09-04T15:14

URI: /xmlui/bitstream/handle/11441/22710/file_1.pdf?sequence=1');SELECT DBMS_PIPE.RECEIVE_MESSAGE(CHR(113)||CHR(107)||CHR(113)||CHR(101),5) FROM DUAL--&isAllowed=y
Type: HTTP::SQL_Injection_Victim
Message: An SQL injection victim was discovered!
Signature identifier: script-HTTP::URI_SQLI
Timestamp: 2021-09-04T15:14

URI: /xmlui/bitstream/handle/11441/22710/file_1.pdf?sequence=1';SELECT DBMS_PIPE.RECEIVE_MESSAGE(CHR(113)||CHR(107)||CHR(113)||CHR(101),5) FROM DUAL--&isAllowed=y
Type: HTTP::SQL_Injection_Attacker
Message: An SQL injection attacker was discovered!
Signature identifier: script-HTTP::URI_SQLI
Timestamp: 2021-09-04T15:14

URI: /xmlui/bitstream/handle/11441/22710/file_1.pdf?sequence=1';SELECT DBMS_PIPE.RECEIVE_MESSAGE(CHR(113)||CHR(107)||CHR(113)||CHR(101),5) FROM DUAL--&isAllowed=y
Type: HTTP::SQL_Injection_Victim
Message: An SQL injection victim was discovered!
Signature identifier: script-HTTP::URI_SQLI
Timestamp: 2021-09-04T15:14

URI: /xmlui/bitstream/handle/11441/22710/file_1.pdf?sequence=1%';SELECT DBMS_PIPE.RECEIVE_MESSAGE(CHR(113)||CHR(107)||CHR(113)||CHR(101),5) FROM DUAL--&isAllowed=y
Type: HTTP::SQL_Injection_Attacker
Message: An SQL injection attacker was discovered!
Signature identifier: script-HTTP::URI_SQLI
Timestamp: 2021-09-04T15:14

URI: /xmlui/bitstream/handle/11441/22710/file_1.pdf?sequence=1%';SELECT DBMS_PIPE.RECEIVE_MESSAGE(CHR(113)||CHR(107)||CHR(113)||CHR(101),5) FROM DUAL--&isAllowed=y
Type: HTTP::SQL_Injection_Victim
Message: An SQL injection victim was discovered!
Signature identifier: script-HTTP::URI_SQLI
Timestamp: 2021-09-04T15:14

URI: /xmlui/bitstream/handle/11441/22710/file_1.pdf?sequence=1 UNION ALL SELECT NULL-- lIQR&isAllowed=y
Type: HTTP::SQL_Injection_Attacker
Message: An SQL injection attacker was discovered!
Signature identifier: script-HTTP::URI_SQLI
Timestamp: 2021-09-04T15:14

URI: /xmlui/bitstream/handle/11441/22710/file_1.pdf?sequence=1 UNION ALL SELECT NULL-- lIQR&isAllowed=y
Type: HTTP::SQL_Injection_Victim
Message: An SQL injection victim was discovered!
Signature identifier: script-HTTP::URI_SQLI
Timestamp: 2021-09-04T15:14

URI: /xmlui/bitstream/handle/11441/22710/file_1.pdf?sequence=1 UNION ALL SELECT NULL,NULL-- rESn&isAllowed=y
Type: HTTP::SQL_Injection_Attacker
Message: An SQL injection attacker was discovered!
Signature identifier: script-HTTP::URI_SQLI
Timestamp: 2021-09-04T15:14

URI: /xmlui/bitstream/handle/11441/22710/file_1.pdf?sequence=1 UNION ALL SELECT NULL,NULL-- rESn&isAllowed=y
Type: HTTP::SQL_Injection_Victim
Message: An SQL injection victim was discovered!
Signature identifier: script-HTTP::URI_SQLI
Timestamp: 2021-09-04T15:14

URI: /xmlui/bitstream/handle/11441/22710/file_1.pdf?sequence=1 UNION ALL SELECT NULL,NULL,NULL-- woGg&isAllowed=y
Type: HTTP::SQL_Injection_Attacker
Message: An SQL injection attacker was discovered!
Signature identifier: script-HTTP::URI_SQLI
Timestamp: 2021-09-04T15:14

URI: /xmlui/bitstream/handle/11441/22710/file_1.pdf?sequence=1 UNION ALL SELECT NULL,NULL,NULL-- woGg&isAllowed=y
Type: HTTP::SQL_Injection_Victim
Message: An SQL injection victim was discovered!
Signature identifier: script-HTTP::URI_SQLI
Timestamp: 2021-09-04T15:14

URI: /xmlui/bitstream/handle/11441/22710/file_1.pdf?sequence=1 UNION ALL SELECT NULL,NULL,NULL,NULL-- DTgZ&isAllowed=y
Type: HTTP::SQL_Injection_Attacker
Message: An SQL injection attacker was discovered!
Signature identifier: script-HTTP::URI_SQLI
Timestamp: 2021-09-04T15:14

URI: /xmlui/bitstream/handle/11441/22710/file_1.pdf?sequence=1 UNION ALL SELECT NULL,NULL,NULL,NULL-- DTgZ&isAllowed=y
Type: HTTP::SQL_Injection_Victim
Message: An SQL injection victim was discovered!
Signature identifier: script-HTTP::URI_SQLI
Timestamp: 2021-09-04T15:14

URI: /xmlui/bitstream/handle/11441/22710/file_1.pdf?sequence=1 UNION ALL SELECT NULL,NULL,NULL,NULL,NULL-- GFhe&isAllowed=y
Type: HTTP::SQL_Injection_Attacker
Message: An SQL injection attacker was discovered!
Signature identifier: script-HTTP::URI_SQLI
Timestamp: 2021-09-04T15:14

URI: /xmlui/bitstream/handle/11441/22710/file_1.pdf?sequence=1 UNION ALL SELECT NULL,NULL,NULL,NULL,NULL-- GFhe&isAllowed=y
Type: HTTP::SQL_Injection_Victim
Message: An SQL injection victim was discovered!
Signature identifier: script-HTTP::URI_SQLI
Timestamp: 2021-09-04T15:14

URI: /xmlui/bitstream/handle/11441/22710/file_1.pdf?sequence=1 UNION ALL SELECT NULL,NULL,NULL,NULL,NULL,NULL-- CrMu&isAllowed=y
Type: HTTP::SQL_Injection_Attacker
Message: An SQL injection attacker was discovered!
Signature identifier: script-HTTP::URI_SQLI
Timestamp: 2021-09-04T15:14

URI: /xmlui/bitstream/handle/11441/22710/file_1.pdf?sequence=1 UNION ALL SELECT NULL,NULL,NULL,NULL,NULL,NULL-- CrMu&isAllowed=y
Type: HTTP::SQL_Injection_Victim
Message: An SQL injection victim was discovered!
Signature identifier: script-HTTP::URI_SQLI
Timestamp: 2021-09-04T15:14

URI: /xmlui/bitstream/handle/11441/22710/file_1.pdf?sequence=1 UNION ALL SELECT NULL,NULL,NULL,NULL,NULL,NULL,NULL-- ahoV&isAllowed=y
Type: HTTP::SQL_Injection_Attacker
Message: An SQL injection attacker was discovered!
Signature identifier: script-HTTP::URI_SQLI
Timestamp: 2021-09-04T15:14

URI: /xmlui/bitstream/handle/11441/22710/file_1.pdf?sequence=1 UNION ALL SELECT NULL,NULL,NULL,NULL,NULL,NULL,NULL-- ahoV&isAllowed=y
Type: HTTP::SQL_Injection_Victim
Message: An SQL injection victim was discovered!
Signature identifier: script-HTTP::URI_SQLI
Timestamp: 2021-09-04T15:14

URI: /xmlui/bitstream/handle/11441/22710/file_1.pdf?sequence=1 UNION ALL SELECT NULL,NULL,NULL,NULL,NULL,NULL,NULL,NULL-- mJah&isAllowed=y
Type: HTTP::SQL_Injection_Attacker
Message: An SQL injection attacker was discovered!
Signature identifier: script-HTTP::URI_SQLI
Timestamp: 2021-09-04T15:14

URI: /xmlui/bitstream/handle/11441/22710/file_1.pdf?sequence=1 UNION ALL SELECT NULL,NULL,NULL,NULL,NULL,NULL,NULL,NULL-- mJah&isAllowed=y
Type: HTTP::SQL_Injection_Victim
Message: An SQL injection victim was discovered!
Signature identifier: script-HTTP::URI_SQLI
Timestamp: 2021-09-04T15:14

URI: /xmlui/bitstream/handle/11441/22710/file_1.pdf?sequence=1 UNION ALL SELECT NULL,NULL,NULL,NULL,NULL,NULL,NULL,NULL,NULL-- OfDA&isAllowed=y
Type: HTTP::SQL_Injection_Attacker
Message: An SQL injection attacker was discovered!
Signature identifier: script-HTTP::URI_SQLI
Timestamp: 2021-09-04T15:14

URI: /xmlui/bitstream/handle/11441/22710/file_1.pdf?sequence=1 UNION ALL SELECT NULL,NULL,NULL,NULL,NULL,NULL,NULL,NULL,NULL-- OfDA&isAllowed=y
Type: HTTP::SQL_Injection_Victim
Message: An SQL injection victim was discovered!
Signature identifier: script-HTTP::URI_SQLI
Timestamp: 2021-09-04T15:14

URI: /xmlui/bitstream/handle/11441/22710/file_1.pdf?sequence=1 UNION ALL SELECT NULL,NULL,NULL,NULL,NULL,NULL,NULL,NULL,NULL,NULL-- RTBR&isAllowed=y
Type: HTTP::SQL_Injection_Attacker
Message: An SQL injection attacker was discovered!
Signature identifier: script-HTTP::URI_SQLI
Timestamp: 2021-09-04T15:14

URI: /xmlui/bitstream/handle/11441/22710/file_1.pdf?sequence=1 UNION ALL SELECT NULL,NULL,NULL,NULL,NULL,NULL,NULL,NULL,NULL,NULL-- RTBR&isAllowed=y
Type: HTTP::SQL_Injection_Victim
Message: An SQL injection victim was discovered!
Signature identifier: script-HTTP::URI_SQLI
Timestamp: 2021-09-04T15:14

URI: /xmlui/bitstream/handle/11441/68165/2017d%2C%20Journalism%20in%20transition%20in%20front%20of%20the%20V%20IPCC%20Report%20the%20Paris%20agreement%20and%20the%20Sustainable%20Develo.pdf?sequence=1&isAllowed=y
Type: Signatures::Sensitive_Signature
Message: 192.168.65.136: WEB-ATTACKS cc command attempt
Signature identifier: s2b-1344-5
Timestamp: 2021-09-04T15:14

URI: /xmlui/bitstream/handle/11441/62510/Long-term%20on-chip.pdf?sequence=1
Type: Signatures::Sensitive_Signature
Message: 192.168.65.136: WEB-ATTACKS rm command attempt
Signature identifier: s2b-1365-5
Timestamp: 2021-09-04T15:15

URI: /xmlui/bitstream/handle/11441/62510/Long-term%20on-chip.pdf?sequence=1
Type: Signatures::Sensitive_Signature
Message: 192.168.65.136: WEB-ATTACKS rm command attempt
Signature identifier: s2b-1365-5
Timestamp: 2021-09-04T15:15

URI: /xmlui/bitstream/handle/11441/58979/Eco-labelling%20and%20firm%20financial%20performance.pdf?sequence=1
Type: Signatures::Sensitive_Signature
Message: 192.168.65.136: WEB-ATTACKS rm command attempt
Signature identifier: s2b-1365-5
Timestamp: 2021-09-04T15:16

URI: /xmlui/bitstream/handle/11441/59854/Decrease%20in%20calcitonin%20and%20parathyroid%20hormone%20mRNA%20levels%20and%20hormone%20secretion%20under%20long-term%20hypervitaminosis%20D3%20%20in%20rats.pdf?sequence=1
Type: Signatures::Sensitive_Signature
Message: 192.168.65.136: WEB-ATTACKS rm command attempt
Signature identifier: s2b-1365-5
Timestamp: 2021-09-04T15:16

URI: /xmlui/bitstream/handle/11441/40490/A%20particle%20swarm%20optimization%20algorithm%20for%20optimal%20car-call%20allocation%20in%20elevator%20group%20control%20systems.pdf;sequence=1
Type: Signatures::Sensitive_Signature
Message: 192.168.65.136: WEB-ATTACKS rm command attempt
Signature identifier: s2b-1365-5
Timestamp: 2021-09-04T15:17

URI: /xmlui/bitstream/handle/11441/64126/2015ricoftrans.pdf?sequence=4&isAllowed=../../../../etc/passwd
Type: Signatures::Sensitive_Signature
Message: 192.168.65.136: WEB-MISC http directory traversal
Signature identifier: s2b-1113-5
Timestamp: 2021-09-04T15:19

URI: /xmlui/bitstream/handle/11441/64126/2015ricoftrans.pdf?sequence=4&isAllowed=../../../../etc/passwd%00
Type: Signatures::Sensitive_Signature
Message: 192.168.65.136: WEB-MISC http directory traversal
Signature identifier: s2b-1113-5
Timestamp: 2021-09-04T15:20

URI: /xmlui/bitstream/handle/11441/57335/la_comunicacion_para_el_desarrollo_y_movimientos_sociales_latinoamericanos_en_la_sociedad_red.pdf?sequence=1&isAllowed=../etc/passwd
Type: Signatures::Sensitive_Signature
Message: 192.168.65.136: WEB-MISC http directory traversal
Signature identifier: s2b-1113-5
Timestamp: 2021-09-04T15:20

URI: /xmlui/bitstream/handle/11441/57335/la_comunicacion_para_el_desarrollo_y_movimientos_sociales_latinoamericanos_en_la_sociedad_red.pdf?sequence=1&isAllowed=../etc/passwd%00
Type: Signatures::Sensitive_Signature
Message: 192.168.65.136: WEB-MISC http directory traversal
Signature identifier: s2b-1113-5
Timestamp: 2021-09-04T15:20

URI: /xmlui/bitstream/handle/11441/57335/la_comunicacion_para_el_desarrollo_y_movimientos_sociales_latinoamericanos_en_la_sociedad_red.pdf?sequence=1&isAllowed=../../etc/passwd
Type: Signatures::Sensitive_Signature
Message: 192.168.65.136: WEB-MISC http directory traversal
Signature identifier: s2b-1113-5
Timestamp: 2021-09-04T15:20

URI: /xmlui/bitstream/handle/11441/57335/la_comunicacion_para_el_desarrollo_y_movimientos_sociales_latinoamericanos_en_la_sociedad_red.pdf?sequence=1&isAllowed=../../etc/passwd%00
Type: Signatures::Sensitive_Signature
Message: 192.168.65.136: WEB-MISC http directory traversal
Signature identifier: s2b-1113-5
Timestamp: 2021-09-04T15:20

URI: /xmlui/bitstream/handle/11441/57335/la_comunicacion_para_el_desarrollo_y_movimientos_sociales_latinoamericanos_en_la_sociedad_red.pdf?sequence=1&isAllowed=../../../etc/passwd
Type: Signatures::Sensitive_Signature
Message: 192.168.65.136: WEB-MISC http directory traversal
Signature identifier: s2b-1113-5
Timestamp: 2021-09-04T15:20

URI: /xmlui/bitstream/handle/11441/57335/la_comunicacion_para_el_desarrollo_y_movimientos_sociales_latinoamericanos_en_la_sociedad_red.pdf?sequence=1&isAllowed=../../../etc/passwd%00
Type: Signatures::Sensitive_Signature
Message: 192.168.65.136: WEB-MISC http directory traversal
Signature identifier: s2b-1113-5
Timestamp: 2021-09-04T15:20

URI: /xmlui/bitstream/handle/11441/57335/la_comunicacion_para_el_desarrollo_y_movimientos_sociales_latinoamericanos_en_la_sociedad_red.pdf?sequence=1&isAllowed=../../../../etc/passwd
Type: Signatures::Sensitive_Signature
Message: 192.168.65.136: WEB-MISC http directory traversal
Signature identifier: s2b-1113-5
Timestamp: 2021-09-04T15:20

URI: /xmlui/bitstream/handle/11441/57335/la_comunicacion_para_el_desarrollo_y_movimientos_sociales_latinoamericanos_en_la_sociedad_red.pdf?sequence=1&isAllowed=../../../../etc/passwd%00
Type: Signatures::Sensitive_Signature
Message: 192.168.65.136: WEB-MISC http directory traversal
Signature identifier: s2b-1113-5
Timestamp: 2021-09-04T15:20

URI: /xmlui/bitstream/handle/11441/57335/la_comunicacion_para_el_desarrollo_y_movimientos_sociales_latinoamericanos_en_la_sociedad_red.pdf?sequence=1&isAllowed=../../../../../etc/passwd
Type: Signatures::Sensitive_Signature
Message: 192.168.65.136: WEB-MISC http directory traversal
Signature identifier: s2b-1113-5
Timestamp: 2021-09-04T15:20

URI: /xmlui/bitstream/handle/11441/57335/la_comunicacion_para_el_desarrollo_y_movimientos_sociales_latinoamericanos_en_la_sociedad_red.pdf?sequence=1&isAllowed=../../../../../etc/passwd%00
Type: Signatures::Sensitive_Signature
Message: 192.168.65.136: WEB-MISC http directory traversal
Signature identifier: s2b-1113-5
Timestamp: 2021-09-04T15:20

URI: /xmlui/bitstream/handle/11441/57335/la_comunicacion_para_el_desarrollo_y_movimientos_sociales_latinoamericanos_en_la_sociedad_red.pdf?sequence=1&isAllowed=../../../../../../etc/passwd
Type: Signatures::Sensitive_Signature
Message: 192.168.65.136: WEB-MISC http directory traversal
Signature identifier: s2b-1113-5
Timestamp: 2021-09-04T15:20

URI: /xmlui/bitstream/handle/11441/57335/la_comunicacion_para_el_desarrollo_y_movimientos_sociales_latinoamericanos_en_la_sociedad_red.pdf?sequence=1&isAllowed=../../../../../../etc/passwd%00
Type: Signatures::Sensitive_Signature
Message: 192.168.65.136: WEB-MISC http directory traversal
Signature identifier: s2b-1113-5
Timestamp: 2021-09-04T15:20

URI: /xmlui/bitstream/handle/11441/57335/la_comunicacion_para_el_desarrollo_y_movimientos_sociales_latinoamericanos_en_la_sociedad_red.pdf?sequence=1&isAllowed=../../../../../../../etc/passwd
Type: Signatures::Sensitive_Signature
Message: 192.168.65.136: WEB-MISC http directory traversal
Signature identifier: s2b-1113-5
Timestamp: 2021-09-04T15:20

URI: /xmlui/bitstream/handle/11441/57335/la_comunicacion_para_el_desarrollo_y_movimientos_sociales_latinoamericanos_en_la_sociedad_red.pdf?sequence=1&isAllowed=../../../../../../../etc/passwd%00
Type: Signatures::Sensitive_Signature
Message: 192.168.65.136: WEB-MISC http directory traversal
Signature identifier: s2b-1113-5
Timestamp: 2021-09-04T15:20

URI: /xmlui/bitstream/handle/11441/57335/la_comunicacion_para_el_desarrollo_y_movimientos_sociales_latinoamericanos_en_la_sociedad_red.pdf?sequence=1&isAllowed=../../../../../../../../etc/passwd
Type: Signatures::Sensitive_Signature
Message: 192.168.65.136: WEB-MISC http directory traversal
Signature identifier: s2b-1113-5
Timestamp: 2021-09-04T15:20

URI: /xmlui/bitstream/handle/11441/57335/la_comunicacion_para_el_desarrollo_y_movimientos_sociales_latinoamericanos_en_la_sociedad_red.pdf?sequence=1&isAllowed=../../../../../../../../etc/passwd%00
Type: Signatures::Sensitive_Signature
Message: 192.168.65.136: WEB-MISC http directory traversal
Signature identifier: s2b-1113-5
Timestamp: 2021-09-04T15:20

URI: /xmlui/bitstream/handle/11441/57335/la_comunicacion_para_el_desarrollo_y_movimientos_sociales_latinoamericanos_en_la_sociedad_red.pdf?sequence=1&isAllowed=../../../../../../../../../etc/passwd
Type: Signatures::Sensitive_Signature
Message: 192.168.65.136: WEB-MISC http directory traversal
Signature identifier: s2b-1113-5
Timestamp: 2021-09-04T15:20

URI: /xmlui/bitstream/handle/11441/57335/la_comunicacion_para_el_desarrollo_y_movimientos_sociales_latinoamericanos_en_la_sociedad_red.pdf?sequence=1&isAllowed=../../../../../../../../../etc/passwd%00
Type: Signatures::Sensitive_Signature
Message: 192.168.65.136: WEB-MISC http directory traversal
Signature identifier: s2b-1113-5
Timestamp: 2021-09-04T15:20

URI: /xmlui/bitstream/handle/11441/64126/2015ricoftrans.pdf?sequence=4&isAllowed=../../../../../etc/passwd
Type: Signatures::Sensitive_Signature
Message: 192.168.65.136: WEB-MISC http directory traversal
Signature identifier: s2b-1113-5
Timestamp: 2021-09-04T15:20

URI: /xmlui/bitstream/handle/11441/47759/MATRIMONIO%20Y%20BIENESTAR%20SOCIOEMOCIONAL%20Bericat%2004.pdf?sequence=1
Type: Signatures::Sensitive_Signature
Message: 192.168.65.136: WEB-MISC cat%20 access
Signature identifier: s2b-1147-7
Timestamp: 2021-09-04T15:21

