2021-09-04T13:31	/xmlui/bitstream/handle/11441/47759/MATRIMONIO%20Y%20BIENESTAR%20SOCIOEMOCIONAL%20Bericat%2004.pdf?sequence=1	s2b-1147-7
2021-09-04T13:36	/xmlui/bitstream/handle/11441/43507/TFG videojuegos.pdf?sequence=1);SELECT PG_SLEEP(5)--	script-HTTP::URI_SQLI
2021-09-04T13:36	/xmlui/bitstream/handle/11441/43507/TFG videojuegos.pdf?sequence=1);SELECT PG_SLEEP(5)--	script-HTTP::URI_SQLI
2021-09-04T13:36	/xmlui/bitstream/handle/11441/43507/TFG videojuegos.pdf?sequence=1;SELECT PG_SLEEP(5)--	script-HTTP::URI_SQLI
2021-09-04T13:36	/xmlui/bitstream/handle/11441/43507/TFG videojuegos.pdf?sequence=1;SELECT PG_SLEEP(5)--	script-HTTP::URI_SQLI
2021-09-04T13:36	/xmlui/bitstream/handle/11441/43507/TFG videojuegos.pdf?sequence=1');SELECT PG_SLEEP(5)--	script-HTTP::URI_SQLI
2021-09-04T13:36	/xmlui/bitstream/handle/11441/43507/TFG videojuegos.pdf?sequence=1');SELECT PG_SLEEP(5)--	script-HTTP::URI_SQLI
2021-09-04T13:36	/xmlui/bitstream/handle/11441/43507/TFG videojuegos.pdf?sequence=1';SELECT PG_SLEEP(5)--	script-HTTP::URI_SQLI
2021-09-04T13:36	/xmlui/bitstream/handle/11441/43507/TFG videojuegos.pdf?sequence=1';SELECT PG_SLEEP(5)--	script-HTTP::URI_SQLI
2021-09-04T13:36	/xmlui/bitstream/handle/11441/43507/TFG videojuegos.pdf?sequence=1%';SELECT PG_SLEEP(5)--	script-HTTP::URI_SQLI
2021-09-04T13:36	/xmlui/bitstream/handle/11441/43507/TFG videojuegos.pdf?sequence=1%';SELECT PG_SLEEP(5)--	script-HTTP::URI_SQLI
2021-09-04T13:36	/xmlui/bitstream/handle/11441/43507/TFG videojuegos.pdf?sequence=1);SELECT DBMS_PIPE.RECEIVE_MESSAGE(CHR(112)||CHR(112)||CHR(80)||CHR(117),5) FROM DUAL--	script-HTTP::URI_SQLI
2021-09-04T13:36	/xmlui/bitstream/handle/11441/43507/TFG videojuegos.pdf?sequence=1);SELECT DBMS_PIPE.RECEIVE_MESSAGE(CHR(112)||CHR(112)||CHR(80)||CHR(117),5) FROM DUAL--	script-HTTP::URI_SQLI
2021-09-04T13:36	/xmlui/bitstream/handle/11441/43507/TFG videojuegos.pdf?sequence=1;SELECT DBMS_PIPE.RECEIVE_MESSAGE(CHR(112)||CHR(112)||CHR(80)||CHR(117),5) FROM DUAL--	script-HTTP::URI_SQLI
2021-09-04T13:36	/xmlui/bitstream/handle/11441/43507/TFG videojuegos.pdf?sequence=1;SELECT DBMS_PIPE.RECEIVE_MESSAGE(CHR(112)||CHR(112)||CHR(80)||CHR(117),5) FROM DUAL--	script-HTTP::URI_SQLI
2021-09-04T13:36	/xmlui/bitstream/handle/11441/43507/TFG videojuegos.pdf?sequence=1');SELECT DBMS_PIPE.RECEIVE_MESSAGE(CHR(112)||CHR(112)||CHR(80)||CHR(117),5) FROM DUAL--	script-HTTP::URI_SQLI
2021-09-04T13:36	/xmlui/bitstream/handle/11441/43507/TFG videojuegos.pdf?sequence=1');SELECT DBMS_PIPE.RECEIVE_MESSAGE(CHR(112)||CHR(112)||CHR(80)||CHR(117),5) FROM DUAL--	script-HTTP::URI_SQLI
2021-09-04T13:36	/xmlui/bitstream/handle/11441/43507/TFG videojuegos.pdf?sequence=1';SELECT DBMS_PIPE.RECEIVE_MESSAGE(CHR(112)||CHR(112)||CHR(80)||CHR(117),5) FROM DUAL--	script-HTTP::URI_SQLI
2021-09-04T13:36	/xmlui/bitstream/handle/11441/43507/TFG videojuegos.pdf?sequence=1';SELECT DBMS_PIPE.RECEIVE_MESSAGE(CHR(112)||CHR(112)||CHR(80)||CHR(117),5) FROM DUAL--	script-HTTP::URI_SQLI
2021-09-04T13:36	/xmlui/bitstream/handle/11441/43507/TFG videojuegos.pdf?sequence=1%';SELECT DBMS_PIPE.RECEIVE_MESSAGE(CHR(112)||CHR(112)||CHR(80)||CHR(117),5) FROM DUAL--	script-HTTP::URI_SQLI
2021-09-04T13:36	/xmlui/bitstream/handle/11441/43507/TFG videojuegos.pdf?sequence=1%';SELECT DBMS_PIPE.RECEIVE_MESSAGE(CHR(112)||CHR(112)||CHR(80)||CHR(117),5) FROM DUAL--	script-HTTP::URI_SQLI
2021-09-04T13:36	/xmlui/bitstream/handle/11441/43507/TFG videojuegos.pdf?sequence=1 UNION ALL SELECT NULL-- Vjmu	script-HTTP::URI_SQLI
2021-09-04T13:36	/xmlui/bitstream/handle/11441/43507/TFG videojuegos.pdf?sequence=1 UNION ALL SELECT NULL-- Vjmu	script-HTTP::URI_SQLI
2021-09-04T13:36	/xmlui/bitstream/handle/11441/43507/TFG videojuegos.pdf?sequence=1 UNION ALL SELECT NULL,NULL-- NNqK	script-HTTP::URI_SQLI
2021-09-04T13:36	/xmlui/bitstream/handle/11441/43507/TFG videojuegos.pdf?sequence=1 UNION ALL SELECT NULL,NULL-- NNqK	script-HTTP::URI_SQLI
2021-09-04T13:36	/xmlui/bitstream/handle/11441/43507/TFG videojuegos.pdf?sequence=1 UNION ALL SELECT NULL,NULL,NULL-- IsMo	script-HTTP::URI_SQLI
2021-09-04T13:36	/xmlui/bitstream/handle/11441/43507/TFG videojuegos.pdf?sequence=1 UNION ALL SELECT NULL,NULL,NULL-- IsMo	script-HTTP::URI_SQLI
2021-09-04T13:36	/xmlui/bitstream/handle/11441/43507/TFG videojuegos.pdf?sequence=1 UNION ALL SELECT NULL,NULL,NULL,NULL-- LVGF	script-HTTP::URI_SQLI
2021-09-04T13:36	/xmlui/bitstream/handle/11441/43507/TFG videojuegos.pdf?sequence=1 UNION ALL SELECT NULL,NULL,NULL,NULL-- LVGF	script-HTTP::URI_SQLI
2021-09-04T13:36	/xmlui/bitstream/handle/11441/43507/TFG videojuegos.pdf?sequence=1 UNION ALL SELECT NULL,NULL,NULL,NULL,NULL-- OFWD	script-HTTP::URI_SQLI
2021-09-04T13:36	/xmlui/bitstream/handle/11441/43507/TFG videojuegos.pdf?sequence=1 UNION ALL SELECT NULL,NULL,NULL,NULL,NULL-- OFWD	script-HTTP::URI_SQLI
2021-09-04T13:36	/xmlui/bitstream/handle/11441/43507/TFG videojuegos.pdf?sequence=1 UNION ALL SELECT NULL,NULL,NULL,NULL,NULL,NULL-- JmFx	script-HTTP::URI_SQLI
2021-09-04T13:36	/xmlui/bitstream/handle/11441/43507/TFG videojuegos.pdf?sequence=1 UNION ALL SELECT NULL,NULL,NULL,NULL,NULL,NULL-- JmFx	script-HTTP::URI_SQLI
2021-09-04T13:36	/xmlui/bitstream/handle/11441/43507/TFG videojuegos.pdf?sequence=1 UNION ALL SELECT NULL,NULL,NULL,NULL,NULL,NULL,NULL-- LUPn	script-HTTP::URI_SQLI
2021-09-04T13:36	/xmlui/bitstream/handle/11441/43507/TFG videojuegos.pdf?sequence=1 UNION ALL SELECT NULL,NULL,NULL,NULL,NULL,NULL,NULL-- LUPn	script-HTTP::URI_SQLI
2021-09-04T13:36	/xmlui/bitstream/handle/11441/43507/TFG videojuegos.pdf?sequence=1 UNION ALL SELECT NULL,NULL,NULL,NULL,NULL,NULL,NULL,NULL-- zaJH	script-HTTP::URI_SQLI
2021-09-04T13:36	/xmlui/bitstream/handle/11441/43507/TFG videojuegos.pdf?sequence=1 UNION ALL SELECT NULL,NULL,NULL,NULL,NULL,NULL,NULL,NULL-- zaJH	script-HTTP::URI_SQLI
2021-09-04T13:36	/xmlui/bitstream/handle/11441/43507/TFG videojuegos.pdf?sequence=1 UNION ALL SELECT NULL,NULL,NULL,NULL,NULL,NULL,NULL,NULL,NULL-- NXDG	script-HTTP::URI_SQLI
2021-09-04T13:36	/xmlui/bitstream/handle/11441/43507/TFG videojuegos.pdf?sequence=1 UNION ALL SELECT NULL,NULL,NULL,NULL,NULL,NULL,NULL,NULL,NULL-- NXDG	script-HTTP::URI_SQLI
2021-09-04T13:36	/xmlui/bitstream/handle/11441/43507/TFG videojuegos.pdf?sequence=1 UNION ALL SELECT NULL,NULL,NULL,NULL,NULL,NULL,NULL,NULL,NULL,NULL-- vqfn	script-HTTP::URI_SQLI
2021-09-04T13:36	/xmlui/bitstream/handle/11441/43507/TFG videojuegos.pdf?sequence=1 UNION ALL SELECT NULL,NULL,NULL,NULL,NULL,NULL,NULL,NULL,NULL,NULL-- vqfn	script-HTTP::URI_SQLI
2021-09-04T13:36	/xmlui/bitstream/handle/11441/43507/TFG videojuegos.pdf?sequence=1 UNION ALL SELECT NULL-- HxQi	script-HTTP::URI_SQLI
2021-09-04T13:36	/xmlui/bitstream/handle/11441/43507/TFG videojuegos.pdf?sequence=1 UNION ALL SELECT NULL-- HxQi	script-HTTP::URI_SQLI
2021-09-04T13:36	/xmlui/bitstream/handle/11441/43507/TFG videojuegos.pdf?sequence=1 UNION ALL SELECT NULL,NULL-- EgUK	script-HTTP::URI_SQLI
2021-09-04T13:36	/xmlui/bitstream/handle/11441/43507/TFG videojuegos.pdf?sequence=1 UNION ALL SELECT NULL,NULL-- EgUK	script-HTTP::URI_SQLI
2021-09-04T13:36	/xmlui/bitstream/handle/11441/43507/TFG videojuegos.pdf?sequence=1 UNION ALL SELECT NULL,NULL,NULL-- qlSt	script-HTTP::URI_SQLI
2021-09-04T13:36	/xmlui/bitstream/handle/11441/43507/TFG videojuegos.pdf?sequence=1 UNION ALL SELECT NULL,NULL,NULL-- qlSt	script-HTTP::URI_SQLI
2021-09-04T13:36	/xmlui/bitstream/handle/11441/43507/TFG videojuegos.pdf?sequence=1 UNION ALL SELECT NULL,NULL,NULL,NULL-- UEDi	script-HTTP::URI_SQLI
2021-09-04T13:36	/xmlui/bitstream/handle/11441/43507/TFG videojuegos.pdf?sequence=1 UNION ALL SELECT NULL,NULL,NULL,NULL-- UEDi	script-HTTP::URI_SQLI
2021-09-04T13:36	/xmlui/bitstream/handle/11441/43507/TFG videojuegos.pdf?sequence=1 UNION ALL SELECT NULL,NULL,NULL,NULL,NULL-- xbai	script-HTTP::URI_SQLI
2021-09-04T13:36	/xmlui/bitstream/handle/11441/43507/TFG videojuegos.pdf?sequence=1 UNION ALL SELECT NULL,NULL,NULL,NULL,NULL-- xbai	script-HTTP::URI_SQLI
2021-09-04T13:36	/xmlui/bitstream/handle/11441/43507/TFG videojuegos.pdf?sequence=1 UNION ALL SELECT NULL,NULL,NULL,NULL,NULL,NULL-- AfPG	script-HTTP::URI_SQLI
2021-09-04T13:36	/xmlui/bitstream/handle/11441/43507/TFG videojuegos.pdf?sequence=1 UNION ALL SELECT NULL,NULL,NULL,NULL,NULL,NULL-- AfPG	script-HTTP::URI_SQLI
2021-09-04T13:36	/xmlui/bitstream/handle/11441/43507/TFG videojuegos.pdf?sequence=1 UNION ALL SELECT NULL,NULL,NULL,NULL,NULL,NULL,NULL-- hTNo	script-HTTP::URI_SQLI
2021-09-04T13:36	/xmlui/bitstream/handle/11441/43507/TFG videojuegos.pdf?sequence=1 UNION ALL SELECT NULL,NULL,NULL,NULL,NULL,NULL,NULL-- hTNo	script-HTTP::URI_SQLI
2021-09-04T13:36	/xmlui/bitstream/handle/11441/43507/TFG videojuegos.pdf?sequence=1 UNION ALL SELECT NULL,NULL,NULL,NULL,NULL,NULL,NULL,NULL-- msjn	script-HTTP::URI_SQLI
2021-09-04T13:36	/xmlui/bitstream/handle/11441/43507/TFG videojuegos.pdf?sequence=1 UNION ALL SELECT NULL,NULL,NULL,NULL,NULL,NULL,NULL,NULL-- msjn	script-HTTP::URI_SQLI
2021-09-04T13:36	/xmlui/bitstream/handle/11441/43507/TFG videojuegos.pdf?sequence=1 UNION ALL SELECT NULL,NULL,NULL,NULL,NULL,NULL,NULL,NULL,NULL-- mqeY	script-HTTP::URI_SQLI
2021-09-04T13:36	/xmlui/bitstream/handle/11441/43507/TFG videojuegos.pdf?sequence=1 UNION ALL SELECT NULL,NULL,NULL,NULL,NULL,NULL,NULL,NULL,NULL-- mqeY	script-HTTP::URI_SQLI
2021-09-04T13:36	/xmlui/bitstream/handle/11441/43507/TFG videojuegos.pdf?sequence=1 UNION ALL SELECT NULL,NULL,NULL,NULL,NULL,NULL,NULL,NULL,NULL,NULL-- XLFo	script-HTTP::URI_SQLI
2021-09-04T13:36	/xmlui/bitstream/handle/11441/43507/TFG videojuegos.pdf?sequence=1 UNION ALL SELECT NULL,NULL,NULL,NULL,NULL,NULL,NULL,NULL,NULL,NULL-- XLFo	script-HTTP::URI_SQLI
2021-09-04T13:36	/xmlui/bitstream/handle/11441/43507/TFG videojuegos.pdf?sequence=1' UNION ALL SELECT NULL-- dfbo	script-HTTP::URI_SQLI
2021-09-04T13:36	/xmlui/bitstream/handle/11441/43507/TFG videojuegos.pdf?sequence=1' UNION ALL SELECT NULL-- dfbo	script-HTTP::URI_SQLI
2021-09-04T13:36	/xmlui/bitstream/handle/11441/43507/TFG videojuegos.pdf?sequence=1' UNION ALL SELECT NULL,NULL-- lgOt	script-HTTP::URI_SQLI
2021-09-04T13:36	/xmlui/bitstream/handle/11441/43507/TFG videojuegos.pdf?sequence=1' UNION ALL SELECT NULL,NULL-- lgOt	script-HTTP::URI_SQLI
2021-09-04T13:36	/xmlui/bitstream/handle/11441/43507/TFG videojuegos.pdf?sequence=1' UNION ALL SELECT NULL,NULL,NULL-- fkiB	script-HTTP::URI_SQLI
2021-09-04T13:36	/xmlui/bitstream/handle/11441/43507/TFG videojuegos.pdf?sequence=1' UNION ALL SELECT NULL,NULL,NULL-- fkiB	script-HTTP::URI_SQLI
2021-09-04T13:36	/xmlui/bitstream/handle/11441/43507/TFG videojuegos.pdf?sequence=1' UNION ALL SELECT NULL,NULL,NULL,NULL-- vlza	script-HTTP::URI_SQLI
2021-09-04T13:36	/xmlui/bitstream/handle/11441/43507/TFG videojuegos.pdf?sequence=1' UNION ALL SELECT NULL,NULL,NULL,NULL-- vlza	script-HTTP::URI_SQLI
2021-09-04T13:36	/xmlui/bitstream/handle/11441/43507/TFG videojuegos.pdf?sequence=1' UNION ALL SELECT NULL,NULL,NULL,NULL,NULL-- MgYy	script-HTTP::URI_SQLI
2021-09-04T13:36	/xmlui/bitstream/handle/11441/43507/TFG videojuegos.pdf?sequence=1' UNION ALL SELECT NULL,NULL,NULL,NULL,NULL-- MgYy	script-HTTP::URI_SQLI
2021-09-04T13:36	/xmlui/bitstream/handle/11441/43507/TFG videojuegos.pdf?sequence=1' UNION ALL SELECT NULL,NULL,NULL,NULL,NULL,NULL-- yBaW	script-HTTP::URI_SQLI
2021-09-04T13:36	/xmlui/bitstream/handle/11441/43507/TFG videojuegos.pdf?sequence=1' UNION ALL SELECT NULL,NULL,NULL,NULL,NULL,NULL-- yBaW	script-HTTP::URI_SQLI
2021-09-04T13:36	/xmlui/bitstream/handle/11441/43507/TFG videojuegos.pdf?sequence=1' UNION ALL SELECT NULL,NULL,NULL,NULL,NULL,NULL,NULL-- Brvo	script-HTTP::URI_SQLI
2021-09-04T13:36	/xmlui/bitstream/handle/11441/43507/TFG videojuegos.pdf?sequence=1' UNION ALL SELECT NULL,NULL,NULL,NULL,NULL,NULL,NULL-- Brvo	script-HTTP::URI_SQLI
2021-09-04T13:36	/xmlui/bitstream/handle/11441/43507/TFG videojuegos.pdf?sequence=1' UNION ALL SELECT NULL,NULL,NULL,NULL,NULL,NULL,NULL,NULL-- dSRL	script-HTTP::URI_SQLI
2021-09-04T13:36	/xmlui/bitstream/handle/11441/43507/TFG videojuegos.pdf?sequence=1' UNION ALL SELECT NULL,NULL,NULL,NULL,NULL,NULL,NULL,NULL-- dSRL	script-HTTP::URI_SQLI
2021-09-04T13:36	/xmlui/bitstream/handle/11441/43507/TFG videojuegos.pdf?sequence=1' UNION ALL SELECT NULL,NULL,NULL,NULL,NULL,NULL,NULL,NULL,NULL-- xPvU	script-HTTP::URI_SQLI
2021-09-04T13:36	/xmlui/bitstream/handle/11441/43507/TFG videojuegos.pdf?sequence=1' UNION ALL SELECT NULL,NULL,NULL,NULL,NULL,NULL,NULL,NULL,NULL-- xPvU	script-HTTP::URI_SQLI
2021-09-04T13:36	/xmlui/bitstream/handle/11441/43507/TFG videojuegos.pdf?sequence=1' UNION ALL SELECT NULL,NULL,NULL,NULL,NULL,NULL,NULL,NULL,NULL,NULL-- GUdy	script-HTTP::URI_SQLI
2021-09-04T13:36	/xmlui/bitstream/handle/11441/43507/TFG videojuegos.pdf?sequence=1' UNION ALL SELECT NULL,NULL,NULL,NULL,NULL,NULL,NULL,NULL,NULL,NULL-- GUdy	script-HTTP::URI_SQLI
2021-09-04T13:36	/xmlui/bitstream/handle/11441/43507/TFG videojuegos.pdf?sequence=1%' UNION ALL SELECT NULL-- xGMC	script-HTTP::URI_SQLI
2021-09-04T13:36	/xmlui/bitstream/handle/11441/43507/TFG videojuegos.pdf?sequence=1%' UNION ALL SELECT NULL-- xGMC	script-HTTP::URI_SQLI
2021-09-04T13:36	/xmlui/bitstream/handle/11441/43507/TFG videojuegos.pdf?sequence=1%' UNION ALL SELECT NULL,NULL-- wPTw	script-HTTP::URI_SQLI
2021-09-04T13:36	/xmlui/bitstream/handle/11441/43507/TFG videojuegos.pdf?sequence=1%' UNION ALL SELECT NULL,NULL-- wPTw	script-HTTP::URI_SQLI
2021-09-04T13:36	/xmlui/bitstream/handle/11441/43507/TFG videojuegos.pdf?sequence=1%' UNION ALL SELECT NULL,NULL,NULL-- IuNx	script-HTTP::URI_SQLI
2021-09-04T13:36	/xmlui/bitstream/handle/11441/43507/TFG videojuegos.pdf?sequence=1%' UNION ALL SELECT NULL,NULL,NULL-- IuNx	script-HTTP::URI_SQLI
2021-09-04T13:36	/xmlui/bitstream/handle/11441/43507/TFG videojuegos.pdf?sequence=1%' UNION ALL SELECT NULL,NULL,NULL,NULL-- zzZn	script-HTTP::URI_SQLI
2021-09-04T13:36	/xmlui/bitstream/handle/11441/43507/TFG videojuegos.pdf?sequence=1%' UNION ALL SELECT NULL,NULL,NULL,NULL-- zzZn	script-HTTP::URI_SQLI
2021-09-04T13:36	/xmlui/bitstream/handle/11441/43507/TFG videojuegos.pdf?sequence=1%' UNION ALL SELECT NULL,NULL,NULL,NULL,NULL-- ueUu	script-HTTP::URI_SQLI
2021-09-04T13:36	/xmlui/bitstream/handle/11441/43507/TFG videojuegos.pdf?sequence=1%' UNION ALL SELECT NULL,NULL,NULL,NULL,NULL-- ueUu	script-HTTP::URI_SQLI
2021-09-04T13:36	/xmlui/bitstream/handle/11441/43507/TFG videojuegos.pdf?sequence=1%' UNION ALL SELECT NULL,NULL,NULL,NULL,NULL,NULL-- nQxz	script-HTTP::URI_SQLI
2021-09-04T13:36	/xmlui/bitstream/handle/11441/43507/TFG videojuegos.pdf?sequence=1%' UNION ALL SELECT NULL,NULL,NULL,NULL,NULL,NULL-- nQxz	script-HTTP::URI_SQLI
2021-09-04T13:36	/xmlui/bitstream/handle/11441/43507/TFG videojuegos.pdf?sequence=1%' UNION ALL SELECT NULL,NULL,NULL,NULL,NULL,NULL,NULL-- vCtH	script-HTTP::URI_SQLI
2021-09-04T13:36	/xmlui/bitstream/handle/11441/43507/TFG videojuegos.pdf?sequence=1%' UNION ALL SELECT NULL,NULL,NULL,NULL,NULL,NULL,NULL-- vCtH	script-HTTP::URI_SQLI
2021-09-04T13:36	/xmlui/bitstream/handle/11441/43507/TFG videojuegos.pdf?sequence=1%' UNION ALL SELECT NULL,NULL,NULL,NULL,NULL,NULL,NULL,NULL-- JJUJ	script-HTTP::URI_SQLI
2021-09-04T13:36	/xmlui/bitstream/handle/11441/43507/TFG videojuegos.pdf?sequence=1%' UNION ALL SELECT NULL,NULL,NULL,NULL,NULL,NULL,NULL,NULL-- JJUJ	script-HTTP::URI_SQLI
2021-09-04T13:36	/xmlui/bitstream/handle/11441/43507/TFG videojuegos.pdf?sequence=1%' UNION ALL SELECT NULL,NULL,NULL,NULL,NULL,NULL,NULL,NULL,NULL-- Pzqx	script-HTTP::URI_SQLI
2021-09-04T13:36	/xmlui/bitstream/handle/11441/43507/TFG videojuegos.pdf?sequence=1%' UNION ALL SELECT NULL,NULL,NULL,NULL,NULL,NULL,NULL,NULL,NULL-- Pzqx	script-HTTP::URI_SQLI
2021-09-04T13:36	/xmlui/bitstream/handle/11441/43507/TFG videojuegos.pdf?sequence=1%' UNION ALL SELECT NULL,NULL,NULL,NULL,NULL,NULL,NULL,NULL,NULL,NULL-- PVDg	script-HTTP::URI_SQLI
2021-09-04T13:36	/xmlui/bitstream/handle/11441/43507/TFG videojuegos.pdf?sequence=1%' UNION ALL SELECT NULL,NULL,NULL,NULL,NULL,NULL,NULL,NULL,NULL,NULL-- PVDg	script-HTTP::URI_SQLI
2021-09-04T13:42	/xmlui/bitstream/handle/11441/29759/RESUMEN DE TESIS DOCTORAL (Francisco Lucas Garcia).pdf?sequence=2&isAllowed=y);SELECT PG_SLEEP(5)--	script-HTTP::URI_SQLI
2021-09-04T13:42	/xmlui/bitstream/handle/11441/29759/RESUMEN DE TESIS DOCTORAL (Francisco Lucas Garcia).pdf?sequence=2&isAllowed=y);SELECT PG_SLEEP(5)--	script-HTTP::URI_SQLI
2021-09-04T13:42	/xmlui/bitstream/handle/11441/29759/RESUMEN DE TESIS DOCTORAL (Francisco Lucas Garcia).pdf?sequence=2&isAllowed=y;SELECT PG_SLEEP(5)--	script-HTTP::URI_SQLI
2021-09-04T13:42	/xmlui/bitstream/handle/11441/29759/RESUMEN DE TESIS DOCTORAL (Francisco Lucas Garcia).pdf?sequence=2&isAllowed=y;SELECT PG_SLEEP(5)--	script-HTTP::URI_SQLI
2021-09-04T13:42	/xmlui/bitstream/handle/11441/29759/RESUMEN DE TESIS DOCTORAL (Francisco Lucas Garcia).pdf?sequence=2&isAllowed=y');SELECT PG_SLEEP(5)--	script-HTTP::URI_SQLI
2021-09-04T13:42	/xmlui/bitstream/handle/11441/29759/RESUMEN DE TESIS DOCTORAL (Francisco Lucas Garcia).pdf?sequence=2&isAllowed=y');SELECT PG_SLEEP(5)--	script-HTTP::URI_SQLI
2021-09-04T13:42	/xmlui/bitstream/handle/11441/29759/RESUMEN DE TESIS DOCTORAL (Francisco Lucas Garcia).pdf?sequence=2&isAllowed=y';SELECT PG_SLEEP(5)--	script-HTTP::URI_SQLI
2021-09-04T13:42	/xmlui/bitstream/handle/11441/29759/RESUMEN DE TESIS DOCTORAL (Francisco Lucas Garcia).pdf?sequence=2&isAllowed=y';SELECT PG_SLEEP(5)--	script-HTTP::URI_SQLI
2021-09-04T13:42	/xmlui/bitstream/handle/11441/29759/RESUMEN DE TESIS DOCTORAL (Francisco Lucas Garcia).pdf?sequence=2&isAllowed=y%';SELECT PG_SLEEP(5)--	script-HTTP::URI_SQLI
2021-09-04T13:42	/xmlui/bitstream/handle/11441/29759/RESUMEN DE TESIS DOCTORAL (Francisco Lucas Garcia).pdf?sequence=2&isAllowed=y%';SELECT PG_SLEEP(5)--	script-HTTP::URI_SQLI
2021-09-04T13:42	/xmlui/bitstream/handle/11441/29759/RESUMEN DE TESIS DOCTORAL (Francisco Lucas Garcia).pdf?sequence=2&isAllowed=y UNION ALL SELECT NULL-- NBbB	script-HTTP::URI_SQLI
2021-09-04T13:42	/xmlui/bitstream/handle/11441/29759/RESUMEN DE TESIS DOCTORAL (Francisco Lucas Garcia).pdf?sequence=2&isAllowed=y UNION ALL SELECT NULL-- NBbB	script-HTTP::URI_SQLI
2021-09-04T13:42	/xmlui/bitstream/handle/11441/29759/RESUMEN DE TESIS DOCTORAL (Francisco Lucas Garcia).pdf?sequence=2&isAllowed=y UNION ALL SELECT NULL,NULL-- NuDK	script-HTTP::URI_SQLI
2021-09-04T13:42	/xmlui/bitstream/handle/11441/29759/RESUMEN DE TESIS DOCTORAL (Francisco Lucas Garcia).pdf?sequence=2&isAllowed=y UNION ALL SELECT NULL,NULL-- NuDK	script-HTTP::URI_SQLI
2021-09-04T13:42	/xmlui/bitstream/handle/11441/29759/RESUMEN DE TESIS DOCTORAL (Francisco Lucas Garcia).pdf?sequence=2&isAllowed=y UNION ALL SELECT NULL,NULL,NULL-- EWxf	script-HTTP::URI_SQLI
2021-09-04T13:42	/xmlui/bitstream/handle/11441/29759/RESUMEN DE TESIS DOCTORAL (Francisco Lucas Garcia).pdf?sequence=2&isAllowed=y UNION ALL SELECT NULL,NULL,NULL-- EWxf	script-HTTP::URI_SQLI
2021-09-04T13:42	/xmlui/bitstream/handle/11441/29759/RESUMEN DE TESIS DOCTORAL (Francisco Lucas Garcia).pdf?sequence=2&isAllowed=y UNION ALL SELECT NULL,NULL,NULL,NULL-- lRyT	script-HTTP::URI_SQLI
2021-09-04T13:42	/xmlui/bitstream/handle/11441/29759/RESUMEN DE TESIS DOCTORAL (Francisco Lucas Garcia).pdf?sequence=2&isAllowed=y UNION ALL SELECT NULL,NULL,NULL,NULL-- lRyT	script-HTTP::URI_SQLI
2021-09-04T13:42	/xmlui/bitstream/handle/11441/29759/RESUMEN DE TESIS DOCTORAL (Francisco Lucas Garcia).pdf?sequence=2&isAllowed=y UNION ALL SELECT NULL,NULL,NULL,NULL,NULL-- gymV	script-HTTP::URI_SQLI
2021-09-04T13:42	/xmlui/bitstream/handle/11441/29759/RESUMEN DE TESIS DOCTORAL (Francisco Lucas Garcia).pdf?sequence=2&isAllowed=y UNION ALL SELECT NULL,NULL,NULL,NULL,NULL-- gymV	script-HTTP::URI_SQLI
2021-09-04T13:42	/xmlui/bitstream/handle/11441/29759/RESUMEN DE TESIS DOCTORAL (Francisco Lucas Garcia).pdf?sequence=2&isAllowed=y UNION ALL SELECT NULL,NULL,NULL,NULL,NULL,NULL-- kGKD	script-HTTP::URI_SQLI
2021-09-04T13:42	/xmlui/bitstream/handle/11441/29759/RESUMEN DE TESIS DOCTORAL (Francisco Lucas Garcia).pdf?sequence=2&isAllowed=y UNION ALL SELECT NULL,NULL,NULL,NULL,NULL,NULL-- kGKD	script-HTTP::URI_SQLI
2021-09-04T13:42	/xmlui/bitstream/handle/11441/29759/RESUMEN DE TESIS DOCTORAL (Francisco Lucas Garcia).pdf?sequence=2&isAllowed=y UNION ALL SELECT NULL,NULL,NULL,NULL,NULL,NULL,NULL-- OqPk	script-HTTP::URI_SQLI
2021-09-04T13:42	/xmlui/bitstream/handle/11441/29759/RESUMEN DE TESIS DOCTORAL (Francisco Lucas Garcia).pdf?sequence=2&isAllowed=y UNION ALL SELECT NULL,NULL,NULL,NULL,NULL,NULL,NULL-- OqPk	script-HTTP::URI_SQLI
2021-09-04T13:42	/xmlui/bitstream/handle/11441/29759/RESUMEN DE TESIS DOCTORAL (Francisco Lucas Garcia).pdf?sequence=2&isAllowed=y UNION ALL SELECT NULL,NULL,NULL,NULL,NULL,NULL,NULL,NULL-- sIMZ	script-HTTP::URI_SQLI
2021-09-04T13:42	/xmlui/bitstream/handle/11441/29759/RESUMEN DE TESIS DOCTORAL (Francisco Lucas Garcia).pdf?sequence=2&isAllowed=y UNION ALL SELECT NULL,NULL,NULL,NULL,NULL,NULL,NULL,NULL-- sIMZ	script-HTTP::URI_SQLI
2021-09-04T13:42	/xmlui/bitstream/handle/11441/29759/RESUMEN DE TESIS DOCTORAL (Francisco Lucas Garcia).pdf?sequence=2&isAllowed=y UNION ALL SELECT NULL,NULL,NULL,NULL,NULL,NULL,NULL,NULL,NULL-- IUFM	script-HTTP::URI_SQLI
2021-09-04T13:42	/xmlui/bitstream/handle/11441/29759/RESUMEN DE TESIS DOCTORAL (Francisco Lucas Garcia).pdf?sequence=2&isAllowed=y UNION ALL SELECT NULL,NULL,NULL,NULL,NULL,NULL,NULL,NULL,NULL-- IUFM	script-HTTP::URI_SQLI
2021-09-04T13:42	/xmlui/bitstream/handle/11441/29759/RESUMEN DE TESIS DOCTORAL (Francisco Lucas Garcia).pdf?sequence=2&isAllowed=y UNION ALL SELECT NULL,NULL,NULL,NULL,NULL,NULL,NULL,NULL,NULL,NULL-- Jmkl	script-HTTP::URI_SQLI
2021-09-04T13:42	/xmlui/bitstream/handle/11441/29759/RESUMEN DE TESIS DOCTORAL (Francisco Lucas Garcia).pdf?sequence=2&isAllowed=y UNION ALL SELECT NULL,NULL,NULL,NULL,NULL,NULL,NULL,NULL,NULL,NULL-- Jmkl	script-HTTP::URI_SQLI
2021-09-04T13:42	/xmlui/bitstream/handle/11441/29759/RESUMEN DE TESIS DOCTORAL (Francisco Lucas Garcia).pdf?sequence=2&isAllowed=y' UNION ALL SELECT NULL-- TJQl	script-HTTP::URI_SQLI
2021-09-04T13:42	/xmlui/bitstream/handle/11441/29759/RESUMEN DE TESIS DOCTORAL (Francisco Lucas Garcia).pdf?sequence=2&isAllowed=y' UNION ALL SELECT NULL-- TJQl	script-HTTP::URI_SQLI
2021-09-04T13:42	/xmlui/bitstream/handle/11441/29759/RESUMEN DE TESIS DOCTORAL (Francisco Lucas Garcia).pdf?sequence=2&isAllowed=y' UNION ALL SELECT NULL,NULL-- DmhY	script-HTTP::URI_SQLI
2021-09-04T13:42	/xmlui/bitstream/handle/11441/29759/RESUMEN DE TESIS DOCTORAL (Francisco Lucas Garcia).pdf?sequence=2&isAllowed=y' UNION ALL SELECT NULL,NULL-- DmhY	script-HTTP::URI_SQLI
2021-09-04T13:42	/xmlui/bitstream/handle/11441/29759/RESUMEN DE TESIS DOCTORAL (Francisco Lucas Garcia).pdf?sequence=2&isAllowed=y' UNION ALL SELECT NULL,NULL,NULL-- rpuK	script-HTTP::URI_SQLI
2021-09-04T13:42	/xmlui/bitstream/handle/11441/29759/RESUMEN DE TESIS DOCTORAL (Francisco Lucas Garcia).pdf?sequence=2&isAllowed=y' UNION ALL SELECT NULL,NULL,NULL-- rpuK	script-HTTP::URI_SQLI
2021-09-04T13:42	/xmlui/bitstream/handle/11441/29759/RESUMEN DE TESIS DOCTORAL (Francisco Lucas Garcia).pdf?sequence=2&isAllowed=y' UNION ALL SELECT NULL,NULL,NULL,NULL-- hbvd	script-HTTP::URI_SQLI
2021-09-04T13:42	/xmlui/bitstream/handle/11441/29759/RESUMEN DE TESIS DOCTORAL (Francisco Lucas Garcia).pdf?sequence=2&isAllowed=y' UNION ALL SELECT NULL,NULL,NULL,NULL-- hbvd	script-HTTP::URI_SQLI
2021-09-04T13:42	/xmlui/bitstream/handle/11441/29759/RESUMEN DE TESIS DOCTORAL (Francisco Lucas Garcia).pdf?sequence=2&isAllowed=y' UNION ALL SELECT NULL,NULL,NULL,NULL,NULL-- JWcI	script-HTTP::URI_SQLI
2021-09-04T13:42	/xmlui/bitstream/handle/11441/29759/RESUMEN DE TESIS DOCTORAL (Francisco Lucas Garcia).pdf?sequence=2&isAllowed=y' UNION ALL SELECT NULL,NULL,NULL,NULL,NULL-- JWcI	script-HTTP::URI_SQLI
2021-09-04T13:42	/xmlui/bitstream/handle/11441/29759/RESUMEN DE TESIS DOCTORAL (Francisco Lucas Garcia).pdf?sequence=2&isAllowed=y' UNION ALL SELECT NULL,NULL,NULL,NULL,NULL,NULL-- ENGe	script-HTTP::URI_SQLI
2021-09-04T13:42	/xmlui/bitstream/handle/11441/29759/RESUMEN DE TESIS DOCTORAL (Francisco Lucas Garcia).pdf?sequence=2&isAllowed=y' UNION ALL SELECT NULL,NULL,NULL,NULL,NULL,NULL-- ENGe	script-HTTP::URI_SQLI
2021-09-04T13:42	/xmlui/bitstream/handle/11441/29759/RESUMEN DE TESIS DOCTORAL (Francisco Lucas Garcia).pdf?sequence=2&isAllowed=y' UNION ALL SELECT NULL,NULL,NULL,NULL,NULL,NULL,NULL-- ZjZS	script-HTTP::URI_SQLI
2021-09-04T13:42	/xmlui/bitstream/handle/11441/29759/RESUMEN DE TESIS DOCTORAL (Francisco Lucas Garcia).pdf?sequence=2&isAllowed=y' UNION ALL SELECT NULL,NULL,NULL,NULL,NULL,NULL,NULL-- ZjZS	script-HTTP::URI_SQLI
2021-09-04T13:42	/xmlui/bitstream/handle/11441/29759/RESUMEN DE TESIS DOCTORAL (Francisco Lucas Garcia).pdf?sequence=2&isAllowed=y' UNION ALL SELECT NULL,NULL,NULL,NULL,NULL,NULL,NULL,NULL-- sUEQ	script-HTTP::URI_SQLI
2021-09-04T13:42	/xmlui/bitstream/handle/11441/29759/RESUMEN DE TESIS DOCTORAL (Francisco Lucas Garcia).pdf?sequence=2&isAllowed=y' UNION ALL SELECT NULL,NULL,NULL,NULL,NULL,NULL,NULL,NULL-- sUEQ	script-HTTP::URI_SQLI
2021-09-04T13:42	/xmlui/bitstream/handle/11441/29759/RESUMEN DE TESIS DOCTORAL (Francisco Lucas Garcia).pdf?sequence=2&isAllowed=y' UNION ALL SELECT NULL,NULL,NULL,NULL,NULL,NULL,NULL,NULL,NULL-- JIhf	script-HTTP::URI_SQLI
2021-09-04T13:42	/xmlui/bitstream/handle/11441/29759/RESUMEN DE TESIS DOCTORAL (Francisco Lucas Garcia).pdf?sequence=2&isAllowed=y' UNION ALL SELECT NULL,NULL,NULL,NULL,NULL,NULL,NULL,NULL,NULL-- JIhf	script-HTTP::URI_SQLI
2021-09-04T13:42	/xmlui/bitstream/handle/11441/29759/RESUMEN DE TESIS DOCTORAL (Francisco Lucas Garcia).pdf?sequence=2&isAllowed=y' UNION ALL SELECT NULL,NULL,NULL,NULL,NULL,NULL,NULL,NULL,NULL,NULL-- JSyd	script-HTTP::URI_SQLI
2021-09-04T13:42	/xmlui/bitstream/handle/11441/29759/RESUMEN DE TESIS DOCTORAL (Francisco Lucas Garcia).pdf?sequence=2&isAllowed=y' UNION ALL SELECT NULL,NULL,NULL,NULL,NULL,NULL,NULL,NULL,NULL,NULL-- JSyd	script-HTTP::URI_SQLI
2021-09-04T13:42	/xmlui/bitstream/handle/11441/29759/RESUMEN DE TESIS DOCTORAL (Francisco Lucas Garcia).pdf?sequence=2&isAllowed=y%' UNION ALL SELECT NULL-- iAkp	script-HTTP::URI_SQLI
2021-09-04T13:42	/xmlui/bitstream/handle/11441/29759/RESUMEN DE TESIS DOCTORAL (Francisco Lucas Garcia).pdf?sequence=2&isAllowed=y%' UNION ALL SELECT NULL-- iAkp	script-HTTP::URI_SQLI
2021-09-04T13:42	/xmlui/bitstream/handle/11441/29759/RESUMEN DE TESIS DOCTORAL (Francisco Lucas Garcia).pdf?sequence=2&isAllowed=y%' UNION ALL SELECT NULL,NULL-- mwmP	script-HTTP::URI_SQLI
2021-09-04T13:42	/xmlui/bitstream/handle/11441/29759/RESUMEN DE TESIS DOCTORAL (Francisco Lucas Garcia).pdf?sequence=2&isAllowed=y%' UNION ALL SELECT NULL,NULL-- mwmP	script-HTTP::URI_SQLI
2021-09-04T13:42	/xmlui/bitstream/handle/11441/29759/RESUMEN DE TESIS DOCTORAL (Francisco Lucas Garcia).pdf?sequence=2&isAllowed=y%' UNION ALL SELECT NULL,NULL,NULL-- LgVX	script-HTTP::URI_SQLI
2021-09-04T13:42	/xmlui/bitstream/handle/11441/29759/RESUMEN DE TESIS DOCTORAL (Francisco Lucas Garcia).pdf?sequence=2&isAllowed=y%' UNION ALL SELECT NULL,NULL,NULL-- LgVX	script-HTTP::URI_SQLI
2021-09-04T13:42	/xmlui/bitstream/handle/11441/29759/RESUMEN DE TESIS DOCTORAL (Francisco Lucas Garcia).pdf?sequence=2&isAllowed=y%' UNION ALL SELECT NULL,NULL,NULL,NULL-- vESt	script-HTTP::URI_SQLI
2021-09-04T13:42	/xmlui/bitstream/handle/11441/29759/RESUMEN DE TESIS DOCTORAL (Francisco Lucas Garcia).pdf?sequence=2&isAllowed=y%' UNION ALL SELECT NULL,NULL,NULL,NULL-- vESt	script-HTTP::URI_SQLI
2021-09-04T13:42	/xmlui/bitstream/handle/11441/29759/RESUMEN DE TESIS DOCTORAL (Francisco Lucas Garcia).pdf?sequence=2&isAllowed=y%' UNION ALL SELECT NULL,NULL,NULL,NULL,NULL-- zByh	script-HTTP::URI_SQLI
2021-09-04T13:42	/xmlui/bitstream/handle/11441/29759/RESUMEN DE TESIS DOCTORAL (Francisco Lucas Garcia).pdf?sequence=2&isAllowed=y%' UNION ALL SELECT NULL,NULL,NULL,NULL,NULL-- zByh	script-HTTP::URI_SQLI
2021-09-04T13:42	/xmlui/bitstream/handle/11441/29759/RESUMEN DE TESIS DOCTORAL (Francisco Lucas Garcia).pdf?sequence=2&isAllowed=y%' UNION ALL SELECT NULL,NULL,NULL,NULL,NULL,NULL-- zoxy	script-HTTP::URI_SQLI
2021-09-04T13:42	/xmlui/bitstream/handle/11441/29759/RESUMEN DE TESIS DOCTORAL (Francisco Lucas Garcia).pdf?sequence=2&isAllowed=y%' UNION ALL SELECT NULL,NULL,NULL,NULL,NULL,NULL-- zoxy	script-HTTP::URI_SQLI
2021-09-04T13:42	/xmlui/bitstream/handle/11441/29759/RESUMEN DE TESIS DOCTORAL (Francisco Lucas Garcia).pdf?sequence=2&isAllowed=y%' UNION ALL SELECT NULL,NULL,NULL,NULL,NULL,NULL,NULL-- zTUa	script-HTTP::URI_SQLI
2021-09-04T13:42	/xmlui/bitstream/handle/11441/29759/RESUMEN DE TESIS DOCTORAL (Francisco Lucas Garcia).pdf?sequence=2&isAllowed=y%' UNION ALL SELECT NULL,NULL,NULL,NULL,NULL,NULL,NULL-- zTUa	script-HTTP::URI_SQLI
2021-09-04T13:42	/xmlui/bitstream/handle/11441/29759/RESUMEN DE TESIS DOCTORAL (Francisco Lucas Garcia).pdf?sequence=2&isAllowed=y%' UNION ALL SELECT NULL,NULL,NULL,NULL,NULL,NULL,NULL,NULL-- boca	script-HTTP::URI_SQLI
2021-09-04T13:42	/xmlui/bitstream/handle/11441/29759/RESUMEN DE TESIS DOCTORAL (Francisco Lucas Garcia).pdf?sequence=2&isAllowed=y%' UNION ALL SELECT NULL,NULL,NULL,NULL,NULL,NULL,NULL,NULL-- boca	script-HTTP::URI_SQLI
2021-09-04T13:42	/xmlui/bitstream/handle/11441/29759/RESUMEN DE TESIS DOCTORAL (Francisco Lucas Garcia).pdf?sequence=2&isAllowed=y%' UNION ALL SELECT NULL,NULL,NULL,NULL,NULL,NULL,NULL,NULL,NULL-- izgL	script-HTTP::URI_SQLI
2021-09-04T13:42	/xmlui/bitstream/handle/11441/29759/RESUMEN DE TESIS DOCTORAL (Francisco Lucas Garcia).pdf?sequence=2&isAllowed=y%' UNION ALL SELECT NULL,NULL,NULL,NULL,NULL,NULL,NULL,NULL,NULL-- izgL	script-HTTP::URI_SQLI
2021-09-04T13:42	/xmlui/bitstream/handle/11441/29759/RESUMEN DE TESIS DOCTORAL (Francisco Lucas Garcia).pdf?sequence=2&isAllowed=y%' UNION ALL SELECT NULL,NULL,NULL,NULL,NULL,NULL,NULL,NULL,NULL,NULL-- cpsj	script-HTTP::URI_SQLI
2021-09-04T13:42	/xmlui/bitstream/handle/11441/29759/RESUMEN DE TESIS DOCTORAL (Francisco Lucas Garcia).pdf?sequence=2&isAllowed=y%' UNION ALL SELECT NULL,NULL,NULL,NULL,NULL,NULL,NULL,NULL,NULL,NULL-- cpsj	script-HTTP::URI_SQLI
2021-09-04T13:42	/xmlui/bitstream/handle/11441/29759/RESUMEN DE TESIS DOCTORAL (Francisco Lucas Garcia).pdf?sequence=2&isAllowed=y UNION ALL SELECT NULL-- yPUl	script-HTTP::URI_SQLI
2021-09-04T13:42	/xmlui/bitstream/handle/11441/29759/RESUMEN DE TESIS DOCTORAL (Francisco Lucas Garcia).pdf?sequence=2&isAllowed=y UNION ALL SELECT NULL-- yPUl	script-HTTP::URI_SQLI
2021-09-04T13:42	/xmlui/bitstream/handle/11441/29759/RESUMEN DE TESIS DOCTORAL (Francisco Lucas Garcia).pdf?sequence=2&isAllowed=y UNION ALL SELECT NULL,NULL-- IOgk	script-HTTP::URI_SQLI
2021-09-04T13:42	/xmlui/bitstream/handle/11441/29759/RESUMEN DE TESIS DOCTORAL (Francisco Lucas Garcia).pdf?sequence=2&isAllowed=y UNION ALL SELECT NULL,NULL-- IOgk	script-HTTP::URI_SQLI
2021-09-04T13:42	/xmlui/bitstream/handle/11441/29759/RESUMEN DE TESIS DOCTORAL (Francisco Lucas Garcia).pdf?sequence=2&isAllowed=y UNION ALL SELECT NULL,NULL,NULL-- CqDT	script-HTTP::URI_SQLI
2021-09-04T13:42	/xmlui/bitstream/handle/11441/29759/RESUMEN DE TESIS DOCTORAL (Francisco Lucas Garcia).pdf?sequence=2&isAllowed=y UNION ALL SELECT NULL,NULL,NULL-- CqDT	script-HTTP::URI_SQLI
2021-09-04T13:42	/xmlui/bitstream/handle/11441/29759/RESUMEN DE TESIS DOCTORAL (Francisco Lucas Garcia).pdf?sequence=2&isAllowed=y UNION ALL SELECT NULL,NULL,NULL,NULL-- uXvh	script-HTTP::URI_SQLI
2021-09-04T13:42	/xmlui/bitstream/handle/11441/29759/RESUMEN DE TESIS DOCTORAL (Francisco Lucas Garcia).pdf?sequence=2&isAllowed=y UNION ALL SELECT NULL,NULL,NULL,NULL-- uXvh	script-HTTP::URI_SQLI
2021-09-04T13:42	/xmlui/bitstream/handle/11441/29759/RESUMEN DE TESIS DOCTORAL (Francisco Lucas Garcia).pdf?sequence=2&isAllowed=y UNION ALL SELECT NULL,NULL,NULL,NULL,NULL-- wrCd	script-HTTP::URI_SQLI
2021-09-04T13:42	/xmlui/bitstream/handle/11441/29759/RESUMEN DE TESIS DOCTORAL (Francisco Lucas Garcia).pdf?sequence=2&isAllowed=y UNION ALL SELECT NULL,NULL,NULL,NULL,NULL-- wrCd	script-HTTP::URI_SQLI
2021-09-04T13:42	/xmlui/bitstream/handle/11441/29759/RESUMEN DE TESIS DOCTORAL (Francisco Lucas Garcia).pdf?sequence=2&isAllowed=y UNION ALL SELECT NULL,NULL,NULL,NULL,NULL,NULL-- iGgu	script-HTTP::URI_SQLI
2021-09-04T13:42	/xmlui/bitstream/handle/11441/29759/RESUMEN DE TESIS DOCTORAL (Francisco Lucas Garcia).pdf?sequence=2&isAllowed=y UNION ALL SELECT NULL,NULL,NULL,NULL,NULL,NULL-- iGgu	script-HTTP::URI_SQLI
2021-09-04T13:42	/xmlui/bitstream/handle/11441/29759/RESUMEN DE TESIS DOCTORAL (Francisco Lucas Garcia).pdf?sequence=2&isAllowed=y UNION ALL SELECT NULL,NULL,NULL,NULL,NULL,NULL,NULL-- fOBb	script-HTTP::URI_SQLI
2021-09-04T13:42	/xmlui/bitstream/handle/11441/29759/RESUMEN DE TESIS DOCTORAL (Francisco Lucas Garcia).pdf?sequence=2&isAllowed=y UNION ALL SELECT NULL,NULL,NULL,NULL,NULL,NULL,NULL-- fOBb	script-HTTP::URI_SQLI
2021-09-04T13:42	/xmlui/bitstream/handle/11441/29759/RESUMEN DE TESIS DOCTORAL (Francisco Lucas Garcia).pdf?sequence=2&isAllowed=y UNION ALL SELECT NULL,NULL,NULL,NULL,NULL,NULL,NULL,NULL-- Zchd	script-HTTP::URI_SQLI
2021-09-04T13:42	/xmlui/bitstream/handle/11441/29759/RESUMEN DE TESIS DOCTORAL (Francisco Lucas Garcia).pdf?sequence=2&isAllowed=y UNION ALL SELECT NULL,NULL,NULL,NULL,NULL,NULL,NULL,NULL-- Zchd	script-HTTP::URI_SQLI
2021-09-04T13:42	/xmlui/bitstream/handle/11441/29759/RESUMEN DE TESIS DOCTORAL (Francisco Lucas Garcia).pdf?sequence=2&isAllowed=y UNION ALL SELECT NULL,NULL,NULL,NULL,NULL,NULL,NULL,NULL,NULL-- FNqR	script-HTTP::URI_SQLI
2021-09-04T13:42	/xmlui/bitstream/handle/11441/29759/RESUMEN DE TESIS DOCTORAL (Francisco Lucas Garcia).pdf?sequence=2&isAllowed=y UNION ALL SELECT NULL,NULL,NULL,NULL,NULL,NULL,NULL,NULL,NULL-- FNqR	script-HTTP::URI_SQLI
2021-09-04T13:42	/xmlui/bitstream/handle/11441/29759/RESUMEN DE TESIS DOCTORAL (Francisco Lucas Garcia).pdf?sequence=2&isAllowed=y UNION ALL SELECT NULL,NULL,NULL,NULL,NULL,NULL,NULL,NULL,NULL,NULL-- mMGX	script-HTTP::URI_SQLI
2021-09-04T13:42	/xmlui/bitstream/handle/11441/29759/RESUMEN DE TESIS DOCTORAL (Francisco Lucas Garcia).pdf?sequence=2&isAllowed=y UNION ALL SELECT NULL,NULL,NULL,NULL,NULL,NULL,NULL,NULL,NULL,NULL-- mMGX	script-HTTP::URI_SQLI
