URI: /xmlui/bitstream/handle/11441/47961/Isomorphism%20and%20isotopism%20classes%20of%20filiform%20Lie%20algebras%20of%20dimension%20up%20to%20seven.pdf?sequence=1&isAllowed=y
Type: Signatures::Sensitive_Signature
Message: 192.168.65.136: WEB-ATTACKS rm command attempt
Signature identifier: s2b-1365-5
Timestamp: 2021-09-04T15:44

URI: /xmlui/bitstream/handle/11441/41619/Description%20of%20some%20families%20of%20filiform%20Lie%20algebras.pdf?sequence=1
Type: Signatures::Sensitive_Signature
Message: 192.168.65.136: WEB-ATTACKS rm command attempt
Signature identifier: s2b-1365-5
Timestamp: 2021-09-04T15:46

URI: /xmlui/.../Fungal%2520photoreceptors.pdf
Type: Signatures::Sensitive_Signature
Message: 192.168.65.136: WEB-MISC http directory traversal
Signature identifier: s2b-1113-5
Timestamp: 2021-09-04T15:46

URI: /xmlui/bitstream/handle/11441/40490/A%20particle%20swarm%20optimization%20algorithm%20for%20optimal%20car-call%20allocation%20in%20elevator%20group%20control%20systems.pdf;sequence=1
Type: Signatures::Sensitive_Signature
Message: 192.168.65.136: WEB-ATTACKS rm command attempt
Signature identifier: s2b-1365-5
Timestamp: 2021-09-04T15:54

URI: /xmlui/bitstream/handle/11441/74156/Constant%20rate%20thermal%20analysis%20for%20enhancing%20the%20long-term%20CO2.pdf?sequence=1&isAllowed=y
Type: Signatures::Sensitive_Signature
Message: 192.168.65.136: WEB-ATTACKS rm command attempt
Signature identifier: s2b-1365-5
Timestamp: 2021-09-04T15:55

URI: /xmlui/bitstream/handle/11441/57124/947-3672-1-PB.pdf?sequence=1&amp;isAllowed=y/wp-content/plugins/cherry-plugin/admin/import-export/upload.php
Type: Signatures::Sensitive_Signature
Message: 192.168.65.136: WEB-PHP Mambo upload.php access
Signature identifier: s2b-2077-2
Timestamp: 2021-09-04T15:57

URI: /xmlui/bitstream/handle/11441/57124/947-3672-1-PB.pdf?sequence=1&amp;isAllowed=y/wp-admin/admin-ajax.php?action=revslider_show_image&img=../wp-config.php
Type: Signatures::Sensitive_Signature
Message: 192.168.65.136: WEB-MISC http directory traversal
Signature identifier: s2b-1113-5
Timestamp: 2021-09-04T15:57

URI: /xmlui/bitstream/handle/11441/57124/947-3672-1-PB.pdf?sequence=1&amp;isAllowed=y/wp-admin/admin-ajax.php?action=revslider_show_image&img=../wp-config.php
Type: Signatures::Sensitive_Signature
Message: 192.168.65.136: WEB-MISC http directory traversal
Signature identifier: s2b-1113-5
Timestamp: 2021-09-04T15:57

URI: /xmlui/bitstream/handle/11441/57124/947-3672-1-PB.pdf?sequence=1&amp;isAllowed=y/wp-admin/admin-ajax.php?action=revolution-slider_show_image&img=../wp-config.php
Type: Signatures::Sensitive_Signature
Message: 192.168.65.136: WEB-MISC http directory traversal
Signature identifier: s2b-1113-5
Timestamp: 2021-09-04T15:57

URI: /xmlui/bitstream/handle/11441/57124/947-3672-1-PB.pdf?sequence=1&amp;isAllowed=y/wp-admin/admin-ajax.php?action=revolution-slider_show_image&img=../wp-config.php
Type: Signatures::Sensitive_Signature
Message: 192.168.65.136: WEB-MISC http directory traversal
Signature identifier: s2b-1113-5
Timestamp: 2021-09-04T15:57

URI: /xmlui/bitstream/handle/11441/57124/947-3672-1-PB.pdf?sequence=1&amp;isAllowed=y/wp-content/plugins/cherry-plugin/admin/import-export/download-content.php?file=../../../../../wp-config.php
Type: Signatures::Sensitive_Signature
Message: 192.168.65.136: WEB-MISC http directory traversal
Signature identifier: s2b-1113-5
Timestamp: 2021-09-04T15:57

URI: /xmlui/bitstream/handle/11441/57124/947-3672-1-PB.pdf?sequence=1&amp;isAllowed=y/wp-content/plugins/cherry-plugin/admin/import-export/download-content.php?file=../../../../../wp-config.php
Type: Signatures::Sensitive_Signature
Message: 192.168.65.136: WEB-MISC http directory traversal
Signature identifier: s2b-1113-5
Timestamp: 2021-09-04T15:57

URI: /xmlui/bitstream/handle/11441/57124/wp-content/plugins/cherry-plugin/admin/import-export/upload.php
Type: Signatures::Sensitive_Signature
Message: 192.168.65.136: WEB-PHP Mambo upload.php access
Signature identifier: s2b-2077-2
Timestamp: 2021-09-04T15:57

URI: /xmlui/bitstream/handle/11441/57124/wp-admin/admin-ajax.php?action=revslider_show_image&img=../wp-config.php
Type: Signatures::Sensitive_Signature
Message: 192.168.65.136: WEB-MISC http directory traversal
Signature identifier: s2b-1113-5
Timestamp: 2021-09-04T15:57

URI: /xmlui/bitstream/handle/11441/57124/wp-admin/admin-ajax.php?action=revolution-slider_show_image&img=../wp-config.php
Type: Signatures::Sensitive_Signature
Message: 192.168.65.136: WEB-MISC http directory traversal
Signature identifier: s2b-1113-5
Timestamp: 2021-09-04T15:57

URI: /xmlui/bitstream/handle/11441/57124/wp-content/plugins/cherry-plugin/admin/import-export/download-content.php?file=../../../../../wp-config.php
Type: Signatures::Sensitive_Signature
Message: 192.168.65.136: WEB-MISC http directory traversal
Signature identifier: s2b-1113-5
Timestamp: 2021-09-04T15:57

URI: /xmlui/bitstream/handle/11441/73205/TESIS_Lara%20Ayala%20Nunes%20repositorio.pdf?sequence=1&isAllowed=../etc/passwd
Type: Signatures::Sensitive_Signature
Message: 192.168.65.136: WEB-MISC http directory traversal
Signature identifier: s2b-1113-5
Timestamp: 2021-09-04T16:05

URI: /xmlui/bitstream/handle/11441/73205/TESIS_Lara%20Ayala%20Nunes%20repositorio.pdf?sequence=1&isAllowed=../etc/passwd%00
Type: Signatures::Sensitive_Signature
Message: 192.168.65.136: WEB-MISC http directory traversal
Signature identifier: s2b-1113-5
Timestamp: 2021-09-04T16:05

URI: /xmlui/bitstream/handle/11441/73205/TESIS_Lara%20Ayala%20Nunes%20repositorio.pdf?sequence=1&isAllowed=../../etc/passwd
Type: Signatures::Sensitive_Signature
Message: 192.168.65.136: WEB-MISC http directory traversal
Signature identifier: s2b-1113-5
Timestamp: 2021-09-04T16:05

URI: /xmlui/bitstream/handle/11441/73205/TESIS_Lara%20Ayala%20Nunes%20repositorio.pdf?sequence=1&isAllowed=../../etc/passwd%00
Type: Signatures::Sensitive_Signature
Message: 192.168.65.136: WEB-MISC http directory traversal
Signature identifier: s2b-1113-5
Timestamp: 2021-09-04T16:05

URI: /xmlui/bitstream/handle/11441/73205/TESIS_Lara%20Ayala%20Nunes%20repositorio.pdf?sequence=1&isAllowed=../../../etc/passwd
Type: Signatures::Sensitive_Signature
Message: 192.168.65.136: WEB-MISC http directory traversal
Signature identifier: s2b-1113-5
Timestamp: 2021-09-04T16:05

URI: /xmlui/bitstream/handle/11441/73205/TESIS_Lara%20Ayala%20Nunes%20repositorio.pdf?sequence=1&isAllowed=../../../etc/passwd%00
Type: Signatures::Sensitive_Signature
Message: 192.168.65.136: WEB-MISC http directory traversal
Signature identifier: s2b-1113-5
Timestamp: 2021-09-04T16:05

URI: /xmlui/bitstream/handle/11441/73205/TESIS_Lara%20Ayala%20Nunes%20repositorio.pdf?sequence=1&isAllowed=../../../../etc/passwd
Type: Signatures::Sensitive_Signature
Message: 192.168.65.136: WEB-MISC http directory traversal
Signature identifier: s2b-1113-5
Timestamp: 2021-09-04T16:05

URI: /xmlui/bitstream/handle/11441/73205/TESIS_Lara%20Ayala%20Nunes%20repositorio.pdf?sequence=1&isAllowed=../../../../etc/passwd%00
Type: Signatures::Sensitive_Signature
Message: 192.168.65.136: WEB-MISC http directory traversal
Signature identifier: s2b-1113-5
Timestamp: 2021-09-04T16:06

URI: /xmlui/bitstream/handle/11441/73205/TESIS_Lara%20Ayala%20Nunes%20repositorio.pdf?sequence=1&isAllowed=../../../../../etc/passwd
Type: Signatures::Sensitive_Signature
Message: 192.168.65.136: WEB-MISC http directory traversal
Signature identifier: s2b-1113-5
Timestamp: 2021-09-04T16:06

URI: /xmlui/bitstream/handle/11441/73205/TESIS_Lara%20Ayala%20Nunes%20repositorio.pdf?sequence=1&isAllowed=../../../../../etc/passwd%00
Type: Signatures::Sensitive_Signature
Message: 192.168.65.136: WEB-MISC http directory traversal
Signature identifier: s2b-1113-5
Timestamp: 2021-09-04T16:06

URI: /xmlui/bitstream/handle/11441/73205/TESIS_Lara%20Ayala%20Nunes%20repositorio.pdf?sequence=1&isAllowed=../../../../../../etc/passwd
Type: Signatures::Sensitive_Signature
Message: 192.168.65.136: WEB-MISC http directory traversal
Signature identifier: s2b-1113-5
Timestamp: 2021-09-04T16:06

URI: /xmlui/bitstream/handle/11441/73205/TESIS_Lara%20Ayala%20Nunes%20repositorio.pdf?sequence=1&isAllowed=../../../../../../etc/passwd%00
Type: Signatures::Sensitive_Signature
Message: 192.168.65.136: WEB-MISC http directory traversal
Signature identifier: s2b-1113-5
Timestamp: 2021-09-04T16:06

URI: /xmlui/bitstream/handle/11441/73205/TESIS_Lara%20Ayala%20Nunes%20repositorio.pdf?sequence=1&isAllowed=../../../../../../../etc/passwd
Type: Signatures::Sensitive_Signature
Message: 192.168.65.136: WEB-MISC http directory traversal
Signature identifier: s2b-1113-5
Timestamp: 2021-09-04T16:06

URI: /xmlui/bitstream/handle/11441/73205/TESIS_Lara%20Ayala%20Nunes%20repositorio.pdf?sequence=1&isAllowed=../../../../../../../etc/passwd%00
Type: Signatures::Sensitive_Signature
Message: 192.168.65.136: WEB-MISC http directory traversal
Signature identifier: s2b-1113-5
Timestamp: 2021-09-04T16:06

URI: /xmlui/bitstream/handle/11441/73205/TESIS_Lara%20Ayala%20Nunes%20repositorio.pdf?sequence=1&isAllowed=../../../../../../../../etc/passwd
Type: Signatures::Sensitive_Signature
Message: 192.168.65.136: WEB-MISC http directory traversal
Signature identifier: s2b-1113-5
Timestamp: 2021-09-04T16:06

URI: /xmlui/bitstream/handle/11441/73205/TESIS_Lara%20Ayala%20Nunes%20repositorio.pdf?sequence=1&isAllowed=../../../../../../../../etc/passwd%00
Type: Signatures::Sensitive_Signature
Message: 192.168.65.136: WEB-MISC http directory traversal
Signature identifier: s2b-1113-5
Timestamp: 2021-09-04T16:06

URI: /xmlui/bitstream/handle/11441/73205/TESIS_Lara%20Ayala%20Nunes%20repositorio.pdf?sequence=1&isAllowed=../../../../../../../../../etc/passwd
Type: Signatures::Sensitive_Signature
Message: 192.168.65.136: WEB-MISC http directory traversal
Signature identifier: s2b-1113-5
Timestamp: 2021-09-04T16:06

URI: /xmlui/bitstream/handle/11441/73205/TESIS_Lara%20Ayala%20Nunes%20repositorio.pdf?sequence=1&isAllowed=../../../../../../../../../etc/passwd%00
Type: Signatures::Sensitive_Signature
Message: 192.168.65.136: WEB-MISC http directory traversal
Signature identifier: s2b-1113-5
Timestamp: 2021-09-04T16:06

URI: /xmlui/bitstream/handle/11441/34597/._ProjectARS_pdf_Ars%20Pharm%2056(2)_77-87-hol.pdf?sequence=1
Type: Signatures::Sensitive_Signature
Message: 192.168.65.136: WEB-ATTACKS rm command attempt
Signature identifier: s2b-1365-5
Timestamp: 2021-09-04T16:07

URI: /xmlui/bitstream/handle/11441/44945/p-facility%20Huff%20location%20problerm%20on%20networks.pdf?sequence=1
Type: Signatures::Sensitive_Signature
Message: 192.168.65.136: WEB-ATTACKS rm command attempt
Signature identifier: s2b-1365-5
Timestamp: 2021-09-04T16:09

URI: /xmlui/bitstream/handle/11441/68165/2017d,%20Journalism%20in%20transition%20in%20front%20of%20the%20V%20IPCC%20Report%20the%20Paris%20agreement%20and%20the%20Sustainable%20Develo.pdf?sequence=1
Type: Signatures::Sensitive_Signature
Message: 192.168.65.136: WEB-ATTACKS cc command attempt
Signature identifier: s2b-1344-5
Timestamp: 2021-09-04T16:09

URI: /xmlui/bitstream/handle/11441/54863/Galhena-%20E-HRM%20adoption.pdf?sequence=1
Type: Signatures::Sensitive_Signature
Message: 192.168.65.136: WEB-ATTACKS rm command attempt
Signature identifier: s2b-1365-5
Timestamp: 2021-09-04T16:10

