2021-09-05T17:01	/xmlui/bitstream/handle/11441/41754/Factorization%20of%20the%20hypergeometric-type%20difference%20equation%20on%20the%20non-uniform%20lattices%20dynamical%20algebra.pdf?sequence=1&isAllowed=y	s2b-1365-5
2021-09-05T17:06	/xmlui/bitstream/handle/11441/42019/Katz-Radon%20transform%20of%20l-adic%20representations.pdf?sequence=1&isAllowed=y	s2b-1365-5
2021-09-05T17:09	/xmlui/bitstream/handle/11441/47759/MATRIMONIO%20Y%20BIENESTAR%20SOCIOEMOCIONAL%20Bericat%2004.pdf?sequence=1	s2b-1147-7
2021-09-05T17:12	/xmlui/bitstream/11441/41773/1/Recurrence%20relation%20for%20connection%20coefficients%20between%20q-orthogonal%20polynomials%20of%20discrete%20variables%20in%20the%20non-uniform%20lattice%20X%28s%29%20%3D%20q2s.pdf	s2b-1365-5
2021-09-05T17:12	/xmlui/bitstream/handle/11441/41773/Recurrence%20relation%20for%20connection%20coefficients%20between%20q-orthogonal%20polynomials%20of%20discrete%20variables%20in%20the%20non-uniform%20lattice%20X(s)%20=%20q2s.pdf;jsessionid=490F10C45CFBC1641FAC1CCA5C95C018?sequence=1	s2b-1365-5
2021-09-05T17:12	/xmlui/bitstream/handle/11441/63797/TF%20CJCC%20vF.pdf?sequence=1&isAllowed=y	s2b-1344-5
2021-09-05T17:16	/xmlui/bitstream/11441/42335/1/Two%20weighted%20norm%20inequalities%20for%20Riesz%20potentials%20and%20uniform%20LpLp--weigthed%20Sobolev%20inequalities.pdf	s2b-1365-5
2021-09-05T17:16	/xmlui/bitstream/handle/11441/42335/Two%20weighted%20norm%20inequalities%20for%20Riesz%20potentials%20and%20uniform%20LpLp--weigthed%20Sobolev%20inequalities.pdf;jsessionid=E37C4E5CB806189B1E1E5D720C9B7094?sequence=1	s2b-1365-5
2021-09-05T17:21	/xmlui/bitstream/handle/11441/36949/Ram%c3%b3n,%20Peral,%20Arenas%20y%20Villarejo,%202014.pdf?sequence=1&isAllowed=y);SELECT PG_SLEEP(5)--	script-HTTP::URI_SQLI
2021-09-05T17:21	/xmlui/bitstream/handle/11441/36949/Ram%c3%b3n,%20Peral,%20Arenas%20y%20Villarejo,%202014.pdf?sequence=1&isAllowed=y);SELECT PG_SLEEP(5)--	script-HTTP::URI_SQLI
2021-09-05T17:21	/xmlui/bitstream/handle/11441/36949/Ram%c3%b3n,%20Peral,%20Arenas%20y%20Villarejo,%202014.pdf?sequence=1&isAllowed=y;SELECT PG_SLEEP(5)--	script-HTTP::URI_SQLI
2021-09-05T17:21	/xmlui/bitstream/handle/11441/36949/Ram%c3%b3n,%20Peral,%20Arenas%20y%20Villarejo,%202014.pdf?sequence=1&isAllowed=y;SELECT PG_SLEEP(5)--	script-HTTP::URI_SQLI
2021-09-05T17:21	/xmlui/bitstream/handle/11441/36949/Ram%c3%b3n,%20Peral,%20Arenas%20y%20Villarejo,%202014.pdf?sequence=1&isAllowed=y');SELECT PG_SLEEP(5)--	script-HTTP::URI_SQLI
2021-09-05T17:21	/xmlui/bitstream/handle/11441/36949/Ram%c3%b3n,%20Peral,%20Arenas%20y%20Villarejo,%202014.pdf?sequence=1&isAllowed=y');SELECT PG_SLEEP(5)--	script-HTTP::URI_SQLI
2021-09-05T17:21	/xmlui/bitstream/handle/11441/36949/Ram%c3%b3n,%20Peral,%20Arenas%20y%20Villarejo,%202014.pdf?sequence=1&isAllowed=y';SELECT PG_SLEEP(5)--	script-HTTP::URI_SQLI
2021-09-05T17:21	/xmlui/bitstream/handle/11441/36949/Ram%c3%b3n,%20Peral,%20Arenas%20y%20Villarejo,%202014.pdf?sequence=1&isAllowed=y';SELECT PG_SLEEP(5)--	script-HTTP::URI_SQLI
2021-09-05T17:21	/xmlui/bitstream/handle/11441/36949/Ram%c3%b3n,%20Peral,%20Arenas%20y%20Villarejo,%202014.pdf?sequence=1&isAllowed=y%';SELECT PG_SLEEP(5)--	script-HTTP::URI_SQLI
2021-09-05T17:21	/xmlui/bitstream/handle/11441/36949/Ram%c3%b3n,%20Peral,%20Arenas%20y%20Villarejo,%202014.pdf?sequence=1&isAllowed=y%';SELECT PG_SLEEP(5)--	script-HTTP::URI_SQLI
2021-09-05T17:21	/xmlui/bitstream/handle/11441/36949/Ram%c3%b3n,%20Peral,%20Arenas%20y%20Villarejo,%202014.pdf?sequence=1&isAllowed=y UNION ALL SELECT NULL-- jJyK	script-HTTP::URI_SQLI
2021-09-05T17:21	/xmlui/bitstream/handle/11441/36949/Ram%c3%b3n,%20Peral,%20Arenas%20y%20Villarejo,%202014.pdf?sequence=1&isAllowed=y UNION ALL SELECT NULL-- jJyK	script-HTTP::URI_SQLI
2021-09-05T17:21	/xmlui/bitstream/handle/11441/36949/Ram%c3%b3n,%20Peral,%20Arenas%20y%20Villarejo,%202014.pdf?sequence=1&isAllowed=y UNION ALL SELECT NULL,NULL-- tUjW	script-HTTP::URI_SQLI
2021-09-05T17:21	/xmlui/bitstream/handle/11441/36949/Ram%c3%b3n,%20Peral,%20Arenas%20y%20Villarejo,%202014.pdf?sequence=1&isAllowed=y UNION ALL SELECT NULL,NULL-- tUjW	script-HTTP::URI_SQLI
2021-09-05T17:21	/xmlui/bitstream/handle/11441/36949/Ram%c3%b3n,%20Peral,%20Arenas%20y%20Villarejo,%202014.pdf?sequence=1&isAllowed=y UNION ALL SELECT NULL,NULL,NULL-- dOHC	script-HTTP::URI_SQLI
2021-09-05T17:21	/xmlui/bitstream/handle/11441/36949/Ram%c3%b3n,%20Peral,%20Arenas%20y%20Villarejo,%202014.pdf?sequence=1&isAllowed=y UNION ALL SELECT NULL,NULL,NULL-- dOHC	script-HTTP::URI_SQLI
2021-09-05T17:21	/xmlui/bitstream/handle/11441/36949/Ram%c3%b3n,%20Peral,%20Arenas%20y%20Villarejo,%202014.pdf?sequence=1&isAllowed=y UNION ALL SELECT NULL,NULL,NULL,NULL-- tZol	script-HTTP::URI_SQLI
2021-09-05T17:21	/xmlui/bitstream/handle/11441/36949/Ram%c3%b3n,%20Peral,%20Arenas%20y%20Villarejo,%202014.pdf?sequence=1&isAllowed=y UNION ALL SELECT NULL,NULL,NULL,NULL-- tZol	script-HTTP::URI_SQLI
2021-09-05T17:21	/xmlui/bitstream/handle/11441/36949/Ram%c3%b3n,%20Peral,%20Arenas%20y%20Villarejo,%202014.pdf?sequence=1&isAllowed=y UNION ALL SELECT NULL,NULL,NULL,NULL,NULL-- OZKI	script-HTTP::URI_SQLI
2021-09-05T17:21	/xmlui/bitstream/handle/11441/36949/Ram%c3%b3n,%20Peral,%20Arenas%20y%20Villarejo,%202014.pdf?sequence=1&isAllowed=y UNION ALL SELECT NULL,NULL,NULL,NULL,NULL-- OZKI	script-HTTP::URI_SQLI
2021-09-05T17:21	/xmlui/bitstream/handle/11441/36949/Ram%c3%b3n,%20Peral,%20Arenas%20y%20Villarejo,%202014.pdf?sequence=1&isAllowed=y UNION ALL SELECT NULL,NULL,NULL,NULL,NULL,NULL-- VIwa	script-HTTP::URI_SQLI
2021-09-05T17:21	/xmlui/bitstream/handle/11441/36949/Ram%c3%b3n,%20Peral,%20Arenas%20y%20Villarejo,%202014.pdf?sequence=1&isAllowed=y UNION ALL SELECT NULL,NULL,NULL,NULL,NULL,NULL-- VIwa	script-HTTP::URI_SQLI
2021-09-05T17:21	/xmlui/bitstream/handle/11441/36949/Ram%c3%b3n,%20Peral,%20Arenas%20y%20Villarejo,%202014.pdf?sequence=1&isAllowed=y UNION ALL SELECT NULL,NULL,NULL,NULL,NULL,NULL,NULL-- wHZN	script-HTTP::URI_SQLI
2021-09-05T17:21	/xmlui/bitstream/handle/11441/36949/Ram%c3%b3n,%20Peral,%20Arenas%20y%20Villarejo,%202014.pdf?sequence=1&isAllowed=y UNION ALL SELECT NULL,NULL,NULL,NULL,NULL,NULL,NULL-- wHZN	script-HTTP::URI_SQLI
2021-09-05T17:21	/xmlui/bitstream/handle/11441/36949/Ram%c3%b3n,%20Peral,%20Arenas%20y%20Villarejo,%202014.pdf?sequence=1&isAllowed=y UNION ALL SELECT NULL,NULL,NULL,NULL,NULL,NULL,NULL,NULL-- yooM	script-HTTP::URI_SQLI
2021-09-05T17:21	/xmlui/bitstream/handle/11441/36949/Ram%c3%b3n,%20Peral,%20Arenas%20y%20Villarejo,%202014.pdf?sequence=1&isAllowed=y UNION ALL SELECT NULL,NULL,NULL,NULL,NULL,NULL,NULL,NULL-- yooM	script-HTTP::URI_SQLI
2021-09-05T17:21	/xmlui/bitstream/handle/11441/36949/Ram%c3%b3n,%20Peral,%20Arenas%20y%20Villarejo,%202014.pdf?sequence=1&isAllowed=y UNION ALL SELECT NULL,NULL,NULL,NULL,NULL,NULL,NULL,NULL,NULL-- TQHC	script-HTTP::URI_SQLI
2021-09-05T17:21	/xmlui/bitstream/handle/11441/36949/Ram%c3%b3n,%20Peral,%20Arenas%20y%20Villarejo,%202014.pdf?sequence=1&isAllowed=y UNION ALL SELECT NULL,NULL,NULL,NULL,NULL,NULL,NULL,NULL,NULL-- TQHC	script-HTTP::URI_SQLI
2021-09-05T17:21	/xmlui/bitstream/handle/11441/36949/Ram%c3%b3n,%20Peral,%20Arenas%20y%20Villarejo,%202014.pdf?sequence=1&isAllowed=y UNION ALL SELECT NULL,NULL,NULL,NULL,NULL,NULL,NULL,NULL,NULL,NULL-- huYr	script-HTTP::URI_SQLI
2021-09-05T17:21	/xmlui/bitstream/handle/11441/36949/Ram%c3%b3n,%20Peral,%20Arenas%20y%20Villarejo,%202014.pdf?sequence=1&isAllowed=y UNION ALL SELECT NULL,NULL,NULL,NULL,NULL,NULL,NULL,NULL,NULL,NULL-- huYr	script-HTTP::URI_SQLI
2021-09-05T17:21	/xmlui/bitstream/handle/11441/36949/Ram%c3%b3n,%20Peral,%20Arenas%20y%20Villarejo,%202014.pdf?sequence=1&isAllowed=y' UNION ALL SELECT NULL-- wOiP	script-HTTP::URI_SQLI
2021-09-05T17:21	/xmlui/bitstream/handle/11441/36949/Ram%c3%b3n,%20Peral,%20Arenas%20y%20Villarejo,%202014.pdf?sequence=1&isAllowed=y' UNION ALL SELECT NULL-- wOiP	script-HTTP::URI_SQLI
2021-09-05T17:21	/xmlui/bitstream/handle/11441/36949/Ram%c3%b3n,%20Peral,%20Arenas%20y%20Villarejo,%202014.pdf?sequence=1&isAllowed=y' UNION ALL SELECT NULL,NULL-- KVwS	script-HTTP::URI_SQLI
2021-09-05T17:21	/xmlui/bitstream/handle/11441/36949/Ram%c3%b3n,%20Peral,%20Arenas%20y%20Villarejo,%202014.pdf?sequence=1&isAllowed=y' UNION ALL SELECT NULL,NULL-- KVwS	script-HTTP::URI_SQLI
2021-09-05T17:21	/xmlui/bitstream/handle/11441/36949/Ram%c3%b3n,%20Peral,%20Arenas%20y%20Villarejo,%202014.pdf?sequence=1&isAllowed=y' UNION ALL SELECT NULL,NULL,NULL-- OUsS	script-HTTP::URI_SQLI
2021-09-05T17:21	/xmlui/bitstream/handle/11441/36949/Ram%c3%b3n,%20Peral,%20Arenas%20y%20Villarejo,%202014.pdf?sequence=1&isAllowed=y' UNION ALL SELECT NULL,NULL,NULL-- OUsS	script-HTTP::URI_SQLI
2021-09-05T17:21	/xmlui/bitstream/handle/11441/36949/Ram%c3%b3n,%20Peral,%20Arenas%20y%20Villarejo,%202014.pdf?sequence=1&isAllowed=y' UNION ALL SELECT NULL,NULL,NULL,NULL-- HPpU	script-HTTP::URI_SQLI
2021-09-05T17:21	/xmlui/bitstream/handle/11441/36949/Ram%c3%b3n,%20Peral,%20Arenas%20y%20Villarejo,%202014.pdf?sequence=1&isAllowed=y' UNION ALL SELECT NULL,NULL,NULL,NULL-- HPpU	script-HTTP::URI_SQLI
2021-09-05T17:21	/xmlui/bitstream/handle/11441/36949/Ram%c3%b3n,%20Peral,%20Arenas%20y%20Villarejo,%202014.pdf?sequence=1&isAllowed=y' UNION ALL SELECT NULL,NULL,NULL,NULL,NULL-- CNDG	script-HTTP::URI_SQLI
2021-09-05T17:21	/xmlui/bitstream/handle/11441/36949/Ram%c3%b3n,%20Peral,%20Arenas%20y%20Villarejo,%202014.pdf?sequence=1&isAllowed=y' UNION ALL SELECT NULL,NULL,NULL,NULL,NULL-- CNDG	script-HTTP::URI_SQLI
2021-09-05T17:21	/xmlui/bitstream/handle/11441/36949/Ram%c3%b3n,%20Peral,%20Arenas%20y%20Villarejo,%202014.pdf?sequence=1&isAllowed=y' UNION ALL SELECT NULL,NULL,NULL,NULL,NULL,NULL-- mAJt	script-HTTP::URI_SQLI
2021-09-05T17:21	/xmlui/bitstream/handle/11441/36949/Ram%c3%b3n,%20Peral,%20Arenas%20y%20Villarejo,%202014.pdf?sequence=1&isAllowed=y' UNION ALL SELECT NULL,NULL,NULL,NULL,NULL,NULL-- mAJt	script-HTTP::URI_SQLI
2021-09-05T17:21	/xmlui/bitstream/handle/11441/36949/Ram%c3%b3n,%20Peral,%20Arenas%20y%20Villarejo,%202014.pdf?sequence=1&isAllowed=y' UNION ALL SELECT NULL,NULL,NULL,NULL,NULL,NULL,NULL-- PrPp	script-HTTP::URI_SQLI
2021-09-05T17:21	/xmlui/bitstream/handle/11441/36949/Ram%c3%b3n,%20Peral,%20Arenas%20y%20Villarejo,%202014.pdf?sequence=1&isAllowed=y' UNION ALL SELECT NULL,NULL,NULL,NULL,NULL,NULL,NULL-- PrPp	script-HTTP::URI_SQLI
2021-09-05T17:21	/xmlui/bitstream/handle/11441/36949/Ram%c3%b3n,%20Peral,%20Arenas%20y%20Villarejo,%202014.pdf?sequence=1&isAllowed=y' UNION ALL SELECT NULL,NULL,NULL,NULL,NULL,NULL,NULL,NULL-- rrKN	script-HTTP::URI_SQLI
2021-09-05T17:21	/xmlui/bitstream/handle/11441/36949/Ram%c3%b3n,%20Peral,%20Arenas%20y%20Villarejo,%202014.pdf?sequence=1&isAllowed=y' UNION ALL SELECT NULL,NULL,NULL,NULL,NULL,NULL,NULL,NULL-- rrKN	script-HTTP::URI_SQLI
2021-09-05T17:21	/xmlui/bitstream/handle/11441/36949/Ram%c3%b3n,%20Peral,%20Arenas%20y%20Villarejo,%202014.pdf?sequence=1&isAllowed=y' UNION ALL SELECT NULL,NULL,NULL,NULL,NULL,NULL,NULL,NULL,NULL-- WvPL	script-HTTP::URI_SQLI
2021-09-05T17:21	/xmlui/bitstream/handle/11441/36949/Ram%c3%b3n,%20Peral,%20Arenas%20y%20Villarejo,%202014.pdf?sequence=1&isAllowed=y' UNION ALL SELECT NULL,NULL,NULL,NULL,NULL,NULL,NULL,NULL,NULL-- WvPL	script-HTTP::URI_SQLI
2021-09-05T17:21	/xmlui/bitstream/handle/11441/36949/Ram%c3%b3n,%20Peral,%20Arenas%20y%20Villarejo,%202014.pdf?sequence=1&isAllowed=y%' UNION ALL SELECT NULL-- Ihek	script-HTTP::URI_SQLI
2021-09-05T17:21	/xmlui/bitstream/handle/11441/36949/Ram%c3%b3n,%20Peral,%20Arenas%20y%20Villarejo,%202014.pdf?sequence=1&isAllowed=y%' UNION ALL SELECT NULL-- Ihek	script-HTTP::URI_SQLI
2021-09-05T17:21	/xmlui/bitstream/handle/11441/36949/Ram%c3%b3n,%20Peral,%20Arenas%20y%20Villarejo,%202014.pdf?sequence=1&isAllowed=y%' UNION ALL SELECT NULL,NULL-- TpoZ	script-HTTP::URI_SQLI
2021-09-05T17:21	/xmlui/bitstream/handle/11441/36949/Ram%c3%b3n,%20Peral,%20Arenas%20y%20Villarejo,%202014.pdf?sequence=1&isAllowed=y%' UNION ALL SELECT NULL,NULL-- TpoZ	script-HTTP::URI_SQLI
2021-09-05T17:21	/xmlui/bitstream/handle/11441/36949/Ram%c3%b3n,%20Peral,%20Arenas%20y%20Villarejo,%202014.pdf?sequence=1&isAllowed=y%' UNION ALL SELECT NULL,NULL,NULL-- PWfy	script-HTTP::URI_SQLI
2021-09-05T17:21	/xmlui/bitstream/handle/11441/36949/Ram%c3%b3n,%20Peral,%20Arenas%20y%20Villarejo,%202014.pdf?sequence=1&isAllowed=y%' UNION ALL SELECT NULL,NULL,NULL-- PWfy	script-HTTP::URI_SQLI
2021-09-05T17:21	/xmlui/bitstream/handle/11441/36949/Ram%c3%b3n,%20Peral,%20Arenas%20y%20Villarejo,%202014.pdf?sequence=1&isAllowed=y%' UNION ALL SELECT NULL,NULL,NULL,NULL-- ZZEI	script-HTTP::URI_SQLI
2021-09-05T17:21	/xmlui/bitstream/handle/11441/36949/Ram%c3%b3n,%20Peral,%20Arenas%20y%20Villarejo,%202014.pdf?sequence=1&isAllowed=y%' UNION ALL SELECT NULL,NULL,NULL,NULL-- ZZEI	script-HTTP::URI_SQLI
2021-09-05T17:21	/xmlui/bitstream/handle/11441/36949/Ram%c3%b3n,%20Peral,%20Arenas%20y%20Villarejo,%202014.pdf?sequence=1&isAllowed=y%' UNION ALL SELECT NULL,NULL,NULL,NULL,NULL-- BvIa	script-HTTP::URI_SQLI
2021-09-05T17:21	/xmlui/bitstream/handle/11441/36949/Ram%c3%b3n,%20Peral,%20Arenas%20y%20Villarejo,%202014.pdf?sequence=1&isAllowed=y%' UNION ALL SELECT NULL,NULL,NULL,NULL,NULL-- BvIa	script-HTTP::URI_SQLI
2021-09-05T17:21	/xmlui/bitstream/handle/11441/36949/Ram%c3%b3n,%20Peral,%20Arenas%20y%20Villarejo,%202014.pdf?sequence=1&isAllowed=y%' UNION ALL SELECT NULL,NULL,NULL,NULL,NULL,NULL-- QDwf	script-HTTP::URI_SQLI
2021-09-05T17:21	/xmlui/bitstream/handle/11441/36949/Ram%c3%b3n,%20Peral,%20Arenas%20y%20Villarejo,%202014.pdf?sequence=1&isAllowed=y%' UNION ALL SELECT NULL,NULL,NULL,NULL,NULL,NULL-- QDwf	script-HTTP::URI_SQLI
2021-09-05T17:21	/xmlui/bitstream/handle/11441/36949/Ram%c3%b3n,%20Peral,%20Arenas%20y%20Villarejo,%202014.pdf?sequence=1&isAllowed=y%' UNION ALL SELECT NULL,NULL,NULL,NULL,NULL,NULL,NULL-- VDih	script-HTTP::URI_SQLI
2021-09-05T17:21	/xmlui/bitstream/handle/11441/36949/Ram%c3%b3n,%20Peral,%20Arenas%20y%20Villarejo,%202014.pdf?sequence=1&isAllowed=y%' UNION ALL SELECT NULL,NULL,NULL,NULL,NULL,NULL,NULL-- VDih	script-HTTP::URI_SQLI
2021-09-05T17:21	/xmlui/bitstream/handle/11441/36949/Ram%c3%b3n,%20Peral,%20Arenas%20y%20Villarejo,%202014.pdf?sequence=1&isAllowed=y%' UNION ALL SELECT NULL,NULL,NULL,NULL,NULL,NULL,NULL,NULL-- okle	script-HTTP::URI_SQLI
2021-09-05T17:21	/xmlui/bitstream/handle/11441/36949/Ram%c3%b3n,%20Peral,%20Arenas%20y%20Villarejo,%202014.pdf?sequence=1&isAllowed=y%' UNION ALL SELECT NULL,NULL,NULL,NULL,NULL,NULL,NULL,NULL-- okle	script-HTTP::URI_SQLI
2021-09-05T17:21	/xmlui/bitstream/handle/11441/36949/Ram%c3%b3n,%20Peral,%20Arenas%20y%20Villarejo,%202014.pdf?sequence=1&isAllowed=y UNION ALL SELECT NULL-- lJAD	script-HTTP::URI_SQLI
2021-09-05T17:21	/xmlui/bitstream/handle/11441/36949/Ram%c3%b3n,%20Peral,%20Arenas%20y%20Villarejo,%202014.pdf?sequence=1&isAllowed=y UNION ALL SELECT NULL-- lJAD	script-HTTP::URI_SQLI
2021-09-05T17:21	/xmlui/bitstream/handle/11441/36949/Ram%c3%b3n,%20Peral,%20Arenas%20y%20Villarejo,%202014.pdf?sequence=1&isAllowed=y UNION ALL SELECT NULL,NULL-- kKaf	script-HTTP::URI_SQLI
2021-09-05T17:21	/xmlui/bitstream/handle/11441/36949/Ram%c3%b3n,%20Peral,%20Arenas%20y%20Villarejo,%202014.pdf?sequence=1&isAllowed=y UNION ALL SELECT NULL,NULL-- kKaf	script-HTTP::URI_SQLI
2021-09-05T17:21	/xmlui/bitstream/handle/11441/36949/Ram%c3%b3n,%20Peral,%20Arenas%20y%20Villarejo,%202014.pdf?sequence=1&isAllowed=y UNION ALL SELECT NULL,NULL,NULL-- XQbk	script-HTTP::URI_SQLI
2021-09-05T17:21	/xmlui/bitstream/handle/11441/36949/Ram%c3%b3n,%20Peral,%20Arenas%20y%20Villarejo,%202014.pdf?sequence=1&isAllowed=y UNION ALL SELECT NULL,NULL,NULL-- XQbk	script-HTTP::URI_SQLI
2021-09-05T17:21	/xmlui/bitstream/handle/11441/36949/Ram%c3%b3n,%20Peral,%20Arenas%20y%20Villarejo,%202014.pdf?sequence=1&isAllowed=y UNION ALL SELECT NULL,NULL,NULL,NULL-- PTVq	script-HTTP::URI_SQLI
2021-09-05T17:21	/xmlui/bitstream/handle/11441/36949/Ram%c3%b3n,%20Peral,%20Arenas%20y%20Villarejo,%202014.pdf?sequence=1&isAllowed=y UNION ALL SELECT NULL,NULL,NULL,NULL-- PTVq	script-HTTP::URI_SQLI
2021-09-05T17:21	/xmlui/bitstream/handle/11441/36949/Ram%c3%b3n,%20Peral,%20Arenas%20y%20Villarejo,%202014.pdf?sequence=1&isAllowed=y UNION ALL SELECT NULL,NULL,NULL,NULL,NULL-- JUJo	script-HTTP::URI_SQLI
2021-09-05T17:21	/xmlui/bitstream/handle/11441/36949/Ram%c3%b3n,%20Peral,%20Arenas%20y%20Villarejo,%202014.pdf?sequence=1&isAllowed=y UNION ALL SELECT NULL,NULL,NULL,NULL,NULL-- JUJo	script-HTTP::URI_SQLI
2021-09-05T17:21	/xmlui/bitstream/handle/11441/36949/Ram%c3%b3n,%20Peral,%20Arenas%20y%20Villarejo,%202014.pdf?sequence=1&isAllowed=y UNION ALL SELECT NULL,NULL,NULL,NULL,NULL,NULL-- Nnai	script-HTTP::URI_SQLI
2021-09-05T17:21	/xmlui/bitstream/handle/11441/36949/Ram%c3%b3n,%20Peral,%20Arenas%20y%20Villarejo,%202014.pdf?sequence=1&isAllowed=y UNION ALL SELECT NULL,NULL,NULL,NULL,NULL,NULL-- Nnai	script-HTTP::URI_SQLI
2021-09-05T17:21	/xmlui/bitstream/handle/11441/36949/Ram%c3%b3n,%20Peral,%20Arenas%20y%20Villarejo,%202014.pdf?sequence=1&isAllowed=y UNION ALL SELECT NULL,NULL,NULL,NULL,NULL,NULL,NULL-- TxZz	script-HTTP::URI_SQLI
2021-09-05T17:21	/xmlui/bitstream/handle/11441/36949/Ram%c3%b3n,%20Peral,%20Arenas%20y%20Villarejo,%202014.pdf?sequence=1&isAllowed=y UNION ALL SELECT NULL,NULL,NULL,NULL,NULL,NULL,NULL-- TxZz	script-HTTP::URI_SQLI
2021-09-05T17:21	/xmlui/bitstream/handle/11441/36949/Ram%c3%b3n,%20Peral,%20Arenas%20y%20Villarejo,%202014.pdf?sequence=1&isAllowed=y UNION ALL SELECT NULL,NULL,NULL,NULL,NULL,NULL,NULL,NULL-- mJAk	script-HTTP::URI_SQLI
2021-09-05T17:21	/xmlui/bitstream/handle/11441/36949/Ram%c3%b3n,%20Peral,%20Arenas%20y%20Villarejo,%202014.pdf?sequence=1&isAllowed=y UNION ALL SELECT NULL,NULL,NULL,NULL,NULL,NULL,NULL,NULL-- mJAk	script-HTTP::URI_SQLI
2021-09-05T17:21	/xmlui/bitstream/handle/11441/36949/Ram%c3%b3n,%20Peral,%20Arenas%20y%20Villarejo,%202014.pdf?sequence=1&isAllowed=y UNION ALL SELECT NULL,NULL,NULL,NULL,NULL,NULL,NULL,NULL,NULL-- CLVG	script-HTTP::URI_SQLI
2021-09-05T17:21	/xmlui/bitstream/handle/11441/36949/Ram%c3%b3n,%20Peral,%20Arenas%20y%20Villarejo,%202014.pdf?sequence=1&isAllowed=y UNION ALL SELECT NULL,NULL,NULL,NULL,NULL,NULL,NULL,NULL,NULL-- CLVG	script-HTTP::URI_SQLI
2021-09-05T17:21	/xmlui/bitstream/handle/11441/36949/Ram%c3%b3n,%20Peral,%20Arenas%20y%20Villarejo,%202014.pdf?sequence=1&isAllowed=y UNION ALL SELECT NULL,NULL,NULL,NULL,NULL,NULL,NULL,NULL,NULL,NULL-- zkdh	script-HTTP::URI_SQLI
2021-09-05T17:21	/xmlui/bitstream/handle/11441/36949/Ram%c3%b3n,%20Peral,%20Arenas%20y%20Villarejo,%202014.pdf?sequence=1&isAllowed=y UNION ALL SELECT NULL,NULL,NULL,NULL,NULL,NULL,NULL,NULL,NULL,NULL-- zkdh	script-HTTP::URI_SQLI
2021-09-05T17:24	/xmlui/bitstream/handle/11441/34597/._ProjectARS_pdf_Ars%20Pharm%2056%282%29_77-87-hol.pdf?sequence=1&isAllowed=y	s2b-1365-5
2021-09-05T17:28	/xmlui/bitstream/handle/11441/17780/Throfic%20restoration%20of%20the%20nigrostriatal%20dopaminergic%20pathway%20in%20long-term%20carotid%20body%20grafted%20parkinsonian%20rats.pdf?sequence=1&isAllowed=y	s2b-1365-5
