URI: /xmlui/bitstream/handle/11441/62510/Long-term%20on-chip.pdf?sequence=1
Type: Signatures::Sensitive_Signature
Message: 192.168.65.136: WEB-ATTACKS rm command attempt
Signature identifier: s2b-1365-5
Timestamp: 2021-09-05T18:16

URI: /xmlui/bitstream/handle/11441/62510/Long-term%20on-chip.pdf?sequence=1
Type: Signatures::Sensitive_Signature
Message: 192.168.65.136: WEB-ATTACKS rm command attempt
Signature identifier: s2b-1365-5
Timestamp: 2021-09-05T18:16

URI: /xmlui/bitstream/handle/11441/32822/12%20An%C3%A1l%20conc%20potencial.pdf?isAllowed=y&sequence=1
Type: Signatures::Sensitive_Signature
Message: 192.168.65.136: WEB-ATTACKS netcat command attempt
Signature identifier: s2b-1360-5
Timestamp: 2021-09-05T18:22

URI: /xmlui/bitstream/handle/11441/63797/TF%20CJCC%20vF.pdf?sequence=1&isAllowed=y
Type: Signatures::Sensitive_Signature
Message: 192.168.65.136: WEB-ATTACKS cc command attempt
Signature identifier: s2b-1344-5
Timestamp: 2021-09-05T18:25

URI: /xmlui/bitstream/handle/11441/41189/On%20the%20contrallability%20of%20parabolic%20systems%20with%20a%20nonlinear%20term%20involving%20the%20state%20and%20the%20gradient.pdf?isAllowed=y&sequence=1
Type: Signatures::Sensitive_Signature
Message: 192.168.65.136: WEB-ATTACKS rm command attempt
Signature identifier: s2b-1365-5
Timestamp: 2021-09-05T18:26

URI: /xmlui/bitstream/handle/11441/47253/Weighted%20norm%20inequalities%20for%20singular%20integral%20operators.pdf?isAllowed=y&sequence=1
Type: Signatures::Sensitive_Signature
Message: 192.168.65.136: WEB-ATTACKS rm command attempt
Signature identifier: s2b-1365-5
Timestamp: 2021-09-05T18:29

URI: /xmlui/bitstream/handle/11441/41619/Description%20of%20some%20families%20of%20filiform%20Lie%20algebras.pdf?isAllowed=y&sequence=1
Type: Signatures::Sensitive_Signature
Message: 192.168.65.136: WEB-ATTACKS rm command attempt
Signature identifier: s2b-1365-5
Timestamp: 2021-09-05T18:34

URI: /xmlui/bitstream/handle/11441/42342/Weighted%20norm%20inequalities%20for%20general%20maximal%20operators.pdf?isAllowed=y&sequence=1
Type: Signatures::Sensitive_Signature
Message: 192.168.65.136: WEB-ATTACKS rm command attempt
Signature identifier: s2b-1365-5
Timestamp: 2021-09-05T18:39

URI: /xmlui/bitstream/handle/11441/48776/Convergence%20of%20weighted%20sums%20of%20random%20variables%20and%20uniform%20integrability%20concerning%20the%20weights.pdf?isAllowed=y&sequence=1
Type: Signatures::Sensitive_Signature
Message: 192.168.65.136: WEB-ATTACKS rm command attempt
Signature identifier: s2b-1365-5
Timestamp: 2021-09-05T18:41

URI: /xmlui/bitstream/handle/11441/42019/Katz-Radon%20transform%20of%20l-adic%20representations.pdf?isAllowed=y&sequence=1
Type: Signatures::Sensitive_Signature
Message: 192.168.65.136: WEB-ATTACKS rm command attempt
Signature identifier: s2b-1365-5
Timestamp: 2021-09-05T18:42

URI: /xmlui/bitstream/handle/11441/48425/The%20essential%20norm%20of%20a%20composition%20operator%20on%20Bloch%20spaces.pdf?isAllowed=y&sequence=1
Type: Signatures::Sensitive_Signature
Message: 192.168.65.136: WEB-ATTACKS rm command attempt
Signature identifier: s2b-1365-5
Timestamp: 2021-09-05T18:44

URI: /xmlui/bitstream/handle/11441/41189/On%20the%20contrallability%20of%20parabolic%20systems%20with%20a%20nonlinear%20term%20involving%20the%20state%20and%20the%20gradient.pdf?isAllowed=y&sequence=1
Type: Signatures::Sensitive_Signature
Message: 192.168.65.136: WEB-ATTACKS rm command attempt
Signature identifier: s2b-1365-5
Timestamp: 2021-09-05T18:49

URI: /xmlui/bitstream/handle/11441/42001/Rationality%20of%20Trace%20and%20Norm%20L-functions.pdf?isAllowed=y&sequence=1
Type: Signatures::Sensitive_Signature
Message: 192.168.65.136: WEB-ATTACKS rm command attempt
Signature identifier: s2b-1365-5
Timestamp: 2021-09-05T18:52

URI: /xmlui/bitstream/handle/11441/32822/12%20An%C3%A1l%20conc%20potencial.pdf?isAllowed=y&sequence=1
Type: Signatures::Sensitive_Signature
Message: 192.168.65.136: WEB-ATTACKS netcat command attempt
Signature identifier: s2b-1360-5
Timestamp: 2021-09-05T18:57

URI: /xmlui/bitstream/handle/11441/43774/Characterization%20of%20complex%20filiform%20Lie%20algebras%20of%20dimension%200%20according%20to%20whether%20they%20are%20or%20not%20derived%20from%20others.pdf?isAllowed=y&sequence=1
Type: Signatures::Sensitive_Signature
Message: 192.168.65.136: WEB-ATTACKS rm command attempt
Signature identifier: s2b-1365-5
Timestamp: 2021-09-05T19:11

URI: /xmlui/bitstream/handle/11441/28554/Robert%20Venturi%2C%20Denise%20Scott%20Brown%20y%20Steven%20Izenour%20Learning%20form%20Las%20Vegas.pdf?isAllowed=y&sequence=1
Type: Signatures::Sensitive_Signature
Message: 192.168.65.136: WEB-ATTACKS rm command attempt
Signature identifier: s2b-1365-5
Timestamp: 2021-09-05T19:16

URI: /xmlui/bitstream/handle/11441/41619/Description%20of%20some%20families%20of%20filiform%20Lie%20algebras.pdf?isAllowed=y&sequence=1
Type: Signatures::Sensitive_Signature
Message: 192.168.65.136: WEB-ATTACKS rm command attempt
Signature identifier: s2b-1365-5
Timestamp: 2021-09-05T19:16

URI: /xmlui/bitstream/handle/11441/48776/Convergence%20of%20weighted%20sums%20of%20random%20variables%20and%20uniform%20integrability%20concerning%20the%20weights.pdf?isAllowed=y&sequence=1
Type: Signatures::Sensitive_Signature
Message: 192.168.65.136: WEB-ATTACKS rm command attempt
Signature identifier: s2b-1365-5
Timestamp: 2021-09-05T19:19

URI: /xmlui/bitstream/handle/11441/47253/Weighted%20norm%20inequalities%20for%20singular%20integral%20operators.pdf?isAllowed=y&sequence=1
Type: Signatures::Sensitive_Signature
Message: 192.168.65.136: WEB-ATTACKS rm command attempt
Signature identifier: s2b-1365-5
Timestamp: 2021-09-05T19:20

URI: /xmlui/bitstream/handle/11441/42342/Weighted%20norm%20inequalities%20for%20general%20maximal%20operators.pdf?isAllowed=y&sequence=1
Type: Signatures::Sensitive_Signature
Message: 192.168.65.136: WEB-ATTACKS rm command attempt
Signature identifier: s2b-1365-5
Timestamp: 2021-09-05T19:29

URI: /xmlui/bitstream/handle/11441/42019/Katz-Radon%20transform%20of%20l-adic%20representations.pdf?isAllowed=y&sequence=1
Type: Signatures::Sensitive_Signature
Message: 192.168.65.136: WEB-ATTACKS rm command attempt
Signature identifier: s2b-1365-5
Timestamp: 2021-09-05T19:33

URI: /xmlui/bitstream/handle/11441/42335/Two%20weighted%20norm%20inequalities%20for%20Riesz%20potentials%20and%20uniform%20LpLp--weigthed%20Sobolev%20inequalities.pdf?isAllowed=y&sequence=1
Type: Signatures::Sensitive_Signature
Message: 192.168.65.136: WEB-ATTACKS rm command attempt
Signature identifier: s2b-1365-5
Timestamp: 2021-09-05T19:35

URI: /xmlui/bitstream/handle/11441/48500/Sharp%20two-weight%2C%20weak-type%20norm%20inequalities%20for%20singular%20integral%20operators.pdf?isAllowed=y&sequence=1
Type: Signatures::Sensitive_Signature
Message: 192.168.65.136: WEB-ATTACKS rm command attempt
Signature identifier: s2b-1365-5
Timestamp: 2021-09-05T19:36

URI: /xmlui/bitstream/handle/11441/42074/A%20comparison%20of%20three%20turbulence%20models%20with%20an%20application%20to%20the%20West%20Pacific%20Warm%20Pool.pdf?isAllowed=y&sequence=1
Type: Signatures::Sensitive_Signature
Message: 192.168.65.136: WEB-ATTACKS rm command attempt
Signature identifier: s2b-1365-5
Timestamp: 2021-09-05T19:38

URI: /xmlui/bitstream/handle/11441/29218/QuiA%ef%bf%bdn%20hay%20ahA%ef%bf%bd%202.0.pdf?sequence=1&isAllowed=y);SELECT PG_SLEEP(5)--
Type: HTTP::SQL_Injection_Attacker
Message: An SQL injection attacker was discovered!
Signature identifier: script-HTTP::URI_SQLI
Timestamp: 2021-09-05T19:39

URI: /xmlui/bitstream/handle/11441/29218/QuiA%ef%bf%bdn%20hay%20ahA%ef%bf%bd%202.0.pdf?sequence=1&isAllowed=y);SELECT PG_SLEEP(5)--
Type: HTTP::SQL_Injection_Victim
Message: An SQL injection victim was discovered!
Signature identifier: script-HTTP::URI_SQLI
Timestamp: 2021-09-05T19:39

URI: /xmlui/bitstream/handle/11441/29218/QuiA%ef%bf%bdn%20hay%20ahA%ef%bf%bd%202.0.pdf?sequence=1&isAllowed=y;SELECT PG_SLEEP(5)--
Type: HTTP::SQL_Injection_Attacker
Message: An SQL injection attacker was discovered!
Signature identifier: script-HTTP::URI_SQLI
Timestamp: 2021-09-05T19:39

URI: /xmlui/bitstream/handle/11441/29218/QuiA%ef%bf%bdn%20hay%20ahA%ef%bf%bd%202.0.pdf?sequence=1&isAllowed=y;SELECT PG_SLEEP(5)--
Type: HTTP::SQL_Injection_Victim
Message: An SQL injection victim was discovered!
Signature identifier: script-HTTP::URI_SQLI
Timestamp: 2021-09-05T19:39

URI: /xmlui/bitstream/handle/11441/29218/QuiA%ef%bf%bdn%20hay%20ahA%ef%bf%bd%202.0.pdf?sequence=1&isAllowed=y');SELECT PG_SLEEP(5)--
Type: HTTP::SQL_Injection_Attacker
Message: An SQL injection attacker was discovered!
Signature identifier: script-HTTP::URI_SQLI
Timestamp: 2021-09-05T19:39

URI: /xmlui/bitstream/handle/11441/29218/QuiA%ef%bf%bdn%20hay%20ahA%ef%bf%bd%202.0.pdf?sequence=1&isAllowed=y');SELECT PG_SLEEP(5)--
Type: HTTP::SQL_Injection_Victim
Message: An SQL injection victim was discovered!
Signature identifier: script-HTTP::URI_SQLI
Timestamp: 2021-09-05T19:39

URI: /xmlui/bitstream/handle/11441/29218/QuiA%ef%bf%bdn%20hay%20ahA%ef%bf%bd%202.0.pdf?sequence=1&isAllowed=y';SELECT PG_SLEEP(5)--
Type: HTTP::SQL_Injection_Attacker
Message: An SQL injection attacker was discovered!
Signature identifier: script-HTTP::URI_SQLI
Timestamp: 2021-09-05T19:39

URI: /xmlui/bitstream/handle/11441/29218/QuiA%ef%bf%bdn%20hay%20ahA%ef%bf%bd%202.0.pdf?sequence=1&isAllowed=y';SELECT PG_SLEEP(5)--
Type: HTTP::SQL_Injection_Victim
Message: An SQL injection victim was discovered!
Signature identifier: script-HTTP::URI_SQLI
Timestamp: 2021-09-05T19:39

URI: /xmlui/bitstream/handle/11441/29218/QuiA%ef%bf%bdn%20hay%20ahA%ef%bf%bd%202.0.pdf?sequence=1&isAllowed=y%';SELECT PG_SLEEP(5)--
Type: HTTP::SQL_Injection_Attacker
Message: An SQL injection attacker was discovered!
Signature identifier: script-HTTP::URI_SQLI
Timestamp: 2021-09-05T19:39

URI: /xmlui/bitstream/handle/11441/29218/QuiA%ef%bf%bdn%20hay%20ahA%ef%bf%bd%202.0.pdf?sequence=1&isAllowed=y%';SELECT PG_SLEEP(5)--
Type: HTTP::SQL_Injection_Victim
Message: An SQL injection victim was discovered!
Signature identifier: script-HTTP::URI_SQLI
Timestamp: 2021-09-05T19:39

URI: /xmlui/bitstream/handle/11441/48425/The%20essential%20norm%20of%20a%20composition%20operator%20on%20Bloch%20spaces.pdf?isAllowed=y&sequence=1
Type: Signatures::Sensitive_Signature
Message: 192.168.65.136: WEB-ATTACKS rm command attempt
Signature identifier: s2b-1365-5
Timestamp: 2021-09-05T19:45

URI: /xmlui/bitstream/handle/11441/41189/On%20the%20contrallability%20of%20parabolic%20systems%20with%20a%20nonlinear%20term%20involving%20the%20state%20and%20the%20gradient.pdf?sequence=1
Type: Signatures::Sensitive_Signature
Message: 192.168.65.136: WEB-ATTACKS rm command attempt
Signature identifier: s2b-1365-5
Timestamp: 2021-09-05T19:47

URI: /xmlui/bitstream/handle/11441/42074/A%20comparison%20of%20three%20turbulence%20models%20with%20an%20application%20to%20the%20West%20Pacific%20Warm%20Pool.pdf?sequence=1&isAllowed=y
Type: Signatures::Sensitive_Signature
Message: 192.168.65.136: WEB-ATTACKS rm command attempt
Signature identifier: s2b-1365-5
Timestamp: 2021-09-05T19:50

URI: /xmlui/bitstream/handle/11441/47759/MATRIMONIO%20Y%20BIENESTAR%20SOCIOEMOCIONAL%20Bericat%2004.pdf?sequence=1
Type: Signatures::Sensitive_Signature
Message: 192.168.65.136: WEB-MISC cat%20 access
Signature identifier: s2b-1147-7
Timestamp: 2021-09-05T20:00

URI: /xmlui/bitstream/handle/11441/40490/A%20particle%20swarm%20optimization%20algorithm%20for%20optimal%20car-call%20allocation%20in%20elevator%20group%20control%20systems.pdf;sequence=1
Type: Signatures::Sensitive_Signature
Message: 192.168.65.136: WEB-ATTACKS rm command attempt
Signature identifier: s2b-1365-5
Timestamp: 2021-09-05T20:08

