URI: /xmlui/bitstream/handle/11441/47759/MATRIMONIO%20Y%20BIENESTAR%20SOCIOEMOCIONAL%20Bericat%2004.pdf?sequence=1
Type: Signatures::Sensitive_Signature
Message: 192.168.65.136: WEB-MISC cat%20 access
Signature identifier: s2b-1147-7
Timestamp: 2021-09-05T12:49

URI: /xmlui/bitstream/handle/11441/47759/MATRIMONIO%20Y%20BIENESTAR%20SOCIOEMOCIONAL%20Bericat%2004.pdf?sequence=1
Type: Signatures::Sensitive_Signature
Message: 192.168.65.136: WEB-MISC cat%20 access
Signature identifier: s2b-1147-7
Timestamp: 2021-09-05T12:51

URI: /xmlui/bitstream/handle/11441/65014/In%20vitro%20activities%20of%20ketolide%20HMR%203647,%20macrolides,%20and%20clindamycin%20against%20coryneform%20bacteria.pdf?sequence=1
Type: Signatures::Sensitive_Signature
Message: 192.168.65.136: WEB-ATTACKS rm command attempt
Signature identifier: s2b-1365-5
Timestamp: 2021-09-05T12:56

URI: /xmlui/bitstream/handle/11441/34597/._ProjectARS_pdf_Ars%20Pharm%2056%282%29_77-87-hol.pdf?sequence=1&isAllowed=y
Type: Signatures::Sensitive_Signature
Message: 192.168.65.136: WEB-ATTACKS rm command attempt
Signature identifier: s2b-1365-5
Timestamp: 2021-09-05T13:02

URI: /xmlui/bitstream/handle/11441/47759/MATRIMONIO%20Y%20BIENESTAR%20SOCIOEMOCIONAL%20Bericat%2004.pdf?sequence=1
Type: Signatures::Sensitive_Signature
Message: 192.168.65.136: WEB-MISC cat%20 access
Signature identifier: s2b-1147-7
Timestamp: 2021-09-05T13:03

URI: /xmlui/bitstream/handle/11441/47759/MATRIMONIO%20Y%20BIENESTAR%20SOCIOEMOCIONAL%20Bericat%2004.pdf?sequence=1
Type: Signatures::Sensitive_Signature
Message: 192.168.65.136: WEB-MISC cat%20 access
Signature identifier: s2b-1147-7
Timestamp: 2021-09-05T13:03

URI: /xmlui/browse?value=Bericat%20Alastuey,%20Eduardo&type=author
Type: Signatures::Sensitive_Signature
Message: 192.168.65.136: WEB-MISC cat%20 access
Signature identifier: s2b-1147-7
Timestamp: 2021-09-05T13:11

URI: /xmlui/bitstream/handle/11441/42335/Two%20weighted%20norm%20inequalities%20for%20Riesz%20potentials%20and%20uniform%20LpLp--weigthed%20Sobolev%20inequalities.pdf?sequence=1
Type: Signatures::Sensitive_Signature
Message: 192.168.65.136: WEB-ATTACKS rm command attempt
Signature identifier: s2b-1365-5
Timestamp: 2021-09-05T13:13

