2021-09-06T16:15	/xmlui/bitstream/handle/11441/15946/K_Tesis-PROV21.pdf?sequence=-1&isAllowed=../etc/passwd	s2b-1113-5
2021-09-06T16:15	/xmlui/bitstream/handle/11441/15946/K_Tesis-PROV21.pdf?sequence=-1&isAllowed=../etc/passwd%00	s2b-1113-5
2021-09-06T16:15	/xmlui/bitstream/handle/11441/15946/K_Tesis-PROV21.pdf?sequence=-1&isAllowed=../../etc/passwd	s2b-1113-5
2021-09-06T16:15	/xmlui/bitstream/handle/11441/15946/K_Tesis-PROV21.pdf?sequence=-1&isAllowed=../../etc/passwd%00	s2b-1113-5
2021-09-06T16:15	/xmlui/bitstream/handle/11441/15946/K_Tesis-PROV21.pdf?sequence=-1&isAllowed=../../../etc/passwd	s2b-1113-5
2021-09-06T16:15	/xmlui/bitstream/handle/11441/15946/K_Tesis-PROV21.pdf?sequence=-1&isAllowed=../../../etc/passwd%00	s2b-1113-5
2021-09-06T16:15	/xmlui/bitstream/handle/11441/15946/K_Tesis-PROV21.pdf?sequence=-1&isAllowed=../../../../etc/passwd	s2b-1113-5
2021-09-06T16:15	/xmlui/bitstream/handle/11441/15946/K_Tesis-PROV21.pdf?sequence=-1&isAllowed=../../../../etc/passwd%00	s2b-1113-5
2021-09-06T16:15	/xmlui/bitstream/handle/11441/15946/K_Tesis-PROV21.pdf?sequence=-1&isAllowed=../../../../../etc/passwd	s2b-1113-5
2021-09-06T16:15	/xmlui/bitstream/handle/11441/15946/K_Tesis-PROV21.pdf?sequence=-1&isAllowed=../../../../../etc/passwd%00	s2b-1113-5
2021-09-06T16:15	/xmlui/bitstream/handle/11441/15946/K_Tesis-PROV21.pdf?sequence=-1&isAllowed=../../../../../../etc/passwd	s2b-1113-5
2021-09-06T16:15	/xmlui/bitstream/handle/11441/15946/K_Tesis-PROV21.pdf?sequence=-1&isAllowed=../../../../../../etc/passwd%00	s2b-1113-5
2021-09-06T16:15	/xmlui/bitstream/handle/11441/15946/K_Tesis-PROV21.pdf?sequence=-1&isAllowed=../../../../../../../etc/passwd	s2b-1113-5
2021-09-06T16:15	/xmlui/bitstream/handle/11441/15946/K_Tesis-PROV21.pdf?sequence=-1&isAllowed=../../../../../../../etc/passwd%00	s2b-1113-5
2021-09-06T16:15	/xmlui/bitstream/handle/11441/15946/K_Tesis-PROV21.pdf?sequence=-1&isAllowed=../../../../../../../../etc/passwd	s2b-1113-5
2021-09-06T16:15	/xmlui/bitstream/handle/11441/15946/K_Tesis-PROV21.pdf?sequence=-1&isAllowed=../../../../../../../../etc/passwd%00	s2b-1113-5
2021-09-06T16:15	/xmlui/bitstream/handle/11441/15946/K_Tesis-PROV21.pdf?sequence=-1&isAllowed=../../../../../../../../../etc/passwd	s2b-1113-5
2021-09-06T16:15	/xmlui/bitstream/handle/11441/15946/K_Tesis-PROV21.pdf?sequence=-1&isAllowed=../../../../../../../../../etc/passwd%00	s2b-1113-5
2021-09-06T16:21	/xmlui/bitstream/handle/11441/74637/TESIS%20NICOMEDES%20RODRIGUEZ%20GUTIERREZ%20%20ATENTADO,%20RESISTENCIA%20Y%20DESOBEDIENCIA%20A%20LA%20AUTORIDAD%20Y%20FUNCIONARIOS.pdf?sequence=1&isAllowed=../etc/passwd	s2b-1113-5
2021-09-06T16:21	/xmlui/bitstream/handle/11441/74637/TESIS%20NICOMEDES%20RODRIGUEZ%20GUTIERREZ%20%20ATENTADO,%20RESISTENCIA%20Y%20DESOBEDIENCIA%20A%20LA%20AUTORIDAD%20Y%20FUNCIONARIOS.pdf?sequence=1&isAllowed=../etc/passwd%00	s2b-1113-5
2021-09-06T16:21	/xmlui/bitstream/handle/11441/74637/TESIS%20NICOMEDES%20RODRIGUEZ%20GUTIERREZ%20%20ATENTADO,%20RESISTENCIA%20Y%20DESOBEDIENCIA%20A%20LA%20AUTORIDAD%20Y%20FUNCIONARIOS.pdf?sequence=1&isAllowed=../../etc/passwd	s2b-1113-5
2021-09-06T16:22	/xmlui/bitstream/handle/11441/74637/TESIS%20NICOMEDES%20RODRIGUEZ%20GUTIERREZ%20%20ATENTADO,%20RESISTENCIA%20Y%20DESOBEDIENCIA%20A%20LA%20AUTORIDAD%20Y%20FUNCIONARIOS.pdf?sequence=1&isAllowed=../../etc/passwd%00	s2b-1113-5
2021-09-06T16:22	/xmlui/bitstream/handle/11441/74637/TESIS%20NICOMEDES%20RODRIGUEZ%20GUTIERREZ%20%20ATENTADO,%20RESISTENCIA%20Y%20DESOBEDIENCIA%20A%20LA%20AUTORIDAD%20Y%20FUNCIONARIOS.pdf?sequence=1&isAllowed=../../../etc/passwd	s2b-1113-5
2021-09-06T16:22	/xmlui/bitstream/handle/11441/74637/TESIS%20NICOMEDES%20RODRIGUEZ%20GUTIERREZ%20%20ATENTADO,%20RESISTENCIA%20Y%20DESOBEDIENCIA%20A%20LA%20AUTORIDAD%20Y%20FUNCIONARIOS.pdf?sequence=1&isAllowed=../../../etc/passwd%00	s2b-1113-5
2021-09-06T16:22	/xmlui/bitstream/handle/11441/74637/TESIS%20NICOMEDES%20RODRIGUEZ%20GUTIERREZ%20%20ATENTADO,%20RESISTENCIA%20Y%20DESOBEDIENCIA%20A%20LA%20AUTORIDAD%20Y%20FUNCIONARIOS.pdf?sequence=1&isAllowed=../../../../etc/passwd	s2b-1113-5
2021-09-06T16:22	/xmlui/bitstream/handle/11441/74637/TESIS%20NICOMEDES%20RODRIGUEZ%20GUTIERREZ%20%20ATENTADO,%20RESISTENCIA%20Y%20DESOBEDIENCIA%20A%20LA%20AUTORIDAD%20Y%20FUNCIONARIOS.pdf?sequence=1&isAllowed=../../../../etc/passwd%00	s2b-1113-5
2021-09-06T16:22	/xmlui/bitstream/handle/11441/74637/TESIS%20NICOMEDES%20RODRIGUEZ%20GUTIERREZ%20%20ATENTADO,%20RESISTENCIA%20Y%20DESOBEDIENCIA%20A%20LA%20AUTORIDAD%20Y%20FUNCIONARIOS.pdf?sequence=1&isAllowed=../../../../../etc/passwd	s2b-1113-5
2021-09-06T16:22	/xmlui/bitstream/handle/11441/74637/TESIS%20NICOMEDES%20RODRIGUEZ%20GUTIERREZ%20%20ATENTADO,%20RESISTENCIA%20Y%20DESOBEDIENCIA%20A%20LA%20AUTORIDAD%20Y%20FUNCIONARIOS.pdf?sequence=1&isAllowed=../../../../../etc/passwd%00	s2b-1113-5
2021-09-06T16:22	/xmlui/bitstream/handle/11441/74637/TESIS%20NICOMEDES%20RODRIGUEZ%20GUTIERREZ%20%20ATENTADO,%20RESISTENCIA%20Y%20DESOBEDIENCIA%20A%20LA%20AUTORIDAD%20Y%20FUNCIONARIOS.pdf?sequence=1&isAllowed=../../../../../../etc/passwd	s2b-1113-5
2021-09-06T16:22	/xmlui/bitstream/handle/11441/74637/TESIS%20NICOMEDES%20RODRIGUEZ%20GUTIERREZ%20%20ATENTADO,%20RESISTENCIA%20Y%20DESOBEDIENCIA%20A%20LA%20AUTORIDAD%20Y%20FUNCIONARIOS.pdf?sequence=1&isAllowed=../../../../../../etc/passwd%00	s2b-1113-5
2021-09-06T16:23	/xmlui/bitstream/handle/11441/74637/TESIS%20NICOMEDES%20RODRIGUEZ%20GUTIERREZ%20%20ATENTADO,%20RESISTENCIA%20Y%20DESOBEDIENCIA%20A%20LA%20AUTORIDAD%20Y%20FUNCIONARIOS.pdf?sequence=1&isAllowed=../../../../../../../etc/passwd	s2b-1113-5
2021-09-06T16:23	/xmlui/bitstream/handle/11441/74637/TESIS%20NICOMEDES%20RODRIGUEZ%20GUTIERREZ%20%20ATENTADO,%20RESISTENCIA%20Y%20DESOBEDIENCIA%20A%20LA%20AUTORIDAD%20Y%20FUNCIONARIOS.pdf?sequence=1&isAllowed=../../../../../../../etc/passwd%00	s2b-1113-5
2021-09-06T16:23	/xmlui/bitstream/handle/11441/30796/Pages from lamujerenelespejomediatico_1-6.pdf?sequence=1);SELECT PG_SLEEP(5)--	script-HTTP::URI_SQLI
2021-09-06T16:23	/xmlui/bitstream/handle/11441/30796/Pages from lamujerenelespejomediatico_1-6.pdf?sequence=1);SELECT PG_SLEEP(5)--	script-HTTP::URI_SQLI
2021-09-06T16:23	/xmlui/bitstream/handle/11441/30796/Pages from lamujerenelespejomediatico_1-6.pdf?sequence=1;SELECT PG_SLEEP(5)--	script-HTTP::URI_SQLI
2021-09-06T16:23	/xmlui/bitstream/handle/11441/30796/Pages from lamujerenelespejomediatico_1-6.pdf?sequence=1;SELECT PG_SLEEP(5)--	script-HTTP::URI_SQLI
2021-09-06T16:23	/xmlui/bitstream/handle/11441/30796/Pages from lamujerenelespejomediatico_1-6.pdf?sequence=1');SELECT PG_SLEEP(5)--	script-HTTP::URI_SQLI
2021-09-06T16:23	/xmlui/bitstream/handle/11441/30796/Pages from lamujerenelespejomediatico_1-6.pdf?sequence=1');SELECT PG_SLEEP(5)--	script-HTTP::URI_SQLI
2021-09-06T16:23	/xmlui/bitstream/handle/11441/30796/Pages from lamujerenelespejomediatico_1-6.pdf?sequence=1';SELECT PG_SLEEP(5)--	script-HTTP::URI_SQLI
2021-09-06T16:23	/xmlui/bitstream/handle/11441/30796/Pages from lamujerenelespejomediatico_1-6.pdf?sequence=1';SELECT PG_SLEEP(5)--	script-HTTP::URI_SQLI
2021-09-06T16:23	/xmlui/bitstream/handle/11441/30796/Pages from lamujerenelespejomediatico_1-6.pdf?sequence=1%';SELECT PG_SLEEP(5)--	script-HTTP::URI_SQLI
2021-09-06T16:23	/xmlui/bitstream/handle/11441/30796/Pages from lamujerenelespejomediatico_1-6.pdf?sequence=1%';SELECT PG_SLEEP(5)--	script-HTTP::URI_SQLI
2021-09-06T16:23	/xmlui/bitstream/handle/11441/30796/Pages from lamujerenelespejomediatico_1-6.pdf?sequence=1);SELECT DBMS_PIPE.RECEIVE_MESSAGE(CHR(85)||CHR(77)||CHR(120)||CHR(108),5) FROM DUAL--	script-HTTP::URI_SQLI
2021-09-06T16:23	/xmlui/bitstream/handle/11441/30796/Pages from lamujerenelespejomediatico_1-6.pdf?sequence=1);SELECT DBMS_PIPE.RECEIVE_MESSAGE(CHR(85)||CHR(77)||CHR(120)||CHR(108),5) FROM DUAL--	script-HTTP::URI_SQLI
2021-09-06T16:23	/xmlui/bitstream/handle/11441/30796/Pages from lamujerenelespejomediatico_1-6.pdf?sequence=1;SELECT DBMS_PIPE.RECEIVE_MESSAGE(CHR(85)||CHR(77)||CHR(120)||CHR(108),5) FROM DUAL--	script-HTTP::URI_SQLI
2021-09-06T16:23	/xmlui/bitstream/handle/11441/30796/Pages from lamujerenelespejomediatico_1-6.pdf?sequence=1;SELECT DBMS_PIPE.RECEIVE_MESSAGE(CHR(85)||CHR(77)||CHR(120)||CHR(108),5) FROM DUAL--	script-HTTP::URI_SQLI
2021-09-06T16:23	/xmlui/bitstream/handle/11441/30796/Pages from lamujerenelespejomediatico_1-6.pdf?sequence=1';SELECT DBMS_PIPE.RECEIVE_MESSAGE(CHR(85)||CHR(77)||CHR(120)||CHR(108),5) FROM DUAL--	script-HTTP::URI_SQLI
2021-09-06T16:23	/xmlui/bitstream/handle/11441/30796/Pages from lamujerenelespejomediatico_1-6.pdf?sequence=1';SELECT DBMS_PIPE.RECEIVE_MESSAGE(CHR(85)||CHR(77)||CHR(120)||CHR(108),5) FROM DUAL--	script-HTTP::URI_SQLI
2021-09-06T16:23	/xmlui/bitstream/handle/11441/30796/Pages from lamujerenelespejomediatico_1-6.pdf?sequence=1 UNION ALL SELECT NULL-- asue	script-HTTP::URI_SQLI
2021-09-06T16:23	/xmlui/bitstream/handle/11441/30796/Pages from lamujerenelespejomediatico_1-6.pdf?sequence=1 UNION ALL SELECT NULL-- asue	script-HTTP::URI_SQLI
2021-09-06T16:23	/xmlui/bitstream/handle/11441/30796/Pages from lamujerenelespejomediatico_1-6.pdf?sequence=1 UNION ALL SELECT NULL,NULL-- pkzc	script-HTTP::URI_SQLI
2021-09-06T16:23	/xmlui/bitstream/handle/11441/30796/Pages from lamujerenelespejomediatico_1-6.pdf?sequence=1 UNION ALL SELECT NULL,NULL-- pkzc	script-HTTP::URI_SQLI
2021-09-06T16:23	/xmlui/bitstream/handle/11441/30796/Pages from lamujerenelespejomediatico_1-6.pdf?sequence=1 UNION ALL SELECT NULL,NULL,NULL-- XBKe	script-HTTP::URI_SQLI
2021-09-06T16:23	/xmlui/bitstream/handle/11441/30796/Pages from lamujerenelespejomediatico_1-6.pdf?sequence=1 UNION ALL SELECT NULL,NULL,NULL-- XBKe	script-HTTP::URI_SQLI
2021-09-06T16:23	/xmlui/bitstream/handle/11441/30796/Pages from lamujerenelespejomediatico_1-6.pdf?sequence=1 UNION ALL SELECT NULL,NULL,NULL,NULL-- VkZD	script-HTTP::URI_SQLI
2021-09-06T16:23	/xmlui/bitstream/handle/11441/30796/Pages from lamujerenelespejomediatico_1-6.pdf?sequence=1 UNION ALL SELECT NULL,NULL,NULL,NULL-- VkZD	script-HTTP::URI_SQLI
2021-09-06T16:23	/xmlui/bitstream/handle/11441/30796/Pages from lamujerenelespejomediatico_1-6.pdf?sequence=1 UNION ALL SELECT NULL,NULL,NULL,NULL,NULL-- sxby	script-HTTP::URI_SQLI
2021-09-06T16:23	/xmlui/bitstream/handle/11441/30796/Pages from lamujerenelespejomediatico_1-6.pdf?sequence=1 UNION ALL SELECT NULL,NULL,NULL,NULL,NULL-- sxby	script-HTTP::URI_SQLI
2021-09-06T16:23	/xmlui/bitstream/handle/11441/30796/Pages from lamujerenelespejomediatico_1-6.pdf?sequence=1 UNION ALL SELECT NULL,NULL,NULL,NULL,NULL,NULL-- YRUc	script-HTTP::URI_SQLI
2021-09-06T16:23	/xmlui/bitstream/handle/11441/30796/Pages from lamujerenelespejomediatico_1-6.pdf?sequence=1 UNION ALL SELECT NULL,NULL,NULL,NULL,NULL,NULL-- YRUc	script-HTTP::URI_SQLI
2021-09-06T16:23	/xmlui/bitstream/handle/11441/30796/Pages from lamujerenelespejomediatico_1-6.pdf?sequence=1 UNION ALL SELECT NULL,NULL,NULL,NULL,NULL,NULL,NULL-- DTyH	script-HTTP::URI_SQLI
2021-09-06T16:23	/xmlui/bitstream/handle/11441/30796/Pages from lamujerenelespejomediatico_1-6.pdf?sequence=1 UNION ALL SELECT NULL,NULL,NULL,NULL,NULL,NULL,NULL-- DTyH	script-HTTP::URI_SQLI
2021-09-06T16:23	/xmlui/bitstream/handle/11441/30796/Pages from lamujerenelespejomediatico_1-6.pdf?sequence=1 UNION ALL SELECT NULL,NULL,NULL,NULL,NULL,NULL,NULL,NULL-- iMBg	script-HTTP::URI_SQLI
2021-09-06T16:23	/xmlui/bitstream/handle/11441/30796/Pages from lamujerenelespejomediatico_1-6.pdf?sequence=1 UNION ALL SELECT NULL,NULL,NULL,NULL,NULL,NULL,NULL,NULL-- iMBg	script-HTTP::URI_SQLI
2021-09-06T16:23	/xmlui/bitstream/handle/11441/30796/Pages from lamujerenelespejomediatico_1-6.pdf?sequence=1 UNION ALL SELECT NULL,NULL,NULL,NULL,NULL,NULL,NULL,NULL,NULL-- kJuc	script-HTTP::URI_SQLI
2021-09-06T16:23	/xmlui/bitstream/handle/11441/30796/Pages from lamujerenelespejomediatico_1-6.pdf?sequence=1 UNION ALL SELECT NULL,NULL,NULL,NULL,NULL,NULL,NULL,NULL,NULL-- kJuc	script-HTTP::URI_SQLI
2021-09-06T16:23	/xmlui/bitstream/handle/11441/30796/Pages from lamujerenelespejomediatico_1-6.pdf?sequence=1 UNION ALL SELECT NULL,NULL,NULL,NULL,NULL,NULL,NULL,NULL,NULL,NULL-- GoJw	script-HTTP::URI_SQLI
2021-09-06T16:23	/xmlui/bitstream/handle/11441/30796/Pages from lamujerenelespejomediatico_1-6.pdf?sequence=1 UNION ALL SELECT NULL,NULL,NULL,NULL,NULL,NULL,NULL,NULL,NULL,NULL-- GoJw	script-HTTP::URI_SQLI
2021-09-06T16:23	/xmlui/bitstream/handle/11441/30796/Pages from lamujerenelespejomediatico_1-6.pdf?sequence=1 UNION ALL SELECT NULL-- Hwya	script-HTTP::URI_SQLI
2021-09-06T16:23	/xmlui/bitstream/handle/11441/30796/Pages from lamujerenelespejomediatico_1-6.pdf?sequence=1 UNION ALL SELECT NULL-- Hwya	script-HTTP::URI_SQLI
2021-09-06T16:23	/xmlui/bitstream/handle/11441/30796/Pages from lamujerenelespejomediatico_1-6.pdf?sequence=1 UNION ALL SELECT NULL,NULL-- ShTJ	script-HTTP::URI_SQLI
2021-09-06T16:23	/xmlui/bitstream/handle/11441/30796/Pages from lamujerenelespejomediatico_1-6.pdf?sequence=1 UNION ALL SELECT NULL,NULL-- ShTJ	script-HTTP::URI_SQLI
2021-09-06T16:23	/xmlui/bitstream/handle/11441/30796/Pages from lamujerenelespejomediatico_1-6.pdf?sequence=1 UNION ALL SELECT NULL,NULL,NULL-- gioJ	script-HTTP::URI_SQLI
2021-09-06T16:23	/xmlui/bitstream/handle/11441/30796/Pages from lamujerenelespejomediatico_1-6.pdf?sequence=1 UNION ALL SELECT NULL,NULL,NULL-- gioJ	script-HTTP::URI_SQLI
2021-09-06T16:23	/xmlui/bitstream/handle/11441/30796/Pages from lamujerenelespejomediatico_1-6.pdf?sequence=1 UNION ALL SELECT NULL,NULL,NULL,NULL-- rrzv	script-HTTP::URI_SQLI
2021-09-06T16:23	/xmlui/bitstream/handle/11441/30796/Pages from lamujerenelespejomediatico_1-6.pdf?sequence=1 UNION ALL SELECT NULL,NULL,NULL,NULL-- rrzv	script-HTTP::URI_SQLI
2021-09-06T16:23	/xmlui/bitstream/handle/11441/30796/Pages from lamujerenelespejomediatico_1-6.pdf?sequence=1 UNION ALL SELECT NULL,NULL,NULL,NULL,NULL-- xVVf	script-HTTP::URI_SQLI
2021-09-06T16:23	/xmlui/bitstream/handle/11441/30796/Pages from lamujerenelespejomediatico_1-6.pdf?sequence=1 UNION ALL SELECT NULL,NULL,NULL,NULL,NULL-- xVVf	script-HTTP::URI_SQLI
2021-09-06T16:23	/xmlui/bitstream/handle/11441/30796/Pages from lamujerenelespejomediatico_1-6.pdf?sequence=1 UNION ALL SELECT NULL,NULL,NULL,NULL,NULL,NULL-- xZPH	script-HTTP::URI_SQLI
2021-09-06T16:23	/xmlui/bitstream/handle/11441/30796/Pages from lamujerenelespejomediatico_1-6.pdf?sequence=1 UNION ALL SELECT NULL,NULL,NULL,NULL,NULL,NULL-- xZPH	script-HTTP::URI_SQLI
2021-09-06T16:23	/xmlui/bitstream/handle/11441/30796/Pages from lamujerenelespejomediatico_1-6.pdf?sequence=1 UNION ALL SELECT NULL,NULL,NULL,NULL,NULL,NULL,NULL-- DHPK	script-HTTP::URI_SQLI
2021-09-06T16:23	/xmlui/bitstream/handle/11441/30796/Pages from lamujerenelespejomediatico_1-6.pdf?sequence=1 UNION ALL SELECT NULL,NULL,NULL,NULL,NULL,NULL,NULL-- DHPK	script-HTTP::URI_SQLI
2021-09-06T16:23	/xmlui/bitstream/handle/11441/30796/Pages from lamujerenelespejomediatico_1-6.pdf?sequence=1 UNION ALL SELECT NULL,NULL,NULL,NULL,NULL,NULL,NULL,NULL-- VXag	script-HTTP::URI_SQLI
2021-09-06T16:23	/xmlui/bitstream/handle/11441/30796/Pages from lamujerenelespejomediatico_1-6.pdf?sequence=1 UNION ALL SELECT NULL,NULL,NULL,NULL,NULL,NULL,NULL,NULL-- VXag	script-HTTP::URI_SQLI
2021-09-06T16:23	/xmlui/bitstream/handle/11441/30796/Pages from lamujerenelespejomediatico_1-6.pdf?sequence=1 UNION ALL SELECT NULL,NULL,NULL,NULL,NULL,NULL,NULL,NULL,NULL-- lyzP	script-HTTP::URI_SQLI
2021-09-06T16:23	/xmlui/bitstream/handle/11441/30796/Pages from lamujerenelespejomediatico_1-6.pdf?sequence=1 UNION ALL SELECT NULL,NULL,NULL,NULL,NULL,NULL,NULL,NULL,NULL-- lyzP	script-HTTP::URI_SQLI
2021-09-06T16:23	/xmlui/bitstream/handle/11441/30796/Pages from lamujerenelespejomediatico_1-6.pdf?sequence=1 UNION ALL SELECT NULL,NULL,NULL,NULL,NULL,NULL,NULL,NULL,NULL,NULL-- DSUH	script-HTTP::URI_SQLI
2021-09-06T16:23	/xmlui/bitstream/handle/11441/30796/Pages from lamujerenelespejomediatico_1-6.pdf?sequence=1 UNION ALL SELECT NULL,NULL,NULL,NULL,NULL,NULL,NULL,NULL,NULL,NULL-- DSUH	script-HTTP::URI_SQLI
2021-09-06T16:23	/xmlui/bitstream/handle/11441/30796/Pages from lamujerenelespejomediatico_1-6.pdf?sequence=1' UNION ALL SELECT NULL-- pskN	script-HTTP::URI_SQLI
2021-09-06T16:23	/xmlui/bitstream/handle/11441/30796/Pages from lamujerenelespejomediatico_1-6.pdf?sequence=1' UNION ALL SELECT NULL-- pskN	script-HTTP::URI_SQLI
2021-09-06T16:23	/xmlui/bitstream/handle/11441/30796/Pages from lamujerenelespejomediatico_1-6.pdf?sequence=1' UNION ALL SELECT NULL,NULL-- UMlH	script-HTTP::URI_SQLI
2021-09-06T16:23	/xmlui/bitstream/handle/11441/30796/Pages from lamujerenelespejomediatico_1-6.pdf?sequence=1' UNION ALL SELECT NULL,NULL-- UMlH	script-HTTP::URI_SQLI
2021-09-06T16:23	/xmlui/bitstream/handle/11441/30796/Pages from lamujerenelespejomediatico_1-6.pdf?sequence=1' UNION ALL SELECT NULL,NULL,NULL-- JAJw	script-HTTP::URI_SQLI
2021-09-06T16:23	/xmlui/bitstream/handle/11441/30796/Pages from lamujerenelespejomediatico_1-6.pdf?sequence=1' UNION ALL SELECT NULL,NULL,NULL-- JAJw	script-HTTP::URI_SQLI
2021-09-06T16:23	/xmlui/bitstream/handle/11441/30796/Pages from lamujerenelespejomediatico_1-6.pdf?sequence=1' UNION ALL SELECT NULL,NULL,NULL,NULL-- jyXa	script-HTTP::URI_SQLI
2021-09-06T16:23	/xmlui/bitstream/handle/11441/30796/Pages from lamujerenelespejomediatico_1-6.pdf?sequence=1' UNION ALL SELECT NULL,NULL,NULL,NULL-- jyXa	script-HTTP::URI_SQLI
2021-09-06T16:23	/xmlui/bitstream/handle/11441/30796/Pages from lamujerenelespejomediatico_1-6.pdf?sequence=1' UNION ALL SELECT NULL,NULL,NULL,NULL,NULL-- rLMY	script-HTTP::URI_SQLI
2021-09-06T16:23	/xmlui/bitstream/handle/11441/30796/Pages from lamujerenelespejomediatico_1-6.pdf?sequence=1' UNION ALL SELECT NULL,NULL,NULL,NULL,NULL-- rLMY	script-HTTP::URI_SQLI
2021-09-06T16:23	/xmlui/bitstream/handle/11441/30796/Pages from lamujerenelespejomediatico_1-6.pdf?sequence=1' UNION ALL SELECT NULL,NULL,NULL,NULL,NULL,NULL-- njjQ	script-HTTP::URI_SQLI
2021-09-06T16:23	/xmlui/bitstream/handle/11441/30796/Pages from lamujerenelespejomediatico_1-6.pdf?sequence=1' UNION ALL SELECT NULL,NULL,NULL,NULL,NULL,NULL-- njjQ	script-HTTP::URI_SQLI
2021-09-06T16:23	/xmlui/bitstream/handle/11441/30796/Pages from lamujerenelespejomediatico_1-6.pdf?sequence=1' UNION ALL SELECT NULL,NULL,NULL,NULL,NULL,NULL,NULL-- CnGu	script-HTTP::URI_SQLI
2021-09-06T16:23	/xmlui/bitstream/handle/11441/30796/Pages from lamujerenelespejomediatico_1-6.pdf?sequence=1' UNION ALL SELECT NULL,NULL,NULL,NULL,NULL,NULL,NULL-- CnGu	script-HTTP::URI_SQLI
2021-09-06T16:23	/xmlui/bitstream/handle/11441/30796/Pages from lamujerenelespejomediatico_1-6.pdf?sequence=1' UNION ALL SELECT NULL,NULL,NULL,NULL,NULL,NULL,NULL,NULL-- ugtr	script-HTTP::URI_SQLI
2021-09-06T16:23	/xmlui/bitstream/handle/11441/30796/Pages from lamujerenelespejomediatico_1-6.pdf?sequence=1' UNION ALL SELECT NULL,NULL,NULL,NULL,NULL,NULL,NULL,NULL-- ugtr	script-HTTP::URI_SQLI
2021-09-06T16:23	/xmlui/bitstream/handle/11441/30796/Pages from lamujerenelespejomediatico_1-6.pdf?sequence=1' UNION ALL SELECT NULL,NULL,NULL,NULL,NULL,NULL,NULL,NULL,NULL-- rZOD	script-HTTP::URI_SQLI
2021-09-06T16:23	/xmlui/bitstream/handle/11441/30796/Pages from lamujerenelespejomediatico_1-6.pdf?sequence=1' UNION ALL SELECT NULL,NULL,NULL,NULL,NULL,NULL,NULL,NULL,NULL-- rZOD	script-HTTP::URI_SQLI
2021-09-06T16:23	/xmlui/bitstream/handle/11441/30796/Pages from lamujerenelespejomediatico_1-6.pdf?sequence=1' UNION ALL SELECT NULL,NULL,NULL,NULL,NULL,NULL,NULL,NULL,NULL,NULL-- sImn	script-HTTP::URI_SQLI
2021-09-06T16:23	/xmlui/bitstream/handle/11441/30796/Pages from lamujerenelespejomediatico_1-6.pdf?sequence=1' UNION ALL SELECT NULL,NULL,NULL,NULL,NULL,NULL,NULL,NULL,NULL,NULL-- sImn	script-HTTP::URI_SQLI
2021-09-06T16:23	/xmlui/bitstream/handle/11441/30796/Pages from lamujerenelespejomediatico_1-6.pdf?sequence=1%' UNION ALL SELECT NULL-- CDhX	script-HTTP::URI_SQLI
2021-09-06T16:23	/xmlui/bitstream/handle/11441/30796/Pages from lamujerenelespejomediatico_1-6.pdf?sequence=1%' UNION ALL SELECT NULL-- CDhX	script-HTTP::URI_SQLI
2021-09-06T16:23	/xmlui/bitstream/handle/11441/30796/Pages from lamujerenelespejomediatico_1-6.pdf?sequence=1%' UNION ALL SELECT NULL,NULL-- OtIz	script-HTTP::URI_SQLI
2021-09-06T16:23	/xmlui/bitstream/handle/11441/30796/Pages from lamujerenelespejomediatico_1-6.pdf?sequence=1%' UNION ALL SELECT NULL,NULL-- OtIz	script-HTTP::URI_SQLI
2021-09-06T16:23	/xmlui/bitstream/handle/11441/30796/Pages from lamujerenelespejomediatico_1-6.pdf?sequence=1%' UNION ALL SELECT NULL,NULL,NULL-- Pkdf	script-HTTP::URI_SQLI
2021-09-06T16:23	/xmlui/bitstream/handle/11441/30796/Pages from lamujerenelespejomediatico_1-6.pdf?sequence=1%' UNION ALL SELECT NULL,NULL,NULL-- Pkdf	script-HTTP::URI_SQLI
2021-09-06T16:23	/xmlui/bitstream/handle/11441/30796/Pages from lamujerenelespejomediatico_1-6.pdf?sequence=1%' UNION ALL SELECT NULL,NULL,NULL,NULL-- OezK	script-HTTP::URI_SQLI
2021-09-06T16:23	/xmlui/bitstream/handle/11441/30796/Pages from lamujerenelespejomediatico_1-6.pdf?sequence=1%' UNION ALL SELECT NULL,NULL,NULL,NULL-- OezK	script-HTTP::URI_SQLI
2021-09-06T16:23	/xmlui/bitstream/handle/11441/30796/Pages from lamujerenelespejomediatico_1-6.pdf?sequence=1%' UNION ALL SELECT NULL,NULL,NULL,NULL,NULL-- HMGK	script-HTTP::URI_SQLI
2021-09-06T16:23	/xmlui/bitstream/handle/11441/30796/Pages from lamujerenelespejomediatico_1-6.pdf?sequence=1%' UNION ALL SELECT NULL,NULL,NULL,NULL,NULL-- HMGK	script-HTTP::URI_SQLI
2021-09-06T16:23	/xmlui/bitstream/handle/11441/30796/Pages from lamujerenelespejomediatico_1-6.pdf?sequence=1%' UNION ALL SELECT NULL,NULL,NULL,NULL,NULL,NULL-- MzwC	script-HTTP::URI_SQLI
2021-09-06T16:23	/xmlui/bitstream/handle/11441/30796/Pages from lamujerenelespejomediatico_1-6.pdf?sequence=1%' UNION ALL SELECT NULL,NULL,NULL,NULL,NULL,NULL-- MzwC	script-HTTP::URI_SQLI
2021-09-06T16:23	/xmlui/bitstream/handle/11441/30796/Pages from lamujerenelespejomediatico_1-6.pdf?sequence=1%' UNION ALL SELECT NULL,NULL,NULL,NULL,NULL,NULL,NULL-- fnPt	script-HTTP::URI_SQLI
2021-09-06T16:23	/xmlui/bitstream/handle/11441/30796/Pages from lamujerenelespejomediatico_1-6.pdf?sequence=1%' UNION ALL SELECT NULL,NULL,NULL,NULL,NULL,NULL,NULL-- fnPt	script-HTTP::URI_SQLI
2021-09-06T16:23	/xmlui/bitstream/handle/11441/30796/Pages from lamujerenelespejomediatico_1-6.pdf?sequence=1%' UNION ALL SELECT NULL,NULL,NULL,NULL,NULL,NULL,NULL,NULL-- gxxn	script-HTTP::URI_SQLI
2021-09-06T16:23	/xmlui/bitstream/handle/11441/30796/Pages from lamujerenelespejomediatico_1-6.pdf?sequence=1%' UNION ALL SELECT NULL,NULL,NULL,NULL,NULL,NULL,NULL,NULL-- gxxn	script-HTTP::URI_SQLI
2021-09-06T16:23	/xmlui/bitstream/handle/11441/30796/Pages from lamujerenelespejomediatico_1-6.pdf?sequence=1%' UNION ALL SELECT NULL,NULL,NULL,NULL,NULL,NULL,NULL,NULL,NULL-- JpUU	script-HTTP::URI_SQLI
2021-09-06T16:23	/xmlui/bitstream/handle/11441/30796/Pages from lamujerenelespejomediatico_1-6.pdf?sequence=1%' UNION ALL SELECT NULL,NULL,NULL,NULL,NULL,NULL,NULL,NULL,NULL-- JpUU	script-HTTP::URI_SQLI
2021-09-06T16:23	/xmlui/bitstream/handle/11441/30796/Pages from lamujerenelespejomediatico_1-6.pdf?sequence=1%' UNION ALL SELECT NULL,NULL,NULL,NULL,NULL,NULL,NULL,NULL,NULL,NULL-- NgnQ	script-HTTP::URI_SQLI
2021-09-06T16:23	/xmlui/bitstream/handle/11441/30796/Pages from lamujerenelespejomediatico_1-6.pdf?sequence=1%' UNION ALL SELECT NULL,NULL,NULL,NULL,NULL,NULL,NULL,NULL,NULL,NULL-- NgnQ	script-HTTP::URI_SQLI
2021-09-06T16:23	/xmlui/bitstream/handle/11441/74637/TESIS%20NICOMEDES%20RODRIGUEZ%20GUTIERREZ%20%20ATENTADO,%20RESISTENCIA%20Y%20DESOBEDIENCIA%20A%20LA%20AUTORIDAD%20Y%20FUNCIONARIOS.pdf?sequence=1&isAllowed=../../../../../../../../etc/passwd	s2b-1113-5
2021-09-06T16:23	/xmlui/bitstream/handle/11441/74637/TESIS%20NICOMEDES%20RODRIGUEZ%20GUTIERREZ%20%20ATENTADO,%20RESISTENCIA%20Y%20DESOBEDIENCIA%20A%20LA%20AUTORIDAD%20Y%20FUNCIONARIOS.pdf?sequence=1&isAllowed=../../../../../../../../etc/passwd%00	s2b-1113-5
2021-09-06T16:23	/xmlui/bitstream/handle/11441/74637/TESIS%20NICOMEDES%20RODRIGUEZ%20GUTIERREZ%20%20ATENTADO,%20RESISTENCIA%20Y%20DESOBEDIENCIA%20A%20LA%20AUTORIDAD%20Y%20FUNCIONARIOS.pdf?sequence=1&isAllowed=../../../../../../../../../etc/passwd	s2b-1113-5
2021-09-06T16:23	/xmlui/bitstream/handle/11441/74637/TESIS%20NICOMEDES%20RODRIGUEZ%20GUTIERREZ%20%20ATENTADO,%20RESISTENCIA%20Y%20DESOBEDIENCIA%20A%20LA%20AUTORIDAD%20Y%20FUNCIONARIOS.pdf?sequence=1&isAllowed=../../../../../../../../../etc/passwd%00	s2b-1113-5
2021-09-06T16:30	/xmlui/bitstream/handle/11441/42381/Two-weight%2C%20weak-type%20norm%20inequalities%20for%20fractional%20integrals%2C%20Calderon-Zygmund%20operators%20and%20commutators.pdf?sequence=1&isAllowed=y	s2b-1365-5
2021-09-06T16:30	/xmlui/bitstream/handle/11441/42335/Two%20weighted%20norm%20inequalities%20for%20Riesz%20potentials%20and%20uniform%20LpLp--weigthed%20Sobolev%20inequalities.pdf?sequence=1	s2b-1365-5
2021-09-06T16:31	/xmlui/bitstream/handle/11441/28554/Robert%20Venturi,%20Denise%20Scott%20Brown%20y%20Steven%20Izenour%20Learning%20form%20Las%20Vegas.pdf?sequence=1	s2b-1365-5
2021-09-06T16:31	/xmlui/bitstream/handle/11441/28554/Robert%20Venturi,%20Denise%20Scott%20Brown%20y%20Steven%20Izenour%20Learning%20form%20Las%20Vegas.pdf?sequence=1	s2b-1365-5
2021-09-06T16:31	/xmlui/bitstream/handle/11441/42584/Grupos%20interactivos.pdf?sequenc%20e=1	s2b-1360-5
2021-09-06T16:38	/xmlui/bitstream/handle/11441/34597/._ProjectARS_pdf_Ars%20Pharm%2056%282%29_77-87-hol.pdf?sequence=1&isAllowed=y	s2b-1365-5
2021-09-06T16:41	/xmlui/bitstream/11441/58809/1/Modifications%20in%20the%20distribution%20of%20met-enkephalin%20in%20the%20cat%20spinal%20cord%20after%20administration%20of%20clonidine.%20An%20immunocytochemical%20study.pdf	s2b-1147-7
2021-09-06T16:45	/xmlui/bitstream/handle/11441/47759/MATRIMONIO%20Y%20BIENESTAR%20SOCIOEMOCIONAL%20Bericat%2004.pdf?sequence=1	s2b-1147-7
