URI: /xmlui/bitstream/handle/11441/34597/._ProjectARS_pdf_Ars%20Pharm%2056%282%29_77-87-hol.pdf?sequence=1&isAllowed=y
Type: Signatures::Sensitive_Signature
Message: 192.168.65.136: WEB-ATTACKS rm command attempt
Signature identifier: s2b-1365-5
Timestamp: 2021-09-05T15:42

URI: /xmlui/bitstream/handle/11441/60256/Fernandez%20Carrion%20et%20al%20JPCC%202014.pdf?sequence=1
Type: Signatures::Sensitive_Signature
Message: 192.168.65.136: WEB-ATTACKS cc command attempt
Signature identifier: s2b-1344-5
Timestamp: 2021-09-05T15:49

URI: /xmlui/bitstream/handle/11441/60256/Fernandez%20Carrion%20et%20al%20JPCC%202014.pdf?sequence=1
Type: Signatures::Sensitive_Signature
Message: 192.168.65.136: WEB-ATTACKS cc command attempt
Signature identifier: s2b-1344-5
Timestamp: 2021-09-05T15:49

URI: /xmlui/bitstream/handle/11441/43838/Factorization%20method%20for%20difference%20equations%20of%20hypergeometric%20type%20on%20nonuniform%20lattices.pdf?sequence=1&isAllowed=y
Type: Signatures::Sensitive_Signature
Message: 192.168.65.136: WEB-ATTACKS rm command attempt
Signature identifier: s2b-1365-5
Timestamp: 2021-09-05T15:51

URI: /xmlui/bitstream/handle/11441/24023/K_Tesis-PROV23.pdf?sequence=1&isAllowed=../etc/passwd
Type: Signatures::Sensitive_Signature
Message: 192.168.65.136: WEB-MISC http directory traversal
Signature identifier: s2b-1113-5
Timestamp: 2021-09-05T15:57

URI: /xmlui/bitstream/handle/11441/24023/K_Tesis-PROV23.pdf?sequence=1&isAllowed=../etc/passwd%00
Type: Signatures::Sensitive_Signature
Message: 192.168.65.136: WEB-MISC http directory traversal
Signature identifier: s2b-1113-5
Timestamp: 2021-09-05T15:57

URI: /xmlui/bitstream/handle/11441/24023/K_Tesis-PROV23.pdf?sequence=1&isAllowed=../../etc/passwd
Type: Signatures::Sensitive_Signature
Message: 192.168.65.136: WEB-MISC http directory traversal
Signature identifier: s2b-1113-5
Timestamp: 2021-09-05T15:57

URI: /xmlui/bitstream/handle/11441/24023/K_Tesis-PROV23.pdf?sequence=1&isAllowed=../../etc/passwd%00
Type: Signatures::Sensitive_Signature
Message: 192.168.65.136: WEB-MISC http directory traversal
Signature identifier: s2b-1113-5
Timestamp: 2021-09-05T15:57

URI: /xmlui/bitstream/handle/11441/24023/K_Tesis-PROV23.pdf?sequence=1&isAllowed=../../../etc/passwd
Type: Signatures::Sensitive_Signature
Message: 192.168.65.136: WEB-MISC http directory traversal
Signature identifier: s2b-1113-5
Timestamp: 2021-09-05T15:57

URI: /xmlui/bitstream/handle/11441/24023/K_Tesis-PROV23.pdf?sequence=1&isAllowed=../../../etc/passwd%00
Type: Signatures::Sensitive_Signature
Message: 192.168.65.136: WEB-MISC http directory traversal
Signature identifier: s2b-1113-5
Timestamp: 2021-09-05T15:57

URI: /xmlui/bitstream/handle/11441/24023/K_Tesis-PROV23.pdf?sequence=1&isAllowed=../../../../etc/passwd
Type: Signatures::Sensitive_Signature
Message: 192.168.65.136: WEB-MISC http directory traversal
Signature identifier: s2b-1113-5
Timestamp: 2021-09-05T15:57

URI: /xmlui/bitstream/handle/11441/24023/K_Tesis-PROV23.pdf?sequence=1&isAllowed=../../../../etc/passwd%00
Type: Signatures::Sensitive_Signature
Message: 192.168.65.136: WEB-MISC http directory traversal
Signature identifier: s2b-1113-5
Timestamp: 2021-09-05T15:57

URI: /xmlui/bitstream/handle/11441/24023/K_Tesis-PROV23.pdf?sequence=1&isAllowed=../../../../../etc/passwd
Type: Signatures::Sensitive_Signature
Message: 192.168.65.136: WEB-MISC http directory traversal
Signature identifier: s2b-1113-5
Timestamp: 2021-09-05T15:57

URI: /xmlui/bitstream/handle/11441/24023/K_Tesis-PROV23.pdf?sequence=1&isAllowed=../../../../../etc/passwd%00
Type: Signatures::Sensitive_Signature
Message: 192.168.65.136: WEB-MISC http directory traversal
Signature identifier: s2b-1113-5
Timestamp: 2021-09-05T15:57

URI: /xmlui/bitstream/handle/11441/24023/K_Tesis-PROV23.pdf?sequence=1&isAllowed=../../../../../../etc/passwd
Type: Signatures::Sensitive_Signature
Message: 192.168.65.136: WEB-MISC http directory traversal
Signature identifier: s2b-1113-5
Timestamp: 2021-09-05T15:57

URI: /xmlui/bitstream/handle/11441/24023/K_Tesis-PROV23.pdf?sequence=1&isAllowed=../../../../../../etc/passwd%00
Type: Signatures::Sensitive_Signature
Message: 192.168.65.136: WEB-MISC http directory traversal
Signature identifier: s2b-1113-5
Timestamp: 2021-09-05T15:57

URI: /xmlui/bitstream/handle/11441/24023/K_Tesis-PROV23.pdf?sequence=1&isAllowed=../../../../../../../etc/passwd
Type: Signatures::Sensitive_Signature
Message: 192.168.65.136: WEB-MISC http directory traversal
Signature identifier: s2b-1113-5
Timestamp: 2021-09-05T15:57

URI: /xmlui/bitstream/handle/11441/24023/K_Tesis-PROV23.pdf?sequence=1&isAllowed=../../../../../../../etc/passwd%00
Type: Signatures::Sensitive_Signature
Message: 192.168.65.136: WEB-MISC http directory traversal
Signature identifier: s2b-1113-5
Timestamp: 2021-09-05T15:57

URI: /xmlui/bitstream/handle/11441/24023/K_Tesis-PROV23.pdf?sequence=1&isAllowed=../../../../../../../../etc/passwd
Type: Signatures::Sensitive_Signature
Message: 192.168.65.136: WEB-MISC http directory traversal
Signature identifier: s2b-1113-5
Timestamp: 2021-09-05T15:57

URI: /xmlui/bitstream/handle/11441/24023/K_Tesis-PROV23.pdf?sequence=1&isAllowed=../../../../../../../../etc/passwd%00
Type: Signatures::Sensitive_Signature
Message: 192.168.65.136: WEB-MISC http directory traversal
Signature identifier: s2b-1113-5
Timestamp: 2021-09-05T15:57

URI: /xmlui/bitstream/handle/11441/24023/K_Tesis-PROV23.pdf?sequence=1&isAllowed=../../../../../../../../../etc/passwd
Type: Signatures::Sensitive_Signature
Message: 192.168.65.136: WEB-MISC http directory traversal
Signature identifier: s2b-1113-5
Timestamp: 2021-09-05T15:57

URI: /xmlui/bitstream/handle/11441/24023/K_Tesis-PROV23.pdf?sequence=1&isAllowed=../../../../../../../../../etc/passwd%00
Type: Signatures::Sensitive_Signature
Message: 192.168.65.136: WEB-MISC http directory traversal
Signature identifier: s2b-1113-5
Timestamp: 2021-09-05T15:57

URI: /xmlui/bitstream/handle/11441/40206/2Long-Term%20Control%20of%20Endemic.pdf?sequence=4&isAllowed=y
Type: Signatures::Sensitive_Signature
Message: 192.168.65.136: WEB-ATTACKS rm command attempt
Signature identifier: s2b-1365-5
Timestamp: 2021-09-05T15:58

