URI: /xmlui/bitstream/11441/44945/1/p-facility%20Huff%20location%20problerm%20on%20networks.pdf
Type: Signatures::Sensitive_Signature
Message: 192.168.65.136: WEB-ATTACKS rm command attempt
Signature identifier: s2b-1365-5
Timestamp: 2021-09-04T18:02

URI: /xmlui/bitstream/handle/11441/44945/p-facility%20Huff%20location%20problerm%20on%20networks.pdf;jsessionid=C7EE0A4918231A6365219DDE94562328?sequence=1
Type: Signatures::Sensitive_Signature
Message: 192.168.65.136: WEB-ATTACKS rm command attempt
Signature identifier: s2b-1365-5
Timestamp: 2021-09-04T18:02

URI: /xmlui/bitstream/11441/73327/1/A%20neurocognitive%20model%20for%20short-term%20sensory%20and.pdf
Type: Signatures::Sensitive_Signature
Message: 192.168.65.136: WEB-ATTACKS rm command attempt
Signature identifier: s2b-1365-5
Timestamp: 2021-09-04T18:04

URI: /xmlui/bitstream/handle/11441/73327/A%20neurocognitive%20model%20for%20short-term%20sensory%20and.pdf?sequence=1
Type: Signatures::Sensitive_Signature
Message: 192.168.65.136: WEB-ATTACKS rm command attempt
Signature identifier: s2b-1365-5
Timestamp: 2021-09-04T18:04

URI: /xmlui/bitstream/handle/11441/44945/p-facility%20Huff%20location%20problerm%20on%20networks.pdf?sequence=1
Type: Signatures::Sensitive_Signature
Message: 192.168.65.136: WEB-ATTACKS rm command attempt
Signature identifier: s2b-1365-5
Timestamp: 2021-09-04T18:05

URI: /xmlui/bitstream/11441/74156/1/Constant%20rate%20thermal%20analysis%20for%20enhancing%20the%20long-term%20CO2.pdf
Type: Signatures::Sensitive_Signature
Message: 192.168.65.136: WEB-ATTACKS rm command attempt
Signature identifier: s2b-1365-5
Timestamp: 2021-09-04T18:06

URI: /xmlui/bitstream/handle/11441/62510/Long-term%20on-chip.pdf?sequence=1
Type: Signatures::Sensitive_Signature
Message: 192.168.65.136: WEB-ATTACKS rm command attempt
Signature identifier: s2b-1365-5
Timestamp: 2021-09-04T18:06

URI: /xmlui/bitstream/handle/11441/62510/Long-term%20on-chip.pdf?sequence=1
Type: Signatures::Sensitive_Signature
Message: 192.168.65.136: WEB-ATTACKS rm command attempt
Signature identifier: s2b-1365-5
Timestamp: 2021-09-04T18:06

URI: /xmlui/bitstream/handle/11441/74156/Constant%20rate%20thermal%20analysis%20for%20enhancing%20the%20long-term%20CO2.pdf?sequence=1&isAllowed=y
Type: Signatures::Sensitive_Signature
Message: 192.168.65.136: WEB-ATTACKS rm command attempt
Signature identifier: s2b-1365-5
Timestamp: 2021-09-04T18:09

URI: /xmlui/discover?rpp=10&page=1&query=Las%20distanc%20parciales%20de%20CO2.%20Su%20utilidad%20cl%C3%ADnica&group_by=none&etal=0
Type: Signatures::Sensitive_Signature
Message: 192.168.65.136: WEB-ATTACKS netcat command attempt
Signature identifier: s2b-1360-5
Timestamp: 2021-09-04T18:12

URI: /xmlui/bitstream/handle/11441/34597/._ProjectARS_pdf_Ars%20Pharm%2056%282%29_77-87-hol.pdf?sequence=1&isAllowed=y
Type: Signatures::Sensitive_Signature
Message: 192.168.65.136: WEB-ATTACKS rm command attempt
Signature identifier: s2b-1365-5
Timestamp: 2021-09-04T18:14

URI: /xmlui/bitstream/11441/41773/1/Recurrence%20relation%20for%20connection%20coefficients%20between%20q-orthogonal%20polynomials%20of%20discrete%20variables%20in%20the%20non-uniform%20lattice%20X%28s%29%20%3D%20q2s.pdf
Type: Signatures::Sensitive_Signature
Message: 192.168.65.136: WEB-ATTACKS rm command attempt
Signature identifier: s2b-1365-5
Timestamp: 2021-09-04T18:15

URI: /xmlui/bitstream/11441/47253/1/Weighted%20norm%20inequalities%20for%20singular%20integral%20operators.pdf
Type: Signatures::Sensitive_Signature
Message: 192.168.65.136: WEB-ATTACKS rm command attempt
Signature identifier: s2b-1365-5
Timestamp: 2021-09-04T18:16

URI: /xmlui/bitstream/handle/11441/47253/Weighted%20norm%20inequalities%20for%20singular%20integral%20operators.pdf;jsessionid=C8B2F887D07E2989F30E3591521B57BD?sequence=1
Type: Signatures::Sensitive_Signature
Message: 192.168.65.136: WEB-ATTACKS rm command attempt
Signature identifier: s2b-1365-5
Timestamp: 2021-09-04T18:16

URI: /xmlui/bitstream/handle/11441/38572/On%20the%20practical%20global%20uniform%20asymptotic%20stability%20of%20stochastic%20differential%20equations.pdf;sequence=1
Type: Signatures::Sensitive_Signature
Message: 192.168.65.136: WEB-ATTACKS rm command attempt
Signature identifier: s2b-1365-5
Timestamp: 2021-09-04T18:17

URI: /xmlui/bitstream/handle/11441/41619/Description%20of%20some%20families%20of%20filiform%20Lie%20algebras.pdf?sequence=1
Type: Signatures::Sensitive_Signature
Message: 192.168.65.136: WEB-ATTACKS rm command attempt
Signature identifier: s2b-1365-5
Timestamp: 2021-09-04T18:19

URI: /xmlui/bitstream/11441/71318/1/Long-term%20decline.pdf
Type: Signatures::Sensitive_Signature
Message: 192.168.65.136: WEB-ATTACKS rm command attempt
Signature identifier: s2b-1365-5
Timestamp: 2021-09-04T18:21

URI: /xmlui/bitstream/handle/11441/71318/Long-term%20decline.pdf?sequence=1
Type: Signatures::Sensitive_Signature
Message: 192.168.65.136: WEB-ATTACKS rm command attempt
Signature identifier: s2b-1365-5
Timestamp: 2021-09-04T18:21

URI: /xmlui/bitstream/11441/41483/1/Insensitizing%20controls%20for%20a%20heat%20equation%20with%20a%20nonlinear%20term%20involving%20the%20state%20and%20the%20gradient.pdf
Type: Signatures::Sensitive_Signature
Message: 192.168.65.136: WEB-ATTACKS rm command attempt
Signature identifier: s2b-1365-5
Timestamp: 2021-09-04T18:23

URI: /xmlui/bitstream/handle/11441/41483/Insensitizing%20controls%20for%20a%20heat%20equation%20with%20a%20nonlinear%20term%20involving%20the%20state%20and%20the%20gradient.pdf;jsessionid=1D109F6FC0249994EC4976486C990B9F?sequence=1
Type: Signatures::Sensitive_Signature
Message: 192.168.65.136: WEB-ATTACKS rm command attempt
Signature identifier: s2b-1365-5
Timestamp: 2021-09-04T18:23

URI: /xmlui/bitstream/11441/41483/1/Insensitizing%20controls%20for%20a%20heat%20equation%20with%20a%20nonlinear%20term%20involving%20the%20state%20and%20the%20gradient.pdf
Type: Signatures::Sensitive_Signature
Message: 192.168.65.136: WEB-ATTACKS rm command attempt
Signature identifier: s2b-1365-5
Timestamp: 2021-09-04T18:24

URI: /xmlui/bitstream/handle/11441/41483/Insensitizing%20controls%20for%20a%20heat%20equation%20with%20a%20nonlinear%20term%20involving%20the%20state%20and%20the%20gradient.pdf;jsessionid=A55C995AC187BACE3EA8B2D54E4F7924?sequence=1
Type: Signatures::Sensitive_Signature
Message: 192.168.65.136: WEB-ATTACKS rm command attempt
Signature identifier: s2b-1365-5
Timestamp: 2021-09-04T18:24

URI: /xmlui/bitstream/11441/41619/1/Description%20of%20some%20families%20of%20filiform%20Lie%20algebras.pdf
Type: Signatures::Sensitive_Signature
Message: 192.168.65.136: WEB-ATTACKS rm command attempt
Signature identifier: s2b-1365-5
Timestamp: 2021-09-04T18:25

URI: /xmlui/bitstream/handle/11441/41619/Description%20of%20some%20families%20of%20filiform%20Lie%20algebras.pdf?sequence=1
Type: Signatures::Sensitive_Signature
Message: 192.168.65.136: WEB-ATTACKS rm command attempt
Signature identifier: s2b-1365-5
Timestamp: 2021-09-04T18:25

URI: /xmlui/bitstream/handle/11441/74156/Constant%20rate%20thermal%20analysis%20for%20enhancing%20the%20long-term%20CO2.pdf?sequence=1
Type: Signatures::Sensitive_Signature
Message: 192.168.65.136: WEB-ATTACKS rm command attempt
Signature identifier: s2b-1365-5
Timestamp: 2021-09-04T18:26

