URI: /xmlui/bitstream/handle/11441/16134/file_1%20(3).pdf?sequence=1&isAllowed=../etc/passwd
Type: Signatures::Sensitive_Signature
Message: 192.168.65.136: WEB-MISC http directory traversal
Signature identifier: s2b-1113-5
Timestamp: 2021-09-05T11:33

URI: /xmlui/bitstream/handle/11441/16134/file_1%20(3).pdf?sequence=1&isAllowed=../etc/passwd%00
Type: Signatures::Sensitive_Signature
Message: 192.168.65.136: WEB-MISC http directory traversal
Signature identifier: s2b-1113-5
Timestamp: 2021-09-05T11:33

URI: /xmlui/bitstream/handle/11441/16134/file_1%20(3).pdf?sequence=1&isAllowed=../../etc/passwd
Type: Signatures::Sensitive_Signature
Message: 192.168.65.136: WEB-MISC http directory traversal
Signature identifier: s2b-1113-5
Timestamp: 2021-09-05T11:33

URI: /xmlui/bitstream/handle/11441/16134/file_1%20(3).pdf?sequence=1&isAllowed=../../etc/passwd%00
Type: Signatures::Sensitive_Signature
Message: 192.168.65.136: WEB-MISC http directory traversal
Signature identifier: s2b-1113-5
Timestamp: 2021-09-05T11:33

URI: /xmlui/bitstream/handle/11441/16134/file_1%20(3).pdf?sequence=1&isAllowed=../../../etc/passwd
Type: Signatures::Sensitive_Signature
Message: 192.168.65.136: WEB-MISC http directory traversal
Signature identifier: s2b-1113-5
Timestamp: 2021-09-05T11:33

URI: /xmlui/bitstream/handle/11441/16134/file_1%20(3).pdf?sequence=1&isAllowed=../etc/passwd
Type: Signatures::Sensitive_Signature
Message: 192.168.65.136: WEB-MISC http directory traversal
Signature identifier: s2b-1113-5
Timestamp: 2021-09-05T11:33

URI: /xmlui/bitstream/handle/11441/16134/file_1%20(3).pdf?sequence=1&isAllowed=../etc/passwd%00
Type: Signatures::Sensitive_Signature
Message: 192.168.65.136: WEB-MISC http directory traversal
Signature identifier: s2b-1113-5
Timestamp: 2021-09-05T11:33

URI: /xmlui/bitstream/handle/11441/16134/file_1%20(3).pdf?sequence=1&isAllowed=../../etc/passwd
Type: Signatures::Sensitive_Signature
Message: 192.168.65.136: WEB-MISC http directory traversal
Signature identifier: s2b-1113-5
Timestamp: 2021-09-05T11:33

URI: /xmlui/bitstream/handle/11441/16134/file_1%20(3).pdf?sequence=1&isAllowed=../../etc/passwd%00
Type: Signatures::Sensitive_Signature
Message: 192.168.65.136: WEB-MISC http directory traversal
Signature identifier: s2b-1113-5
Timestamp: 2021-09-05T11:33

URI: /xmlui/bitstream/handle/11441/16134/file_1%20(3).pdf?sequence=1&isAllowed=../../../etc/passwd
Type: Signatures::Sensitive_Signature
Message: 192.168.65.136: WEB-MISC http directory traversal
Signature identifier: s2b-1113-5
Timestamp: 2021-09-05T11:33

URI: /xmlui/bitstream/handle/11441/16134/file_1%20(3).pdf?sequence=1&isAllowed=../../../etc/passwd%00
Type: Signatures::Sensitive_Signature
Message: 192.168.65.136: WEB-MISC http directory traversal
Signature identifier: s2b-1113-5
Timestamp: 2021-09-05T11:33

URI: /xmlui/bitstream/handle/11441/16134/file_1%20(3).pdf?sequence=1&isAllowed=../../../../etc/passwd
Type: Signatures::Sensitive_Signature
Message: 192.168.65.136: WEB-MISC http directory traversal
Signature identifier: s2b-1113-5
Timestamp: 2021-09-05T11:33

URI: /xmlui/bitstream/handle/11441/16134/file_1%20(3).pdf?sequence=1&isAllowed=../../../../etc/passwd%00
Type: Signatures::Sensitive_Signature
Message: 192.168.65.136: WEB-MISC http directory traversal
Signature identifier: s2b-1113-5
Timestamp: 2021-09-05T11:33

URI: /xmlui/bitstream/handle/11441/16134/file_1%20(3).pdf?sequence=1&isAllowed=../../../../../etc/passwd
Type: Signatures::Sensitive_Signature
Message: 192.168.65.136: WEB-MISC http directory traversal
Signature identifier: s2b-1113-5
Timestamp: 2021-09-05T11:33

URI: /xmlui/bitstream/handle/11441/16134/file_1%20(3).pdf?sequence=1&isAllowed=../../../../../etc/passwd%00
Type: Signatures::Sensitive_Signature
Message: 192.168.65.136: WEB-MISC http directory traversal
Signature identifier: s2b-1113-5
Timestamp: 2021-09-05T11:33

URI: /xmlui/bitstream/handle/11441/16134/file_1%20(3).pdf?sequence=1&isAllowed=../../../../../../etc/passwd
Type: Signatures::Sensitive_Signature
Message: 192.168.65.136: WEB-MISC http directory traversal
Signature identifier: s2b-1113-5
Timestamp: 2021-09-05T11:33

URI: /xmlui/bitstream/handle/11441/16134/file_1%20(3).pdf?sequence=1&isAllowed=../../../../../../etc/passwd%00
Type: Signatures::Sensitive_Signature
Message: 192.168.65.136: WEB-MISC http directory traversal
Signature identifier: s2b-1113-5
Timestamp: 2021-09-05T11:33

URI: /xmlui/bitstream/handle/11441/16134/file_1%20(3).pdf?sequence=1&isAllowed=../../../../../../../etc/passwd
Type: Signatures::Sensitive_Signature
Message: 192.168.65.136: WEB-MISC http directory traversal
Signature identifier: s2b-1113-5
Timestamp: 2021-09-05T11:33

URI: /xmlui/bitstream/handle/11441/16134/file_1%20(3).pdf?sequence=1&isAllowed=../../../../../../../etc/passwd%00
Type: Signatures::Sensitive_Signature
Message: 192.168.65.136: WEB-MISC http directory traversal
Signature identifier: s2b-1113-5
Timestamp: 2021-09-05T11:33

URI: /xmlui/bitstream/handle/11441/16134/file_1%20(3).pdf?sequence=1&isAllowed=../../../../../../../../etc/passwd
Type: Signatures::Sensitive_Signature
Message: 192.168.65.136: WEB-MISC http directory traversal
Signature identifier: s2b-1113-5
Timestamp: 2021-09-05T11:33

URI: /xmlui/bitstream/handle/11441/16134/file_1%20(3).pdf?sequence=1&isAllowed=../../../../../../../../etc/passwd%00
Type: Signatures::Sensitive_Signature
Message: 192.168.65.136: WEB-MISC http directory traversal
Signature identifier: s2b-1113-5
Timestamp: 2021-09-05T11:33

URI: /xmlui/bitstream/handle/11441/16134/file_1%20(3).pdf?sequence=1&isAllowed=../../../../../../../../../etc/passwd
Type: Signatures::Sensitive_Signature
Message: 192.168.65.136: WEB-MISC http directory traversal
Signature identifier: s2b-1113-5
Timestamp: 2021-09-05T11:33

URI: /xmlui/bitstream/handle/11441/16134/file_1%20(3).pdf?sequence=1&isAllowed=../../../../../../../../../etc/passwd%00
Type: Signatures::Sensitive_Signature
Message: 192.168.65.136: WEB-MISC http directory traversal
Signature identifier: s2b-1113-5
Timestamp: 2021-09-05T11:33

URI: /xmlui/bitstream/handle/11441/60616/magmi/web/download_file.php?file=../conf/magmi.ini
Type: Signatures::Sensitive_Signature
Message: 192.168.65.136: WEB-MISC http directory traversal
Signature identifier: s2b-1113-5
Timestamp: 2021-09-05T11:33

URI: /xmlui/bitstream/handle/11441/60616/web/download_file.php?file=../conf/magmi.ini
Type: Signatures::Sensitive_Signature
Message: 192.168.65.136: WEB-MISC http directory traversal
Signature identifier: s2b-1113-5
Timestamp: 2021-09-05T11:33

URI: /xmlui/bitstream/handle/11441/60616/magmi/web/download_file.php?file=../../app/etc/local.xml
Type: Signatures::Sensitive_Signature
Message: 192.168.65.136: WEB-MISC http directory traversal
Signature identifier: s2b-1113-5
Timestamp: 2021-09-05T11:33

URI: /xmlui/bitstream/handle/11441/38572/On%20the%20practical%20global%20uniform%20asymptotic%20stability%20of%20stochastic%20differential%20equations.pdf;sequence=1
Type: Signatures::Sensitive_Signature
Message: 192.168.65.136: WEB-ATTACKS rm command attempt
Signature identifier: s2b-1365-5
Timestamp: 2021-09-05T11:36

URI: /xmlui/bitstream/handle/11441/48500/Sharp%20two-weight,%20weak-type%20norm%20inequalities%20for%20singular%20integral%20operators.pdf?sequence=1
Type: Signatures::Sensitive_Signature
Message: 192.168.65.136: WEB-ATTACKS rm command attempt
Signature identifier: s2b-1365-5
Timestamp: 2021-09-05T11:37

URI: /xmlui/bitstream/handle/11441/40490/A%20particle%20swarm%20optimization%20algorithm%20for%20optimal%20car-call%20allocation%20in%20elevator%20group%20control%20systems.pdf?sequence=1&isAllowed=y
Type: Signatures::Sensitive_Signature
Message: 192.168.65.136: WEB-ATTACKS rm command attempt
Signature identifier: s2b-1365-5
Timestamp: 2021-09-05T11:37

URI: /xmlui/bitstream/handle/11441/69357/Art%C3%ADculos%20Pilar%20Ostos%20Autografos%20de%20Cervantes-3%C2%BA%20correcc%20-1-28.pdf?sequence=1&isAllowed=y
Type: Signatures::Sensitive_Signature
Message: 192.168.65.136: WEB-ATTACKS cc command attempt
Signature identifier: s2b-1344-5
Timestamp: 2021-09-05T11:39

URI: /xmlui/bitstream/handle/11441/47253/Weighted%20norm%20inequalities%20for%20singular%20integral%20operators.pdf?sequence=1
Type: Signatures::Sensitive_Signature
Message: 192.168.65.136: WEB-ATTACKS rm command attempt
Signature identifier: s2b-1365-5
Timestamp: 2021-09-05T11:46

URI: /xmlui/bitstream/handle/11441/47253/Weighted%20norm%20inequalities%20for%20singular%20integral%20operators.pdf?sequence=1
Type: Signatures::Sensitive_Signature
Message: 192.168.65.136: WEB-ATTACKS rm command attempt
Signature identifier: s2b-1365-5
Timestamp: 2021-09-05T11:46

URI: /xmlui/bitstream/handle/11441/47759/MATRIMONIO%20Y%20BIENESTAR%20SOCIOEMOCIONAL%20Bericat%2004.pdf?sequence=1
Type: Signatures::Sensitive_Signature
Message: 192.168.65.136: WEB-MISC cat%20 access
Signature identifier: s2b-1147-7
Timestamp: 2021-09-05T11:53

URI: /xmlui/bitstream/handle/11441/29218/Qui%c3%a9n%20hay%20ah%c3%ad%202.0.pdf?sequence=1&isAllowed=y);SELECT PG_SLEEP(5)--
Type: HTTP::SQL_Injection_Attacker
Message: An SQL injection attacker was discovered!
Signature identifier: script-HTTP::URI_SQLI
Timestamp: 2021-09-05T11:57

URI: /xmlui/bitstream/handle/11441/29218/Qui%c3%a9n%20hay%20ah%c3%ad%202.0.pdf?sequence=1&isAllowed=y);SELECT PG_SLEEP(5)--
Type: HTTP::SQL_Injection_Victim
Message: An SQL injection victim was discovered!
Signature identifier: script-HTTP::URI_SQLI
Timestamp: 2021-09-05T11:57

URI: /xmlui/bitstream/handle/11441/29218/Qui%c3%a9n%20hay%20ah%c3%ad%202.0.pdf?sequence=1&isAllowed=y;SELECT PG_SLEEP(5)--
Type: HTTP::SQL_Injection_Attacker
Message: An SQL injection attacker was discovered!
Signature identifier: script-HTTP::URI_SQLI
Timestamp: 2021-09-05T11:57

URI: /xmlui/bitstream/handle/11441/29218/Qui%c3%a9n%20hay%20ah%c3%ad%202.0.pdf?sequence=1&isAllowed=y;SELECT PG_SLEEP(5)--
Type: HTTP::SQL_Injection_Victim
Message: An SQL injection victim was discovered!
Signature identifier: script-HTTP::URI_SQLI
Timestamp: 2021-09-05T11:57

URI: /xmlui/bitstream/handle/11441/29218/Qui%c3%a9n%20hay%20ah%c3%ad%202.0.pdf?sequence=1&isAllowed=y');SELECT PG_SLEEP(5)--
Type: HTTP::SQL_Injection_Attacker
Message: An SQL injection attacker was discovered!
Signature identifier: script-HTTP::URI_SQLI
Timestamp: 2021-09-05T11:57

URI: /xmlui/bitstream/handle/11441/29218/Qui%c3%a9n%20hay%20ah%c3%ad%202.0.pdf?sequence=1&isAllowed=y');SELECT PG_SLEEP(5)--
Type: HTTP::SQL_Injection_Victim
Message: An SQL injection victim was discovered!
Signature identifier: script-HTTP::URI_SQLI
Timestamp: 2021-09-05T11:57

URI: /xmlui/bitstream/handle/11441/29218/Qui%c3%a9n%20hay%20ah%c3%ad%202.0.pdf?sequence=1&isAllowed=y';SELECT PG_SLEEP(5)--
Type: HTTP::SQL_Injection_Attacker
Message: An SQL injection attacker was discovered!
Signature identifier: script-HTTP::URI_SQLI
Timestamp: 2021-09-05T11:57

URI: /xmlui/bitstream/handle/11441/29218/Qui%c3%a9n%20hay%20ah%c3%ad%202.0.pdf?sequence=1&isAllowed=y';SELECT PG_SLEEP(5)--
Type: HTTP::SQL_Injection_Victim
Message: An SQL injection victim was discovered!
Signature identifier: script-HTTP::URI_SQLI
Timestamp: 2021-09-05T11:57

URI: /xmlui/bitstream/handle/11441/29218/Qui%c3%a9n%20hay%20ah%c3%ad%202.0.pdf?sequence=1&isAllowed=y%';SELECT PG_SLEEP(5)--
Type: HTTP::SQL_Injection_Attacker
Message: An SQL injection attacker was discovered!
Signature identifier: script-HTTP::URI_SQLI
Timestamp: 2021-09-05T11:57

URI: /xmlui/bitstream/handle/11441/29218/Qui%c3%a9n%20hay%20ah%c3%ad%202.0.pdf?sequence=1&isAllowed=y%';SELECT PG_SLEEP(5)--
Type: HTTP::SQL_Injection_Victim
Message: An SQL injection victim was discovered!
Signature identifier: script-HTTP::URI_SQLI
Timestamp: 2021-09-05T11:57

URI: /xmlui/bitstream/handle/11441/29218/Qui%c3%a9n%20hay%20ah%c3%ad%202.0.pdf?sequence=1&isAllowed=y UNION ALL SELECT NULL-- UJwB
Type: HTTP::SQL_Injection_Attacker
Message: An SQL injection attacker was discovered!
Signature identifier: script-HTTP::URI_SQLI
Timestamp: 2021-09-05T11:58

URI: /xmlui/bitstream/handle/11441/29218/Qui%c3%a9n%20hay%20ah%c3%ad%202.0.pdf?sequence=1&isAllowed=y UNION ALL SELECT NULL-- UJwB
Type: HTTP::SQL_Injection_Victim
Message: An SQL injection victim was discovered!
Signature identifier: script-HTTP::URI_SQLI
Timestamp: 2021-09-05T11:58

URI: /xmlui/bitstream/handle/11441/29218/Qui%c3%a9n%20hay%20ah%c3%ad%202.0.pdf?sequence=1&isAllowed=y UNION ALL SELECT NULL,NULL-- ROlz
Type: HTTP::SQL_Injection_Attacker
Message: An SQL injection attacker was discovered!
Signature identifier: script-HTTP::URI_SQLI
Timestamp: 2021-09-05T11:58

URI: /xmlui/bitstream/handle/11441/29218/Qui%c3%a9n%20hay%20ah%c3%ad%202.0.pdf?sequence=1&isAllowed=y UNION ALL SELECT NULL,NULL-- ROlz
Type: HTTP::SQL_Injection_Victim
Message: An SQL injection victim was discovered!
Signature identifier: script-HTTP::URI_SQLI
Timestamp: 2021-09-05T11:58

