URI: /xmlui/bitstream/handle/11441/70179/pub413072_2017_Article_165.pdf?sequence=1&isAllowed=../etc/passwd
Type: Signatures::Sensitive_Signature
Message: 192.168.65.136: WEB-MISC http directory traversal
Signature identifier: s2b-1113-5
Timestamp: 2021-09-05T14:28

URI: /xmlui/bitstream/handle/11441/70179/pub413072_2017_Article_165.pdf?sequence=1&isAllowed=../etc/passwd%00
Type: Signatures::Sensitive_Signature
Message: 192.168.65.136: WEB-MISC http directory traversal
Signature identifier: s2b-1113-5
Timestamp: 2021-09-05T14:28

URI: /xmlui/bitstream/handle/11441/70179/pub413072_2017_Article_165.pdf?sequence=1&isAllowed=../../etc/passwd
Type: Signatures::Sensitive_Signature
Message: 192.168.65.136: WEB-MISC http directory traversal
Signature identifier: s2b-1113-5
Timestamp: 2021-09-05T14:28

URI: /xmlui/bitstream/handle/11441/70179/pub413072_2017_Article_165.pdf?sequence=1&isAllowed=../../etc/passwd%00
Type: Signatures::Sensitive_Signature
Message: 192.168.65.136: WEB-MISC http directory traversal
Signature identifier: s2b-1113-5
Timestamp: 2021-09-05T14:28

URI: /xmlui/bitstream/handle/11441/70179/pub413072_2017_Article_165.pdf?sequence=1&isAllowed=../../../etc/passwd
Type: Signatures::Sensitive_Signature
Message: 192.168.65.136: WEB-MISC http directory traversal
Signature identifier: s2b-1113-5
Timestamp: 2021-09-05T14:28

URI: /xmlui/bitstream/handle/11441/70179/pub413072_2017_Article_165.pdf?sequence=1&isAllowed=../../../etc/passwd%00
Type: Signatures::Sensitive_Signature
Message: 192.168.65.136: WEB-MISC http directory traversal
Signature identifier: s2b-1113-5
Timestamp: 2021-09-05T14:28

URI: /xmlui/bitstream/handle/11441/70179/pub413072_2017_Article_165.pdf?sequence=1&isAllowed=../../../../etc/passwd
Type: Signatures::Sensitive_Signature
Message: 192.168.65.136: WEB-MISC http directory traversal
Signature identifier: s2b-1113-5
Timestamp: 2021-09-05T14:28

URI: /xmlui/bitstream/handle/11441/70179/pub413072_2017_Article_165.pdf?sequence=1&isAllowed=../../../../etc/passwd%00
Type: Signatures::Sensitive_Signature
Message: 192.168.65.136: WEB-MISC http directory traversal
Signature identifier: s2b-1113-5
Timestamp: 2021-09-05T14:28

URI: /xmlui/bitstream/handle/11441/70179/pub413072_2017_Article_165.pdf?sequence=1&isAllowed=../../../../../etc/passwd
Type: Signatures::Sensitive_Signature
Message: 192.168.65.136: WEB-MISC http directory traversal
Signature identifier: s2b-1113-5
Timestamp: 2021-09-05T14:28

URI: /xmlui/bitstream/handle/11441/70179/pub413072_2017_Article_165.pdf?sequence=1&isAllowed=../../../../../etc/passwd%00
Type: Signatures::Sensitive_Signature
Message: 192.168.65.136: WEB-MISC http directory traversal
Signature identifier: s2b-1113-5
Timestamp: 2021-09-05T14:28

URI: /xmlui/bitstream/handle/11441/70179/pub413072_2017_Article_165.pdf?sequence=1&isAllowed=../../../../../../etc/passwd
Type: Signatures::Sensitive_Signature
Message: 192.168.65.136: WEB-MISC http directory traversal
Signature identifier: s2b-1113-5
Timestamp: 2021-09-05T14:28

URI: /xmlui/bitstream/handle/11441/70179/pub413072_2017_Article_165.pdf?sequence=1&isAllowed=../../../../../../etc/passwd%00
Type: Signatures::Sensitive_Signature
Message: 192.168.65.136: WEB-MISC http directory traversal
Signature identifier: s2b-1113-5
Timestamp: 2021-09-05T14:28

URI: /xmlui/bitstream/handle/11441/70179/pub413072_2017_Article_165.pdf?sequence=1&isAllowed=../../../../../../../etc/passwd
Type: Signatures::Sensitive_Signature
Message: 192.168.65.136: WEB-MISC http directory traversal
Signature identifier: s2b-1113-5
Timestamp: 2021-09-05T14:28

URI: /xmlui/bitstream/handle/11441/70179/pub413072_2017_Article_165.pdf?sequence=1&isAllowed=../../../../../../../etc/passwd%00
Type: Signatures::Sensitive_Signature
Message: 192.168.65.136: WEB-MISC http directory traversal
Signature identifier: s2b-1113-5
Timestamp: 2021-09-05T14:28

URI: /xmlui/bitstream/handle/11441/70179/pub413072_2017_Article_165.pdf?sequence=1&isAllowed=../../../../../../../../etc/passwd
Type: Signatures::Sensitive_Signature
Message: 192.168.65.136: WEB-MISC http directory traversal
Signature identifier: s2b-1113-5
Timestamp: 2021-09-05T14:28

URI: /xmlui/bitstream/handle/11441/70179/pub413072_2017_Article_165.pdf?sequence=1&isAllowed=../../../../../../../../etc/passwd%00
Type: Signatures::Sensitive_Signature
Message: 192.168.65.136: WEB-MISC http directory traversal
Signature identifier: s2b-1113-5
Timestamp: 2021-09-05T14:28

URI: /xmlui/bitstream/handle/11441/70179/pub413072_2017_Article_165.pdf?sequence=1&isAllowed=../../../../../../../../../etc/passwd
Type: Signatures::Sensitive_Signature
Message: 192.168.65.136: WEB-MISC http directory traversal
Signature identifier: s2b-1113-5
Timestamp: 2021-09-05T14:28

URI: /xmlui/bitstream/handle/11441/70179/pub413072_2017_Article_165.pdf?sequence=1&isAllowed=../../../../../../../../../etc/passwd%00
Type: Signatures::Sensitive_Signature
Message: 192.168.65.136: WEB-MISC http directory traversal
Signature identifier: s2b-1113-5
Timestamp: 2021-09-05T14:28

URI: /xmlui/bitstream/handle/11441/65324/TFG%20Javier%20del%20Pino%20Silva.pdf?sequence=1&isAllowed=../etc/passwd
Type: Signatures::Sensitive_Signature
Message: 192.168.65.136: WEB-MISC http directory traversal
Signature identifier: s2b-1113-5
Timestamp: 2021-09-05T14:28

URI: /xmlui/bitstream/handle/11441/65324/TFG%20Javier%20del%20Pino%20Silva.pdf?sequence=1&isAllowed=../etc/passwd%00
Type: Signatures::Sensitive_Signature
Message: 192.168.65.136: WEB-MISC http directory traversal
Signature identifier: s2b-1113-5
Timestamp: 2021-09-05T14:28

URI: /xmlui/bitstream/handle/11441/65324/TFG%20Javier%20del%20Pino%20Silva.pdf?sequence=1&isAllowed=../../etc/passwd
Type: Signatures::Sensitive_Signature
Message: 192.168.65.136: WEB-MISC http directory traversal
Signature identifier: s2b-1113-5
Timestamp: 2021-09-05T14:28

URI: /xmlui/bitstream/handle/11441/65324/TFG%20Javier%20del%20Pino%20Silva.pdf?sequence=1&isAllowed=../../etc/passwd%00
Type: Signatures::Sensitive_Signature
Message: 192.168.65.136: WEB-MISC http directory traversal
Signature identifier: s2b-1113-5
Timestamp: 2021-09-05T14:28

URI: /xmlui/bitstream/handle/11441/65324/TFG%20Javier%20del%20Pino%20Silva.pdf?sequence=1&isAllowed=../../../etc/passwd
Type: Signatures::Sensitive_Signature
Message: 192.168.65.136: WEB-MISC http directory traversal
Signature identifier: s2b-1113-5
Timestamp: 2021-09-05T14:28

URI: /xmlui/bitstream/handle/11441/65324/TFG%20Javier%20del%20Pino%20Silva.pdf?sequence=1&isAllowed=../../../etc/passwd%00
Type: Signatures::Sensitive_Signature
Message: 192.168.65.136: WEB-MISC http directory traversal
Signature identifier: s2b-1113-5
Timestamp: 2021-09-05T14:28

URI: /xmlui/bitstream/handle/11441/65324/TFG%20Javier%20del%20Pino%20Silva.pdf?sequence=1&isAllowed=../../../../etc/passwd
Type: Signatures::Sensitive_Signature
Message: 192.168.65.136: WEB-MISC http directory traversal
Signature identifier: s2b-1113-5
Timestamp: 2021-09-05T14:28

URI: /xmlui/bitstream/handle/11441/65324/TFG%20Javier%20del%20Pino%20Silva.pdf?sequence=1&isAllowed=../../../../etc/passwd%00
Type: Signatures::Sensitive_Signature
Message: 192.168.65.136: WEB-MISC http directory traversal
Signature identifier: s2b-1113-5
Timestamp: 2021-09-05T14:28

URI: /xmlui/bitstream/handle/11441/65324/TFG%20Javier%20del%20Pino%20Silva.pdf?sequence=1&isAllowed=../../../../../etc/passwd
Type: Signatures::Sensitive_Signature
Message: 192.168.65.136: WEB-MISC http directory traversal
Signature identifier: s2b-1113-5
Timestamp: 2021-09-05T14:28

URI: /xmlui/bitstream/handle/11441/65324/TFG%20Javier%20del%20Pino%20Silva.pdf?sequence=1&isAllowed=../../../../../etc/passwd%00
Type: Signatures::Sensitive_Signature
Message: 192.168.65.136: WEB-MISC http directory traversal
Signature identifier: s2b-1113-5
Timestamp: 2021-09-05T14:28

URI: /xmlui/bitstream/handle/11441/65324/TFG%20Javier%20del%20Pino%20Silva.pdf?sequence=1&isAllowed=../../../../../../etc/passwd
Type: Signatures::Sensitive_Signature
Message: 192.168.65.136: WEB-MISC http directory traversal
Signature identifier: s2b-1113-5
Timestamp: 2021-09-05T14:28

URI: /xmlui/bitstream/handle/11441/65324/TFG%20Javier%20del%20Pino%20Silva.pdf?sequence=1&isAllowed=../../../../../../etc/passwd%00
Type: Signatures::Sensitive_Signature
Message: 192.168.65.136: WEB-MISC http directory traversal
Signature identifier: s2b-1113-5
Timestamp: 2021-09-05T14:28

URI: /xmlui/bitstream/handle/11441/65324/TFG%20Javier%20del%20Pino%20Silva.pdf?sequence=1&isAllowed=../../../../../../../etc/passwd
Type: Signatures::Sensitive_Signature
Message: 192.168.65.136: WEB-MISC http directory traversal
Signature identifier: s2b-1113-5
Timestamp: 2021-09-05T14:28

URI: /xmlui/bitstream/handle/11441/65324/TFG%20Javier%20del%20Pino%20Silva.pdf?sequence=1&isAllowed=../../../../../../../etc/passwd%00
Type: Signatures::Sensitive_Signature
Message: 192.168.65.136: WEB-MISC http directory traversal
Signature identifier: s2b-1113-5
Timestamp: 2021-09-05T14:28

URI: /xmlui/bitstream/handle/11441/65324/TFG%20Javier%20del%20Pino%20Silva.pdf?sequence=1&isAllowed=../../../../../../../../etc/passwd
Type: Signatures::Sensitive_Signature
Message: 192.168.65.136: WEB-MISC http directory traversal
Signature identifier: s2b-1113-5
Timestamp: 2021-09-05T14:28

URI: /xmlui/bitstream/handle/11441/65324/TFG%20Javier%20del%20Pino%20Silva.pdf?sequence=1&isAllowed=../../../../../../../../etc/passwd%00
Type: Signatures::Sensitive_Signature
Message: 192.168.65.136: WEB-MISC http directory traversal
Signature identifier: s2b-1113-5
Timestamp: 2021-09-05T14:28

URI: /xmlui/bitstream/handle/11441/65324/TFG%20Javier%20del%20Pino%20Silva.pdf?sequence=1&isAllowed=../../../../../../../../../etc/passwd
Type: Signatures::Sensitive_Signature
Message: 192.168.65.136: WEB-MISC http directory traversal
Signature identifier: s2b-1113-5
Timestamp: 2021-09-05T14:28

URI: /xmlui/bitstream/handle/11441/65324/TFG%20Javier%20del%20Pino%20Silva.pdf?sequence=1&isAllowed=../../../../../../../../../etc/passwd%00
Type: Signatures::Sensitive_Signature
Message: 192.168.65.136: WEB-MISC http directory traversal
Signature identifier: s2b-1113-5
Timestamp: 2021-09-05T14:28

URI: /xmlui/bitstream/handle/11441/47759/MATRIMONIO%20Y%20BIENESTAR%20SOCIOEMOCIONAL%20Bericat%2004.pdf?sequence=1&isAllowed=y
Type: Signatures::Sensitive_Signature
Message: 192.168.65.136: WEB-MISC cat%20 access
Signature identifier: s2b-1147-7
Timestamp: 2021-09-05T14:33

URI: /xmlui/bitstream/handle/11441/41754/Factorization%20of%20the%20hypergeometric-type%20difference%20equation%20on%20the%20non-uniform%20lattices%20dynamical%20algebra.pdf;sequence=1
Type: Signatures::Sensitive_Signature
Message: 192.168.65.136: WEB-ATTACKS rm command attempt
Signature identifier: s2b-1365-5
Timestamp: 2021-09-05T14:34

URI: /xmlui/bitstream/handle/11441/47759/MATRIMONIO%20Y%20BIENESTAR%20SOCIOEMOCIONAL%20Bericat%2004.pdf?sequence=1
Type: Signatures::Sensitive_Signature
Message: 192.168.65.136: WEB-MISC cat%20 access
Signature identifier: s2b-1147-7
Timestamp: 2021-09-05T14:36

