URI: /xmlui/bitstream/11441/41441/1/Uniform%20local%20null%20control%20of%20the%20Leray-%CE%B1%20model.pdf
Type: Signatures::Sensitive_Signature
Message: 192.168.65.136: WEB-ATTACKS rm command attempt
Signature identifier: s2b-1365-5
Timestamp: 2021-09-04T19:15

URI: /xmlui/bitstream/handle/11441/41441/Uniform%20local%20null%20control%20of%20the%20Leray-%20%20model.pdf?sequence=1
Type: Signatures::Sensitive_Signature
Message: 192.168.65.136: WEB-ATTACKS rm command attempt
Signature identifier: s2b-1365-5
Timestamp: 2021-09-04T19:15

URI: /xmlui/bitstream/11441/34597/1/._ProjectARS_pdf_Ars%20Pharm%2056(2)_77-87-hol.pdf
Type: Signatures::Sensitive_Signature
Message: 192.168.65.136: WEB-ATTACKS rm command attempt
Signature identifier: s2b-1365-5
Timestamp: 2021-09-04T19:18

URI: /xmlui/bitstream/handle/11441/34597/._ProjectARS_pdf_Ars%20Pharm%2056(2)_77-87-hol.pdf?sequence=1
Type: Signatures::Sensitive_Signature
Message: 192.168.65.136: WEB-ATTACKS rm command attempt
Signature identifier: s2b-1365-5
Timestamp: 2021-09-04T19:18

URI: /xmlui/bitstream/11441/54863/1/Galhena-%20E-HRM%20adoption.pdf
Type: Signatures::Sensitive_Signature
Message: 192.168.65.136: WEB-ATTACKS rm command attempt
Signature identifier: s2b-1365-5
Timestamp: 2021-09-04T19:18

URI: /xmlui/bitstream/handle/11441/54863/Galhena-%20E-HRM%20adoption.pdf?sequence=1
Type: Signatures::Sensitive_Signature
Message: 192.168.65.136: WEB-ATTACKS rm command attempt
Signature identifier: s2b-1365-5
Timestamp: 2021-09-04T19:18

URI: /xmlui/bitstream/11441/73026/1/Uniform%20luminescent%20Eu.pdf
Type: Signatures::Sensitive_Signature
Message: 192.168.65.136: WEB-ATTACKS rm command attempt
Signature identifier: s2b-1365-5
Timestamp: 2021-09-04T19:20

URI: /xmlui/bitstream/handle/11441/73026/Uniform%20luminescent%20Eu.pdf?sequence=1
Type: Signatures::Sensitive_Signature
Message: 192.168.65.136: WEB-ATTACKS rm command attempt
Signature identifier: s2b-1365-5
Timestamp: 2021-09-04T19:20

URI: /xmlui/bitstream/11441/38572/1/On%20the%20practical%20global%20uniform%20asymptotic%20stability%20of%20stochastic%20differential%20equations.pdf
Type: Signatures::Sensitive_Signature
Message: 192.168.65.136: WEB-ATTACKS rm command attempt
Signature identifier: s2b-1365-5
Timestamp: 2021-09-04T19:20

URI: /xmlui/bitstream/handle/11441/38572/On%20the%20practical%20global%20uniform%20asymptotic%20stability%20of%20stochastic%20differential%20equations.pdf?sequence=1
Type: Signatures::Sensitive_Signature
Message: 192.168.65.136: WEB-ATTACKS rm command attempt
Signature identifier: s2b-1365-5
Timestamp: 2021-09-04T19:20

URI: /xmlui/bitstream/11441/45213/1/Classification%20of%20filiform%20Lie%20algebras%20up%20to%20dimension%207%20over%20finite%20fields.pdf
Type: Signatures::Sensitive_Signature
Message: 192.168.65.136: WEB-ATTACKS rm command attempt
Signature identifier: s2b-1365-5
Timestamp: 2021-09-04T19:21

URI: /xmlui/bitstream/handle/11441/45213/Classification%20of%20filiform%20Lie%20algebras%20up%20to%20dimension%207%20over%20finite%20fields.pdf?sequence=1
Type: Signatures::Sensitive_Signature
Message: 192.168.65.136: WEB-ATTACKS rm command attempt
Signature identifier: s2b-1365-5
Timestamp: 2021-09-04T19:21

URI: /xmlui/bitstream/handle/11441/56217/IdPA02_Elena%20Moro%CC%20n.pdf?sequence=1
Type: Signatures::Sensitive_Signature
Message: 192.168.65.136: WEB-ATTACKS cc command attempt
Signature identifier: s2b-1344-5
Timestamp: 2021-09-04T19:23

URI: /xmlui/bitstream/handle/11441/60616/magmi/web/download_file.php?file=../conf/magmi.ini
Type: Signatures::Sensitive_Signature
Message: 192.168.65.136: WEB-MISC http directory traversal
Signature identifier: s2b-1113-5
Timestamp: 2021-09-04T19:25

URI: /xmlui/bitstream/handle/11441/60616/web/download_file.php?file=../conf/magmi.ini
Type: Signatures::Sensitive_Signature
Message: 192.168.65.136: WEB-MISC http directory traversal
Signature identifier: s2b-1113-5
Timestamp: 2021-09-04T19:25

URI: /xmlui/bitstream/handle/11441/60616/magmi/web/download_file.php?file=../../app/etc/local.xml
Type: Signatures::Sensitive_Signature
Message: 192.168.65.136: WEB-MISC http directory traversal
Signature identifier: s2b-1113-5
Timestamp: 2021-09-04T19:25

URI: /xmlui/bitstream/11441/47961/1/Isomorphism%20and%20isotopism%20classes%20of%20filiform%20Lie%20algebras%20of%20dimension%20up%20to%20seven.pdf
Type: Signatures::Sensitive_Signature
Message: 192.168.65.136: WEB-ATTACKS rm command attempt
Signature identifier: s2b-1365-5
Timestamp: 2021-09-04T19:26

URI: /xmlui/bitstream/handle/11441/47961/Isomorphism%20and%20isotopism%20classes%20of%20filiform%20Lie%20algebras%20of%20dimension%20up%20to%20seven.pdf?sequence=1
Type: Signatures::Sensitive_Signature
Message: 192.168.65.136: WEB-ATTACKS rm command attempt
Signature identifier: s2b-1365-5
Timestamp: 2021-09-04T19:26

URI: /xmlui/bitstream/11441/40623/4/Tesis%20FCC%20El%20Nadador%20de%20Cap-Martin%20y%20Otros%20Cuentos%20de%20Arquitectura.pdf
Type: Signatures::Sensitive_Signature
Message: 192.168.65.136: WEB-ATTACKS cc command attempt
Signature identifier: s2b-1344-5
Timestamp: 2021-09-04T19:27

URI: /xmlui/bitstream/11441/44945/1/p-facility%20Huff%20location%20problerm%20on%20networks.pdf
Type: Signatures::Sensitive_Signature
Message: 192.168.65.136: WEB-ATTACKS rm command attempt
Signature identifier: s2b-1365-5
Timestamp: 2021-09-04T19:29

URI: /xmlui/bitstream/handle/11441/44945/p-facility%20Huff%20location%20problerm%20on%20networks.pdf?sequence=1
Type: Signatures::Sensitive_Signature
Message: 192.168.65.136: WEB-ATTACKS rm command attempt
Signature identifier: s2b-1365-5
Timestamp: 2021-09-04T19:29

URI: /xmlui/bitstream/11441/40490/1/A%20particle%20swarm%20optimization%20algorithm%20for%20optimal%20car-call%20allocation%20in%20elevator%20group%20control%20systems.pdf
Type: Signatures::Sensitive_Signature
Message: 192.168.65.136: WEB-ATTACKS rm command attempt
Signature identifier: s2b-1365-5
Timestamp: 2021-09-04T19:29

URI: /xmlui/bitstream/handle/11441/40490/A%20particle%20swarm%20optimization%20algorithm%20for%20optimal%20car-call%20allocation%20in%20elevator%20group%20control%20systems.pdf;jsessionid=6EF3EBE9AA85E68CF582AAD82A3556A9?sequence=1
Type: Signatures::Sensitive_Signature
Message: 192.168.65.136: WEB-ATTACKS rm command attempt
Signature identifier: s2b-1365-5
Timestamp: 2021-09-04T19:29

URI: /xmlui/bitstream/handle/11441/41619/Description%20of%20some%20families%20of%20filiform%20Lie%20algebras.pdf?sequence=1
Type: Signatures::Sensitive_Signature
Message: 192.168.65.136: WEB-ATTACKS rm command attempt
Signature identifier: s2b-1365-5
Timestamp: 2021-09-04T19:31

URI: /xmlui/bitstream/handle/11441/48776/Convergence%20of%20weighted%20sums%20of%20random%20variables%20and%20uniform%20integrability%20concerning%20the%20weights.pdf?sequence=1&isAllowed=y
Type: Signatures::Sensitive_Signature
Message: 192.168.65.136: WEB-ATTACKS rm command attempt
Signature identifier: s2b-1365-5
Timestamp: 2021-09-04T19:33

URI: /xmlui/bitstream/handle/11441/38572/On%20the%20practical%20global%20uniform%20asymptotic%20stability%20of%20stochastic%20differential%20equations.pdf;sequence=1
Type: Signatures::Sensitive_Signature
Message: 192.168.65.136: WEB-ATTACKS rm command attempt
Signature identifier: s2b-1365-5
Timestamp: 2021-09-04T19:33

URI: /xmlui/bitstream/handle/11441/55085/Smoothed%20number%20of%20extreme%20points%20under%20uniform%20noise.pdf?sequence=1&isAllowed=y
Type: Signatures::Sensitive_Signature
Message: 192.168.65.136: WEB-ATTACKS rm command attempt
Signature identifier: s2b-1365-5
Timestamp: 2021-09-04T19:33

URI: /xmlui/bitstream/11441/41773/1/Recurrence%20relation%20for%20connection%20coefficients%20between%20q-orthogonal%20polynomials%20of%20discrete%20variables%20in%20the%20non-uniform%20lattice%20X%28s%29%20%3D%20q2s.pdf
Type: Signatures::Sensitive_Signature
Message: 192.168.65.136: WEB-ATTACKS rm command attempt
Signature identifier: s2b-1365-5
Timestamp: 2021-09-04T19:34

URI: /xmlui/bitstream/handle/11441/41773/Recurrence%20relation%20for%20connection%20coefficients%20between%20q-orthogonal%20polynomials%20of%20discrete%20variables%20in%20the%20non-uniform%20lattice%20X(s)%20=%20q2s.pdf;jsessionid=B5B602765A5A899AE9535E644FFC21F9?sequence=1
Type: Signatures::Sensitive_Signature
Message: 192.168.65.136: WEB-ATTACKS rm command attempt
Signature identifier: s2b-1365-5
Timestamp: 2021-09-04T19:34

URI: /xmlui/bitstream/handle/11441/34597/._ProjectARS_pdf_Ars%20Pharm%2056%282%29_77-87-hol.pdf?sequence=1&isAllowed=y
Type: Signatures::Sensitive_Signature
Message: 192.168.65.136: WEB-ATTACKS rm command attempt
Signature identifier: s2b-1365-5
Timestamp: 2021-09-04T19:34

URI: /xmlui/bitstream/11441/68165/1/2017d,%20Journalism%20in%20transition%20in%20front%20of%20the%20V%20IPCC%20Report%20the%20Paris%20agreement%20and%20the%20Sustainable%20Develo.pdf
Type: Signatures::Sensitive_Signature
Message: 192.168.65.136: WEB-ATTACKS cc command attempt
Signature identifier: s2b-1344-5
Timestamp: 2021-09-04T19:36

URI: /xmlui/bitstream/handle/11441/68165/2017d,%20Journalism%20in%20transition%20in%20front%20of%20the%20V%20IPCC%20Report%20the%20Paris%20agreement%20and%20the%20Sustainable%20Develo.pdf?sequence=1
Type: Signatures::Sensitive_Signature
Message: 192.168.65.136: WEB-ATTACKS cc command attempt
Signature identifier: s2b-1344-5
Timestamp: 2021-09-04T19:36

URI: /xmlui/bitstream/11441/69363/1/Art%C3%ADculos%20Pilar%20Ostos%20Autografos%20de%20Cervantes-3%C2%BA%20correcc%20-29-337.pdf
Type: Signatures::Sensitive_Signature
Message: 192.168.65.136: WEB-ATTACKS cc command attempt
Signature identifier: s2b-1344-5
Timestamp: 2021-09-04T19:36

URI: /xmlui/bitstream/11441/69357/1/Art%C3%ADculos%20Pilar%20Ostos%20Autografos%20de%20Cervantes-3%C2%BA%20correcc%20-1-28.pdf
Type: Signatures::Sensitive_Signature
Message: 192.168.65.136: WEB-ATTACKS cc command attempt
Signature identifier: s2b-1344-5
Timestamp: 2021-09-04T19:36

URI: /xmlui/bitstream/handle/11441/69357/Art%EDculos%20Pilar%20Ostos%20Autografos%20de%20Cervantes-3%BA%20correcc%20-1-28.pdf?sequence=1
Type: Signatures::Sensitive_Signature
Message: 192.168.65.136: WEB-ATTACKS cc command attempt
Signature identifier: s2b-1344-5
Timestamp: 2021-09-04T19:36

