URI: /xmlui/bitstream/handle/11441/65324/TFG%20Javier%20del%20Pino%20Silva.pdf?sequence=1&isAllowed=../etc/passwd
Type: Signatures::Sensitive_Signature
Message: 192.168.65.136: WEB-MISC http directory traversal
Signature identifier: s2b-1113-5
Timestamp: 2021-09-06T17:30

URI: /xmlui/bitstream/handle/11441/65324/TFG%20Javier%20del%20Pino%20Silva.pdf?sequence=1&isAllowed=../etc/passwd%00
Type: Signatures::Sensitive_Signature
Message: 192.168.65.136: WEB-MISC http directory traversal
Signature identifier: s2b-1113-5
Timestamp: 2021-09-06T17:30

URI: /xmlui/bitstream/handle/11441/65324/TFG%20Javier%20del%20Pino%20Silva.pdf?sequence=1&isAllowed=../../etc/passwd
Type: Signatures::Sensitive_Signature
Message: 192.168.65.136: WEB-MISC http directory traversal
Signature identifier: s2b-1113-5
Timestamp: 2021-09-06T17:30

URI: /xmlui/bitstream/handle/11441/65324/TFG%20Javier%20del%20Pino%20Silva.pdf?sequence=1&isAllowed=../../etc/passwd%00
Type: Signatures::Sensitive_Signature
Message: 192.168.65.136: WEB-MISC http directory traversal
Signature identifier: s2b-1113-5
Timestamp: 2021-09-06T17:30

URI: /xmlui/bitstream/handle/11441/65324/TFG%20Javier%20del%20Pino%20Silva.pdf?sequence=1&isAllowed=../../../etc/passwd
Type: Signatures::Sensitive_Signature
Message: 192.168.65.136: WEB-MISC http directory traversal
Signature identifier: s2b-1113-5
Timestamp: 2021-09-06T17:30

URI: /xmlui/bitstream/handle/11441/65324/TFG%20Javier%20del%20Pino%20Silva.pdf?sequence=1&isAllowed=../../../etc/passwd%00
Type: Signatures::Sensitive_Signature
Message: 192.168.65.136: WEB-MISC http directory traversal
Signature identifier: s2b-1113-5
Timestamp: 2021-09-06T17:30

URI: /xmlui/bitstream/handle/11441/65324/TFG%20Javier%20del%20Pino%20Silva.pdf?sequence=1&isAllowed=../../../../etc/passwd
Type: Signatures::Sensitive_Signature
Message: 192.168.65.136: WEB-MISC http directory traversal
Signature identifier: s2b-1113-5
Timestamp: 2021-09-06T17:30

URI: /xmlui/bitstream/handle/11441/65324/TFG%20Javier%20del%20Pino%20Silva.pdf?sequence=1&isAllowed=../../../../etc/passwd%00
Type: Signatures::Sensitive_Signature
Message: 192.168.65.136: WEB-MISC http directory traversal
Signature identifier: s2b-1113-5
Timestamp: 2021-09-06T17:30

URI: /xmlui/bitstream/handle/11441/65324/TFG%20Javier%20del%20Pino%20Silva.pdf?sequence=1&isAllowed=../../../../../etc/passwd
Type: Signatures::Sensitive_Signature
Message: 192.168.65.136: WEB-MISC http directory traversal
Signature identifier: s2b-1113-5
Timestamp: 2021-09-06T17:30

URI: /xmlui/bitstream/handle/11441/65324/TFG%20Javier%20del%20Pino%20Silva.pdf?sequence=1&isAllowed=../../../../../etc/passwd%00
Type: Signatures::Sensitive_Signature
Message: 192.168.65.136: WEB-MISC http directory traversal
Signature identifier: s2b-1113-5
Timestamp: 2021-09-06T17:30

URI: /xmlui/bitstream/handle/11441/65324/TFG%20Javier%20del%20Pino%20Silva.pdf?sequence=1&isAllowed=../../../../../../etc/passwd
Type: Signatures::Sensitive_Signature
Message: 192.168.65.136: WEB-MISC http directory traversal
Signature identifier: s2b-1113-5
Timestamp: 2021-09-06T17:30

URI: /xmlui/bitstream/handle/11441/65324/TFG%20Javier%20del%20Pino%20Silva.pdf?sequence=1&isAllowed=../../../../../../etc/passwd%00
Type: Signatures::Sensitive_Signature
Message: 192.168.65.136: WEB-MISC http directory traversal
Signature identifier: s2b-1113-5
Timestamp: 2021-09-06T17:30

URI: /xmlui/bitstream/handle/11441/65324/TFG%20Javier%20del%20Pino%20Silva.pdf?sequence=1&isAllowed=../../../../../../../etc/passwd
Type: Signatures::Sensitive_Signature
Message: 192.168.65.136: WEB-MISC http directory traversal
Signature identifier: s2b-1113-5
Timestamp: 2021-09-06T17:30

URI: /xmlui/bitstream/handle/11441/65324/TFG%20Javier%20del%20Pino%20Silva.pdf?sequence=1&isAllowed=../../../../../../../etc/passwd%00
Type: Signatures::Sensitive_Signature
Message: 192.168.65.136: WEB-MISC http directory traversal
Signature identifier: s2b-1113-5
Timestamp: 2021-09-06T17:30

URI: /xmlui/bitstream/handle/11441/65324/TFG%20Javier%20del%20Pino%20Silva.pdf?sequence=1&isAllowed=../../../../../../../../etc/passwd
Type: Signatures::Sensitive_Signature
Message: 192.168.65.136: WEB-MISC http directory traversal
Signature identifier: s2b-1113-5
Timestamp: 2021-09-06T17:30

URI: /xmlui/bitstream/handle/11441/65324/TFG%20Javier%20del%20Pino%20Silva.pdf?sequence=1&isAllowed=../../../../../../../../etc/passwd%00
Type: Signatures::Sensitive_Signature
Message: 192.168.65.136: WEB-MISC http directory traversal
Signature identifier: s2b-1113-5
Timestamp: 2021-09-06T17:30

URI: /xmlui/bitstream/handle/11441/65324/TFG%20Javier%20del%20Pino%20Silva.pdf?sequence=1&isAllowed=../../../../../../../../../etc/passwd
Type: Signatures::Sensitive_Signature
Message: 192.168.65.136: WEB-MISC http directory traversal
Signature identifier: s2b-1113-5
Timestamp: 2021-09-06T17:30

URI: /xmlui/bitstream/handle/11441/65324/TFG%20Javier%20del%20Pino%20Silva.pdf?sequence=1&isAllowed=../../../../../../../../../etc/passwd%00
Type: Signatures::Sensitive_Signature
Message: 192.168.65.136: WEB-MISC http directory traversal
Signature identifier: s2b-1113-5
Timestamp: 2021-09-06T17:30

URI: /xmlui/bitstream/handle/11441/64845/Activities%20of%20ABT-773%20against%20Listeria%20monocytogenes%20and%20coryneform%20bacteria%20of%20clinical%20interest.pdf?sequence=1&isAllowed=y
Type: Signatures::Sensitive_Signature
Message: 192.168.65.136: WEB-ATTACKS rm command attempt
Signature identifier: s2b-1365-5
Timestamp: 2021-09-06T17:36

URI: /xmlui/bitstream/handle/11441/63797/TF%20CJCC%20vF.pdf?sequence=1&isAllowed=y
Type: Signatures::Sensitive_Signature
Message: 192.168.65.136: WEB-ATTACKS cc command attempt
Signature identifier: s2b-1344-5
Timestamp: 2021-09-06T17:36

URI: /xmlui/bitstream/handle/11441/60382/Tesis_MariaOlmedillaFernandez.pdf?sequence=1&isAllowed=../etc/passwd
Type: Signatures::Sensitive_Signature
Message: 192.168.65.136: WEB-MISC http directory traversal
Signature identifier: s2b-1113-5
Timestamp: 2021-09-06T17:37

URI: /xmlui/bitstream/handle/11441/60382/Tesis_MariaOlmedillaFernandez.pdf?sequence=1&isAllowed=../etc/passwd%00
Type: Signatures::Sensitive_Signature
Message: 192.168.65.136: WEB-MISC http directory traversal
Signature identifier: s2b-1113-5
Timestamp: 2021-09-06T17:37

URI: /xmlui/bitstream/handle/11441/60382/Tesis_MariaOlmedillaFernandez.pdf?sequence=1&isAllowed=../../etc/passwd
Type: Signatures::Sensitive_Signature
Message: 192.168.65.136: WEB-MISC http directory traversal
Signature identifier: s2b-1113-5
Timestamp: 2021-09-06T17:37

URI: /xmlui/bitstream/handle/11441/60382/Tesis_MariaOlmedillaFernandez.pdf?sequence=1&isAllowed=../../etc/passwd%00
Type: Signatures::Sensitive_Signature
Message: 192.168.65.136: WEB-MISC http directory traversal
Signature identifier: s2b-1113-5
Timestamp: 2021-09-06T17:37

URI: /xmlui/bitstream/handle/11441/60382/Tesis_MariaOlmedillaFernandez.pdf?sequence=1&isAllowed=../../../etc/passwd
Type: Signatures::Sensitive_Signature
Message: 192.168.65.136: WEB-MISC http directory traversal
Signature identifier: s2b-1113-5
Timestamp: 2021-09-06T17:37

URI: /xmlui/bitstream/handle/11441/60382/Tesis_MariaOlmedillaFernandez.pdf?sequence=1&isAllowed=../../../etc/passwd%00
Type: Signatures::Sensitive_Signature
Message: 192.168.65.136: WEB-MISC http directory traversal
Signature identifier: s2b-1113-5
Timestamp: 2021-09-06T17:37

URI: /xmlui/bitstream/handle/11441/60382/Tesis_MariaOlmedillaFernandez.pdf?sequence=1&isAllowed=../../../../etc/passwd
Type: Signatures::Sensitive_Signature
Message: 192.168.65.136: WEB-MISC http directory traversal
Signature identifier: s2b-1113-5
Timestamp: 2021-09-06T17:37

URI: /xmlui/bitstream/handle/11441/60382/Tesis_MariaOlmedillaFernandez.pdf?sequence=1&isAllowed=../../../../etc/passwd%00
Type: Signatures::Sensitive_Signature
Message: 192.168.65.136: WEB-MISC http directory traversal
Signature identifier: s2b-1113-5
Timestamp: 2021-09-06T17:37

URI: /xmlui/bitstream/handle/11441/60382/Tesis_MariaOlmedillaFernandez.pdf?sequence=1&isAllowed=../../../../../etc/passwd
Type: Signatures::Sensitive_Signature
Message: 192.168.65.136: WEB-MISC http directory traversal
Signature identifier: s2b-1113-5
Timestamp: 2021-09-06T17:37

URI: /xmlui/bitstream/handle/11441/60382/Tesis_MariaOlmedillaFernandez.pdf?sequence=1&isAllowed=../../../../../etc/passwd%00
Type: Signatures::Sensitive_Signature
Message: 192.168.65.136: WEB-MISC http directory traversal
Signature identifier: s2b-1113-5
Timestamp: 2021-09-06T17:37

URI: /xmlui/bitstream/handle/11441/60382/Tesis_MariaOlmedillaFernandez.pdf?sequence=1&isAllowed=../../../../../../etc/passwd
Type: Signatures::Sensitive_Signature
Message: 192.168.65.136: WEB-MISC http directory traversal
Signature identifier: s2b-1113-5
Timestamp: 2021-09-06T17:37

URI: /xmlui/bitstream/handle/11441/60382/Tesis_MariaOlmedillaFernandez.pdf?sequence=1&isAllowed=../../../../../../etc/passwd%00
Type: Signatures::Sensitive_Signature
Message: 192.168.65.136: WEB-MISC http directory traversal
Signature identifier: s2b-1113-5
Timestamp: 2021-09-06T17:37

URI: /xmlui/bitstream/handle/11441/60382/Tesis_MariaOlmedillaFernandez.pdf?sequence=1&isAllowed=../../../../../../../etc/passwd
Type: Signatures::Sensitive_Signature
Message: 192.168.65.136: WEB-MISC http directory traversal
Signature identifier: s2b-1113-5
Timestamp: 2021-09-06T17:37

URI: /xmlui/bitstream/handle/11441/60382/Tesis_MariaOlmedillaFernandez.pdf?sequence=1&isAllowed=../../../../../../../etc/passwd%00
Type: Signatures::Sensitive_Signature
Message: 192.168.65.136: WEB-MISC http directory traversal
Signature identifier: s2b-1113-5
Timestamp: 2021-09-06T17:37

URI: /xmlui/bitstream/handle/11441/60382/Tesis_MariaOlmedillaFernandez.pdf?sequence=1&isAllowed=../../../../../../../../etc/passwd
Type: Signatures::Sensitive_Signature
Message: 192.168.65.136: WEB-MISC http directory traversal
Signature identifier: s2b-1113-5
Timestamp: 2021-09-06T17:37

URI: /xmlui/bitstream/handle/11441/60382/Tesis_MariaOlmedillaFernandez.pdf?sequence=1&isAllowed=../../../../../../../../etc/passwd%00
Type: Signatures::Sensitive_Signature
Message: 192.168.65.136: WEB-MISC http directory traversal
Signature identifier: s2b-1113-5
Timestamp: 2021-09-06T17:37

URI: /xmlui/bitstream/handle/11441/60382/Tesis_MariaOlmedillaFernandez.pdf?sequence=1&isAllowed=../../../../../../../../../etc/passwd
Type: Signatures::Sensitive_Signature
Message: 192.168.65.136: WEB-MISC http directory traversal
Signature identifier: s2b-1113-5
Timestamp: 2021-09-06T17:37

URI: /xmlui/bitstream/handle/11441/60382/Tesis_MariaOlmedillaFernandez.pdf?sequence=1&isAllowed=../../../../../../../../../etc/passwd%00
Type: Signatures::Sensitive_Signature
Message: 192.168.65.136: WEB-MISC http directory traversal
Signature identifier: s2b-1113-5
Timestamp: 2021-09-06T17:37

URI: /xmlui/bitstream/11441/41773/1/Recurrence%20relation%20for%20connection%20coefficients%20between%20q-orthogonal%20polynomials%20of%20discrete%20variables%20in%20the%20non-uniform%20lattice%20X%28s%29%20%3D%20q2s.pdf
Type: Signatures::Sensitive_Signature
Message: 192.168.65.136: WEB-ATTACKS rm command attempt
Signature identifier: s2b-1365-5
Timestamp: 2021-09-06T17:40

URI: /xmlui/bitstream/handle/11441/41773/Recurrence%20relation%20for%20connection%20coefficients%20between%20q-orthogonal%20polynomials%20of%20discrete%20variables%20in%20the%20non-uniform%20lattice%20X(s)%20=%20q2s.pdf;jsessionid=BD3DEF882EBC9BF3C4D0A23A489AF110?sequence=1
Type: Signatures::Sensitive_Signature
Message: 192.168.65.136: WEB-ATTACKS rm command attempt
Signature identifier: s2b-1365-5
Timestamp: 2021-09-06T17:40

URI: /xmlui/bitstream/11441/42335/1/Two%20weighted%20norm%20inequalities%20for%20Riesz%20potentials%20and%20uniform%20LpLp--weigthed%20Sobolev%20inequalities.pdf
Type: Signatures::Sensitive_Signature
Message: 192.168.65.136: WEB-ATTACKS rm command attempt
Signature identifier: s2b-1365-5
Timestamp: 2021-09-06T17:42

URI: /xmlui/bitstream/handle/11441/42335/Two%20weighted%20norm%20inequalities%20for%20Riesz%20potentials%20and%20uniform%20LpLp--weigthed%20Sobolev%20inequalities.pdf;jsessionid=6D1520F93944C30BC1361947757CB667?sequence=1
Type: Signatures::Sensitive_Signature
Message: 192.168.65.136: WEB-ATTACKS rm command attempt
Signature identifier: s2b-1365-5
Timestamp: 2021-09-06T17:42

URI: /xmlui/bitstream/handle/11441/15021/K_Tesis-120.pdf?sequence=-1&isAllowed=../etc/passwd
Type: Signatures::Sensitive_Signature
Message: 192.168.65.136: WEB-MISC http directory traversal
Signature identifier: s2b-1113-5
Timestamp: 2021-09-06T17:44

URI: /xmlui/bitstream/handle/11441/15021/K_Tesis-120.pdf?sequence=-1&isAllowed=../etc/passwd%00
Type: Signatures::Sensitive_Signature
Message: 192.168.65.136: WEB-MISC http directory traversal
Signature identifier: s2b-1113-5
Timestamp: 2021-09-06T17:44

URI: /xmlui/bitstream/handle/11441/15021/K_Tesis-120.pdf?sequence=-1&isAllowed=../../etc/passwd
Type: Signatures::Sensitive_Signature
Message: 192.168.65.136: WEB-MISC http directory traversal
Signature identifier: s2b-1113-5
Timestamp: 2021-09-06T17:44

URI: /xmlui/bitstream/handle/11441/15021/K_Tesis-120.pdf?sequence=-1&isAllowed=../../etc/passwd%00
Type: Signatures::Sensitive_Signature
Message: 192.168.65.136: WEB-MISC http directory traversal
Signature identifier: s2b-1113-5
Timestamp: 2021-09-06T17:44

URI: /xmlui/bitstream/handle/11441/15021/K_Tesis-120.pdf?sequence=-1&isAllowed=../../../etc/passwd
Type: Signatures::Sensitive_Signature
Message: 192.168.65.136: WEB-MISC http directory traversal
Signature identifier: s2b-1113-5
Timestamp: 2021-09-06T17:44

URI: /xmlui/bitstream/handle/11441/15021/K_Tesis-120.pdf?sequence=-1&isAllowed=../../../etc/passwd%00
Type: Signatures::Sensitive_Signature
Message: 192.168.65.136: WEB-MISC http directory traversal
Signature identifier: s2b-1113-5
Timestamp: 2021-09-06T17:44

URI: /xmlui/bitstream/handle/11441/15021/K_Tesis-120.pdf?sequence=-1&isAllowed=../../../../etc/passwd
Type: Signatures::Sensitive_Signature
Message: 192.168.65.136: WEB-MISC http directory traversal
Signature identifier: s2b-1113-5
Timestamp: 2021-09-06T17:44

URI: /xmlui/bitstream/handle/11441/15021/K_Tesis-120.pdf?sequence=-1&isAllowed=../../../../etc/passwd%00
Type: Signatures::Sensitive_Signature
Message: 192.168.65.136: WEB-MISC http directory traversal
Signature identifier: s2b-1113-5
Timestamp: 2021-09-06T17:44

URI: /xmlui/bitstream/handle/11441/15021/K_Tesis-120.pdf?sequence=-1&isAllowed=../../../../../etc/passwd
Type: Signatures::Sensitive_Signature
Message: 192.168.65.136: WEB-MISC http directory traversal
Signature identifier: s2b-1113-5
Timestamp: 2021-09-06T17:44

URI: /xmlui/bitstream/handle/11441/15021/K_Tesis-120.pdf?sequence=-1&isAllowed=../../../../../etc/passwd%00
Type: Signatures::Sensitive_Signature
Message: 192.168.65.136: WEB-MISC http directory traversal
Signature identifier: s2b-1113-5
Timestamp: 2021-09-06T17:44

URI: /xmlui/bitstream/handle/11441/15021/K_Tesis-120.pdf?sequence=-1&isAllowed=../../../../../../etc/passwd
Type: Signatures::Sensitive_Signature
Message: 192.168.65.136: WEB-MISC http directory traversal
Signature identifier: s2b-1113-5
Timestamp: 2021-09-06T17:44

URI: /xmlui/bitstream/handle/11441/15021/K_Tesis-120.pdf?sequence=-1&isAllowed=../../../../../../etc/passwd%00
Type: Signatures::Sensitive_Signature
Message: 192.168.65.136: WEB-MISC http directory traversal
Signature identifier: s2b-1113-5
Timestamp: 2021-09-06T17:44

URI: /xmlui/bitstream/handle/11441/15021/K_Tesis-120.pdf?sequence=-1&isAllowed=../../../../../../../etc/passwd
Type: Signatures::Sensitive_Signature
Message: 192.168.65.136: WEB-MISC http directory traversal
Signature identifier: s2b-1113-5
Timestamp: 2021-09-06T17:44

URI: /xmlui/bitstream/handle/11441/15021/K_Tesis-120.pdf?sequence=-1&isAllowed=../../../../../../../etc/passwd%00
Type: Signatures::Sensitive_Signature
Message: 192.168.65.136: WEB-MISC http directory traversal
Signature identifier: s2b-1113-5
Timestamp: 2021-09-06T17:44

URI: /xmlui/bitstream/handle/11441/15021/K_Tesis-120.pdf?sequence=-1&isAllowed=../../../../../../../../etc/passwd
Type: Signatures::Sensitive_Signature
Message: 192.168.65.136: WEB-MISC http directory traversal
Signature identifier: s2b-1113-5
Timestamp: 2021-09-06T17:44

URI: /xmlui/bitstream/handle/11441/15021/K_Tesis-120.pdf?sequence=-1&isAllowed=../../../../../../../../etc/passwd%00
Type: Signatures::Sensitive_Signature
Message: 192.168.65.136: WEB-MISC http directory traversal
Signature identifier: s2b-1113-5
Timestamp: 2021-09-06T17:44

URI: /xmlui/bitstream/handle/11441/15021/K_Tesis-120.pdf?sequence=-1&isAllowed=../../../../../../../../../etc/passwd
Type: Signatures::Sensitive_Signature
Message: 192.168.65.136: WEB-MISC http directory traversal
Signature identifier: s2b-1113-5
Timestamp: 2021-09-06T17:44

URI: /xmlui/bitstream/handle/11441/15021/K_Tesis-120.pdf?sequence=-1&isAllowed=../../../../../../../../../etc/passwd%00
Type: Signatures::Sensitive_Signature
Message: 192.168.65.136: WEB-MISC http directory traversal
Signature identifier: s2b-1113-5
Timestamp: 2021-09-06T17:44

URI: /xmlui/bitstream/handle/11441/34597/._ProjectARS_pdf_Ars%20Pharm%2056%282%29_77-87-hol.pdf?sequence=1&isAllowed=y
Type: Signatures::Sensitive_Signature
Message: 192.168.65.136: WEB-ATTACKS rm command attempt
Signature identifier: s2b-1365-5
Timestamp: 2021-09-06T17:46

URI: /xmlui/bitstream/handle/11441/64845/Activities%20of%20ABT-773%20against%20Listeria%20monocytogenes%20and%20coryneform%20bacteria%20of%20clinical%20interest.pdf?sequence=1
Type: Signatures::Sensitive_Signature
Message: 192.168.65.136: WEB-ATTACKS rm command attempt
Signature identifier: s2b-1365-5
Timestamp: 2021-09-06T17:52

URI: /xmlui/bitstream/11441/63797/1/TF%20CJCC%20vF.pdf
Type: Signatures::Sensitive_Signature
Message: 192.168.65.136: WEB-ATTACKS cc command attempt
Signature identifier: s2b-1344-5
Timestamp: 2021-09-06T17:52

URI: /xmlui/bitstream/handle/11441/63797/TF%20CJCC%20vF.pdf?sequence=1&isAllowed=y
Type: Signatures::Sensitive_Signature
Message: 192.168.65.136: WEB-ATTACKS cc command attempt
Signature identifier: s2b-1344-5
Timestamp: 2021-09-06T17:53

URI: /xmlui/bitstream/handle/11441/57118/Hilotismo_moderno_percepciones_modernas.pdf?sequence=1&isAllowed=../etc/passwd
Type: Signatures::Sensitive_Signature
Message: 192.168.65.136: WEB-MISC http directory traversal
Signature identifier: s2b-1113-5
Timestamp: 2021-09-06T17:53

URI: /xmlui/bitstream/handle/11441/57118/Hilotismo_moderno_percepciones_modernas.pdf?sequence=1&isAllowed=../etc/passwd%00
Type: Signatures::Sensitive_Signature
Message: 192.168.65.136: WEB-MISC http directory traversal
Signature identifier: s2b-1113-5
Timestamp: 2021-09-06T17:53

URI: /xmlui/bitstream/handle/11441/57118/Hilotismo_moderno_percepciones_modernas.pdf?sequence=1&isAllowed=../../etc/passwd
Type: Signatures::Sensitive_Signature
Message: 192.168.65.136: WEB-MISC http directory traversal
Signature identifier: s2b-1113-5
Timestamp: 2021-09-06T17:53

URI: /xmlui/bitstream/handle/11441/57118/Hilotismo_moderno_percepciones_modernas.pdf?sequence=1&isAllowed=../../etc/passwd%00
Type: Signatures::Sensitive_Signature
Message: 192.168.65.136: WEB-MISC http directory traversal
Signature identifier: s2b-1113-5
Timestamp: 2021-09-06T17:53

URI: /xmlui/bitstream/handle/11441/57118/Hilotismo_moderno_percepciones_modernas.pdf?sequence=1&isAllowed=../../../etc/passwd
Type: Signatures::Sensitive_Signature
Message: 192.168.65.136: WEB-MISC http directory traversal
Signature identifier: s2b-1113-5
Timestamp: 2021-09-06T17:53

URI: /xmlui/bitstream/handle/11441/57118/Hilotismo_moderno_percepciones_modernas.pdf?sequence=1&isAllowed=../../../etc/passwd%00
Type: Signatures::Sensitive_Signature
Message: 192.168.65.136: WEB-MISC http directory traversal
Signature identifier: s2b-1113-5
Timestamp: 2021-09-06T17:53

URI: /xmlui/bitstream/handle/11441/57118/Hilotismo_moderno_percepciones_modernas.pdf?sequence=1&isAllowed=../../../../etc/passwd
Type: Signatures::Sensitive_Signature
Message: 192.168.65.136: WEB-MISC http directory traversal
Signature identifier: s2b-1113-5
Timestamp: 2021-09-06T17:53

URI: /xmlui/bitstream/handle/11441/57118/Hilotismo_moderno_percepciones_modernas.pdf?sequence=1&isAllowed=../../../../etc/passwd%00
Type: Signatures::Sensitive_Signature
Message: 192.168.65.136: WEB-MISC http directory traversal
Signature identifier: s2b-1113-5
Timestamp: 2021-09-06T17:53

URI: /xmlui/bitstream/handle/11441/57118/Hilotismo_moderno_percepciones_modernas.pdf?sequence=1&isAllowed=../../../../../etc/passwd
Type: Signatures::Sensitive_Signature
Message: 192.168.65.136: WEB-MISC http directory traversal
Signature identifier: s2b-1113-5
Timestamp: 2021-09-06T17:53

URI: /xmlui/bitstream/handle/11441/57118/Hilotismo_moderno_percepciones_modernas.pdf?sequence=1&isAllowed=../../../../../etc/passwd%00
Type: Signatures::Sensitive_Signature
Message: 192.168.65.136: WEB-MISC http directory traversal
Signature identifier: s2b-1113-5
Timestamp: 2021-09-06T17:53

URI: /xmlui/bitstream/handle/11441/57118/Hilotismo_moderno_percepciones_modernas.pdf?sequence=1&isAllowed=../../../../../../etc/passwd
Type: Signatures::Sensitive_Signature
Message: 192.168.65.136: WEB-MISC http directory traversal
Signature identifier: s2b-1113-5
Timestamp: 2021-09-06T17:53

URI: /xmlui/bitstream/handle/11441/57118/Hilotismo_moderno_percepciones_modernas.pdf?sequence=1&isAllowed=../../../../../../etc/passwd%00
Type: Signatures::Sensitive_Signature
Message: 192.168.65.136: WEB-MISC http directory traversal
Signature identifier: s2b-1113-5
Timestamp: 2021-09-06T17:53

URI: /xmlui/bitstream/handle/11441/57118/Hilotismo_moderno_percepciones_modernas.pdf?sequence=1&isAllowed=../../../../../../../etc/passwd
Type: Signatures::Sensitive_Signature
Message: 192.168.65.136: WEB-MISC http directory traversal
Signature identifier: s2b-1113-5
Timestamp: 2021-09-06T17:53

URI: /xmlui/bitstream/handle/11441/57118/Hilotismo_moderno_percepciones_modernas.pdf?sequence=1&isAllowed=../../../../../../../etc/passwd%00
Type: Signatures::Sensitive_Signature
Message: 192.168.65.136: WEB-MISC http directory traversal
Signature identifier: s2b-1113-5
Timestamp: 2021-09-06T17:53

URI: /xmlui/bitstream/handle/11441/57118/Hilotismo_moderno_percepciones_modernas.pdf?sequence=1&isAllowed=../../../../../../../../etc/passwd
Type: Signatures::Sensitive_Signature
Message: 192.168.65.136: WEB-MISC http directory traversal
Signature identifier: s2b-1113-5
Timestamp: 2021-09-06T17:53

URI: /xmlui/bitstream/handle/11441/57118/Hilotismo_moderno_percepciones_modernas.pdf?sequence=1&isAllowed=../../../../../../../../etc/passwd%00
Type: Signatures::Sensitive_Signature
Message: 192.168.65.136: WEB-MISC http directory traversal
Signature identifier: s2b-1113-5
Timestamp: 2021-09-06T17:53

URI: /xmlui/bitstream/handle/11441/57118/Hilotismo_moderno_percepciones_modernas.pdf?sequence=1&isAllowed=../../../../../../../../../etc/passwd
Type: Signatures::Sensitive_Signature
Message: 192.168.65.136: WEB-MISC http directory traversal
Signature identifier: s2b-1113-5
Timestamp: 2021-09-06T17:53

URI: /xmlui/bitstream/handle/11441/57118/Hilotismo_moderno_percepciones_modernas.pdf?sequence=1&isAllowed=../../../../../../../../../etc/passwd%00
Type: Signatures::Sensitive_Signature
Message: 192.168.65.136: WEB-MISC http directory traversal
Signature identifier: s2b-1113-5
Timestamp: 2021-09-06T17:53

URI: /xmlui/bitstream/handle/11441/70511/Escritoras%20en%20torno%20al%20canon.pdf?sequence=1&isAllowed=../etc/passwd
Type: Signatures::Sensitive_Signature
Message: 192.168.65.136: WEB-MISC http directory traversal
Signature identifier: s2b-1113-5
Timestamp: 2021-09-06T17:55

URI: /xmlui/bitstream/handle/11441/70511/Escritoras%20en%20torno%20al%20canon.pdf?sequence=1&isAllowed=../etc/passwd%00
Type: Signatures::Sensitive_Signature
Message: 192.168.65.136: WEB-MISC http directory traversal
Signature identifier: s2b-1113-5
Timestamp: 2021-09-06T17:55

URI: /xmlui/bitstream/handle/11441/70511/Escritoras%20en%20torno%20al%20canon.pdf?sequence=1&isAllowed=../../etc/passwd
Type: Signatures::Sensitive_Signature
Message: 192.168.65.136: WEB-MISC http directory traversal
Signature identifier: s2b-1113-5
Timestamp: 2021-09-06T17:55

URI: /xmlui/bitstream/handle/11441/70511/Escritoras%20en%20torno%20al%20canon.pdf?sequence=1&isAllowed=../../etc/passwd%00
Type: Signatures::Sensitive_Signature
Message: 192.168.65.136: WEB-MISC http directory traversal
Signature identifier: s2b-1113-5
Timestamp: 2021-09-06T17:55

URI: /xmlui/bitstream/handle/11441/70511/Escritoras%20en%20torno%20al%20canon.pdf?sequence=1&isAllowed=../../../etc/passwd
Type: Signatures::Sensitive_Signature
Message: 192.168.65.136: WEB-MISC http directory traversal
Signature identifier: s2b-1113-5
Timestamp: 2021-09-06T17:55

URI: /xmlui/bitstream/handle/11441/70511/Escritoras%20en%20torno%20al%20canon.pdf?sequence=1&isAllowed=../../../etc/passwd%00
Type: Signatures::Sensitive_Signature
Message: 192.168.65.136: WEB-MISC http directory traversal
Signature identifier: s2b-1113-5
Timestamp: 2021-09-06T17:55

URI: /xmlui/bitstream/handle/11441/70511/Escritoras%20en%20torno%20al%20canon.pdf?sequence=1&isAllowed=../../../../etc/passwd
Type: Signatures::Sensitive_Signature
Message: 192.168.65.136: WEB-MISC http directory traversal
Signature identifier: s2b-1113-5
Timestamp: 2021-09-06T17:55

URI: /xmlui/bitstream/handle/11441/70511/Escritoras%20en%20torno%20al%20canon.pdf?sequence=1&isAllowed=../../../../etc/passwd%00
Type: Signatures::Sensitive_Signature
Message: 192.168.65.136: WEB-MISC http directory traversal
Signature identifier: s2b-1113-5
Timestamp: 2021-09-06T17:55

URI: /xmlui/bitstream/handle/11441/70511/Escritoras%20en%20torno%20al%20canon.pdf?sequence=1&isAllowed=../../../../../etc/passwd
Type: Signatures::Sensitive_Signature
Message: 192.168.65.136: WEB-MISC http directory traversal
Signature identifier: s2b-1113-5
Timestamp: 2021-09-06T17:55

URI: /xmlui/bitstream/handle/11441/70511/Escritoras%20en%20torno%20al%20canon.pdf?sequence=1&isAllowed=../../../../../etc/passwd%00
Type: Signatures::Sensitive_Signature
Message: 192.168.65.136: WEB-MISC http directory traversal
Signature identifier: s2b-1113-5
Timestamp: 2021-09-06T17:55

URI: /xmlui/bitstream/handle/11441/70511/Escritoras%20en%20torno%20al%20canon.pdf?sequence=1&isAllowed=../../../../../../etc/passwd
Type: Signatures::Sensitive_Signature
Message: 192.168.65.136: WEB-MISC http directory traversal
Signature identifier: s2b-1113-5
Timestamp: 2021-09-06T17:55

URI: /xmlui/bitstream/handle/11441/70511/Escritoras%20en%20torno%20al%20canon.pdf?sequence=1&isAllowed=../../../../../../etc/passwd%00
Type: Signatures::Sensitive_Signature
Message: 192.168.65.136: WEB-MISC http directory traversal
Signature identifier: s2b-1113-5
Timestamp: 2021-09-06T17:55

URI: /xmlui/bitstream/handle/11441/70511/Escritoras%20en%20torno%20al%20canon.pdf?sequence=1&isAllowed=../../../../../../../etc/passwd
Type: Signatures::Sensitive_Signature
Message: 192.168.65.136: WEB-MISC http directory traversal
Signature identifier: s2b-1113-5
Timestamp: 2021-09-06T17:55

URI: /xmlui/bitstream/handle/11441/70511/Escritoras%20en%20torno%20al%20canon.pdf?sequence=1&isAllowed=../../../../../../../etc/passwd%00
Type: Signatures::Sensitive_Signature
Message: 192.168.65.136: WEB-MISC http directory traversal
Signature identifier: s2b-1113-5
Timestamp: 2021-09-06T17:55

URI: /xmlui/bitstream/handle/11441/70511/Escritoras%20en%20torno%20al%20canon.pdf?sequence=1&isAllowed=../../../../../../../../etc/passwd
Type: Signatures::Sensitive_Signature
Message: 192.168.65.136: WEB-MISC http directory traversal
Signature identifier: s2b-1113-5
Timestamp: 2021-09-06T17:55

URI: /xmlui/bitstream/handle/11441/70511/Escritoras%20en%20torno%20al%20canon.pdf?sequence=1&isAllowed=../../../../../../../../etc/passwd%00
Type: Signatures::Sensitive_Signature
Message: 192.168.65.136: WEB-MISC http directory traversal
Signature identifier: s2b-1113-5
Timestamp: 2021-09-06T17:55

URI: /xmlui/bitstream/handle/11441/70511/Escritoras%20en%20torno%20al%20canon.pdf?sequence=1&isAllowed=../../../../../../../../../etc/passwd
Type: Signatures::Sensitive_Signature
Message: 192.168.65.136: WEB-MISC http directory traversal
Signature identifier: s2b-1113-5
Timestamp: 2021-09-06T17:55

URI: /xmlui/bitstream/handle/11441/70511/Escritoras%20en%20torno%20al%20canon.pdf?sequence=1&isAllowed=../../../../../../../../../etc/passwd%00
Type: Signatures::Sensitive_Signature
Message: 192.168.65.136: WEB-MISC http directory traversal
Signature identifier: s2b-1113-5
Timestamp: 2021-09-06T17:55

URI: /xmlui/bitstream/handle/11441/48966/P_T.D._PROV32-ANEXOS.pdf?sequence=-1&isAllowed=../etc/passwd
Type: Signatures::Sensitive_Signature
Message: 192.168.65.136: WEB-MISC http directory traversal
Signature identifier: s2b-1113-5
Timestamp: 2021-09-06T17:57

URI: /xmlui/bitstream/handle/11441/48966/P_T.D._PROV32-ANEXOS.pdf?sequence=-1&isAllowed=../etc/passwd%00
Type: Signatures::Sensitive_Signature
Message: 192.168.65.136: WEB-MISC http directory traversal
Signature identifier: s2b-1113-5
Timestamp: 2021-09-06T17:58

URI: /xmlui/bitstream/handle/11441/48966/P_T.D._PROV32-ANEXOS.pdf?sequence=-1&isAllowed=../../etc/passwd
Type: Signatures::Sensitive_Signature
Message: 192.168.65.136: WEB-MISC http directory traversal
Signature identifier: s2b-1113-5
Timestamp: 2021-09-06T17:58

URI: /xmlui/bitstream/handle/11441/48966/P_T.D._PROV32-ANEXOS.pdf?sequence=-1&isAllowed=../../etc/passwd%00
Type: Signatures::Sensitive_Signature
Message: 192.168.65.136: WEB-MISC http directory traversal
Signature identifier: s2b-1113-5
Timestamp: 2021-09-06T17:58

URI: /xmlui/bitstream/handle/11441/48966/P_T.D._PROV32-ANEXOS.pdf?sequence=-1&isAllowed=../../../etc/passwd
Type: Signatures::Sensitive_Signature
Message: 192.168.65.136: WEB-MISC http directory traversal
Signature identifier: s2b-1113-5
Timestamp: 2021-09-06T17:58

URI: /xmlui/bitstream/handle/11441/48966/P_T.D._PROV32-ANEXOS.pdf?sequence=-1&isAllowed=../../../etc/passwd%00
Type: Signatures::Sensitive_Signature
Message: 192.168.65.136: WEB-MISC http directory traversal
Signature identifier: s2b-1113-5
Timestamp: 2021-09-06T17:58

URI: /xmlui/bitstream/handle/11441/48966/P_T.D._PROV32-ANEXOS.pdf?sequence=-1&isAllowed=../../../../etc/passwd
Type: Signatures::Sensitive_Signature
Message: 192.168.65.136: WEB-MISC http directory traversal
Signature identifier: s2b-1113-5
Timestamp: 2021-09-06T17:58

URI: /xmlui/bitstream/handle/11441/48966/P_T.D._PROV32-ANEXOS.pdf?sequence=-1&isAllowed=../../../../etc/passwd%00
Type: Signatures::Sensitive_Signature
Message: 192.168.65.136: WEB-MISC http directory traversal
Signature identifier: s2b-1113-5
Timestamp: 2021-09-06T17:58

URI: /xmlui/bitstream/handle/11441/48966/P_T.D._PROV32-ANEXOS.pdf?sequence=-1&isAllowed=../../../../../etc/passwd
Type: Signatures::Sensitive_Signature
Message: 192.168.65.136: WEB-MISC http directory traversal
Signature identifier: s2b-1113-5
Timestamp: 2021-09-06T17:58

URI: /xmlui/bitstream/handle/11441/48966/P_T.D._PROV32-ANEXOS.pdf?sequence=-1&isAllowed=../../../../../etc/passwd%00
Type: Signatures::Sensitive_Signature
Message: 192.168.65.136: WEB-MISC http directory traversal
Signature identifier: s2b-1113-5
Timestamp: 2021-09-06T17:58

URI: /xmlui/bitstream/handle/11441/48966/P_T.D._PROV32-ANEXOS.pdf?sequence=-1&isAllowed=../../../../../../etc/passwd
Type: Signatures::Sensitive_Signature
Message: 192.168.65.136: WEB-MISC http directory traversal
Signature identifier: s2b-1113-5
Timestamp: 2021-09-06T17:59

URI: /xmlui/bitstream/handle/11441/48966/P_T.D._PROV32-ANEXOS.pdf?sequence=-1&isAllowed=../../../../../../etc/passwd%00
Type: Signatures::Sensitive_Signature
Message: 192.168.65.136: WEB-MISC http directory traversal
Signature identifier: s2b-1113-5
Timestamp: 2021-09-06T17:59

URI: /xmlui/bitstream/handle/11441/48966/P_T.D._PROV32-ANEXOS.pdf?sequence=-1&isAllowed=../../../../../../../etc/passwd
Type: Signatures::Sensitive_Signature
Message: 192.168.65.136: WEB-MISC http directory traversal
Signature identifier: s2b-1113-5
Timestamp: 2021-09-06T17:59

URI: /xmlui/bitstream/handle/11441/48966/P_T.D._PROV32-ANEXOS.pdf?sequence=-1&isAllowed=../../../../../../../etc/passwd%00
Type: Signatures::Sensitive_Signature
Message: 192.168.65.136: WEB-MISC http directory traversal
Signature identifier: s2b-1113-5
Timestamp: 2021-09-06T17:59

URI: /xmlui/bitstream/handle/11441/48966/P_T.D._PROV32-ANEXOS.pdf?sequence=-1&isAllowed=../../../../../../../../etc/passwd
Type: Signatures::Sensitive_Signature
Message: 192.168.65.136: WEB-MISC http directory traversal
Signature identifier: s2b-1113-5
Timestamp: 2021-09-06T17:59

URI: /xmlui/bitstream/handle/11441/48966/P_T.D._PROV32-ANEXOS.pdf?sequence=-1&isAllowed=../../../../../../../../etc/passwd%00
Type: Signatures::Sensitive_Signature
Message: 192.168.65.136: WEB-MISC http directory traversal
Signature identifier: s2b-1113-5
Timestamp: 2021-09-06T17:59

URI: /xmlui/bitstream/handle/11441/48966/P_T.D._PROV32-ANEXOS.pdf?sequence=-1&isAllowed=../../../../../../../../../etc/passwd
Type: Signatures::Sensitive_Signature
Message: 192.168.65.136: WEB-MISC http directory traversal
Signature identifier: s2b-1113-5
Timestamp: 2021-09-06T17:59

URI: /xmlui/bitstream/handle/11441/48966/P_T.D._PROV32-ANEXOS.pdf?sequence=-1&isAllowed=../../../../../../../../../etc/passwd%00
Type: Signatures::Sensitive_Signature
Message: 192.168.65.136: WEB-MISC http directory traversal
Signature identifier: s2b-1113-5
Timestamp: 2021-09-06T18:00

URI: /xmlui/bitstream/handle/11441/42335/Two%20weighted%20norm%20inequalities%20for%20Riesz%20potentials%20and%20uniform%20LpLp--weigthed%20Sobolev%20inequalities.pdf?isAllowed=y&sequence=1
Type: Signatures::Sensitive_Signature
Message: 192.168.65.136: WEB-ATTACKS rm command attempt
Signature identifier: s2b-1365-5
Timestamp: 2021-09-06T18:00

