URI: /xmlui/bitstream/handle/11441/73327/A%20neurocognitive%20model%20for%20short-term%20sensory%20and.pdf?sequence=1&isAllowed=y
Type: Signatures::Sensitive_Signature
Message: 192.168.65.136: WEB-ATTACKS rm command attempt
Signature identifier: s2b-1365-5
Timestamp: 2021-09-04T11:36

URI: /xmlui/bitstream/handle/11441/34597/._ProjectARS_pdf_Ars%20Pharm%2056%282%29_77-87-hol.pdf?sequence=1&isAllowed=y
Type: Signatures::Sensitive_Signature
Message: 192.168.65.136: WEB-ATTACKS rm command attempt
Signature identifier: s2b-1365-5
Timestamp: 2021-09-04T11:38

URI: /xmlui/bitstream/handle/11441/59854/Decrease%20in%20calcitonin%20and%20parathyroid%20hormone%20mRNA%20levels%20and%20hormone%20secretion%20under%20long-term%20hypervitaminosis%20D3%20%20in%20rats.pdf?sequence=1
Type: Signatures::Sensitive_Signature
Message: 192.168.65.136: WEB-ATTACKS rm command attempt
Signature identifier: s2b-1365-5
Timestamp: 2021-09-04T11:39

URI: /xmlui/bitstream/handle/11441/42074/A%20comparison%20of%20three%20turbulence%20models%20with%20an%20application%20to%20the%20West%20Pacific%20Warm%20Pool.pdf;sequence=1
Type: Signatures::Sensitive_Signature
Message: 192.168.65.136: WEB-ATTACKS rm command attempt
Signature identifier: s2b-1365-5
Timestamp: 2021-09-04T11:40

URI: /xmlui/bitstream/handle/11441/41189/On%20the%20contrallability%20of%20parabolic%20systems%20with%20a%20nonlinear%20term%20involving%20the%20state%20and%20the%20gradient.pdf?sequence=1
Type: Signatures::Sensitive_Signature
Message: 192.168.65.136: WEB-ATTACKS rm command attempt
Signature identifier: s2b-1365-5
Timestamp: 2021-09-04T11:40

URI: /xmlui/bitstream/handle/11441/47759/MATRIMONIO%20Y%20BIENESTAR%20SOCIOEMOCIONAL%20Bericat%2004.pdf?sequence=1
Type: Signatures::Sensitive_Signature
Message: 192.168.65.136: WEB-MISC cat%20 access
Signature identifier: s2b-1147-7
Timestamp: 2021-09-04T11:44

URI: /xmlui/bitstream/handle/11441/41483/Insensitizing%20controls%20for%20a%20heat%20equation%20with%20a%20nonlinear%20term%20involving%20the%20state%20and%20the%20gradient.pdf?sequence=1&isAllowed=y
Type: Signatures::Sensitive_Signature
Message: 192.168.65.136: WEB-ATTACKS rm command attempt
Signature identifier: s2b-1365-5
Timestamp: 2021-09-04T11:45

URI: /xmlui/.../fuentes%2520roldan%2520Antonio.pdf
Type: Signatures::Sensitive_Signature
Message: 192.168.65.136: WEB-MISC http directory traversal
Signature identifier: s2b-1113-5
Timestamp: 2021-09-04T11:49

URI: /xmlui/bitstream/handle/11441/47759/MATRIMONIO%20Y%20BIENESTAR%20SOCIOEMOCIONAL%20Bericat%2004.pdf?sequence=1
Type: Signatures::Sensitive_Signature
Message: 192.168.65.136: WEB-MISC cat%20 access
Signature identifier: s2b-1147-7
Timestamp: 2021-09-04T11:54

URI: /xmlui/bitstream/handle/11441/47759/MATRIMONIO%20Y%20BIENESTAR%20SOCIOEMOCIONAL%20Bericat%2004.pdf?sequence=1
Type: Signatures::Sensitive_Signature
Message: 192.168.65.136: WEB-MISC cat%20 access
Signature identifier: s2b-1147-7
Timestamp: 2021-09-04T11:55

URI: /xmlui/bitstream/handle/11441/47961/Isomorphism%20and%20isotopism%20classes%20of%20filiform%20Lie%20algebras%20of%20dimension%20up%20to%20seven.pdf?sequence=1&isAllowed=y
Type: Signatures::Sensitive_Signature
Message: 192.168.65.136: WEB-ATTACKS rm command attempt
Signature identifier: s2b-1365-5
Timestamp: 2021-09-04T11:56

