2021-09-05T14:28	/xmlui/bitstream/handle/11441/70179/pub413072_2017_Article_165.pdf?sequence=1&isAllowed=../etc/passwd	s2b-1113-5
2021-09-05T14:28	/xmlui/bitstream/handle/11441/70179/pub413072_2017_Article_165.pdf?sequence=1&isAllowed=../etc/passwd%00	s2b-1113-5
2021-09-05T14:28	/xmlui/bitstream/handle/11441/70179/pub413072_2017_Article_165.pdf?sequence=1&isAllowed=../../etc/passwd	s2b-1113-5
2021-09-05T14:28	/xmlui/bitstream/handle/11441/70179/pub413072_2017_Article_165.pdf?sequence=1&isAllowed=../../etc/passwd%00	s2b-1113-5
2021-09-05T14:28	/xmlui/bitstream/handle/11441/70179/pub413072_2017_Article_165.pdf?sequence=1&isAllowed=../../../etc/passwd	s2b-1113-5
2021-09-05T14:28	/xmlui/bitstream/handle/11441/70179/pub413072_2017_Article_165.pdf?sequence=1&isAllowed=../../../etc/passwd%00	s2b-1113-5
2021-09-05T14:28	/xmlui/bitstream/handle/11441/70179/pub413072_2017_Article_165.pdf?sequence=1&isAllowed=../../../../etc/passwd	s2b-1113-5
2021-09-05T14:28	/xmlui/bitstream/handle/11441/70179/pub413072_2017_Article_165.pdf?sequence=1&isAllowed=../../../../etc/passwd%00	s2b-1113-5
2021-09-05T14:28	/xmlui/bitstream/handle/11441/70179/pub413072_2017_Article_165.pdf?sequence=1&isAllowed=../../../../../etc/passwd	s2b-1113-5
2021-09-05T14:28	/xmlui/bitstream/handle/11441/70179/pub413072_2017_Article_165.pdf?sequence=1&isAllowed=../../../../../etc/passwd%00	s2b-1113-5
2021-09-05T14:28	/xmlui/bitstream/handle/11441/70179/pub413072_2017_Article_165.pdf?sequence=1&isAllowed=../../../../../../etc/passwd	s2b-1113-5
2021-09-05T14:28	/xmlui/bitstream/handle/11441/70179/pub413072_2017_Article_165.pdf?sequence=1&isAllowed=../../../../../../etc/passwd%00	s2b-1113-5
2021-09-05T14:28	/xmlui/bitstream/handle/11441/70179/pub413072_2017_Article_165.pdf?sequence=1&isAllowed=../../../../../../../etc/passwd	s2b-1113-5
2021-09-05T14:28	/xmlui/bitstream/handle/11441/70179/pub413072_2017_Article_165.pdf?sequence=1&isAllowed=../../../../../../../etc/passwd%00	s2b-1113-5
2021-09-05T14:28	/xmlui/bitstream/handle/11441/70179/pub413072_2017_Article_165.pdf?sequence=1&isAllowed=../../../../../../../../etc/passwd	s2b-1113-5
2021-09-05T14:28	/xmlui/bitstream/handle/11441/70179/pub413072_2017_Article_165.pdf?sequence=1&isAllowed=../../../../../../../../etc/passwd%00	s2b-1113-5
2021-09-05T14:28	/xmlui/bitstream/handle/11441/70179/pub413072_2017_Article_165.pdf?sequence=1&isAllowed=../../../../../../../../../etc/passwd	s2b-1113-5
2021-09-05T14:28	/xmlui/bitstream/handle/11441/70179/pub413072_2017_Article_165.pdf?sequence=1&isAllowed=../../../../../../../../../etc/passwd%00	s2b-1113-5
2021-09-05T14:28	/xmlui/bitstream/handle/11441/65324/TFG%20Javier%20del%20Pino%20Silva.pdf?sequence=1&isAllowed=../etc/passwd	s2b-1113-5
2021-09-05T14:28	/xmlui/bitstream/handle/11441/65324/TFG%20Javier%20del%20Pino%20Silva.pdf?sequence=1&isAllowed=../etc/passwd%00	s2b-1113-5
2021-09-05T14:28	/xmlui/bitstream/handle/11441/65324/TFG%20Javier%20del%20Pino%20Silva.pdf?sequence=1&isAllowed=../../etc/passwd	s2b-1113-5
2021-09-05T14:28	/xmlui/bitstream/handle/11441/65324/TFG%20Javier%20del%20Pino%20Silva.pdf?sequence=1&isAllowed=../../etc/passwd%00	s2b-1113-5
2021-09-05T14:28	/xmlui/bitstream/handle/11441/65324/TFG%20Javier%20del%20Pino%20Silva.pdf?sequence=1&isAllowed=../../../etc/passwd	s2b-1113-5
2021-09-05T14:28	/xmlui/bitstream/handle/11441/65324/TFG%20Javier%20del%20Pino%20Silva.pdf?sequence=1&isAllowed=../../../etc/passwd%00	s2b-1113-5
2021-09-05T14:28	/xmlui/bitstream/handle/11441/65324/TFG%20Javier%20del%20Pino%20Silva.pdf?sequence=1&isAllowed=../../../../etc/passwd	s2b-1113-5
2021-09-05T14:28	/xmlui/bitstream/handle/11441/65324/TFG%20Javier%20del%20Pino%20Silva.pdf?sequence=1&isAllowed=../../../../etc/passwd%00	s2b-1113-5
2021-09-05T14:28	/xmlui/bitstream/handle/11441/65324/TFG%20Javier%20del%20Pino%20Silva.pdf?sequence=1&isAllowed=../../../../../etc/passwd	s2b-1113-5
2021-09-05T14:28	/xmlui/bitstream/handle/11441/65324/TFG%20Javier%20del%20Pino%20Silva.pdf?sequence=1&isAllowed=../../../../../etc/passwd%00	s2b-1113-5
2021-09-05T14:28	/xmlui/bitstream/handle/11441/65324/TFG%20Javier%20del%20Pino%20Silva.pdf?sequence=1&isAllowed=../../../../../../etc/passwd	s2b-1113-5
2021-09-05T14:28	/xmlui/bitstream/handle/11441/65324/TFG%20Javier%20del%20Pino%20Silva.pdf?sequence=1&isAllowed=../../../../../../etc/passwd%00	s2b-1113-5
2021-09-05T14:28	/xmlui/bitstream/handle/11441/65324/TFG%20Javier%20del%20Pino%20Silva.pdf?sequence=1&isAllowed=../../../../../../../etc/passwd	s2b-1113-5
2021-09-05T14:28	/xmlui/bitstream/handle/11441/65324/TFG%20Javier%20del%20Pino%20Silva.pdf?sequence=1&isAllowed=../../../../../../../etc/passwd%00	s2b-1113-5
2021-09-05T14:28	/xmlui/bitstream/handle/11441/65324/TFG%20Javier%20del%20Pino%20Silva.pdf?sequence=1&isAllowed=../../../../../../../../etc/passwd	s2b-1113-5
2021-09-05T14:28	/xmlui/bitstream/handle/11441/65324/TFG%20Javier%20del%20Pino%20Silva.pdf?sequence=1&isAllowed=../../../../../../../../etc/passwd%00	s2b-1113-5
2021-09-05T14:28	/xmlui/bitstream/handle/11441/65324/TFG%20Javier%20del%20Pino%20Silva.pdf?sequence=1&isAllowed=../../../../../../../../../etc/passwd	s2b-1113-5
2021-09-05T14:28	/xmlui/bitstream/handle/11441/65324/TFG%20Javier%20del%20Pino%20Silva.pdf?sequence=1&isAllowed=../../../../../../../../../etc/passwd%00	s2b-1113-5
2021-09-05T14:33	/xmlui/bitstream/handle/11441/47759/MATRIMONIO%20Y%20BIENESTAR%20SOCIOEMOCIONAL%20Bericat%2004.pdf?sequence=1&isAllowed=y	s2b-1147-7
2021-09-05T14:34	/xmlui/bitstream/handle/11441/41754/Factorization%20of%20the%20hypergeometric-type%20difference%20equation%20on%20the%20non-uniform%20lattices%20dynamical%20algebra.pdf;sequence=1	s2b-1365-5
2021-09-05T14:36	/xmlui/bitstream/handle/11441/47759/MATRIMONIO%20Y%20BIENESTAR%20SOCIOEMOCIONAL%20Bericat%2004.pdf?sequence=1	s2b-1147-7
