URI: /node?page=1 UNION ALL SELECT NULL-- pTjE
Type: HTTP::SQL_Injection_Attacker
Message: An SQL injection attacker was discovered!
Signature identifier: script-HTTP::URI_SQLI
Timestamp: 2021-09-12T21:44

URI: /node?page=1 UNION ALL SELECT NULL-- pTjE
Type: HTTP::SQL_Injection_Victim
Message: An SQL injection victim was discovered!
Signature identifier: script-HTTP::URI_SQLI
Timestamp: 2021-09-12T21:44

URI: /node?page=1 UNION ALL SELECT NULL,NULL-- XXFd
Type: HTTP::SQL_Injection_Attacker
Message: An SQL injection attacker was discovered!
Signature identifier: script-HTTP::URI_SQLI
Timestamp: 2021-09-12T21:44

URI: /node?page=1 UNION ALL SELECT NULL,NULL-- XXFd
Type: HTTP::SQL_Injection_Victim
Message: An SQL injection victim was discovered!
Signature identifier: script-HTTP::URI_SQLI
Timestamp: 2021-09-12T21:44

URI: /node?page=1 UNION ALL SELECT NULL,NULL,NULL-- pXLJ
Type: HTTP::SQL_Injection_Attacker
Message: An SQL injection attacker was discovered!
Signature identifier: script-HTTP::URI_SQLI
Timestamp: 2021-09-12T21:44

URI: /node?page=1 UNION ALL SELECT NULL,NULL,NULL-- pXLJ
Type: HTTP::SQL_Injection_Victim
Message: An SQL injection victim was discovered!
Signature identifier: script-HTTP::URI_SQLI
Timestamp: 2021-09-12T21:44

URI: /node?page=1 UNION ALL SELECT NULL,NULL,NULL,NULL-- yBiQ
Type: HTTP::SQL_Injection_Attacker
Message: An SQL injection attacker was discovered!
Signature identifier: script-HTTP::URI_SQLI
Timestamp: 2021-09-12T21:44

URI: /node?page=1 UNION ALL SELECT NULL,NULL,NULL,NULL-- yBiQ
Type: HTTP::SQL_Injection_Victim
Message: An SQL injection victim was discovered!
Signature identifier: script-HTTP::URI_SQLI
Timestamp: 2021-09-12T21:44

URI: /node?page=1 UNION ALL SELECT NULL,NULL,NULL,NULL,NULL-- UDBu
Type: HTTP::SQL_Injection_Attacker
Message: An SQL injection attacker was discovered!
Signature identifier: script-HTTP::URI_SQLI
Timestamp: 2021-09-12T21:44

URI: /node?page=1 UNION ALL SELECT NULL,NULL,NULL,NULL,NULL-- UDBu
Type: HTTP::SQL_Injection_Victim
Message: An SQL injection victim was discovered!
Signature identifier: script-HTTP::URI_SQLI
Timestamp: 2021-09-12T21:44

URI: /node?page=1 UNION ALL SELECT NULL,NULL,NULL,NULL,NULL,NULL-- eexk
Type: HTTP::SQL_Injection_Attacker
Message: An SQL injection attacker was discovered!
Signature identifier: script-HTTP::URI_SQLI
Timestamp: 2021-09-12T21:44

URI: /node?page=1 UNION ALL SELECT NULL,NULL,NULL,NULL,NULL,NULL-- eexk
Type: HTTP::SQL_Injection_Victim
Message: An SQL injection victim was discovered!
Signature identifier: script-HTTP::URI_SQLI
Timestamp: 2021-09-12T21:44

URI: /node?page=1 UNION ALL SELECT NULL,NULL,NULL,NULL,NULL,NULL,NULL-- TOru
Type: HTTP::SQL_Injection_Attacker
Message: An SQL injection attacker was discovered!
Signature identifier: script-HTTP::URI_SQLI
Timestamp: 2021-09-12T21:44

URI: /node?page=1 UNION ALL SELECT NULL,NULL,NULL,NULL,NULL,NULL,NULL-- TOru
Type: HTTP::SQL_Injection_Victim
Message: An SQL injection victim was discovered!
Signature identifier: script-HTTP::URI_SQLI
Timestamp: 2021-09-12T21:44

URI: /node?page=1 UNION ALL SELECT NULL,NULL,NULL,NULL,NULL,NULL,NULL,NULL-- uJuE
Type: HTTP::SQL_Injection_Attacker
Message: An SQL injection attacker was discovered!
Signature identifier: script-HTTP::URI_SQLI
Timestamp: 2021-09-12T21:44

URI: /node?page=1 UNION ALL SELECT NULL,NULL,NULL,NULL,NULL,NULL,NULL,NULL-- uJuE
Type: HTTP::SQL_Injection_Victim
Message: An SQL injection victim was discovered!
Signature identifier: script-HTTP::URI_SQLI
Timestamp: 2021-09-12T21:44

URI: /node?page=1 UNION ALL SELECT NULL,NULL,NULL,NULL,NULL,NULL,NULL,NULL,NULL-- WsSB
Type: HTTP::SQL_Injection_Attacker
Message: An SQL injection attacker was discovered!
Signature identifier: script-HTTP::URI_SQLI
Timestamp: 2021-09-12T21:44

URI: /node?page=1 UNION ALL SELECT NULL,NULL,NULL,NULL,NULL,NULL,NULL,NULL,NULL-- WsSB
Type: HTTP::SQL_Injection_Victim
Message: An SQL injection victim was discovered!
Signature identifier: script-HTTP::URI_SQLI
Timestamp: 2021-09-12T21:44

URI: /node?page=1 UNION ALL SELECT NULL,NULL,NULL,NULL,NULL,NULL,NULL,NULL,NULL,NULL-- dVSH
Type: HTTP::SQL_Injection_Attacker
Message: An SQL injection attacker was discovered!
Signature identifier: script-HTTP::URI_SQLI
Timestamp: 2021-09-12T21:44

URI: /node?page=1 UNION ALL SELECT NULL,NULL,NULL,NULL,NULL,NULL,NULL,NULL,NULL,NULL-- dVSH
Type: HTTP::SQL_Injection_Victim
Message: An SQL injection victim was discovered!
Signature identifier: script-HTTP::URI_SQLI
Timestamp: 2021-09-12T21:44

URI: /node?page=1 UNION ALL SELECT NULL-- hHba
Type: HTTP::SQL_Injection_Attacker
Message: An SQL injection attacker was discovered!
Signature identifier: script-HTTP::URI_SQLI
Timestamp: 2021-09-12T21:44

URI: /node?page=1 UNION ALL SELECT NULL-- hHba
Type: HTTP::SQL_Injection_Victim
Message: An SQL injection victim was discovered!
Signature identifier: script-HTTP::URI_SQLI
Timestamp: 2021-09-12T21:44

URI: /node?page=1 UNION ALL SELECT NULL,NULL-- ajfm
Type: HTTP::SQL_Injection_Attacker
Message: An SQL injection attacker was discovered!
Signature identifier: script-HTTP::URI_SQLI
Timestamp: 2021-09-12T21:44

URI: /node?page=1 UNION ALL SELECT NULL,NULL-- ajfm
Type: HTTP::SQL_Injection_Victim
Message: An SQL injection victim was discovered!
Signature identifier: script-HTTP::URI_SQLI
Timestamp: 2021-09-12T21:44

URI: /node?page=1 UNION ALL SELECT NULL,NULL,NULL-- krBv
Type: HTTP::SQL_Injection_Attacker
Message: An SQL injection attacker was discovered!
Signature identifier: script-HTTP::URI_SQLI
Timestamp: 2021-09-12T21:44

URI: /node?page=1 UNION ALL SELECT NULL,NULL,NULL-- krBv
Type: HTTP::SQL_Injection_Victim
Message: An SQL injection victim was discovered!
Signature identifier: script-HTTP::URI_SQLI
Timestamp: 2021-09-12T21:44

URI: /node?page=1 UNION ALL SELECT NULL,NULL,NULL,NULL-- QbCb
Type: HTTP::SQL_Injection_Attacker
Message: An SQL injection attacker was discovered!
Signature identifier: script-HTTP::URI_SQLI
Timestamp: 2021-09-12T21:44

URI: /node?page=1 UNION ALL SELECT NULL,NULL,NULL,NULL-- QbCb
Type: HTTP::SQL_Injection_Victim
Message: An SQL injection victim was discovered!
Signature identifier: script-HTTP::URI_SQLI
Timestamp: 2021-09-12T21:44

URI: /node?page=1 UNION ALL SELECT NULL,NULL,NULL,NULL,NULL-- HnEs
Type: HTTP::SQL_Injection_Attacker
Message: An SQL injection attacker was discovered!
Signature identifier: script-HTTP::URI_SQLI
Timestamp: 2021-09-12T21:44

URI: /node?page=1 UNION ALL SELECT NULL,NULL,NULL,NULL,NULL-- HnEs
Type: HTTP::SQL_Injection_Victim
Message: An SQL injection victim was discovered!
Signature identifier: script-HTTP::URI_SQLI
Timestamp: 2021-09-12T21:44

URI: /node?page=1 UNION ALL SELECT NULL,NULL,NULL,NULL,NULL,NULL-- xUdL
Type: HTTP::SQL_Injection_Attacker
Message: An SQL injection attacker was discovered!
Signature identifier: script-HTTP::URI_SQLI
Timestamp: 2021-09-12T21:44

URI: /node?page=1 UNION ALL SELECT NULL,NULL,NULL,NULL,NULL,NULL-- xUdL
Type: HTTP::SQL_Injection_Victim
Message: An SQL injection victim was discovered!
Signature identifier: script-HTTP::URI_SQLI
Timestamp: 2021-09-12T21:44

URI: /node?page=1 UNION ALL SELECT NULL,NULL,NULL,NULL,NULL,NULL,NULL-- iSBg
Type: HTTP::SQL_Injection_Attacker
Message: An SQL injection attacker was discovered!
Signature identifier: script-HTTP::URI_SQLI
Timestamp: 2021-09-12T21:44

URI: /node?page=1 UNION ALL SELECT NULL,NULL,NULL,NULL,NULL,NULL,NULL-- iSBg
Type: HTTP::SQL_Injection_Victim
Message: An SQL injection victim was discovered!
Signature identifier: script-HTTP::URI_SQLI
Timestamp: 2021-09-12T21:44

URI: /node?page=1 UNION ALL SELECT NULL,NULL,NULL,NULL,NULL,NULL,NULL,NULL-- TdjB
Type: HTTP::SQL_Injection_Attacker
Message: An SQL injection attacker was discovered!
Signature identifier: script-HTTP::URI_SQLI
Timestamp: 2021-09-12T21:44

URI: /node?page=1 UNION ALL SELECT NULL,NULL,NULL,NULL,NULL,NULL,NULL,NULL-- TdjB
Type: HTTP::SQL_Injection_Victim
Message: An SQL injection victim was discovered!
Signature identifier: script-HTTP::URI_SQLI
Timestamp: 2021-09-12T21:44

URI: /node?page=1 UNION ALL SELECT NULL,NULL,NULL,NULL,NULL,NULL,NULL,NULL,NULL-- YETE
Type: HTTP::SQL_Injection_Attacker
Message: An SQL injection attacker was discovered!
Signature identifier: script-HTTP::URI_SQLI
Timestamp: 2021-09-12T21:44

URI: /node?page=1 UNION ALL SELECT NULL,NULL,NULL,NULL,NULL,NULL,NULL,NULL,NULL-- YETE
Type: HTTP::SQL_Injection_Victim
Message: An SQL injection victim was discovered!
Signature identifier: script-HTTP::URI_SQLI
Timestamp: 2021-09-12T21:44

URI: /node?page=1 UNION ALL SELECT NULL,NULL,NULL,NULL,NULL,NULL,NULL,NULL,NULL,NULL-- mjvE
Type: HTTP::SQL_Injection_Attacker
Message: An SQL injection attacker was discovered!
Signature identifier: script-HTTP::URI_SQLI
Timestamp: 2021-09-12T21:44

URI: /node?page=1 UNION ALL SELECT NULL,NULL,NULL,NULL,NULL,NULL,NULL,NULL,NULL,NULL-- mjvE
Type: HTTP::SQL_Injection_Victim
Message: An SQL injection victim was discovered!
Signature identifier: script-HTTP::URI_SQLI
Timestamp: 2021-09-12T21:44

URI: /node?page=1' UNION ALL SELECT NULL-- xJAY
Type: HTTP::SQL_Injection_Attacker
Message: An SQL injection attacker was discovered!
Signature identifier: script-HTTP::URI_SQLI
Timestamp: 2021-09-12T21:44

URI: /node?page=1' UNION ALL SELECT NULL-- xJAY
Type: HTTP::SQL_Injection_Victim
Message: An SQL injection victim was discovered!
Signature identifier: script-HTTP::URI_SQLI
Timestamp: 2021-09-12T21:44

URI: /node?page=1' UNION ALL SELECT NULL,NULL-- njmX
Type: HTTP::SQL_Injection_Attacker
Message: An SQL injection attacker was discovered!
Signature identifier: script-HTTP::URI_SQLI
Timestamp: 2021-09-12T21:44

URI: /node?page=1' UNION ALL SELECT NULL,NULL-- njmX
Type: HTTP::SQL_Injection_Victim
Message: An SQL injection victim was discovered!
Signature identifier: script-HTTP::URI_SQLI
Timestamp: 2021-09-12T21:44

URI: /node?page=1' UNION ALL SELECT NULL,NULL,NULL-- yDtm
Type: HTTP::SQL_Injection_Attacker
Message: An SQL injection attacker was discovered!
Signature identifier: script-HTTP::URI_SQLI
Timestamp: 2021-09-12T21:44

URI: /node?page=1' UNION ALL SELECT NULL,NULL,NULL-- yDtm
Type: HTTP::SQL_Injection_Victim
Message: An SQL injection victim was discovered!
Signature identifier: script-HTTP::URI_SQLI
Timestamp: 2021-09-12T21:44

URI: /node?page=1' UNION ALL SELECT NULL,NULL,NULL,NULL-- wVoF
Type: HTTP::SQL_Injection_Attacker
Message: An SQL injection attacker was discovered!
Signature identifier: script-HTTP::URI_SQLI
Timestamp: 2021-09-12T21:44

URI: /node?page=1' UNION ALL SELECT NULL,NULL,NULL,NULL-- wVoF
Type: HTTP::SQL_Injection_Victim
Message: An SQL injection victim was discovered!
Signature identifier: script-HTTP::URI_SQLI
Timestamp: 2021-09-12T21:44

URI: /node?page=1' UNION ALL SELECT NULL,NULL,NULL,NULL,NULL-- vzYZ
Type: HTTP::SQL_Injection_Attacker
Message: An SQL injection attacker was discovered!
Signature identifier: script-HTTP::URI_SQLI
Timestamp: 2021-09-12T21:44

URI: /node?page=1' UNION ALL SELECT NULL,NULL,NULL,NULL,NULL-- vzYZ
Type: HTTP::SQL_Injection_Victim
Message: An SQL injection victim was discovered!
Signature identifier: script-HTTP::URI_SQLI
Timestamp: 2021-09-12T21:44

URI: /node?page=1' UNION ALL SELECT NULL,NULL,NULL,NULL,NULL,NULL-- tKWR
Type: HTTP::SQL_Injection_Attacker
Message: An SQL injection attacker was discovered!
Signature identifier: script-HTTP::URI_SQLI
Timestamp: 2021-09-12T21:44

URI: /node?page=1' UNION ALL SELECT NULL,NULL,NULL,NULL,NULL,NULL-- tKWR
Type: HTTP::SQL_Injection_Victim
Message: An SQL injection victim was discovered!
Signature identifier: script-HTTP::URI_SQLI
Timestamp: 2021-09-12T21:44

URI: /node?page=1' UNION ALL SELECT NULL,NULL,NULL,NULL,NULL,NULL,NULL-- ZJut
Type: HTTP::SQL_Injection_Attacker
Message: An SQL injection attacker was discovered!
Signature identifier: script-HTTP::URI_SQLI
Timestamp: 2021-09-12T21:44

URI: /node?page=1' UNION ALL SELECT NULL,NULL,NULL,NULL,NULL,NULL,NULL-- ZJut
Type: HTTP::SQL_Injection_Victim
Message: An SQL injection victim was discovered!
Signature identifier: script-HTTP::URI_SQLI
Timestamp: 2021-09-12T21:44

URI: /node?page=1' UNION ALL SELECT NULL,NULL,NULL,NULL,NULL,NULL,NULL,NULL-- uGkW
Type: HTTP::SQL_Injection_Attacker
Message: An SQL injection attacker was discovered!
Signature identifier: script-HTTP::URI_SQLI
Timestamp: 2021-09-12T21:44

URI: /node?page=1' UNION ALL SELECT NULL,NULL,NULL,NULL,NULL,NULL,NULL,NULL-- uGkW
Type: HTTP::SQL_Injection_Victim
Message: An SQL injection victim was discovered!
Signature identifier: script-HTTP::URI_SQLI
Timestamp: 2021-09-12T21:44

URI: /node?page=1' UNION ALL SELECT NULL,NULL,NULL,NULL,NULL,NULL,NULL,NULL,NULL-- NZGC
Type: HTTP::SQL_Injection_Attacker
Message: An SQL injection attacker was discovered!
Signature identifier: script-HTTP::URI_SQLI
Timestamp: 2021-09-12T21:44

URI: /node?page=1' UNION ALL SELECT NULL,NULL,NULL,NULL,NULL,NULL,NULL,NULL,NULL-- NZGC
Type: HTTP::SQL_Injection_Victim
Message: An SQL injection victim was discovered!
Signature identifier: script-HTTP::URI_SQLI
Timestamp: 2021-09-12T21:44

URI: /node?page=1' UNION ALL SELECT NULL,NULL,NULL,NULL,NULL,NULL,NULL,NULL,NULL,NULL-- BVAk
Type: HTTP::SQL_Injection_Attacker
Message: An SQL injection attacker was discovered!
Signature identifier: script-HTTP::URI_SQLI
Timestamp: 2021-09-12T21:44

URI: /node?page=1' UNION ALL SELECT NULL,NULL,NULL,NULL,NULL,NULL,NULL,NULL,NULL,NULL-- BVAk
Type: HTTP::SQL_Injection_Victim
Message: An SQL injection victim was discovered!
Signature identifier: script-HTTP::URI_SQLI
Timestamp: 2021-09-12T21:44

URI: /node?page=1%' UNION ALL SELECT NULL-- wlih
Type: HTTP::SQL_Injection_Attacker
Message: An SQL injection attacker was discovered!
Signature identifier: script-HTTP::URI_SQLI
Timestamp: 2021-09-12T21:44

URI: /node?page=1%' UNION ALL SELECT NULL-- wlih
Type: HTTP::SQL_Injection_Victim
Message: An SQL injection victim was discovered!
Signature identifier: script-HTTP::URI_SQLI
Timestamp: 2021-09-12T21:44

URI: /node?page=1%' UNION ALL SELECT NULL,NULL-- PsWD
Type: HTTP::SQL_Injection_Attacker
Message: An SQL injection attacker was discovered!
Signature identifier: script-HTTP::URI_SQLI
Timestamp: 2021-09-12T21:44

URI: /node?page=1%' UNION ALL SELECT NULL,NULL-- PsWD
Type: HTTP::SQL_Injection_Victim
Message: An SQL injection victim was discovered!
Signature identifier: script-HTTP::URI_SQLI
Timestamp: 2021-09-12T21:44

URI: /node?page=1%' UNION ALL SELECT NULL,NULL,NULL-- Niux
Type: HTTP::SQL_Injection_Attacker
Message: An SQL injection attacker was discovered!
Signature identifier: script-HTTP::URI_SQLI
Timestamp: 2021-09-12T21:44

URI: /node?page=1%' UNION ALL SELECT NULL,NULL,NULL-- Niux
Type: HTTP::SQL_Injection_Victim
Message: An SQL injection victim was discovered!
Signature identifier: script-HTTP::URI_SQLI
Timestamp: 2021-09-12T21:44

URI: /node?page=1%' UNION ALL SELECT NULL,NULL,NULL,NULL-- lCnC
Type: HTTP::SQL_Injection_Attacker
Message: An SQL injection attacker was discovered!
Signature identifier: script-HTTP::URI_SQLI
Timestamp: 2021-09-12T21:44

URI: /node?page=1%' UNION ALL SELECT NULL,NULL,NULL,NULL-- lCnC
Type: HTTP::SQL_Injection_Victim
Message: An SQL injection victim was discovered!
Signature identifier: script-HTTP::URI_SQLI
Timestamp: 2021-09-12T21:44

URI: /node?page=1%' UNION ALL SELECT NULL,NULL,NULL,NULL,NULL-- VPvk
Type: HTTP::SQL_Injection_Attacker
Message: An SQL injection attacker was discovered!
Signature identifier: script-HTTP::URI_SQLI
Timestamp: 2021-09-12T21:44

URI: /node?page=1%' UNION ALL SELECT NULL,NULL,NULL,NULL,NULL-- VPvk
Type: HTTP::SQL_Injection_Victim
Message: An SQL injection victim was discovered!
Signature identifier: script-HTTP::URI_SQLI
Timestamp: 2021-09-12T21:44

URI: /node?page=1%' UNION ALL SELECT NULL,NULL,NULL,NULL,NULL,NULL-- YOGI
Type: HTTP::SQL_Injection_Attacker
Message: An SQL injection attacker was discovered!
Signature identifier: script-HTTP::URI_SQLI
Timestamp: 2021-09-12T21:44

URI: /node?page=1%' UNION ALL SELECT NULL,NULL,NULL,NULL,NULL,NULL-- YOGI
Type: HTTP::SQL_Injection_Victim
Message: An SQL injection victim was discovered!
Signature identifier: script-HTTP::URI_SQLI
Timestamp: 2021-09-12T21:44

URI: /node?page=1%' UNION ALL SELECT NULL,NULL,NULL,NULL,NULL,NULL,NULL-- VsGr
Type: HTTP::SQL_Injection_Attacker
Message: An SQL injection attacker was discovered!
Signature identifier: script-HTTP::URI_SQLI
Timestamp: 2021-09-12T21:44

URI: /node?page=1%' UNION ALL SELECT NULL,NULL,NULL,NULL,NULL,NULL,NULL-- VsGr
Type: HTTP::SQL_Injection_Victim
Message: An SQL injection victim was discovered!
Signature identifier: script-HTTP::URI_SQLI
Timestamp: 2021-09-12T21:44

URI: /node?page=1%' UNION ALL SELECT NULL,NULL,NULL,NULL,NULL,NULL,NULL,NULL-- YNTx
Type: HTTP::SQL_Injection_Attacker
Message: An SQL injection attacker was discovered!
Signature identifier: script-HTTP::URI_SQLI
Timestamp: 2021-09-12T21:44

URI: /node?page=1%' UNION ALL SELECT NULL,NULL,NULL,NULL,NULL,NULL,NULL,NULL-- YNTx
Type: HTTP::SQL_Injection_Victim
Message: An SQL injection victim was discovered!
Signature identifier: script-HTTP::URI_SQLI
Timestamp: 2021-09-12T21:44

URI: /node?page=1%' UNION ALL SELECT NULL,NULL,NULL,NULL,NULL,NULL,NULL,NULL,NULL-- sfeO
Type: HTTP::SQL_Injection_Attacker
Message: An SQL injection attacker was discovered!
Signature identifier: script-HTTP::URI_SQLI
Timestamp: 2021-09-12T21:44

URI: /node?page=1%' UNION ALL SELECT NULL,NULL,NULL,NULL,NULL,NULL,NULL,NULL,NULL-- sfeO
Type: HTTP::SQL_Injection_Victim
Message: An SQL injection victim was discovered!
Signature identifier: script-HTTP::URI_SQLI
Timestamp: 2021-09-12T21:44

URI: /node?page=1%' UNION ALL SELECT NULL,NULL,NULL,NULL,NULL,NULL,NULL,NULL,NULL,NULL-- PwJg
Type: HTTP::SQL_Injection_Attacker
Message: An SQL injection attacker was discovered!
Signature identifier: script-HTTP::URI_SQLI
Timestamp: 2021-09-12T21:44

URI: /node?page=1%' UNION ALL SELECT NULL,NULL,NULL,NULL,NULL,NULL,NULL,NULL,NULL,NULL-- PwJg
Type: HTTP::SQL_Injection_Victim
Message: An SQL injection victim was discovered!
Signature identifier: script-HTTP::URI_SQLI
Timestamp: 2021-09-12T21:44

URI: /node?page=1 UNION ALL SELECT NULL#
Type: HTTP::SQL_Injection_Attacker
Message: An SQL injection attacker was discovered!
Signature identifier: script-HTTP::URI_SQLI
Timestamp: 2021-09-12T21:44

URI: /node?page=1 UNION ALL SELECT NULL#
Type: HTTP::SQL_Injection_Victim
Message: An SQL injection victim was discovered!
Signature identifier: script-HTTP::URI_SQLI
Timestamp: 2021-09-12T21:44

URI: /node?page=1 UNION ALL SELECT NULL,NULL#
Type: HTTP::SQL_Injection_Attacker
Message: An SQL injection attacker was discovered!
Signature identifier: script-HTTP::URI_SQLI
Timestamp: 2021-09-12T21:44

URI: /node?page=1 UNION ALL SELECT NULL,NULL#
Type: HTTP::SQL_Injection_Victim
Message: An SQL injection victim was discovered!
Signature identifier: script-HTTP::URI_SQLI
Timestamp: 2021-09-12T21:44

URI: /node?page=1 UNION ALL SELECT NULL,NULL,NULL#
Type: HTTP::SQL_Injection_Attacker
Message: An SQL injection attacker was discovered!
Signature identifier: script-HTTP::URI_SQLI
Timestamp: 2021-09-12T21:44

URI: /node?page=1 UNION ALL SELECT NULL,NULL,NULL#
Type: HTTP::SQL_Injection_Victim
Message: An SQL injection victim was discovered!
Signature identifier: script-HTTP::URI_SQLI
Timestamp: 2021-09-12T21:44

URI: /node?page=1 UNION ALL SELECT NULL,NULL,NULL,NULL#
Type: HTTP::SQL_Injection_Attacker
Message: An SQL injection attacker was discovered!
Signature identifier: script-HTTP::URI_SQLI
Timestamp: 2021-09-12T21:44

URI: /node?page=1 UNION ALL SELECT NULL,NULL,NULL,NULL#
Type: HTTP::SQL_Injection_Victim
Message: An SQL injection victim was discovered!
Signature identifier: script-HTTP::URI_SQLI
Timestamp: 2021-09-12T21:44

URI: /node?page=1 UNION ALL SELECT NULL,NULL,NULL,NULL,NULL#
Type: HTTP::SQL_Injection_Attacker
Message: An SQL injection attacker was discovered!
Signature identifier: script-HTTP::URI_SQLI
Timestamp: 2021-09-12T21:44

URI: /node?page=1 UNION ALL SELECT NULL,NULL,NULL,NULL,NULL#
Type: HTTP::SQL_Injection_Victim
Message: An SQL injection victim was discovered!
Signature identifier: script-HTTP::URI_SQLI
Timestamp: 2021-09-12T21:44

URI: /node?page=1 UNION ALL SELECT NULL,NULL,NULL,NULL,NULL,NULL#
Type: HTTP::SQL_Injection_Attacker
Message: An SQL injection attacker was discovered!
Signature identifier: script-HTTP::URI_SQLI
Timestamp: 2021-09-12T21:44

URI: /node?page=1 UNION ALL SELECT NULL,NULL,NULL,NULL,NULL,NULL#
Type: HTTP::SQL_Injection_Victim
Message: An SQL injection victim was discovered!
Signature identifier: script-HTTP::URI_SQLI
Timestamp: 2021-09-12T21:44

URI: /node?page=1 UNION ALL SELECT NULL,NULL,NULL,NULL,NULL,NULL,NULL#
Type: HTTP::SQL_Injection_Attacker
Message: An SQL injection attacker was discovered!
Signature identifier: script-HTTP::URI_SQLI
Timestamp: 2021-09-12T21:44

URI: /node?page=1 UNION ALL SELECT NULL,NULL,NULL,NULL,NULL,NULL,NULL#
Type: HTTP::SQL_Injection_Victim
Message: An SQL injection victim was discovered!
Signature identifier: script-HTTP::URI_SQLI
Timestamp: 2021-09-12T21:44

URI: /node?page=1 UNION ALL SELECT NULL,NULL,NULL,NULL,NULL,NULL,NULL,NULL#
Type: HTTP::SQL_Injection_Attacker
Message: An SQL injection attacker was discovered!
Signature identifier: script-HTTP::URI_SQLI
Timestamp: 2021-09-12T21:44

URI: /node?page=1 UNION ALL SELECT NULL,NULL,NULL,NULL,NULL,NULL,NULL,NULL#
Type: HTTP::SQL_Injection_Victim
Message: An SQL injection victim was discovered!
Signature identifier: script-HTTP::URI_SQLI
Timestamp: 2021-09-12T21:44

URI: /node?page=1 UNION ALL SELECT NULL,NULL,NULL,NULL,NULL,NULL,NULL,NULL,NULL#
Type: HTTP::SQL_Injection_Attacker
Message: An SQL injection attacker was discovered!
Signature identifier: script-HTTP::URI_SQLI
Timestamp: 2021-09-12T21:44

URI: /node?page=1 UNION ALL SELECT NULL,NULL,NULL,NULL,NULL,NULL,NULL,NULL,NULL#
Type: HTTP::SQL_Injection_Victim
Message: An SQL injection victim was discovered!
Signature identifier: script-HTTP::URI_SQLI
Timestamp: 2021-09-12T21:44

URI: /node?page=1 UNION ALL SELECT NULL,NULL,NULL,NULL,NULL,NULL,NULL,NULL,NULL,NULL#
Type: HTTP::SQL_Injection_Attacker
Message: An SQL injection attacker was discovered!
Signature identifier: script-HTTP::URI_SQLI
Timestamp: 2021-09-12T21:44

URI: /node?page=1 UNION ALL SELECT NULL,NULL,NULL,NULL,NULL,NULL,NULL,NULL,NULL,NULL#
Type: HTTP::SQL_Injection_Victim
Message: An SQL injection victim was discovered!
Signature identifier: script-HTTP::URI_SQLI
Timestamp: 2021-09-12T21:44

URI: /node?page=1 UNION ALL SELECT NULL#
Type: HTTP::SQL_Injection_Attacker
Message: An SQL injection attacker was discovered!
Signature identifier: script-HTTP::URI_SQLI
Timestamp: 2021-09-12T21:44

URI: /node?page=1 UNION ALL SELECT NULL#
Type: HTTP::SQL_Injection_Victim
Message: An SQL injection victim was discovered!
Signature identifier: script-HTTP::URI_SQLI
Timestamp: 2021-09-12T21:44

URI: /node?page=1 UNION ALL SELECT NULL,NULL#
Type: HTTP::SQL_Injection_Attacker
Message: An SQL injection attacker was discovered!
Signature identifier: script-HTTP::URI_SQLI
Timestamp: 2021-09-12T21:44

URI: /node?page=1 UNION ALL SELECT NULL,NULL#
Type: HTTP::SQL_Injection_Victim
Message: An SQL injection victim was discovered!
Signature identifier: script-HTTP::URI_SQLI
Timestamp: 2021-09-12T21:44

URI: /node?page=1 UNION ALL SELECT NULL,NULL,NULL#
Type: HTTP::SQL_Injection_Attacker
Message: An SQL injection attacker was discovered!
Signature identifier: script-HTTP::URI_SQLI
Timestamp: 2021-09-12T21:44

URI: /node?page=1 UNION ALL SELECT NULL,NULL,NULL#
Type: HTTP::SQL_Injection_Victim
Message: An SQL injection victim was discovered!
Signature identifier: script-HTTP::URI_SQLI
Timestamp: 2021-09-12T21:44

URI: /node?page=1 UNION ALL SELECT NULL,NULL,NULL,NULL#
Type: HTTP::SQL_Injection_Attacker
Message: An SQL injection attacker was discovered!
Signature identifier: script-HTTP::URI_SQLI
Timestamp: 2021-09-12T21:44

URI: /node?page=1 UNION ALL SELECT NULL,NULL,NULL,NULL#
Type: HTTP::SQL_Injection_Victim
Message: An SQL injection victim was discovered!
Signature identifier: script-HTTP::URI_SQLI
Timestamp: 2021-09-12T21:44

URI: /node?page=1 UNION ALL SELECT NULL,NULL,NULL,NULL,NULL#
Type: HTTP::SQL_Injection_Attacker
Message: An SQL injection attacker was discovered!
Signature identifier: script-HTTP::URI_SQLI
Timestamp: 2021-09-12T21:44

URI: /node?page=1 UNION ALL SELECT NULL,NULL,NULL,NULL,NULL#
Type: HTTP::SQL_Injection_Victim
Message: An SQL injection victim was discovered!
Signature identifier: script-HTTP::URI_SQLI
Timestamp: 2021-09-12T21:44

URI: /node?page=1 UNION ALL SELECT NULL,NULL,NULL,NULL,NULL,NULL#
Type: HTTP::SQL_Injection_Attacker
Message: An SQL injection attacker was discovered!
Signature identifier: script-HTTP::URI_SQLI
Timestamp: 2021-09-12T21:44

URI: /node?page=1 UNION ALL SELECT NULL,NULL,NULL,NULL,NULL,NULL#
Type: HTTP::SQL_Injection_Victim
Message: An SQL injection victim was discovered!
Signature identifier: script-HTTP::URI_SQLI
Timestamp: 2021-09-12T21:44

URI: /node?page=1 UNION ALL SELECT NULL,NULL,NULL,NULL,NULL,NULL,NULL#
Type: HTTP::SQL_Injection_Attacker
Message: An SQL injection attacker was discovered!
Signature identifier: script-HTTP::URI_SQLI
Timestamp: 2021-09-12T21:44

URI: /node?page=1 UNION ALL SELECT NULL,NULL,NULL,NULL,NULL,NULL,NULL#
Type: HTTP::SQL_Injection_Victim
Message: An SQL injection victim was discovered!
Signature identifier: script-HTTP::URI_SQLI
Timestamp: 2021-09-12T21:44

URI: /node?page=1 UNION ALL SELECT NULL,NULL,NULL,NULL,NULL,NULL,NULL,NULL#
Type: HTTP::SQL_Injection_Attacker
Message: An SQL injection attacker was discovered!
Signature identifier: script-HTTP::URI_SQLI
Timestamp: 2021-09-12T21:44

URI: /node?page=1 UNION ALL SELECT NULL,NULL,NULL,NULL,NULL,NULL,NULL,NULL#
Type: HTTP::SQL_Injection_Victim
Message: An SQL injection victim was discovered!
Signature identifier: script-HTTP::URI_SQLI
Timestamp: 2021-09-12T21:44

URI: /node?page=1 UNION ALL SELECT NULL,NULL,NULL,NULL,NULL,NULL,NULL,NULL,NULL#
Type: HTTP::SQL_Injection_Attacker
Message: An SQL injection attacker was discovered!
Signature identifier: script-HTTP::URI_SQLI
Timestamp: 2021-09-12T21:44

URI: /node?page=1 UNION ALL SELECT NULL,NULL,NULL,NULL,NULL,NULL,NULL,NULL,NULL#
Type: HTTP::SQL_Injection_Victim
Message: An SQL injection victim was discovered!
Signature identifier: script-HTTP::URI_SQLI
Timestamp: 2021-09-12T21:44

URI: /node?page=1 UNION ALL SELECT NULL,NULL,NULL,NULL,NULL,NULL,NULL,NULL,NULL,NULL#
Type: HTTP::SQL_Injection_Attacker
Message: An SQL injection attacker was discovered!
Signature identifier: script-HTTP::URI_SQLI
Timestamp: 2021-09-12T21:44

URI: /node?page=1 UNION ALL SELECT NULL,NULL,NULL,NULL,NULL,NULL,NULL,NULL,NULL,NULL#
Type: HTTP::SQL_Injection_Victim
Message: An SQL injection victim was discovered!
Signature identifier: script-HTTP::URI_SQLI
Timestamp: 2021-09-12T21:44

URI: /node?page=1' UNION ALL SELECT NULL#
Type: HTTP::SQL_Injection_Attacker
Message: An SQL injection attacker was discovered!
Signature identifier: script-HTTP::URI_SQLI
Timestamp: 2021-09-12T21:44

URI: /node?page=1' UNION ALL SELECT NULL#
Type: HTTP::SQL_Injection_Victim
Message: An SQL injection victim was discovered!
Signature identifier: script-HTTP::URI_SQLI
Timestamp: 2021-09-12T21:44

URI: /node?page=1' UNION ALL SELECT NULL,NULL#
Type: HTTP::SQL_Injection_Attacker
Message: An SQL injection attacker was discovered!
Signature identifier: script-HTTP::URI_SQLI
Timestamp: 2021-09-12T21:44

URI: /node?page=1' UNION ALL SELECT NULL,NULL#
Type: HTTP::SQL_Injection_Victim
Message: An SQL injection victim was discovered!
Signature identifier: script-HTTP::URI_SQLI
Timestamp: 2021-09-12T21:44

