URI: /cgi-bin/test-cgi
Type: Signatures::Sensitive_Signature
Message: 192.168.65.136: WEB-CGI test-cgi access
Signature identifier: s2b-835-9
Timestamp: 2021-09-14T17:21

URI: /cgi-bin/test.cgi
Type: Signatures::Sensitive_Signature
Message: 192.168.65.136: WEB-CGI test.cgi access
Signature identifier: s2b-1646-5
Timestamp: 2021-09-14T17:21

URI: /turismo/.../files/novoctubre2016.pdf
Type: Signatures::Sensitive_Signature
Message: 192.168.65.136: WEB-MISC http directory traversal
Signature identifier: s2b-1113-5
Timestamp: 2021-09-14T17:22

URI: /shell?uname%20-a
Type: Signatures::Sensitive_Signature
Message: 192.168.65.136: WEB-ATTACKS uname -a command attempt
Signature identifier: s2b-1331-5
Timestamp: 2021-09-14T17:22

