URI: /static/js/tiny_mce/plugins/tinybrowser/upload.php?type=file/wp-login.php
Type: Signatures::Sensitive_Signature
Message: 192.168.65.136: WEB-PHP Mambo upload.php access
Signature identifier: s2b-2077-2
Timestamp: 2021-09-14T19:20

URI: /admin/lib/tiny_mce/plugins/tinybrowser/upload.php?type=file/wp-login.php
Type: Signatures::Sensitive_Signature
Message: 192.168.65.136: WEB-PHP Mambo upload.php access
Signature identifier: s2b-2077-2
Timestamp: 2021-09-14T19:20

URI: /tiny_mce/plugins/tinybrowser/upload.php?type=file/wp-login.php
Type: Signatures::Sensitive_Signature
Message: 192.168.65.136: WEB-PHP Mambo upload.php access
Signature identifier: s2b-2077-2
Timestamp: 2021-09-14T19:20

URI: /editors/tinymce/jscripts/tiny_mce/plugins/tinybrowser/upload.php?type=file/wp-login.php
Type: Signatures::Sensitive_Signature
Message: 192.168.65.136: WEB-PHP Mambo upload.php access
Signature identifier: s2b-2077-2
Timestamp: 2021-09-14T19:20

