2021-09-12T21:44	/node?page=1 UNION ALL SELECT NULL-- pTjE	script-HTTP::URI_SQLI
2021-09-12T21:44	/node?page=1 UNION ALL SELECT NULL-- pTjE	script-HTTP::URI_SQLI
2021-09-12T21:44	/node?page=1 UNION ALL SELECT NULL,NULL-- XXFd	script-HTTP::URI_SQLI
2021-09-12T21:44	/node?page=1 UNION ALL SELECT NULL,NULL-- XXFd	script-HTTP::URI_SQLI
2021-09-12T21:44	/node?page=1 UNION ALL SELECT NULL,NULL,NULL-- pXLJ	script-HTTP::URI_SQLI
2021-09-12T21:44	/node?page=1 UNION ALL SELECT NULL,NULL,NULL-- pXLJ	script-HTTP::URI_SQLI
2021-09-12T21:44	/node?page=1 UNION ALL SELECT NULL,NULL,NULL,NULL-- yBiQ	script-HTTP::URI_SQLI
2021-09-12T21:44	/node?page=1 UNION ALL SELECT NULL,NULL,NULL,NULL-- yBiQ	script-HTTP::URI_SQLI
2021-09-12T21:44	/node?page=1 UNION ALL SELECT NULL,NULL,NULL,NULL,NULL-- UDBu	script-HTTP::URI_SQLI
2021-09-12T21:44	/node?page=1 UNION ALL SELECT NULL,NULL,NULL,NULL,NULL-- UDBu	script-HTTP::URI_SQLI
2021-09-12T21:44	/node?page=1 UNION ALL SELECT NULL,NULL,NULL,NULL,NULL,NULL-- eexk	script-HTTP::URI_SQLI
2021-09-12T21:44	/node?page=1 UNION ALL SELECT NULL,NULL,NULL,NULL,NULL,NULL-- eexk	script-HTTP::URI_SQLI
2021-09-12T21:44	/node?page=1 UNION ALL SELECT NULL,NULL,NULL,NULL,NULL,NULL,NULL-- TOru	script-HTTP::URI_SQLI
2021-09-12T21:44	/node?page=1 UNION ALL SELECT NULL,NULL,NULL,NULL,NULL,NULL,NULL-- TOru	script-HTTP::URI_SQLI
2021-09-12T21:44	/node?page=1 UNION ALL SELECT NULL,NULL,NULL,NULL,NULL,NULL,NULL,NULL-- uJuE	script-HTTP::URI_SQLI
2021-09-12T21:44	/node?page=1 UNION ALL SELECT NULL,NULL,NULL,NULL,NULL,NULL,NULL,NULL-- uJuE	script-HTTP::URI_SQLI
2021-09-12T21:44	/node?page=1 UNION ALL SELECT NULL,NULL,NULL,NULL,NULL,NULL,NULL,NULL,NULL-- WsSB	script-HTTP::URI_SQLI
2021-09-12T21:44	/node?page=1 UNION ALL SELECT NULL,NULL,NULL,NULL,NULL,NULL,NULL,NULL,NULL-- WsSB	script-HTTP::URI_SQLI
2021-09-12T21:44	/node?page=1 UNION ALL SELECT NULL,NULL,NULL,NULL,NULL,NULL,NULL,NULL,NULL,NULL-- dVSH	script-HTTP::URI_SQLI
2021-09-12T21:44	/node?page=1 UNION ALL SELECT NULL,NULL,NULL,NULL,NULL,NULL,NULL,NULL,NULL,NULL-- dVSH	script-HTTP::URI_SQLI
2021-09-12T21:44	/node?page=1 UNION ALL SELECT NULL-- hHba	script-HTTP::URI_SQLI
2021-09-12T21:44	/node?page=1 UNION ALL SELECT NULL-- hHba	script-HTTP::URI_SQLI
2021-09-12T21:44	/node?page=1 UNION ALL SELECT NULL,NULL-- ajfm	script-HTTP::URI_SQLI
2021-09-12T21:44	/node?page=1 UNION ALL SELECT NULL,NULL-- ajfm	script-HTTP::URI_SQLI
2021-09-12T21:44	/node?page=1 UNION ALL SELECT NULL,NULL,NULL-- krBv	script-HTTP::URI_SQLI
2021-09-12T21:44	/node?page=1 UNION ALL SELECT NULL,NULL,NULL-- krBv	script-HTTP::URI_SQLI
2021-09-12T21:44	/node?page=1 UNION ALL SELECT NULL,NULL,NULL,NULL-- QbCb	script-HTTP::URI_SQLI
2021-09-12T21:44	/node?page=1 UNION ALL SELECT NULL,NULL,NULL,NULL-- QbCb	script-HTTP::URI_SQLI
2021-09-12T21:44	/node?page=1 UNION ALL SELECT NULL,NULL,NULL,NULL,NULL-- HnEs	script-HTTP::URI_SQLI
2021-09-12T21:44	/node?page=1 UNION ALL SELECT NULL,NULL,NULL,NULL,NULL-- HnEs	script-HTTP::URI_SQLI
2021-09-12T21:44	/node?page=1 UNION ALL SELECT NULL,NULL,NULL,NULL,NULL,NULL-- xUdL	script-HTTP::URI_SQLI
2021-09-12T21:44	/node?page=1 UNION ALL SELECT NULL,NULL,NULL,NULL,NULL,NULL-- xUdL	script-HTTP::URI_SQLI
2021-09-12T21:44	/node?page=1 UNION ALL SELECT NULL,NULL,NULL,NULL,NULL,NULL,NULL-- iSBg	script-HTTP::URI_SQLI
2021-09-12T21:44	/node?page=1 UNION ALL SELECT NULL,NULL,NULL,NULL,NULL,NULL,NULL-- iSBg	script-HTTP::URI_SQLI
2021-09-12T21:44	/node?page=1 UNION ALL SELECT NULL,NULL,NULL,NULL,NULL,NULL,NULL,NULL-- TdjB	script-HTTP::URI_SQLI
2021-09-12T21:44	/node?page=1 UNION ALL SELECT NULL,NULL,NULL,NULL,NULL,NULL,NULL,NULL-- TdjB	script-HTTP::URI_SQLI
2021-09-12T21:44	/node?page=1 UNION ALL SELECT NULL,NULL,NULL,NULL,NULL,NULL,NULL,NULL,NULL-- YETE	script-HTTP::URI_SQLI
2021-09-12T21:44	/node?page=1 UNION ALL SELECT NULL,NULL,NULL,NULL,NULL,NULL,NULL,NULL,NULL-- YETE	script-HTTP::URI_SQLI
2021-09-12T21:44	/node?page=1 UNION ALL SELECT NULL,NULL,NULL,NULL,NULL,NULL,NULL,NULL,NULL,NULL-- mjvE	script-HTTP::URI_SQLI
2021-09-12T21:44	/node?page=1 UNION ALL SELECT NULL,NULL,NULL,NULL,NULL,NULL,NULL,NULL,NULL,NULL-- mjvE	script-HTTP::URI_SQLI
2021-09-12T21:44	/node?page=1' UNION ALL SELECT NULL-- xJAY	script-HTTP::URI_SQLI
2021-09-12T21:44	/node?page=1' UNION ALL SELECT NULL-- xJAY	script-HTTP::URI_SQLI
2021-09-12T21:44	/node?page=1' UNION ALL SELECT NULL,NULL-- njmX	script-HTTP::URI_SQLI
2021-09-12T21:44	/node?page=1' UNION ALL SELECT NULL,NULL-- njmX	script-HTTP::URI_SQLI
2021-09-12T21:44	/node?page=1' UNION ALL SELECT NULL,NULL,NULL-- yDtm	script-HTTP::URI_SQLI
2021-09-12T21:44	/node?page=1' UNION ALL SELECT NULL,NULL,NULL-- yDtm	script-HTTP::URI_SQLI
2021-09-12T21:44	/node?page=1' UNION ALL SELECT NULL,NULL,NULL,NULL-- wVoF	script-HTTP::URI_SQLI
2021-09-12T21:44	/node?page=1' UNION ALL SELECT NULL,NULL,NULL,NULL-- wVoF	script-HTTP::URI_SQLI
2021-09-12T21:44	/node?page=1' UNION ALL SELECT NULL,NULL,NULL,NULL,NULL-- vzYZ	script-HTTP::URI_SQLI
2021-09-12T21:44	/node?page=1' UNION ALL SELECT NULL,NULL,NULL,NULL,NULL-- vzYZ	script-HTTP::URI_SQLI
2021-09-12T21:44	/node?page=1' UNION ALL SELECT NULL,NULL,NULL,NULL,NULL,NULL-- tKWR	script-HTTP::URI_SQLI
2021-09-12T21:44	/node?page=1' UNION ALL SELECT NULL,NULL,NULL,NULL,NULL,NULL-- tKWR	script-HTTP::URI_SQLI
2021-09-12T21:44	/node?page=1' UNION ALL SELECT NULL,NULL,NULL,NULL,NULL,NULL,NULL-- ZJut	script-HTTP::URI_SQLI
2021-09-12T21:44	/node?page=1' UNION ALL SELECT NULL,NULL,NULL,NULL,NULL,NULL,NULL-- ZJut	script-HTTP::URI_SQLI
2021-09-12T21:44	/node?page=1' UNION ALL SELECT NULL,NULL,NULL,NULL,NULL,NULL,NULL,NULL-- uGkW	script-HTTP::URI_SQLI
2021-09-12T21:44	/node?page=1' UNION ALL SELECT NULL,NULL,NULL,NULL,NULL,NULL,NULL,NULL-- uGkW	script-HTTP::URI_SQLI
2021-09-12T21:44	/node?page=1' UNION ALL SELECT NULL,NULL,NULL,NULL,NULL,NULL,NULL,NULL,NULL-- NZGC	script-HTTP::URI_SQLI
2021-09-12T21:44	/node?page=1' UNION ALL SELECT NULL,NULL,NULL,NULL,NULL,NULL,NULL,NULL,NULL-- NZGC	script-HTTP::URI_SQLI
2021-09-12T21:44	/node?page=1' UNION ALL SELECT NULL,NULL,NULL,NULL,NULL,NULL,NULL,NULL,NULL,NULL-- BVAk	script-HTTP::URI_SQLI
2021-09-12T21:44	/node?page=1' UNION ALL SELECT NULL,NULL,NULL,NULL,NULL,NULL,NULL,NULL,NULL,NULL-- BVAk	script-HTTP::URI_SQLI
2021-09-12T21:44	/node?page=1%' UNION ALL SELECT NULL-- wlih	script-HTTP::URI_SQLI
2021-09-12T21:44	/node?page=1%' UNION ALL SELECT NULL-- wlih	script-HTTP::URI_SQLI
2021-09-12T21:44	/node?page=1%' UNION ALL SELECT NULL,NULL-- PsWD	script-HTTP::URI_SQLI
2021-09-12T21:44	/node?page=1%' UNION ALL SELECT NULL,NULL-- PsWD	script-HTTP::URI_SQLI
2021-09-12T21:44	/node?page=1%' UNION ALL SELECT NULL,NULL,NULL-- Niux	script-HTTP::URI_SQLI
2021-09-12T21:44	/node?page=1%' UNION ALL SELECT NULL,NULL,NULL-- Niux	script-HTTP::URI_SQLI
2021-09-12T21:44	/node?page=1%' UNION ALL SELECT NULL,NULL,NULL,NULL-- lCnC	script-HTTP::URI_SQLI
2021-09-12T21:44	/node?page=1%' UNION ALL SELECT NULL,NULL,NULL,NULL-- lCnC	script-HTTP::URI_SQLI
2021-09-12T21:44	/node?page=1%' UNION ALL SELECT NULL,NULL,NULL,NULL,NULL-- VPvk	script-HTTP::URI_SQLI
2021-09-12T21:44	/node?page=1%' UNION ALL SELECT NULL,NULL,NULL,NULL,NULL-- VPvk	script-HTTP::URI_SQLI
2021-09-12T21:44	/node?page=1%' UNION ALL SELECT NULL,NULL,NULL,NULL,NULL,NULL-- YOGI	script-HTTP::URI_SQLI
2021-09-12T21:44	/node?page=1%' UNION ALL SELECT NULL,NULL,NULL,NULL,NULL,NULL-- YOGI	script-HTTP::URI_SQLI
2021-09-12T21:44	/node?page=1%' UNION ALL SELECT NULL,NULL,NULL,NULL,NULL,NULL,NULL-- VsGr	script-HTTP::URI_SQLI
2021-09-12T21:44	/node?page=1%' UNION ALL SELECT NULL,NULL,NULL,NULL,NULL,NULL,NULL-- VsGr	script-HTTP::URI_SQLI
2021-09-12T21:44	/node?page=1%' UNION ALL SELECT NULL,NULL,NULL,NULL,NULL,NULL,NULL,NULL-- YNTx	script-HTTP::URI_SQLI
2021-09-12T21:44	/node?page=1%' UNION ALL SELECT NULL,NULL,NULL,NULL,NULL,NULL,NULL,NULL-- YNTx	script-HTTP::URI_SQLI
2021-09-12T21:44	/node?page=1%' UNION ALL SELECT NULL,NULL,NULL,NULL,NULL,NULL,NULL,NULL,NULL-- sfeO	script-HTTP::URI_SQLI
2021-09-12T21:44	/node?page=1%' UNION ALL SELECT NULL,NULL,NULL,NULL,NULL,NULL,NULL,NULL,NULL-- sfeO	script-HTTP::URI_SQLI
2021-09-12T21:44	/node?page=1%' UNION ALL SELECT NULL,NULL,NULL,NULL,NULL,NULL,NULL,NULL,NULL,NULL-- PwJg	script-HTTP::URI_SQLI
2021-09-12T21:44	/node?page=1%' UNION ALL SELECT NULL,NULL,NULL,NULL,NULL,NULL,NULL,NULL,NULL,NULL-- PwJg	script-HTTP::URI_SQLI
2021-09-12T21:44	/node?page=1 UNION ALL SELECT NULL#	script-HTTP::URI_SQLI
2021-09-12T21:44	/node?page=1 UNION ALL SELECT NULL#	script-HTTP::URI_SQLI
2021-09-12T21:44	/node?page=1 UNION ALL SELECT NULL,NULL#	script-HTTP::URI_SQLI
2021-09-12T21:44	/node?page=1 UNION ALL SELECT NULL,NULL#	script-HTTP::URI_SQLI
2021-09-12T21:44	/node?page=1 UNION ALL SELECT NULL,NULL,NULL#	script-HTTP::URI_SQLI
2021-09-12T21:44	/node?page=1 UNION ALL SELECT NULL,NULL,NULL#	script-HTTP::URI_SQLI
2021-09-12T21:44	/node?page=1 UNION ALL SELECT NULL,NULL,NULL,NULL#	script-HTTP::URI_SQLI
2021-09-12T21:44	/node?page=1 UNION ALL SELECT NULL,NULL,NULL,NULL#	script-HTTP::URI_SQLI
2021-09-12T21:44	/node?page=1 UNION ALL SELECT NULL,NULL,NULL,NULL,NULL#	script-HTTP::URI_SQLI
2021-09-12T21:44	/node?page=1 UNION ALL SELECT NULL,NULL,NULL,NULL,NULL#	script-HTTP::URI_SQLI
2021-09-12T21:44	/node?page=1 UNION ALL SELECT NULL,NULL,NULL,NULL,NULL,NULL#	script-HTTP::URI_SQLI
2021-09-12T21:44	/node?page=1 UNION ALL SELECT NULL,NULL,NULL,NULL,NULL,NULL#	script-HTTP::URI_SQLI
2021-09-12T21:44	/node?page=1 UNION ALL SELECT NULL,NULL,NULL,NULL,NULL,NULL,NULL#	script-HTTP::URI_SQLI
2021-09-12T21:44	/node?page=1 UNION ALL SELECT NULL,NULL,NULL,NULL,NULL,NULL,NULL#	script-HTTP::URI_SQLI
2021-09-12T21:44	/node?page=1 UNION ALL SELECT NULL,NULL,NULL,NULL,NULL,NULL,NULL,NULL#	script-HTTP::URI_SQLI
2021-09-12T21:44	/node?page=1 UNION ALL SELECT NULL,NULL,NULL,NULL,NULL,NULL,NULL,NULL#	script-HTTP::URI_SQLI
2021-09-12T21:44	/node?page=1 UNION ALL SELECT NULL,NULL,NULL,NULL,NULL,NULL,NULL,NULL,NULL#	script-HTTP::URI_SQLI
2021-09-12T21:44	/node?page=1 UNION ALL SELECT NULL,NULL,NULL,NULL,NULL,NULL,NULL,NULL,NULL#	script-HTTP::URI_SQLI
2021-09-12T21:44	/node?page=1 UNION ALL SELECT NULL,NULL,NULL,NULL,NULL,NULL,NULL,NULL,NULL,NULL#	script-HTTP::URI_SQLI
2021-09-12T21:44	/node?page=1 UNION ALL SELECT NULL,NULL,NULL,NULL,NULL,NULL,NULL,NULL,NULL,NULL#	script-HTTP::URI_SQLI
2021-09-12T21:44	/node?page=1 UNION ALL SELECT NULL#	script-HTTP::URI_SQLI
2021-09-12T21:44	/node?page=1 UNION ALL SELECT NULL#	script-HTTP::URI_SQLI
2021-09-12T21:44	/node?page=1 UNION ALL SELECT NULL,NULL#	script-HTTP::URI_SQLI
2021-09-12T21:44	/node?page=1 UNION ALL SELECT NULL,NULL#	script-HTTP::URI_SQLI
2021-09-12T21:44	/node?page=1 UNION ALL SELECT NULL,NULL,NULL#	script-HTTP::URI_SQLI
2021-09-12T21:44	/node?page=1 UNION ALL SELECT NULL,NULL,NULL#	script-HTTP::URI_SQLI
2021-09-12T21:44	/node?page=1 UNION ALL SELECT NULL,NULL,NULL,NULL#	script-HTTP::URI_SQLI
2021-09-12T21:44	/node?page=1 UNION ALL SELECT NULL,NULL,NULL,NULL#	script-HTTP::URI_SQLI
2021-09-12T21:44	/node?page=1 UNION ALL SELECT NULL,NULL,NULL,NULL,NULL#	script-HTTP::URI_SQLI
2021-09-12T21:44	/node?page=1 UNION ALL SELECT NULL,NULL,NULL,NULL,NULL#	script-HTTP::URI_SQLI
2021-09-12T21:44	/node?page=1 UNION ALL SELECT NULL,NULL,NULL,NULL,NULL,NULL#	script-HTTP::URI_SQLI
2021-09-12T21:44	/node?page=1 UNION ALL SELECT NULL,NULL,NULL,NULL,NULL,NULL#	script-HTTP::URI_SQLI
2021-09-12T21:44	/node?page=1 UNION ALL SELECT NULL,NULL,NULL,NULL,NULL,NULL,NULL#	script-HTTP::URI_SQLI
2021-09-12T21:44	/node?page=1 UNION ALL SELECT NULL,NULL,NULL,NULL,NULL,NULL,NULL#	script-HTTP::URI_SQLI
2021-09-12T21:44	/node?page=1 UNION ALL SELECT NULL,NULL,NULL,NULL,NULL,NULL,NULL,NULL#	script-HTTP::URI_SQLI
2021-09-12T21:44	/node?page=1 UNION ALL SELECT NULL,NULL,NULL,NULL,NULL,NULL,NULL,NULL#	script-HTTP::URI_SQLI
2021-09-12T21:44	/node?page=1 UNION ALL SELECT NULL,NULL,NULL,NULL,NULL,NULL,NULL,NULL,NULL#	script-HTTP::URI_SQLI
2021-09-12T21:44	/node?page=1 UNION ALL SELECT NULL,NULL,NULL,NULL,NULL,NULL,NULL,NULL,NULL#	script-HTTP::URI_SQLI
2021-09-12T21:44	/node?page=1 UNION ALL SELECT NULL,NULL,NULL,NULL,NULL,NULL,NULL,NULL,NULL,NULL#	script-HTTP::URI_SQLI
2021-09-12T21:44	/node?page=1 UNION ALL SELECT NULL,NULL,NULL,NULL,NULL,NULL,NULL,NULL,NULL,NULL#	script-HTTP::URI_SQLI
2021-09-12T21:44	/node?page=1' UNION ALL SELECT NULL#	script-HTTP::URI_SQLI
2021-09-12T21:44	/node?page=1' UNION ALL SELECT NULL#	script-HTTP::URI_SQLI
2021-09-12T21:44	/node?page=1' UNION ALL SELECT NULL,NULL#	script-HTTP::URI_SQLI
2021-09-12T21:44	/node?page=1' UNION ALL SELECT NULL,NULL#	script-HTTP::URI_SQLI
