URI: /sites/bib3.us.es/files/wp-admin/admin-ajax.php?action=revslider_show_image&img=../wp-config.php
Type: Signatures::Sensitive_Signature
Message: 192.168.65.136: WEB-MISC http directory traversal
Signature identifier: s2b-1113-5
Timestamp: 2021-09-14T16:27

URI: /sites/bib3.us.es/files/wp-admin/admin-ajax.php?action=revolution-slider_show_image&img=../wp-config.php
Type: Signatures::Sensitive_Signature
Message: 192.168.65.136: WEB-MISC http directory traversal
Signature identifier: s2b-1113-5
Timestamp: 2021-09-14T16:27

URI: /wp-admin/admin-ajax.php?action=revslider_show_image&img=../wp-config.php
Type: Signatures::Sensitive_Signature
Message: 192.168.65.136: WEB-MISC http directory traversal
Signature identifier: s2b-1113-5
Timestamp: 2021-09-14T16:27

URI: /wp-admin/admin-ajax.php?action=revolution-slider_show_image&img=../wp-config.php
Type: Signatures::Sensitive_Signature
Message: 192.168.65.136: WEB-MISC http directory traversal
Signature identifier: s2b-1113-5
Timestamp: 2021-09-14T16:27

URI: /busca_y_encuentra/cat%20
Type: Signatures::Sensitive_Signature
Message: 192.168.65.136: WEB-MISC cat%20 access
Signature identifier: s2b-1147-7
Timestamp: 2021-09-14T16:27

URI: /wp-admin/admin-ajax.php?action=revslider_show_image&img=../wp-config.php
Type: Signatures::Sensitive_Signature
Message: 192.168.65.136: WEB-MISC http directory traversal
Signature identifier: s2b-1113-5
Timestamp: 2021-09-14T16:28

URI: /wp-admin/admin-ajax.php?action=revolution-slider_show_image&img=../wp-config.php
Type: Signatures::Sensitive_Signature
Message: 192.168.65.136: WEB-MISC http directory traversal
Signature identifier: s2b-1113-5
Timestamp: 2021-09-14T16:28

URI: /sites/bib3.us.es/files/wp-admin/admin-ajax.php?action=revslider_show_image&img=../wp-config.php
Type: Signatures::Sensitive_Signature
Message: 192.168.65.136: WEB-MISC http directory traversal
Signature identifier: s2b-1113-5
Timestamp: 2021-09-14T16:28

URI: /sites/bib3.us.es/files/wp-admin/admin-ajax.php?action=revolution-slider_show_image&img=../wp-config.php
Type: Signatures::Sensitive_Signature
Message: 192.168.65.136: WEB-MISC http directory traversal
Signature identifier: s2b-1113-5
Timestamp: 2021-09-14T16:28

URI: /admin.php
Type: Signatures::Sensitive_Signature
Message: 192.168.65.136: WEB-PHP admin.php access
Signature identifier: s2b-1301-11
Timestamp: 2021-09-14T16:28

